[ 2016-06-20T09:55:48+08:00 ] 127.0.0.1 /
INFO: [ app_init ] --START--
INFO: Run Behavior\BuildLiteBehavior [ RunTime:0.000023s ]
INFO: [ app_init ] --END-- [ RunTime:0.000136s ]
INFO: [ app_begin ] --START--
INFO: Run Behavior\ReadHtmlCacheBehavior [ RunTime:0.000551s ]
INFO: [ app_begin ] --END-- [ RunTime:0.000645s ]
SQL: SHOW COLUMNS FROM `yy_category` [ RunTime:0.0006s ]
SQL: SHOW COLUMNS FROM `yy_category` [ RunTime:0.0004s ]
SQL: SELECT * FROM `yy_category` WHERE `is_delete` = 0 AND `parent` = 0  [ RunTime:0.0002s ]
SQL: SHOW COLUMNS FROM `yy_product_type` [ RunTime:0.0006s ]
SQL: SHOW COLUMNS FROM `yy_product_type` [ RunTime:0.0003s ]
SQL: SHOW COLUMNS FROM `yy_article` [ RunTime:0.0005s ]
SQL: SHOW COLUMNS FROM `yy_article` [ RunTime:0.0004s ]
SQL: SELECT * FROM `yy_product_type` WHERE `parent_id` = 0 AND `is_delete` = 0  [ RunTime:0.0002s ]
SQL: SELECT * FROM `yy_product_type` WHERE `parent_id` = 0 AND `hot` = 1 AND `is_delete` = 0  [ RunTime:0.0002s ]
NOTIC: [2] Illegal string offset 'is_delete' /Users/conan/haitao/Application/Base/BaseDBModel.class.php 第 201 行.
SQL: SELECT COUNT(id) AS tp_count FROM `yy_article` WHERE ( 0=1 ) LIMIT 1   [ RunTime:0.0002s ]
SQL: SELECT * FROM `yy_article` WHERE ( 1=1 ) ORDER BY id desc LIMIT 0,10   [ RunTime:0.0005s ]
INFO: [ view_parse ] --START--
INFO: [ template_filter ] --START--
INFO: Run Behavior\ContentReplaceBehavior [ RunTime:0.000249s ]
INFO: [ template_filter ] --END-- [ RunTime:0.000403s ]
NOTIC: [8] Undefined variable: id /Users/conan/haitao/Application/Runtime/Cache/Home/2a94b8bda04ff446dcedd42276fc99ee.php 第 29 行.
NOTIC: [8] Undefined variable: id /Users/conan/haitao/Application/Runtime/Cache/Home/2a94b8bda04ff446dcedd42276fc99ee.php 第 29 行.
NOTIC: [8] Undefined variable: id /Users/conan/haitao/Application/Runtime/Cache/Home/2a94b8bda04ff446dcedd42276fc99ee.php 第 29 行.
NOTIC: [8] Undefined variable: id /Users/conan/haitao/Application/Runtime/Cache/Home/2a94b8bda04ff446dcedd42276fc99ee.php 第 29 行.
NOTIC: [8] Undefined variable: id /Users/conan/haitao/Application/Runtime/Cache/Home/2a94b8bda04ff446dcedd42276fc99ee.php 第 29 行.
NOTIC: [8] Undefined variable: id /Users/conan/haitao/Application/Runtime/Cache/Home/2a94b8bda04ff446dcedd42276fc99ee.php 第 29 行.
INFO: Run Behavior\ParseTemplateBehavior [ RunTime:0.014783s ]
INFO: [ view_parse ] --END-- [ RunTime:0.014929s ]
INFO: [ view_filter ] --START--
INFO: Run Behavior\WriteHtmlCacheBehavior [ RunTime:0.000419s ]
INFO: [ view_filter ] --END-- [ RunTime:0.000507s ]
INFO: [ app_end ] --START--
INFO: Run Behavior\ShowPageTraceBehavior [ RunTime:0.000767s ]
INFO: [ app_end ] --END-- [ RunTime:0.000886s ]

[ 2016-06-20T09:55:48+08:00 ] 127.0.0.1 /favicon.ico
INFO: [ app_init ] --START--
INFO: Run Behavior\BuildLiteBehavior [ RunTime:0.000028s ]
INFO: [ app_init ] --END-- [ RunTime:0.000185s ]

[ 2016-06-20T09:56:03+08:00 ] 127.0.0.1 /
INFO: [ app_init ] --START--
INFO: Run Behavior\BuildLiteBehavior [ RunTime:0.000021s ]
INFO: [ app_init ] --END-- [ RunTime:0.000107s ]
INFO: [ app_begin ] --START--
INFO: Run Behavior\ReadHtmlCacheBehavior [ RunTime:0.000267s ]
INFO: [ app_begin ] --END-- [ RunTime:0.000338s ]
SQL: SHOW COLUMNS FROM `yy_category` [ RunTime:0.0005s ]
SQL: SHOW COLUMNS FROM `yy_category` [ RunTime:0.0006s ]
SQL: SELECT * FROM `yy_category` WHERE `is_delete` = 0 AND `parent` = 0  [ RunTime:0.0003s ]
SQL: SHOW COLUMNS FROM `yy_product_type` [ RunTime:0.0007s ]
SQL: SHOW COLUMNS FROM `yy_product_type` [ RunTime:0.0007s ]
SQL: SHOW COLUMNS FROM `yy_article` [ RunTime:0.0008s ]
SQL: SHOW COLUMNS FROM `yy_article` [ RunTime:0.0009s ]
SQL: SELECT * FROM `yy_product_type` WHERE `parent_id` = 0 AND `is_delete` = 0  [ RunTime:0.0004s ]
SQL: SELECT * FROM `yy_product_type` WHERE `parent_id` = 0 AND `hot` = 1 AND `is_delete` = 0  [ RunTime:0.0005s ]
NOTIC: [2] Illegal string offset 'is_delete' /Users/conan/haitao/Application/Base/BaseDBModel.class.php 第 201 行.
SQL: SELECT COUNT(id) AS tp_count FROM `yy_article` WHERE ( 0=1 ) LIMIT 1   [ RunTime:0.0004s ]
SQL: SELECT * FROM `yy_article` WHERE ( 1=1 ) ORDER BY id desc LIMIT 0,10   [ RunTime:0.0008s ]
INFO: [ view_parse ] --START--
INFO: [ template_filter ] --START--
INFO: Run Behavior\ContentReplaceBehavior [ RunTime:0.000146s ]
INFO: [ template_filter ] --END-- [ RunTime:0.000270s ]
NOTIC: [8] Undefined variable: id /Users/conan/haitao/Application/Runtime/Cache/Home/2a94b8bda04ff446dcedd42276fc99ee.php 第 29 行.
NOTIC: [8] Undefined variable: id /Users/conan/haitao/Application/Runtime/Cache/Home/2a94b8bda04ff446dcedd42276fc99ee.php 第 29 行.
NOTIC: [8] Undefined variable: id /Users/conan/haitao/Application/Runtime/Cache/Home/2a94b8bda04ff446dcedd42276fc99ee.php 第 29 行.
NOTIC: [8] Undefined variable: id /Users/conan/haitao/Application/Runtime/Cache/Home/2a94b8bda04ff446dcedd42276fc99ee.php 第 29 行.
NOTIC: [8] Undefined variable: id /Users/conan/haitao/Application/Runtime/Cache/Home/2a94b8bda04ff446dcedd42276fc99ee.php 第 29 行.
NOTIC: [8] Undefined variable: id /Users/conan/haitao/Application/Runtime/Cache/Home/2a94b8bda04ff446dcedd42276fc99ee.php 第 29 行.
INFO: Run Behavior\ParseTemplateBehavior [ RunTime:0.019728s ]
INFO: [ view_parse ] --END-- [ RunTime:0.019836s ]
INFO: [ view_filter ] --START--
INFO: Run Behavior\WriteHtmlCacheBehavior [ RunTime:0.000237s ]
INFO: [ view_filter ] --END-- [ RunTime:0.000305s ]
INFO: [ app_end ] --START--
INFO: Run Behavior\ShowPageTraceBehavior [ RunTime:0.000621s ]
INFO: [ app_end ] --END-- [ RunTime:0.000749s ]

[ 2016-06-20T09:56:04+08:00 ] 127.0.0.1 /favicon.ico
INFO: [ app_init ] --START--
INFO: Run Behavior\BuildLiteBehavior [ RunTime:0.000023s ]
INFO: [ app_init ] --END-- [ RunTime:0.000149s ]

[ 2016-06-20T09:56:11+08:00 ] 127.0.0.1 /
INFO: [ app_init ] --START--
INFO: Run Behavior\BuildLiteBehavior [ RunTime:0.000016s ]
INFO: [ app_init ] --END-- [ RunTime:0.000086s ]
INFO: [ app_begin ] --START--
INFO: Run Behavior\ReadHtmlCacheBehavior [ RunTime:0.000438s ]
INFO: [ app_begin ] --END-- [ RunTime:0.000612s ]
SQL: SHOW COLUMNS FROM `yy_category` [ RunTime:0.0004s ]
SQL: SHOW COLUMNS FROM `yy_category` [ RunTime:0.0003s ]
SQL: SELECT * FROM `yy_category` WHERE `is_delete` = 0 AND `parent` = 0  [ RunTime:0.0002s ]
SQL: SHOW COLUMNS FROM `yy_product_type` [ RunTime:0.0004s ]
SQL: SHOW COLUMNS FROM `yy_product_type` [ RunTime:0.0003s ]
SQL: SHOW COLUMNS FROM `yy_article` [ RunTime:0.0004s ]
SQL: SHOW COLUMNS FROM `yy_article` [ RunTime:0.0004s ]
SQL: SELECT * FROM `yy_product_type` WHERE `parent_id` = 0 AND `is_delete` = 0  [ RunTime:0.0002s ]
SQL: SELECT * FROM `yy_product_type` WHERE `parent_id` = 0 AND `hot` = 1 AND `is_delete` = 0  [ RunTime:0.0002s ]
NOTIC: [2] Illegal string offset 'is_delete' /Users/conan/haitao/Application/Base/BaseDBModel.class.php 第 201 行.
SQL: SELECT COUNT(id) AS tp_count FROM `yy_article` WHERE ( 0=1 ) LIMIT 1   [ RunTime:0.0001s ]
SQL: SELECT * FROM `yy_article` WHERE ( 1=1 ) ORDER BY id desc LIMIT 0,10   [ RunTime:0.0003s ]
INFO: [ view_parse ] --START--
INFO: [ template_filter ] --START--
INFO: Run Behavior\ContentReplaceBehavior [ RunTime:0.000152s ]
INFO: [ template_filter ] --END-- [ RunTime:0.000240s ]
NOTIC: [8] Undefined variable: id /Users/conan/haitao/Application/Runtime/Cache/Home/2a94b8bda04ff446dcedd42276fc99ee.php 第 29 行.
NOTIC: [8] Undefined variable: id /Users/conan/haitao/Application/Runtime/Cache/Home/2a94b8bda04ff446dcedd42276fc99ee.php 第 29 行.
NOTIC: [8] Undefined variable: id /Users/conan/haitao/Application/Runtime/Cache/Home/2a94b8bda04ff446dcedd42276fc99ee.php 第 29 行.
NOTIC: [8] Undefined variable: id /Users/conan/haitao/Application/Runtime/Cache/Home/2a94b8bda04ff446dcedd42276fc99ee.php 第 29 行.
NOTIC: [8] Undefined variable: id /Users/conan/haitao/Application/Runtime/Cache/Home/2a94b8bda04ff446dcedd42276fc99ee.php 第 29 行.
NOTIC: [8] Undefined variable: id /Users/conan/haitao/Application/Runtime/Cache/Home/2a94b8bda04ff446dcedd42276fc99ee.php 第 29 行.
INFO: Run Behavior\ParseTemplateBehavior [ RunTime:0.013342s ]
INFO: [ view_parse ] --END-- [ RunTime:0.013418s ]
INFO: [ view_filter ] --START--
INFO: Run Behavior\WriteHtmlCacheBehavior [ RunTime:0.000169s ]
INFO: [ view_filter ] --END-- [ RunTime:0.000235s ]
INFO: [ app_end ] --START--
INFO: Run Behavior\ShowPageTraceBehavior [ RunTime:0.000619s ]
INFO: [ app_end ] --END-- [ RunTime:0.000756s ]

[ 2016-06-20T09:56:58+08:00 ] 127.0.0.1 /Public/images/image1.gif
INFO: [ app_init ] --START--
INFO: Run Behavior\BuildLiteBehavior [ RunTime:0.000015s ]
INFO: [ app_init ] --END-- [ RunTime:0.000081s ]

[ 2016-06-20T09:56:58+08:00 ] 127.0.0.1 /Public/images/image2.gif
INFO: [ app_init ] --START--
INFO: Run Behavior\BuildLiteBehavior [ RunTime:0.000017s ]
INFO: [ app_init ] --END-- [ RunTime:0.000089s ]

[ 2016-06-20T09:57:00+08:00 ] 127.0.0.1 /Public/images/icomoon.woff
INFO: [ app_init ] --START--
INFO: Run Behavior\BuildLiteBehavior [ RunTime:0.000018s ]
INFO: [ app_init ] --END-- [ RunTime:0.000098s ]
INFO: [ app_begin ] --START--
INFO: Run Behavior\ReadHtmlCacheBehavior [ RunTime:0.000397s ]
INFO: [ app_begin ] --END-- [ RunTime:0.000503s ]
ERR: 无法加载控制器:Public

[ 2016-06-20T09:57:00+08:00 ] 127.0.0.1 /Public/images/icomoon.ttf
INFO: [ app_init ] --START--
INFO: Run Behavior\BuildLiteBehavior [ RunTime:0.000017s ]
INFO: [ app_init ] --END-- [ RunTime:0.000092s ]
INFO: [ app_begin ] --START--
INFO: Run Behavior\ReadHtmlCacheBehavior [ RunTime:0.000303s ]
INFO: [ app_begin ] --END-- [ RunTime:0.000377s ]
ERR: 无法加载控制器:Public

[ 2016-06-20T22:31:34+08:00 ] 127.0.0.1 /
INFO: [ app_init ] --START--
INFO: Run Behavior\BuildLiteBehavior [ RunTime:0.000047s ]
INFO: [ app_init ] --END-- [ RunTime:0.000284s ]
INFO: [ app_begin ] --START--
INFO: Run Behavior\ReadHtmlCacheBehavior [ RunTime:0.001221s ]
INFO: [ app_begin ] --END-- [ RunTime:0.001412s ]
SQL: SHOW COLUMNS FROM `yy_category` [ RunTime:0.0176s ]
SQL: SHOW COLUMNS FROM `yy_category` [ RunTime:0.0006s ]
SQL: SELECT * FROM `yy_category` WHERE `is_delete` = 0 AND `parent` = 0  [ RunTime:0.0071s ]
SQL: SHOW COLUMNS FROM `yy_product_type` [ RunTime:0.0015s ]
SQL: SHOW COLUMNS FROM `yy_product_type` [ RunTime:0.0012s ]
SQL: SHOW COLUMNS FROM `yy_article` [ RunTime:0.0033s ]
SQL: SHOW COLUMNS FROM `yy_article` [ RunTime:0.0007s ]
SQL: SELECT * FROM `yy_product_type` WHERE `parent_id` = 0 AND `is_delete` = 0  [ RunTime:0.0004s ]
SQL: SELECT * FROM `yy_product_type` WHERE `parent_id` = 0 AND `hot` = 1 AND `is_delete` = 0  [ RunTime:0.0003s ]
NOTIC: [2] Illegal string offset 'is_delete' /Users/conan/haitao/Application/Base/BaseDBModel.class.php 第 201 行.
SQL: SELECT COUNT(id) AS tp_count FROM `yy_article` WHERE ( 0=1 ) LIMIT 1   [ RunTime:0.0019s ]
SQL: SELECT * FROM `yy_article` WHERE ( 1=1 ) ORDER BY id desc LIMIT 0,10   [ RunTime:0.0006s ]
INFO: [ view_parse ] --START--
INFO: [ template_filter ] --START--
INFO: Run Behavior\ContentReplaceBehavior [ RunTime:0.000201s ]
INFO: [ template_filter ] --END-- [ RunTime:0.000344s ]
NOTIC: [8] Undefined variable: id /Users/conan/haitao/Application/Runtime/Cache/Home/2a94b8bda04ff446dcedd42276fc99ee.php 第 29 行.
NOTIC: [8] Undefined variable: id /Users/conan/haitao/Application/Runtime/Cache/Home/2a94b8bda04ff446dcedd42276fc99ee.php 第 29 行.
NOTIC: [8] Undefined variable: id /Users/conan/haitao/Application/Runtime/Cache/Home/2a94b8bda04ff446dcedd42276fc99ee.php 第 29 行.
NOTIC: [8] Undefined variable: id /Users/conan/haitao/Application/Runtime/Cache/Home/2a94b8bda04ff446dcedd42276fc99ee.php 第 29 行.
NOTIC: [8] Undefined variable: id /Users/conan/haitao/Application/Runtime/Cache/Home/2a94b8bda04ff446dcedd42276fc99ee.php 第 29 行.
NOTIC: [8] Undefined variable: id /Users/conan/haitao/Application/Runtime/Cache/Home/2a94b8bda04ff446dcedd42276fc99ee.php 第 29 行.
INFO: Run Behavior\ParseTemplateBehavior [ RunTime:0.036204s ]
INFO: [ view_parse ] --END-- [ RunTime:0.036337s ]
INFO: [ view_filter ] --START--
INFO: Run Behavior\WriteHtmlCacheBehavior [ RunTime:0.000406s ]
INFO: [ view_filter ] --END-- [ RunTime:0.000520s ]
INFO: [ app_end ] --START--
INFO: Run Behavior\ShowPageTraceBehavior [ RunTime:0.001061s ]
INFO: [ app_end ] --END-- [ RunTime:0.001450s ]

[ 2016-06-20T22:31:35+08:00 ] 127.0.0.1 /favicon.ico
INFO: [ app_init ] --START--
INFO: Run Behavior\BuildLiteBehavior [ RunTime:0.000023s ]
INFO: [ app_init ] --END-- [ RunTime:0.000138s ]

[ 2016-06-20T22:31:37+08:00 ] 127.0.0.1 /Public/images/image1.gif
INFO: [ app_init ] --START--
INFO: Run Behavior\BuildLiteBehavior [ RunTime:0.000035s ]
INFO: [ app_init ] --END-- [ RunTime:0.000285s ]

[ 2016-06-20T22:31:37+08:00 ] 127.0.0.1 /Public/images/image2.gif
INFO: [ app_init ] --START--
INFO: Run Behavior\BuildLiteBehavior [ RunTime:0.000024s ]
INFO: [ app_init ] --END-- [ RunTime:0.000160s ]

[ 2016-06-20T22:31:41+08:00 ] 127.0.0.1 /Public/images/icomoon.woff
INFO: [ app_init ] --START--
INFO: Run Behavior\BuildLiteBehavior [ RunTime:0.000022s ]
INFO: [ app_init ] --END-- [ RunTime:0.000139s ]
INFO: [ app_begin ] --START--
INFO: Run Behavior\ReadHtmlCacheBehavior [ RunTime:0.000467s ]
INFO: [ app_begin ] --END-- [ RunTime:0.000602s ]
ERR: 无法加载控制器:Public

[ 2016-06-20T22:31:42+08:00 ] 127.0.0.1 /Public/images/icomoon.ttf
INFO: [ app_init ] --START--
INFO: Run Behavior\BuildLiteBehavior [ RunTime:0.000017s ]
INFO: [ app_init ] --END-- [ RunTime:0.000108s ]
INFO: [ app_begin ] --START--
INFO: Run Behavior\ReadHtmlCacheBehavior [ RunTime:0.000376s ]
INFO: [ app_begin ] --END-- [ RunTime:0.000470s ]
ERR: 无法加载控制器:Public

[ 2016-06-20T23:00:10+08:00 ] 127.0.0.1 /Public/images/icomoon.woff
INFO: [ app_init ] --START--
INFO: Run Behavior\BuildLiteBehavior [ RunTime:0.000017s ]
INFO: [ app_init ] --END-- [ RunTime:0.000088s ]
INFO: [ app_begin ] --START--
INFO: Run Behavior\ReadHtmlCacheBehavior [ RunTime:0.000400s ]
INFO: [ app_begin ] --END-- [ RunTime:0.000507s ]
ERR: 无法加载控制器:Public

[ 2016-06-20T23:00:11+08:00 ] 127.0.0.1 /Public/images/icomoon.ttf
INFO: [ app_init ] --START--
INFO: Run Behavior\BuildLiteBehavior [ RunTime:0.000029s ]
INFO: [ app_init ] --END-- [ RunTime:0.000130s ]
INFO: [ app_begin ] --START--
INFO: Run Behavior\ReadHtmlCacheBehavior [ RunTime:0.000686s ]
INFO: [ app_begin ] --END-- [ RunTime:0.000854s ]
ERR: 无法加载控制器:Public

[ 2016-06-20T23:04:05+08:00 ] 127.0.0.1 /index
INFO: [ app_init ] --START--
INFO: Run Behavior\BuildLiteBehavior [ RunTime:0.000025s ]
INFO: [ app_init ] --END-- [ RunTime:0.000146s ]
INFO: [ app_begin ] --START--
INFO: Run Behavior\ReadHtmlCacheBehavior [ RunTime:0.000417s ]
INFO: [ app_begin ] --END-- [ RunTime:0.000542s ]
SQL: SHOW COLUMNS FROM `yy_category` [ RunTime:0.0005s ]
SQL: SHOW COLUMNS FROM `yy_category` [ RunTime:0.0004s ]
SQL: SELECT * FROM `yy_category` WHERE `is_delete` = 0 AND `parent` = 0  [ RunTime:0.0002s ]
SQL: SHOW COLUMNS FROM `yy_product_type` [ RunTime:0.0016s ]
SQL: SHOW COLUMNS FROM `yy_product_type` [ RunTime:0.0015s ]
SQL: SHOW COLUMNS FROM `yy_article` [ RunTime:0.0007s ]
SQL: SHOW COLUMNS FROM `yy_article` [ RunTime:0.0006s ]
SQL: SELECT * FROM `yy_product_type` WHERE `parent_id` = 0 AND `is_delete` = 0  [ RunTime:0.0003s ]
SQL: SELECT * FROM `yy_product_type` WHERE `parent_id` = 0 AND `hot` = 1 AND `is_delete` = 0  [ RunTime:0.0004s ]
NOTIC: [2] Illegal string offset 'is_delete' /Users/conan/haitao/Application/Base/BaseDBModel.class.php 第 201 行.
SQL: SELECT COUNT(id) AS tp_count FROM `yy_article` WHERE ( 0=1 ) LIMIT 1   [ RunTime:0.0005s ]
SQL: SELECT * FROM `yy_article` WHERE ( 1=1 ) ORDER BY id desc LIMIT 0,10   [ RunTime:0.0009s ]
INFO: [ view_parse ] --START--
INFO: [ template_filter ] --START--
INFO: Run Behavior\ContentReplaceBehavior [ RunTime:0.000114s ]
INFO: [ template_filter ] --END-- [ RunTime:0.000203s ]
NOTIC: [8] Undefined variable: id /Users/conan/haitao/Application/Runtime/Cache/Home/2a94b8bda04ff446dcedd42276fc99ee.php 第 29 行.
NOTIC: [8] Undefined variable: id /Users/conan/haitao/Application/Runtime/Cache/Home/2a94b8bda04ff446dcedd42276fc99ee.php 第 29 行.
NOTIC: [8] Undefined variable: id /Users/conan/haitao/Application/Runtime/Cache/Home/2a94b8bda04ff446dcedd42276fc99ee.php 第 29 行.
NOTIC: [8] Undefined variable: id /Users/conan/haitao/Application/Runtime/Cache/Home/2a94b8bda04ff446dcedd42276fc99ee.php 第 29 行.
NOTIC: [8] Undefined variable: id /Users/conan/haitao/Application/Runtime/Cache/Home/2a94b8bda04ff446dcedd42276fc99ee.php 第 29 行.
NOTIC: [8] Undefined variable: id /Users/conan/haitao/Application/Runtime/Cache/Home/2a94b8bda04ff446dcedd42276fc99ee.php 第 29 行.
INFO: Run Behavior\ParseTemplateBehavior [ RunTime:0.017542s ]
INFO: [ view_parse ] --END-- [ RunTime:0.017648s ]
INFO: [ view_filter ] --START--
INFO: Run Behavior\WriteHtmlCacheBehavior [ RunTime:0.000338s ]
INFO: [ view_filter ] --END-- [ RunTime:0.000409s ]
INFO: [ app_end ] --START--
INFO: Run Behavior\ShowPageTraceBehavior [ RunTime:0.000797s ]
INFO: [ app_end ] --END-- [ RunTime:0.000930s ]

[ 2016-06-20T23:16:37+08:00 ] 127.0.0.1 /
INFO: [ app_init ] --START--
INFO: Run Behavior\BuildLiteBehavior [ RunTime:0.000015s ]
INFO: [ app_init ] --END-- [ RunTime:0.000084s ]
INFO: [ app_begin ] --START--
INFO: Run Behavior\ReadHtmlCacheBehavior [ RunTime:0.000754s ]
INFO: [ app_begin ] --END-- [ RunTime:0.000945s ]
SQL: SHOW COLUMNS FROM `yy_category` [ RunTime:0.0005s ]
SQL: SHOW COLUMNS FROM `yy_category` [ RunTime:0.0006s ]
SQL: SELECT * FROM `yy_category` WHERE `is_delete` = 0 AND `parent` = 0  [ RunTime:0.0003s ]
SQL: SHOW COLUMNS FROM `yy_product_type` [ RunTime:0.0005s ]
SQL: SHOW COLUMNS FROM `yy_product_type` [ RunTime:0.0003s ]
SQL: SHOW COLUMNS FROM `yy_article` [ RunTime:0.0013s ]
SQL: SHOW COLUMNS FROM `yy_article` [ RunTime:0.0009s ]
SQL: SELECT * FROM `yy_product_type` WHERE `parent_id` = 0 AND `is_delete` = 0  [ RunTime:0.0002s ]
SQL: SELECT * FROM `yy_product_type` WHERE `parent_id` = 0 AND `hot` = 1 AND `is_delete` = 0  [ RunTime:0.0002s ]
NOTIC: [2] Illegal string offset 'is_delete' /Users/conan/haitao/Application/Base/BaseDBModel.class.php 第 201 行.
SQL: SELECT COUNT(id) AS tp_count FROM `yy_article` WHERE ( 0=1 ) LIMIT 1   [ RunTime:0.0001s ]
SQL: SELECT * FROM `yy_article` WHERE ( 1=1 ) ORDER BY id desc LIMIT 0,10   [ RunTime:0.0003s ]
INFO: [ view_parse ] --START--
INFO: [ template_filter ] --START--
INFO: Run Behavior\ContentReplaceBehavior [ RunTime:0.000161s ]
INFO: [ template_filter ] --END-- [ RunTime:0.000243s ]
NOTIC: [8] Undefined variable: id /Users/conan/haitao/Application/Runtime/Cache/Home/2a94b8bda04ff446dcedd42276fc99ee.php 第 29 行.
NOTIC: [8] Undefined variable: id /Users/conan/haitao/Application/Runtime/Cache/Home/2a94b8bda04ff446dcedd42276fc99ee.php 第 29 行.
NOTIC: [8] Undefined variable: id /Users/conan/haitao/Application/Runtime/Cache/Home/2a94b8bda04ff446dcedd42276fc99ee.php 第 29 行.
NOTIC: [8] Undefined variable: id /Users/conan/haitao/Application/Runtime/Cache/Home/2a94b8bda04ff446dcedd42276fc99ee.php 第 29 行.
NOTIC: [8] Undefined variable: id /Users/conan/haitao/Application/Runtime/Cache/Home/2a94b8bda04ff446dcedd42276fc99ee.php 第 29 行.
NOTIC: [8] Undefined variable: id /Users/conan/haitao/Application/Runtime/Cache/Home/2a94b8bda04ff446dcedd42276fc99ee.php 第 29 行.
INFO: Run Behavior\ParseTemplateBehavior [ RunTime:0.013494s ]
INFO: [ view_parse ] --END-- [ RunTime:0.013566s ]
INFO: [ view_filter ] --START--
INFO: Run Behavior\WriteHtmlCacheBehavior [ RunTime:0.000366s ]
INFO: [ view_filter ] --END-- [ RunTime:0.000437s ]
INFO: [ app_end ] --START--
INFO: Run Behavior\ShowPageTraceBehavior [ RunTime:0.000704s ]
INFO: [ app_end ] --END-- [ RunTime:0.000791s ]

