[ 2016-06-25T00:07:41+08:00 ] 127.0.0.1 /Article/_list/
INFO: [ app_init ] --START--
INFO: Run Behavior\BuildLiteBehavior [ RunTime:0.000014s ]
INFO: [ app_init ] --END-- [ RunTime:0.000085s ]
INFO: [ app_begin ] --START--
INFO: Run Behavior\ReadHtmlCacheBehavior [ RunTime:0.000475s ]
INFO: [ app_begin ] --END-- [ RunTime:0.000646s ]
SQL: SHOW COLUMNS FROM `yy_category` [ RunTime:0.0004s ]
SQL: SHOW COLUMNS FROM `yy_category` [ RunTime:0.0003s ]
SQL: SELECT * FROM `yy_category` WHERE `is_delete` = 0 AND `parent` = 0  [ RunTime:0.0003s ]
ERR: 非法操作:_list

[ 2016-06-25T00:08:03+08:00 ] 127.0.0.1 /
INFO: [ app_init ] --START--
INFO: Run Behavior\BuildLiteBehavior [ RunTime:0.000015s ]
INFO: [ app_init ] --END-- [ RunTime:0.000088s ]
INFO: [ app_begin ] --START--
INFO: Run Behavior\ReadHtmlCacheBehavior [ RunTime:0.000260s ]
INFO: [ app_begin ] --END-- [ RunTime:0.000327s ]
SQL: SHOW COLUMNS FROM `yy_category` [ RunTime:0.0006s ]
SQL: SHOW COLUMNS FROM `yy_category` [ RunTime:0.0003s ]
SQL: SELECT * FROM `yy_category` WHERE `is_delete` = 0 AND `parent` = 0  [ RunTime:0.0003s ]
SQL: SHOW COLUMNS FROM `yy_product_type` [ RunTime:0.0008s ]
SQL: SHOW COLUMNS FROM `yy_product_type` [ RunTime:0.0015s ]
SQL: SHOW COLUMNS FROM `yy_article` [ RunTime:0.0015s ]
SQL: SHOW COLUMNS FROM `yy_article` [ RunTime:0.0005s ]
SQL: SHOW COLUMNS FROM `yy_article_tag` [ RunTime:0.0004s ]
SQL: SHOW COLUMNS FROM `yy_article_tag` [ RunTime:0.0003s ]
SQL: SELECT * FROM `yy_product_type` WHERE `parent_id` = 0 AND `is_delete` = 0  [ RunTime:0.0002s ]
SQL: SELECT * FROM `yy_product_type` WHERE `parent_id` = 0 AND `hot` = 1 AND `is_delete` = 0  [ RunTime:0.0002s ]
SQL: SELECT * FROM `yy_article` WHERE `product_type_id` = 1 AND `is_delete` = 0 ORDER BY id desc LIMIT 6   [ RunTime:0.0003s ]
SQL: SELECT * FROM `yy_article` WHERE `product_type_id` = 2 AND `is_delete` = 0 ORDER BY id desc LIMIT 6   [ RunTime:0.0002s ]
SQL: SELECT * FROM `yy_article` WHERE `product_type_id` = 3 AND `is_delete` = 0 ORDER BY id desc LIMIT 6   [ RunTime:0.0002s ]
SQL: SELECT * FROM `yy_article` WHERE `product_type_id` = 4 AND `is_delete` = 0 ORDER BY id desc LIMIT 6   [ RunTime:0.0002s ]
SQL: SELECT * FROM `yy_article` WHERE `product_type_id` = 5 AND `is_delete` = 0 ORDER BY id desc LIMIT 6   [ RunTime:0.0007s ]
SQL: SELECT * FROM `yy_article` WHERE `product_type_id` = 6 AND `is_delete` = 0 ORDER BY id desc LIMIT 6   [ RunTime:0.0005s ]
SQL: SELECT COUNT(id) AS tp_count FROM `yy_article` WHERE `is_delete` = 0 LIMIT 1   [ RunTime:0.0004s ]
SQL: SELECT yy_article.*,yy_country.name as countryName FROM `yy_article` INNER JOIN yy_country on yy_article.country_id=yy_country.id  ORDER BY id desc LIMIT 0,10   [ RunTime:0.0012s ]
SQL: SELECT yy_tag.tag_name FROM `yy_article_tag` INNER JOIN yy_tag on yy_article_tag.tag_id=yy_tag.id  WHERE yy_article_tag.article_id = '25'  [ RunTime:0.0005s ]
SQL: SELECT yy_tag.tag_name FROM `yy_article_tag` INNER JOIN yy_tag on yy_article_tag.tag_id=yy_tag.id  WHERE yy_article_tag.article_id = '24'  [ RunTime:0.0007s ]
SQL: SELECT yy_tag.tag_name FROM `yy_article_tag` INNER JOIN yy_tag on yy_article_tag.tag_id=yy_tag.id  WHERE yy_article_tag.article_id = '21'  [ RunTime:0.0003s ]
SQL: SELECT yy_tag.tag_name FROM `yy_article_tag` INNER JOIN yy_tag on yy_article_tag.tag_id=yy_tag.id  WHERE yy_article_tag.article_id = '20'  [ RunTime:0.0002s ]
SQL: SELECT yy_tag.tag_name FROM `yy_article_tag` INNER JOIN yy_tag on yy_article_tag.tag_id=yy_tag.id  WHERE yy_article_tag.article_id = '19'  [ RunTime:0.0002s ]
SQL: SELECT yy_tag.tag_name FROM `yy_article_tag` INNER JOIN yy_tag on yy_article_tag.tag_id=yy_tag.id  WHERE yy_article_tag.article_id = '18'  [ RunTime:0.0001s ]
SQL: SELECT yy_tag.tag_name FROM `yy_article_tag` INNER JOIN yy_tag on yy_article_tag.tag_id=yy_tag.id  WHERE yy_article_tag.article_id = '17'  [ RunTime:0.0001s ]
SQL: SELECT yy_tag.tag_name FROM `yy_article_tag` INNER JOIN yy_tag on yy_article_tag.tag_id=yy_tag.id  WHERE yy_article_tag.article_id = '16'  [ RunTime:0.0001s ]
SQL: SELECT yy_tag.tag_name FROM `yy_article_tag` INNER JOIN yy_tag on yy_article_tag.tag_id=yy_tag.id  WHERE yy_article_tag.article_id = '15'  [ RunTime:0.0001s ]
SQL: SELECT yy_tag.tag_name FROM `yy_article_tag` INNER JOIN yy_tag on yy_article_tag.tag_id=yy_tag.id  WHERE yy_article_tag.article_id = '14'  [ RunTime:0.0001s ]
INFO: [ view_parse ] --START--
INFO: [ template_filter ] --START--
INFO: Run Behavior\ContentReplaceBehavior [ RunTime:0.000205s ]
INFO: [ template_filter ] --END-- [ RunTime:0.000336s ]
NOTIC: [8] Undefined variable: id /Users/conan/haitao/Application/Runtime/Cache/Home/2a94b8bda04ff446dcedd42276fc99ee.php 第 29 行.
NOTIC: [8] Undefined variable: id /Users/conan/haitao/Application/Runtime/Cache/Home/2a94b8bda04ff446dcedd42276fc99ee.php 第 29 行.
NOTIC: [8] Undefined variable: id /Users/conan/haitao/Application/Runtime/Cache/Home/2a94b8bda04ff446dcedd42276fc99ee.php 第 29 行.
NOTIC: [8] Undefined variable: id /Users/conan/haitao/Application/Runtime/Cache/Home/2a94b8bda04ff446dcedd42276fc99ee.php 第 29 行.
NOTIC: [8] Undefined variable: id /Users/conan/haitao/Application/Runtime/Cache/Home/2a94b8bda04ff446dcedd42276fc99ee.php 第 29 行.
NOTIC: [8] Undefined variable: id /Users/conan/haitao/Application/Runtime/Cache/Home/2a94b8bda04ff446dcedd42276fc99ee.php 第 29 行.
INFO: Run Behavior\ParseTemplateBehavior [ RunTime:0.016613s ]
INFO: [ view_parse ] --END-- [ RunTime:0.016681s ]
INFO: [ view_filter ] --START--
INFO: Run Behavior\WriteHtmlCacheBehavior [ RunTime:0.000122s ]
INFO: [ view_filter ] --END-- [ RunTime:0.000185s ]
INFO: [ app_end ] --START--
INFO: Run Behavior\ShowPageTraceBehavior [ RunTime:0.000412s ]
INFO: [ app_end ] --END-- [ RunTime:0.000580s ]

[ 2016-06-25T00:08:03+08:00 ] 127.0.0.1 /Public/images/image1.gif
INFO: [ app_init ] --START--
INFO: Run Behavior\BuildLiteBehavior [ RunTime:0.000016s ]
INFO: [ app_init ] --END-- [ RunTime:0.000097s ]

[ 2016-06-25T00:08:03+08:00 ] 127.0.0.1 /Public/images/image2.gif
INFO: [ app_init ] --START--
INFO: Run Behavior\BuildLiteBehavior [ RunTime:0.000017s ]
INFO: [ app_init ] --END-- [ RunTime:0.000096s ]

[ 2016-06-25T00:08:04+08:00 ] 127.0.0.1 /index
INFO: [ app_init ] --START--
INFO: Run Behavior\BuildLiteBehavior [ RunTime:0.000016s ]
INFO: [ app_init ] --END-- [ RunTime:0.000094s ]
INFO: [ app_begin ] --START--
INFO: Run Behavior\ReadHtmlCacheBehavior [ RunTime:0.000252s ]
INFO: [ app_begin ] --END-- [ RunTime:0.000315s ]
SQL: SHOW COLUMNS FROM `yy_category` [ RunTime:0.0007s ]
SQL: SHOW COLUMNS FROM `yy_category` [ RunTime:0.0015s ]
SQL: SELECT * FROM `yy_category` WHERE `is_delete` = 0 AND `parent` = 0  [ RunTime:0.0007s ]
SQL: SHOW COLUMNS FROM `yy_product_type` [ RunTime:0.0005s ]
SQL: SHOW COLUMNS FROM `yy_product_type` [ RunTime:0.0004s ]
SQL: SHOW COLUMNS FROM `yy_article` [ RunTime:0.0004s ]
SQL: SHOW COLUMNS FROM `yy_article` [ RunTime:0.0004s ]
SQL: SHOW COLUMNS FROM `yy_article_tag` [ RunTime:0.0004s ]
SQL: SHOW COLUMNS FROM `yy_article_tag` [ RunTime:0.0003s ]
SQL: SELECT * FROM `yy_product_type` WHERE `parent_id` = 0 AND `is_delete` = 0  [ RunTime:0.0007s ]
SQL: SELECT * FROM `yy_product_type` WHERE `parent_id` = 0 AND `hot` = 1 AND `is_delete` = 0  [ RunTime:0.0003s ]
SQL: SELECT * FROM `yy_article` WHERE `product_type_id` = 1 AND `is_delete` = 0 ORDER BY id desc LIMIT 6   [ RunTime:0.0004s ]
SQL: SELECT * FROM `yy_article` WHERE `product_type_id` = 2 AND `is_delete` = 0 ORDER BY id desc LIMIT 6   [ RunTime:0.0004s ]
SQL: SELECT * FROM `yy_article` WHERE `product_type_id` = 3 AND `is_delete` = 0 ORDER BY id desc LIMIT 6   [ RunTime:0.0005s ]
SQL: SELECT * FROM `yy_article` WHERE `product_type_id` = 4 AND `is_delete` = 0 ORDER BY id desc LIMIT 6   [ RunTime:0.0008s ]
SQL: SELECT * FROM `yy_article` WHERE `product_type_id` = 5 AND `is_delete` = 0 ORDER BY id desc LIMIT 6   [ RunTime:0.0005s ]
SQL: SELECT * FROM `yy_article` WHERE `product_type_id` = 6 AND `is_delete` = 0 ORDER BY id desc LIMIT 6   [ RunTime:0.0013s ]
SQL: SELECT COUNT(id) AS tp_count FROM `yy_article` WHERE `is_delete` = 0 LIMIT 1   [ RunTime:0.0005s ]
SQL: SELECT yy_article.*,yy_country.name as countryName FROM `yy_article` INNER JOIN yy_country on yy_article.country_id=yy_country.id  ORDER BY id desc LIMIT 0,10   [ RunTime:0.0006s ]
SQL: SELECT yy_tag.tag_name FROM `yy_article_tag` INNER JOIN yy_tag on yy_article_tag.tag_id=yy_tag.id  WHERE yy_article_tag.article_id = '25'  [ RunTime:0.0003s ]
SQL: SELECT yy_tag.tag_name FROM `yy_article_tag` INNER JOIN yy_tag on yy_article_tag.tag_id=yy_tag.id  WHERE yy_article_tag.article_id = '24'  [ RunTime:0.0002s ]
SQL: SELECT yy_tag.tag_name FROM `yy_article_tag` INNER JOIN yy_tag on yy_article_tag.tag_id=yy_tag.id  WHERE yy_article_tag.article_id = '21'  [ RunTime:0.0001s ]
SQL: SELECT yy_tag.tag_name FROM `yy_article_tag` INNER JOIN yy_tag on yy_article_tag.tag_id=yy_tag.id  WHERE yy_article_tag.article_id = '20'  [ RunTime:0.0002s ]
SQL: SELECT yy_tag.tag_name FROM `yy_article_tag` INNER JOIN yy_tag on yy_article_tag.tag_id=yy_tag.id  WHERE yy_article_tag.article_id = '19'  [ RunTime:0.0002s ]
SQL: SELECT yy_tag.tag_name FROM `yy_article_tag` INNER JOIN yy_tag on yy_article_tag.tag_id=yy_tag.id  WHERE yy_article_tag.article_id = '18'  [ RunTime:0.0001s ]
SQL: SELECT yy_tag.tag_name FROM `yy_article_tag` INNER JOIN yy_tag on yy_article_tag.tag_id=yy_tag.id  WHERE yy_article_tag.article_id = '17'  [ RunTime:0.0001s ]
SQL: SELECT yy_tag.tag_name FROM `yy_article_tag` INNER JOIN yy_tag on yy_article_tag.tag_id=yy_tag.id  WHERE yy_article_tag.article_id = '16'  [ RunTime:0.0002s ]
SQL: SELECT yy_tag.tag_name FROM `yy_article_tag` INNER JOIN yy_tag on yy_article_tag.tag_id=yy_tag.id  WHERE yy_article_tag.article_id = '15'  [ RunTime:0.0002s ]
SQL: SELECT yy_tag.tag_name FROM `yy_article_tag` INNER JOIN yy_tag on yy_article_tag.tag_id=yy_tag.id  WHERE yy_article_tag.article_id = '14'  [ RunTime:0.0006s ]
INFO: [ view_parse ] --START--
INFO: [ template_filter ] --START--
INFO: Run Behavior\ContentReplaceBehavior [ RunTime:0.000125s ]
INFO: [ template_filter ] --END-- [ RunTime:0.000203s ]
NOTIC: [8] Undefined variable: id /Users/conan/haitao/Application/Runtime/Cache/Home/2a94b8bda04ff446dcedd42276fc99ee.php 第 29 行.
NOTIC: [8] Undefined variable: id /Users/conan/haitao/Application/Runtime/Cache/Home/2a94b8bda04ff446dcedd42276fc99ee.php 第 29 行.
NOTIC: [8] Undefined variable: id /Users/conan/haitao/Application/Runtime/Cache/Home/2a94b8bda04ff446dcedd42276fc99ee.php 第 29 行.
NOTIC: [8] Undefined variable: id /Users/conan/haitao/Application/Runtime/Cache/Home/2a94b8bda04ff446dcedd42276fc99ee.php 第 29 行.
NOTIC: [8] Undefined variable: id /Users/conan/haitao/Application/Runtime/Cache/Home/2a94b8bda04ff446dcedd42276fc99ee.php 第 29 行.
NOTIC: [8] Undefined variable: id /Users/conan/haitao/Application/Runtime/Cache/Home/2a94b8bda04ff446dcedd42276fc99ee.php 第 29 行.
INFO: Run Behavior\ParseTemplateBehavior [ RunTime:0.016336s ]
INFO: [ view_parse ] --END-- [ RunTime:0.016419s ]
INFO: [ view_filter ] --START--
INFO: Run Behavior\WriteHtmlCacheBehavior [ RunTime:0.000181s ]
INFO: [ view_filter ] --END-- [ RunTime:0.000250s ]
INFO: [ app_end ] --START--
INFO: Run Behavior\ShowPageTraceBehavior [ RunTime:0.000768s ]
INFO: [ app_end ] --END-- [ RunTime:0.000935s ]

[ 2016-06-25T00:08:05+08:00 ] 127.0.0.1 /Public/images/image1.gif
INFO: [ app_init ] --START--
INFO: Run Behavior\BuildLiteBehavior [ RunTime:0.000128s ]
INFO: [ app_init ] --END-- [ RunTime:0.000354s ]

[ 2016-06-25T00:08:05+08:00 ] 127.0.0.1 /Public/images/image2.gif
INFO: [ app_init ] --START--
INFO: Run Behavior\BuildLiteBehavior [ RunTime:0.000015s ]
INFO: [ app_init ] --END-- [ RunTime:0.000125s ]

[ 2016-06-25T00:08:16+08:00 ] 127.0.0.1 /Article/list
INFO: [ app_init ] --START--
INFO: Run Behavior\BuildLiteBehavior [ RunTime:0.000016s ]
INFO: [ app_init ] --END-- [ RunTime:0.000092s ]
INFO: [ app_begin ] --START--
INFO: Run Behavior\ReadHtmlCacheBehavior [ RunTime:0.000267s ]
INFO: [ app_begin ] --END-- [ RunTime:0.000337s ]
SQL: SHOW COLUMNS FROM `yy_category` [ RunTime:0.0011s ]
SQL: SHOW COLUMNS FROM `yy_category` [ RunTime:0.0004s ]
SQL: SELECT * FROM `yy_category` WHERE `is_delete` = 0 AND `parent` = 0  [ RunTime:0.0002s ]
INFO: [ view_parse ] --START--
INFO: [ template_filter ] --START--
INFO: Run Behavior\ContentReplaceBehavior [ RunTime:0.000093s ]
INFO: [ template_filter ] --END-- [ RunTime:0.000167s ]
NOTIC: [8] Undefined variable: id /Users/conan/haitao/Application/Runtime/Cache/Home/ff8d2e9a08e5b8bee21d40e9b5c7e8b2.php 第 29 行.
NOTIC: [8] Undefined variable: id /Users/conan/haitao/Application/Runtime/Cache/Home/ff8d2e9a08e5b8bee21d40e9b5c7e8b2.php 第 29 行.
NOTIC: [8] Undefined variable: id /Users/conan/haitao/Application/Runtime/Cache/Home/ff8d2e9a08e5b8bee21d40e9b5c7e8b2.php 第 29 行.
NOTIC: [8] Undefined variable: id /Users/conan/haitao/Application/Runtime/Cache/Home/ff8d2e9a08e5b8bee21d40e9b5c7e8b2.php 第 29 行.
NOTIC: [8] Undefined variable: id /Users/conan/haitao/Application/Runtime/Cache/Home/ff8d2e9a08e5b8bee21d40e9b5c7e8b2.php 第 29 行.
NOTIC: [8] Undefined variable: id /Users/conan/haitao/Application/Runtime/Cache/Home/ff8d2e9a08e5b8bee21d40e9b5c7e8b2.php 第 29 行.
INFO: Run Behavior\ParseTemplateBehavior [ RunTime:0.011391s ]
INFO: [ view_parse ] --END-- [ RunTime:0.011491s ]
INFO: [ view_filter ] --START--
INFO: Run Behavior\WriteHtmlCacheBehavior [ RunTime:0.000276s ]
INFO: [ view_filter ] --END-- [ RunTime:0.000384s ]
INFO: [ app_end ] --START--
INFO: Run Behavior\ShowPageTraceBehavior [ RunTime:0.000775s ]
INFO: [ app_end ] --END-- [ RunTime:0.000962s ]

[ 2016-06-25T00:08:16+08:00 ] 127.0.0.1 /Article/images/5649b1858c94c8784.png
INFO: [ app_init ] --START--
INFO: Run Behavior\BuildLiteBehavior [ RunTime:0.000046s ]
INFO: [ app_init ] --END-- [ RunTime:0.000249s ]

[ 2016-06-25T00:08:16+08:00 ] 127.0.0.1 /Article/images/5649b1858c94c8784.png
INFO: [ app_init ] --START--
INFO: Run Behavior\BuildLiteBehavior [ RunTime:0.000015s ]
INFO: [ app_init ] --END-- [ RunTime:0.000086s ]

