[ 2016-06-23T23:59:49+08:00 ] 127.0.0.1 /
INFO: [ app_init ] --START--
INFO: Run Behavior\BuildLiteBehavior [ RunTime:0.000068s ]
INFO: [ app_init ] --END-- [ RunTime:0.000226s ]
INFO: [ app_begin ] --START--
INFO: Run Behavior\ReadHtmlCacheBehavior [ RunTime:0.000589s ]
INFO: [ app_begin ] --END-- [ RunTime:0.000700s ]
SQL: SHOW COLUMNS FROM `yy_category` [ RunTime:0.0135s ]
SQL: SHOW COLUMNS FROM `yy_category` [ RunTime:0.0004s ]
SQL: SELECT * FROM `yy_category` WHERE `is_delete` = 0 AND `parent` = 0  [ RunTime:0.0021s ]
SQL: SHOW COLUMNS FROM `yy_product_type` [ RunTime:0.0013s ]
SQL: SHOW COLUMNS FROM `yy_product_type` [ RunTime:0.0003s ]
SQL: SHOW COLUMNS FROM `yy_article` [ RunTime:0.0027s ]
SQL: SHOW COLUMNS FROM `yy_article` [ RunTime:0.0008s ]
SQL: SHOW COLUMNS FROM `yy_article_tag` [ RunTime:0.0016s ]
SQL: SHOW COLUMNS FROM `yy_article_tag` [ RunTime:0.0005s ]
SQL: SELECT * FROM `yy_product_type` WHERE `parent_id` = 0 AND `is_delete` = 0  [ RunTime:0.0003s ]
SQL: SELECT * FROM `yy_product_type` WHERE `parent_id` = 0 AND `hot` = 1 AND `is_delete` = 0  [ RunTime:0.0002s ]
SQL: SELECT * FROM `yy_article` WHERE `product_type_id` = 1 AND `is_delete` = 0 ORDER BY id desc LIMIT 6   [ RunTime:0.0004s ]
SQL: SELECT * FROM `yy_article` WHERE `product_type_id` = 2 AND `is_delete` = 0 ORDER BY id desc LIMIT 6   [ RunTime:0.0002s ]
SQL: SELECT * FROM `yy_article` WHERE `product_type_id` = 3 AND `is_delete` = 0 ORDER BY id desc LIMIT 6   [ RunTime:0.0002s ]
SQL: SELECT * FROM `yy_article` WHERE `product_type_id` = 4 AND `is_delete` = 0 ORDER BY id desc LIMIT 6   [ RunTime:0.0003s ]
SQL: SELECT * FROM `yy_article` WHERE `product_type_id` = 5 AND `is_delete` = 0 ORDER BY id desc LIMIT 6   [ RunTime:0.0005s ]
SQL: SELECT * FROM `yy_article` WHERE `product_type_id` = 6 AND `is_delete` = 0 ORDER BY id desc LIMIT 6   [ RunTime:0.0003s ]
SQL: SELECT COUNT(id) AS tp_count FROM `yy_article` WHERE `is_delete` = 0 LIMIT 1   [ RunTime:0.0013s ]
SQL: SELECT yy_article.*,yy_country.name as countryName FROM `yy_article` INNER JOIN yy_country on yy_article.country_id=yy_country.id  ORDER BY id desc LIMIT 0,10   [ RunTime:0.0026s ]
SQL: SELECT yy_tag.tag_name FROM `yy_article_tag` INNER JOIN yy_tag on yy_article_tag.tag_id=yy_tag.id  WHERE yy_article_tag.article_id = '25'  [ RunTime:0.0013s ]
SQL: SELECT yy_tag.tag_name FROM `yy_article_tag` INNER JOIN yy_tag on yy_article_tag.tag_id=yy_tag.id  WHERE yy_article_tag.article_id = '24'  [ RunTime:0.0002s ]
SQL: SELECT yy_tag.tag_name FROM `yy_article_tag` INNER JOIN yy_tag on yy_article_tag.tag_id=yy_tag.id  WHERE yy_article_tag.article_id = '21'  [ RunTime:0.0002s ]
SQL: SELECT yy_tag.tag_name FROM `yy_article_tag` INNER JOIN yy_tag on yy_article_tag.tag_id=yy_tag.id  WHERE yy_article_tag.article_id = '20'  [ RunTime:0.0002s ]
SQL: SELECT yy_tag.tag_name FROM `yy_article_tag` INNER JOIN yy_tag on yy_article_tag.tag_id=yy_tag.id  WHERE yy_article_tag.article_id = '19'  [ RunTime:0.0003s ]
SQL: SELECT yy_tag.tag_name FROM `yy_article_tag` INNER JOIN yy_tag on yy_article_tag.tag_id=yy_tag.id  WHERE yy_article_tag.article_id = '18'  [ RunTime:0.0006s ]
SQL: SELECT yy_tag.tag_name FROM `yy_article_tag` INNER JOIN yy_tag on yy_article_tag.tag_id=yy_tag.id  WHERE yy_article_tag.article_id = '17'  [ RunTime:0.0004s ]
SQL: SELECT yy_tag.tag_name FROM `yy_article_tag` INNER JOIN yy_tag on yy_article_tag.tag_id=yy_tag.id  WHERE yy_article_tag.article_id = '16'  [ RunTime:0.0004s ]
SQL: SELECT yy_tag.tag_name FROM `yy_article_tag` INNER JOIN yy_tag on yy_article_tag.tag_id=yy_tag.id  WHERE yy_article_tag.article_id = '15'  [ RunTime:0.0004s ]
SQL: SELECT yy_tag.tag_name FROM `yy_article_tag` INNER JOIN yy_tag on yy_article_tag.tag_id=yy_tag.id  WHERE yy_article_tag.article_id = '14'  [ RunTime:0.0003s ]
INFO: [ view_parse ] --START--
INFO: [ template_filter ] --START--
INFO: Run Behavior\ContentReplaceBehavior [ RunTime:0.000215s ]
INFO: [ template_filter ] --END-- [ RunTime:0.000301s ]
NOTIC: [8] Undefined variable: id /Users/conan/haitao/Application/Runtime/Cache/Home/2a94b8bda04ff446dcedd42276fc99ee.php 第 29 行.
NOTIC: [8] Undefined variable: id /Users/conan/haitao/Application/Runtime/Cache/Home/2a94b8bda04ff446dcedd42276fc99ee.php 第 29 行.
NOTIC: [8] Undefined variable: id /Users/conan/haitao/Application/Runtime/Cache/Home/2a94b8bda04ff446dcedd42276fc99ee.php 第 29 行.
NOTIC: [8] Undefined variable: id /Users/conan/haitao/Application/Runtime/Cache/Home/2a94b8bda04ff446dcedd42276fc99ee.php 第 29 行.
NOTIC: [8] Undefined variable: id /Users/conan/haitao/Application/Runtime/Cache/Home/2a94b8bda04ff446dcedd42276fc99ee.php 第 29 行.
NOTIC: [8] Undefined variable: id /Users/conan/haitao/Application/Runtime/Cache/Home/2a94b8bda04ff446dcedd42276fc99ee.php 第 29 行.
INFO: Run Behavior\ParseTemplateBehavior [ RunTime:0.040843s ]
INFO: [ view_parse ] --END-- [ RunTime:0.040922s ]
INFO: [ view_filter ] --START--
INFO: Run Behavior\WriteHtmlCacheBehavior [ RunTime:0.000318s ]
INFO: [ view_filter ] --END-- [ RunTime:0.000383s ]
INFO: [ app_end ] --START--
INFO: Run Behavior\ShowPageTraceBehavior [ RunTime:0.000609s ]
INFO: [ app_end ] --END-- [ RunTime:0.000743s ]

[ 2016-06-23T23:59:49+08:00 ] 127.0.0.1 /Public/images/image1.gif
INFO: [ app_init ] --START--
INFO: Run Behavior\BuildLiteBehavior [ RunTime:0.000029s ]
INFO: [ app_init ] --END-- [ RunTime:0.000204s ]

[ 2016-06-23T23:59:49+08:00 ] 127.0.0.1 /Public/images/image2.gif
INFO: [ app_init ] --START--
INFO: Run Behavior\BuildLiteBehavior [ RunTime:0.000056s ]
INFO: [ app_init ] --END-- [ RunTime:0.000400s ]

[ 2016-06-23T23:59:50+08:00 ] 127.0.0.1 /favicon.ico
INFO: [ app_init ] --START--
INFO: Run Behavior\BuildLiteBehavior [ RunTime:0.000026s ]
INFO: [ app_init ] --END-- [ RunTime:0.000152s ]

[ 2016-06-23T23:59:56+08:00 ] 127.0.0.1 /Ajax/good
INFO: [ app_init ] --START--
INFO: Run Behavior\BuildLiteBehavior [ RunTime:0.000022s ]
INFO: [ app_init ] --END-- [ RunTime:0.000136s ]
INFO: [ app_begin ] --START--
INFO: Run Behavior\ReadHtmlCacheBehavior [ RunTime:0.000275s ]
INFO: [ app_begin ] --END-- [ RunTime:0.000335s ]
SQL: SHOW COLUMNS FROM `yy_category` [ RunTime:0.0004s ]
SQL: SHOW COLUMNS FROM `yy_category` [ RunTime:0.0003s ]
SQL: SELECT * FROM `yy_category` WHERE `is_delete` = 0 AND `parent` = 0  [ RunTime:0.0002s ]
ERR: 非法操作:good

