[ 2016-06-30T00:44:48+08:00 ] 127.0.0.1 /Article/detail/id/4
INFO: [ app_init ] --START--
INFO: Run Behavior\BuildLiteBehavior [ RunTime:0.000015s ]
INFO: [ app_init ] --END-- [ RunTime:0.000095s ]
INFO: [ app_begin ] --START--
INFO: Run Behavior\ReadHtmlCacheBehavior [ RunTime:0.000278s ]
INFO: [ app_begin ] --END-- [ RunTime:0.000348s ]
SQL: SHOW COLUMNS FROM `yy_category` [ RunTime:0.0004s ]
SQL: SHOW COLUMNS FROM `yy_category` [ RunTime:0.0004s ]
SQL: SELECT * FROM `yy_category` WHERE `is_delete` = 0 AND `parent` = 0  [ RunTime:0.0003s ]
SQL: SHOW COLUMNS FROM `yy_article` [ RunTime:0.0007s ]
SQL: SHOW COLUMNS FROM `yy_article` [ RunTime:0.0004s ]
SQL: SHOW COLUMNS FROM `yy_article_tag` [ RunTime:0.0005s ]
SQL: SHOW COLUMNS FROM `yy_article_tag` [ RunTime:0.0003s ]
SQL: SHOW COLUMNS FROM `yy_comment` [ RunTime:0.0005s ]
SQL: SHOW COLUMNS FROM `yy_comment` [ RunTime:0.0004s ]
SQL: SELECT * FROM `yy_article` WHERE `id` = 4 LIMIT 1   [ RunTime:0.0003s ]
SQL: SELECT yy_tag.tag_name FROM `yy_article_tag` INNER JOIN yy_tag on yy_article_tag.tag_id=yy_tag.id  WHERE yy_article_tag.article_id = '4'  [ RunTime:0.0002s ]
SQL: select b.name,b.avatar,a.content,a.praise,a.un_praise from yy_comment a join yy_users b on a.user_id=b.id where a.article_id=4 [ RunTime:0.0002s ]
SQL: SHOW COLUMNS FROM `yy_users` [ RunTime:0.0004s ]
SQL: SELECT * FROM `yy_users` WHERE `id` = 1 LIMIT 1   [ RunTime:0.0002s ]
INFO: [ view_parse ] --START--
INFO: [ template_filter ] --START--
INFO: Run Behavior\ContentReplaceBehavior [ RunTime:0.000224s ]
INFO: [ template_filter ] --END-- [ RunTime:0.000344s ]
NOTIC: [8] Undefined variable: id /Users/conan/haitao/Application/Runtime/Cache/Home/3c8a1a47a3534a7b1252c226abfc3928.php 第 29 行.
NOTIC: [8] Undefined variable: id /Users/conan/haitao/Application/Runtime/Cache/Home/3c8a1a47a3534a7b1252c226abfc3928.php 第 29 行.
NOTIC: [8] Undefined variable: id /Users/conan/haitao/Application/Runtime/Cache/Home/3c8a1a47a3534a7b1252c226abfc3928.php 第 29 行.
NOTIC: [8] Undefined variable: id /Users/conan/haitao/Application/Runtime/Cache/Home/3c8a1a47a3534a7b1252c226abfc3928.php 第 29 行.
NOTIC: [8] Undefined variable: id /Users/conan/haitao/Application/Runtime/Cache/Home/3c8a1a47a3534a7b1252c226abfc3928.php 第 29 行.
NOTIC: [8] Use of undefined constant source_price - assumed 'source_price' /Users/conan/haitao/Application/Runtime/Cache/Home/3c8a1a47a3534a7b1252c226abfc3928.php 第 64 行.
NOTIC: [8] Array to string conversion /Users/conan/haitao/Application/Runtime/Cache/Home/3c8a1a47a3534a7b1252c226abfc3928.php 第 64 行.
NOTIC: [8] Use of undefined constant source_name - assumed 'source_name' /Users/conan/haitao/Application/Runtime/Cache/Home/3c8a1a47a3534a7b1252c226abfc3928.php 第 67 行.
NOTIC: [8] Array to string conversion /Users/conan/haitao/Application/Runtime/Cache/Home/3c8a1a47a3534a7b1252c226abfc3928.php 第 67 行.
NOTIC: [8] Use of undefined constant source_url - assumed 'source_url' /Users/conan/haitao/Application/Runtime/Cache/Home/3c8a1a47a3534a7b1252c226abfc3928.php 第 75 行.
NOTIC: [8] Array to string conversion /Users/conan/haitao/Application/Runtime/Cache/Home/3c8a1a47a3534a7b1252c226abfc3928.php 第 75 行.
INFO: Run Behavior\ParseTemplateBehavior [ RunTime:0.014264s ]
INFO: [ view_parse ] --END-- [ RunTime:0.014332s ]
INFO: [ view_filter ] --START--
INFO: Run Behavior\WriteHtmlCacheBehavior [ RunTime:0.000132s ]
INFO: [ view_filter ] --END-- [ RunTime:0.000189s ]
INFO: [ app_end ] --START--
INFO: Run Behavior\ShowPageTraceBehavior [ RunTime:0.000413s ]
INFO: [ app_end ] --END-- [ RunTime:0.000490s ]

[ 2016-06-30T00:45:28+08:00 ] 127.0.0.1 /Article/detail/id/4
INFO: [ app_init ] --START--
INFO: Run Behavior\BuildLiteBehavior [ RunTime:0.000014s ]
INFO: [ app_init ] --END-- [ RunTime:0.000083s ]
INFO: [ app_begin ] --START--
INFO: Run Behavior\ReadHtmlCacheBehavior [ RunTime:0.000259s ]
INFO: [ app_begin ] --END-- [ RunTime:0.000325s ]
SQL: SHOW COLUMNS FROM `yy_category` [ RunTime:0.0004s ]
SQL: SHOW COLUMNS FROM `yy_category` [ RunTime:0.0004s ]
SQL: SELECT * FROM `yy_category` WHERE `is_delete` = 0 AND `parent` = 0  [ RunTime:0.0002s ]
SQL: SHOW COLUMNS FROM `yy_article` [ RunTime:0.0005s ]
SQL: SHOW COLUMNS FROM `yy_article` [ RunTime:0.0004s ]
SQL: SHOW COLUMNS FROM `yy_article_tag` [ RunTime:0.0004s ]
SQL: SHOW COLUMNS FROM `yy_article_tag` [ RunTime:0.0003s ]
SQL: SHOW COLUMNS FROM `yy_comment` [ RunTime:0.0005s ]
SQL: SHOW COLUMNS FROM `yy_comment` [ RunTime:0.0004s ]
SQL: SELECT * FROM `yy_article` WHERE `id` = 4 LIMIT 1   [ RunTime:0.0003s ]
SQL: SELECT yy_tag.tag_name FROM `yy_article_tag` INNER JOIN yy_tag on yy_article_tag.tag_id=yy_tag.id  WHERE yy_article_tag.article_id = '4'  [ RunTime:0.0002s ]
SQL: select b.name,b.avatar,a.content,a.praise,a.un_praise from yy_comment a join yy_users b on a.user_id=b.id where a.article_id=4 [ RunTime:0.0002s ]
SQL: SHOW COLUMNS FROM `yy_users` [ RunTime:0.0005s ]
SQL: SELECT * FROM `yy_users` WHERE `id` = 1 LIMIT 1   [ RunTime:0.0003s ]
INFO: [ view_parse ] --START--
INFO: [ template_filter ] --START--
INFO: Run Behavior\ContentReplaceBehavior [ RunTime:0.000178s ]
INFO: [ template_filter ] --END-- [ RunTime:0.000274s ]
NOTIC: [8] Undefined variable: id /Users/conan/haitao/Application/Runtime/Cache/Home/3c8a1a47a3534a7b1252c226abfc3928.php 第 29 行.
NOTIC: [8] Undefined variable: id /Users/conan/haitao/Application/Runtime/Cache/Home/3c8a1a47a3534a7b1252c226abfc3928.php 第 29 行.
NOTIC: [8] Undefined variable: id /Users/conan/haitao/Application/Runtime/Cache/Home/3c8a1a47a3534a7b1252c226abfc3928.php 第 29 行.
NOTIC: [8] Undefined variable: id /Users/conan/haitao/Application/Runtime/Cache/Home/3c8a1a47a3534a7b1252c226abfc3928.php 第 29 行.
NOTIC: [8] Undefined variable: id /Users/conan/haitao/Application/Runtime/Cache/Home/3c8a1a47a3534a7b1252c226abfc3928.php 第 29 行.
NOTIC: [8] Use of undefined constant source_price - assumed 'source_price' /Users/conan/haitao/Application/Runtime/Cache/Home/3c8a1a47a3534a7b1252c226abfc3928.php 第 64 行.
NOTIC: [8] Array to string conversion /Users/conan/haitao/Application/Runtime/Cache/Home/3c8a1a47a3534a7b1252c226abfc3928.php 第 64 行.
NOTIC: [8] Use of undefined constant source_name - assumed 'source_name' /Users/conan/haitao/Application/Runtime/Cache/Home/3c8a1a47a3534a7b1252c226abfc3928.php 第 67 行.
NOTIC: [8] Array to string conversion /Users/conan/haitao/Application/Runtime/Cache/Home/3c8a1a47a3534a7b1252c226abfc3928.php 第 67 行.
NOTIC: [8] Use of undefined constant source_url - assumed 'source_url' /Users/conan/haitao/Application/Runtime/Cache/Home/3c8a1a47a3534a7b1252c226abfc3928.php 第 75 行.
NOTIC: [8] Array to string conversion /Users/conan/haitao/Application/Runtime/Cache/Home/3c8a1a47a3534a7b1252c226abfc3928.php 第 75 行.
NOTIC: [8] Array to string conversion /Users/conan/haitao/Application/Runtime/Cache/Home/3c8a1a47a3534a7b1252c226abfc3928.php 第 380 行.
NOTIC: [8] Undefined variable: Array /Users/conan/haitao/Application/Runtime/Cache/Home/3c8a1a47a3534a7b1252c226abfc3928.php 第 380 行.
INFO: Run Behavior\ParseTemplateBehavior [ RunTime:0.020555s ]
INFO: [ view_parse ] --END-- [ RunTime:0.020659s ]
INFO: [ view_filter ] --START--
INFO: Run Behavior\WriteHtmlCacheBehavior [ RunTime:0.000171s ]
INFO: [ view_filter ] --END-- [ RunTime:0.000254s ]
INFO: [ app_end ] --START--
INFO: Run Behavior\ShowPageTraceBehavior [ RunTime:0.000440s ]
INFO: [ app_end ] --END-- [ RunTime:0.000525s ]

[ 2016-06-30T00:45:33+08:00 ] 127.0.0.1 /Ajax/comment
INFO: [ app_init ] --START--
INFO: Run Behavior\BuildLiteBehavior [ RunTime:0.000015s ]
INFO: [ app_init ] --END-- [ RunTime:0.000088s ]
INFO: [ app_begin ] --START--
INFO: Run Behavior\ReadHtmlCacheBehavior [ RunTime:0.000273s ]
INFO: [ app_begin ] --END-- [ RunTime:0.000341s ]
SQL: SHOW COLUMNS FROM `yy_category` [ RunTime:0.0004s ]
SQL: SHOW COLUMNS FROM `yy_category` [ RunTime:0.0003s ]
SQL: SELECT * FROM `yy_category` WHERE `is_delete` = 0 AND `parent` = 0  [ RunTime:0.0002s ]
SQL: SHOW COLUMNS FROM `yy_comment` [ RunTime:0.0004s ]
SQL: SHOW COLUMNS FROM `yy_comment` [ RunTime:0.0003s ]
SQL: INSERT INTO `yy_comment` (`user_id`,`article_id`,`content`,`add_time`) VALUES ('1','4','adadfsadf','2016-06-30 00:45:33') [ RunTime:0.0010s ]

[ 2016-06-30T00:45:44+08:00 ] 127.0.0.1 /Article/detail/id/4
INFO: [ app_init ] --START--
INFO: Run Behavior\BuildLiteBehavior [ RunTime:0.000016s ]
INFO: [ app_init ] --END-- [ RunTime:0.000097s ]
INFO: [ app_begin ] --START--
INFO: Run Behavior\ReadHtmlCacheBehavior [ RunTime:0.000281s ]
INFO: [ app_begin ] --END-- [ RunTime:0.000356s ]
SQL: SHOW COLUMNS FROM `yy_category` [ RunTime:0.0004s ]
SQL: SHOW COLUMNS FROM `yy_category` [ RunTime:0.0004s ]
SQL: SELECT * FROM `yy_category` WHERE `is_delete` = 0 AND `parent` = 0  [ RunTime:0.0003s ]
SQL: SHOW COLUMNS FROM `yy_article` [ RunTime:0.0005s ]
SQL: SHOW COLUMNS FROM `yy_article` [ RunTime:0.0004s ]
SQL: SHOW COLUMNS FROM `yy_article_tag` [ RunTime:0.0004s ]
SQL: SHOW COLUMNS FROM `yy_article_tag` [ RunTime:0.0004s ]
SQL: SHOW COLUMNS FROM `yy_comment` [ RunTime:0.0004s ]
SQL: SHOW COLUMNS FROM `yy_comment` [ RunTime:0.0004s ]
SQL: SELECT * FROM `yy_article` WHERE `id` = 4 LIMIT 1   [ RunTime:0.0003s ]
SQL: SELECT yy_tag.tag_name FROM `yy_article_tag` INNER JOIN yy_tag on yy_article_tag.tag_id=yy_tag.id  WHERE yy_article_tag.article_id = '4'  [ RunTime:0.0002s ]
SQL: select b.name,b.avatar,a.content,a.praise,a.un_praise from yy_comment a join yy_users b on a.user_id=b.id where a.article_id=4 [ RunTime:0.0003s ]
SQL: SHOW COLUMNS FROM `yy_users` [ RunTime:0.0004s ]
SQL: SELECT * FROM `yy_users` WHERE `id` = 1 LIMIT 1   [ RunTime:0.0002s ]
INFO: [ view_parse ] --START--
INFO: [ template_filter ] --START--
INFO: Run Behavior\ContentReplaceBehavior [ RunTime:0.000151s ]
INFO: [ template_filter ] --END-- [ RunTime:0.000232s ]
NOTIC: [8] Undefined variable: id /Users/conan/haitao/Application/Runtime/Cache/Home/3c8a1a47a3534a7b1252c226abfc3928.php 第 29 行.
NOTIC: [8] Undefined variable: id /Users/conan/haitao/Application/Runtime/Cache/Home/3c8a1a47a3534a7b1252c226abfc3928.php 第 29 行.
NOTIC: [8] Undefined variable: id /Users/conan/haitao/Application/Runtime/Cache/Home/3c8a1a47a3534a7b1252c226abfc3928.php 第 29 行.
NOTIC: [8] Undefined variable: id /Users/conan/haitao/Application/Runtime/Cache/Home/3c8a1a47a3534a7b1252c226abfc3928.php 第 29 行.
NOTIC: [8] Undefined variable: id /Users/conan/haitao/Application/Runtime/Cache/Home/3c8a1a47a3534a7b1252c226abfc3928.php 第 29 行.
NOTIC: [8] Use of undefined constant source_price - assumed 'source_price' /Users/conan/haitao/Application/Runtime/Cache/Home/3c8a1a47a3534a7b1252c226abfc3928.php 第 64 行.
NOTIC: [8] Array to string conversion /Users/conan/haitao/Application/Runtime/Cache/Home/3c8a1a47a3534a7b1252c226abfc3928.php 第 64 行.
NOTIC: [8] Use of undefined constant source_name - assumed 'source_name' /Users/conan/haitao/Application/Runtime/Cache/Home/3c8a1a47a3534a7b1252c226abfc3928.php 第 67 行.
NOTIC: [8] Array to string conversion /Users/conan/haitao/Application/Runtime/Cache/Home/3c8a1a47a3534a7b1252c226abfc3928.php 第 67 行.
NOTIC: [8] Use of undefined constant source_url - assumed 'source_url' /Users/conan/haitao/Application/Runtime/Cache/Home/3c8a1a47a3534a7b1252c226abfc3928.php 第 75 行.
NOTIC: [8] Array to string conversion /Users/conan/haitao/Application/Runtime/Cache/Home/3c8a1a47a3534a7b1252c226abfc3928.php 第 75 行.
NOTIC: [8] Array to string conversion /Users/conan/haitao/Application/Runtime/Cache/Home/3c8a1a47a3534a7b1252c226abfc3928.php 第 380 行.
NOTIC: [8] Undefined variable: Array /Users/conan/haitao/Application/Runtime/Cache/Home/3c8a1a47a3534a7b1252c226abfc3928.php 第 380 行.
INFO: Run Behavior\ParseTemplateBehavior [ RunTime:0.016728s ]
INFO: [ view_parse ] --END-- [ RunTime:0.016827s ]
INFO: [ view_filter ] --START--
INFO: Run Behavior\WriteHtmlCacheBehavior [ RunTime:0.000353s ]
INFO: [ view_filter ] --END-- [ RunTime:0.000472s ]
INFO: [ app_end ] --START--
INFO: Run Behavior\ShowPageTraceBehavior [ RunTime:0.000568s ]
INFO: [ app_end ] --END-- [ RunTime:0.000694s ]

[ 2016-06-30T00:49:08+08:00 ] 127.0.0.1 /Article/detail/id/4
INFO: [ app_init ] --START--
INFO: Run Behavior\BuildLiteBehavior [ RunTime:0.000015s ]
INFO: [ app_init ] --END-- [ RunTime:0.000091s ]
INFO: [ app_begin ] --START--
INFO: Run Behavior\ReadHtmlCacheBehavior [ RunTime:0.000327s ]
INFO: [ app_begin ] --END-- [ RunTime:0.000408s ]
SQL: SHOW COLUMNS FROM `yy_category` [ RunTime:0.0008s ]
SQL: SHOW COLUMNS FROM `yy_category` [ RunTime:0.0004s ]
SQL: SELECT * FROM `yy_category` WHERE `is_delete` = 0 AND `parent` = 0  [ RunTime:0.0005s ]
SQL: SHOW COLUMNS FROM `yy_article` [ RunTime:0.0005s ]
SQL: SHOW COLUMNS FROM `yy_article` [ RunTime:0.0004s ]
SQL: SHOW COLUMNS FROM `yy_article_tag` [ RunTime:0.0004s ]
SQL: SHOW COLUMNS FROM `yy_article_tag` [ RunTime:0.0003s ]
SQL: SHOW COLUMNS FROM `yy_comment` [ RunTime:0.0004s ]
SQL: SHOW COLUMNS FROM `yy_comment` [ RunTime:0.0004s ]
SQL: SELECT * FROM `yy_article` WHERE `id` = 4 LIMIT 1   [ RunTime:0.0003s ]
SQL: SELECT yy_tag.tag_name FROM `yy_article_tag` INNER JOIN yy_tag on yy_article_tag.tag_id=yy_tag.id  WHERE yy_article_tag.article_id = '4'  [ RunTime:0.0003s ]
SQL: select b.name,b.avatar,a.content,a.praise,a.un_praise from yy_comment a join yy_users b on a.user_id=b.id where a.article_id=4 [ RunTime:0.0003s ]
SQL: SHOW COLUMNS FROM `yy_users` [ RunTime:0.0005s ]
SQL: SELECT * FROM `yy_users` WHERE `id` = 1 LIMIT 1   [ RunTime:0.0007s ]
INFO: [ view_parse ] --START--
INFO: [ template_filter ] --START--
INFO: Run Behavior\ContentReplaceBehavior [ RunTime:0.000159s ]
INFO: [ template_filter ] --END-- [ RunTime:0.000239s ]
NOTIC: [8] Undefined variable: id /Users/conan/haitao/Application/Runtime/Cache/Home/3c8a1a47a3534a7b1252c226abfc3928.php 第 29 行.
NOTIC: [8] Undefined variable: id /Users/conan/haitao/Application/Runtime/Cache/Home/3c8a1a47a3534a7b1252c226abfc3928.php 第 29 行.
NOTIC: [8] Undefined variable: id /Users/conan/haitao/Application/Runtime/Cache/Home/3c8a1a47a3534a7b1252c226abfc3928.php 第 29 行.
NOTIC: [8] Undefined variable: id /Users/conan/haitao/Application/Runtime/Cache/Home/3c8a1a47a3534a7b1252c226abfc3928.php 第 29 行.
NOTIC: [8] Undefined variable: id /Users/conan/haitao/Application/Runtime/Cache/Home/3c8a1a47a3534a7b1252c226abfc3928.php 第 29 行.
NOTIC: [8] Use of undefined constant source_price - assumed 'source_price' /Users/conan/haitao/Application/Runtime/Cache/Home/3c8a1a47a3534a7b1252c226abfc3928.php 第 64 行.
NOTIC: [8] Array to string conversion /Users/conan/haitao/Application/Runtime/Cache/Home/3c8a1a47a3534a7b1252c226abfc3928.php 第 64 行.
NOTIC: [8] Use of undefined constant source_name - assumed 'source_name' /Users/conan/haitao/Application/Runtime/Cache/Home/3c8a1a47a3534a7b1252c226abfc3928.php 第 67 行.
NOTIC: [8] Array to string conversion /Users/conan/haitao/Application/Runtime/Cache/Home/3c8a1a47a3534a7b1252c226abfc3928.php 第 67 行.
NOTIC: [8] Use of undefined constant source_url - assumed 'source_url' /Users/conan/haitao/Application/Runtime/Cache/Home/3c8a1a47a3534a7b1252c226abfc3928.php 第 75 行.
NOTIC: [8] Array to string conversion /Users/conan/haitao/Application/Runtime/Cache/Home/3c8a1a47a3534a7b1252c226abfc3928.php 第 75 行.
NOTIC: [8] Array to string conversion /Users/conan/haitao/Application/Runtime/Cache/Home/3c8a1a47a3534a7b1252c226abfc3928.php 第 380 行.
NOTIC: [8] Undefined variable: Array /Users/conan/haitao/Application/Runtime/Cache/Home/3c8a1a47a3534a7b1252c226abfc3928.php 第 380 行.
NOTIC: [8] Undefined index: add_time /Users/conan/haitao/Application/Runtime/Cache/Home/3c8a1a47a3534a7b1252c226abfc3928.php 第 424 行.
INFO: Run Behavior\ParseTemplateBehavior [ RunTime:0.017435s ]
INFO: [ view_parse ] --END-- [ RunTime:0.017705s ]
INFO: [ view_filter ] --START--
INFO: Run Behavior\WriteHtmlCacheBehavior [ RunTime:0.000207s ]
INFO: [ view_filter ] --END-- [ RunTime:0.000294s ]
INFO: [ app_end ] --START--
INFO: Run Behavior\ShowPageTraceBehavior [ RunTime:0.000410s ]
INFO: [ app_end ] --END-- [ RunTime:0.000506s ]

[ 2016-06-30T00:49:10+08:00 ] 127.0.0.1 /Article/detail/id/4
INFO: [ app_init ] --START--
INFO: Run Behavior\BuildLiteBehavior [ RunTime:0.000015s ]
INFO: [ app_init ] --END-- [ RunTime:0.000087s ]
INFO: [ app_begin ] --START--
INFO: Run Behavior\ReadHtmlCacheBehavior [ RunTime:0.000249s ]
INFO: [ app_begin ] --END-- [ RunTime:0.000312s ]
SQL: SHOW COLUMNS FROM `yy_category` [ RunTime:0.0004s ]
SQL: SHOW COLUMNS FROM `yy_category` [ RunTime:0.0004s ]
SQL: SELECT * FROM `yy_category` WHERE `is_delete` = 0 AND `parent` = 0  [ RunTime:0.0003s ]
SQL: SHOW COLUMNS FROM `yy_article` [ RunTime:0.0006s ]
SQL: SHOW COLUMNS FROM `yy_article` [ RunTime:0.0004s ]
SQL: SHOW COLUMNS FROM `yy_article_tag` [ RunTime:0.0005s ]
SQL: SHOW COLUMNS FROM `yy_article_tag` [ RunTime:0.0004s ]
SQL: SHOW COLUMNS FROM `yy_comment` [ RunTime:0.0004s ]
SQL: SHOW COLUMNS FROM `yy_comment` [ RunTime:0.0003s ]
SQL: SELECT * FROM `yy_article` WHERE `id` = 4 LIMIT 1   [ RunTime:0.0002s ]
SQL: SELECT yy_tag.tag_name FROM `yy_article_tag` INNER JOIN yy_tag on yy_article_tag.tag_id=yy_tag.id  WHERE yy_article_tag.article_id = '4'  [ RunTime:0.0003s ]
SQL: select b.name,b.avatar,a.content,a.praise,a.un_praise from yy_comment a join yy_users b on a.user_id=b.id where a.article_id=4 [ RunTime:0.0002s ]
SQL: SHOW COLUMNS FROM `yy_users` [ RunTime:0.0004s ]
SQL: SELECT * FROM `yy_users` WHERE `id` = 1 LIMIT 1   [ RunTime:0.0002s ]
INFO: [ view_parse ] --START--
INFO: [ template_filter ] --START--
INFO: Run Behavior\ContentReplaceBehavior [ RunTime:0.000144s ]
INFO: [ template_filter ] --END-- [ RunTime:0.000219s ]
NOTIC: [8] Undefined variable: id /Users/conan/haitao/Application/Runtime/Cache/Home/3c8a1a47a3534a7b1252c226abfc3928.php 第 29 行.
NOTIC: [8] Undefined variable: id /Users/conan/haitao/Application/Runtime/Cache/Home/3c8a1a47a3534a7b1252c226abfc3928.php 第 29 行.
NOTIC: [8] Undefined variable: id /Users/conan/haitao/Application/Runtime/Cache/Home/3c8a1a47a3534a7b1252c226abfc3928.php 第 29 行.
NOTIC: [8] Undefined variable: id /Users/conan/haitao/Application/Runtime/Cache/Home/3c8a1a47a3534a7b1252c226abfc3928.php 第 29 行.
NOTIC: [8] Undefined variable: id /Users/conan/haitao/Application/Runtime/Cache/Home/3c8a1a47a3534a7b1252c226abfc3928.php 第 29 行.
NOTIC: [8] Use of undefined constant source_price - assumed 'source_price' /Users/conan/haitao/Application/Runtime/Cache/Home/3c8a1a47a3534a7b1252c226abfc3928.php 第 64 行.
NOTIC: [8] Array to string conversion /Users/conan/haitao/Application/Runtime/Cache/Home/3c8a1a47a3534a7b1252c226abfc3928.php 第 64 行.
NOTIC: [8] Use of undefined constant source_name - assumed 'source_name' /Users/conan/haitao/Application/Runtime/Cache/Home/3c8a1a47a3534a7b1252c226abfc3928.php 第 67 行.
NOTIC: [8] Array to string conversion /Users/conan/haitao/Application/Runtime/Cache/Home/3c8a1a47a3534a7b1252c226abfc3928.php 第 67 行.
NOTIC: [8] Use of undefined constant source_url - assumed 'source_url' /Users/conan/haitao/Application/Runtime/Cache/Home/3c8a1a47a3534a7b1252c226abfc3928.php 第 75 行.
NOTIC: [8] Array to string conversion /Users/conan/haitao/Application/Runtime/Cache/Home/3c8a1a47a3534a7b1252c226abfc3928.php 第 75 行.
NOTIC: [8] Array to string conversion /Users/conan/haitao/Application/Runtime/Cache/Home/3c8a1a47a3534a7b1252c226abfc3928.php 第 380 行.
NOTIC: [8] Undefined variable: Array /Users/conan/haitao/Application/Runtime/Cache/Home/3c8a1a47a3534a7b1252c226abfc3928.php 第 380 行.
NOTIC: [8] Undefined index: add_time /Users/conan/haitao/Application/Runtime/Cache/Home/3c8a1a47a3534a7b1252c226abfc3928.php 第 424 行.
INFO: Run Behavior\ParseTemplateBehavior [ RunTime:0.015224s ]
INFO: [ view_parse ] --END-- [ RunTime:0.015289s ]
INFO: [ view_filter ] --START--
INFO: Run Behavior\WriteHtmlCacheBehavior [ RunTime:0.000118s ]
INFO: [ view_filter ] --END-- [ RunTime:0.000173s ]
INFO: [ app_end ] --START--
INFO: Run Behavior\ShowPageTraceBehavior [ RunTime:0.000417s ]
INFO: [ app_end ] --END-- [ RunTime:0.000493s ]

[ 2016-06-30T00:49:47+08:00 ] 127.0.0.1 /Article/detail/id/4
INFO: [ app_init ] --START--
INFO: Run Behavior\BuildLiteBehavior [ RunTime:0.000016s ]
INFO: [ app_init ] --END-- [ RunTime:0.000096s ]
INFO: [ app_begin ] --START--
INFO: Run Behavior\ReadHtmlCacheBehavior [ RunTime:0.000287s ]
INFO: [ app_begin ] --END-- [ RunTime:0.000358s ]
SQL: SHOW COLUMNS FROM `yy_category` [ RunTime:0.0004s ]
SQL: SHOW COLUMNS FROM `yy_category` [ RunTime:0.0004s ]
SQL: SELECT * FROM `yy_category` WHERE `is_delete` = 0 AND `parent` = 0  [ RunTime:0.0002s ]
SQL: SHOW COLUMNS FROM `yy_article` [ RunTime:0.0005s ]
SQL: SHOW COLUMNS FROM `yy_article` [ RunTime:0.0012s ]
SQL: SHOW COLUMNS FROM `yy_article_tag` [ RunTime:0.0009s ]
SQL: SHOW COLUMNS FROM `yy_article_tag` [ RunTime:0.0006s ]
SQL: SHOW COLUMNS FROM `yy_comment` [ RunTime:0.0005s ]
SQL: SHOW COLUMNS FROM `yy_comment` [ RunTime:0.0004s ]
SQL: SELECT * FROM `yy_article` WHERE `id` = 4 LIMIT 1   [ RunTime:0.0003s ]
SQL: SELECT yy_tag.tag_name FROM `yy_article_tag` INNER JOIN yy_tag on yy_article_tag.tag_id=yy_tag.id  WHERE yy_article_tag.article_id = '4'  [ RunTime:0.0003s ]
SQL: select b.name,b.avatar,a.content,a.praise,a.un_praise from yy_comment a join yy_users b on a.user_id=b.id where a.article_id=4 [ RunTime:0.0003s ]
SQL: SHOW COLUMNS FROM `yy_users` [ RunTime:0.0004s ]
SQL: SELECT * FROM `yy_users` WHERE `id` = 1 LIMIT 1   [ RunTime:0.0003s ]
INFO: [ view_parse ] --START--
INFO: [ template_filter ] --START--
INFO: Run Behavior\ContentReplaceBehavior [ RunTime:0.000166s ]
INFO: [ template_filter ] --END-- [ RunTime:0.000296s ]
NOTIC: [8] Undefined variable: id /Users/conan/haitao/Application/Runtime/Cache/Home/3c8a1a47a3534a7b1252c226abfc3928.php 第 29 行.
NOTIC: [8] Undefined variable: id /Users/conan/haitao/Application/Runtime/Cache/Home/3c8a1a47a3534a7b1252c226abfc3928.php 第 29 行.
NOTIC: [8] Undefined variable: id /Users/conan/haitao/Application/Runtime/Cache/Home/3c8a1a47a3534a7b1252c226abfc3928.php 第 29 行.
NOTIC: [8] Undefined variable: id /Users/conan/haitao/Application/Runtime/Cache/Home/3c8a1a47a3534a7b1252c226abfc3928.php 第 29 行.
NOTIC: [8] Undefined variable: id /Users/conan/haitao/Application/Runtime/Cache/Home/3c8a1a47a3534a7b1252c226abfc3928.php 第 29 行.
NOTIC: [8] Use of undefined constant source_price - assumed 'source_price' /Users/conan/haitao/Application/Runtime/Cache/Home/3c8a1a47a3534a7b1252c226abfc3928.php 第 64 行.
NOTIC: [8] Array to string conversion /Users/conan/haitao/Application/Runtime/Cache/Home/3c8a1a47a3534a7b1252c226abfc3928.php 第 64 行.
NOTIC: [8] Use of undefined constant source_name - assumed 'source_name' /Users/conan/haitao/Application/Runtime/Cache/Home/3c8a1a47a3534a7b1252c226abfc3928.php 第 67 行.
NOTIC: [8] Array to string conversion /Users/conan/haitao/Application/Runtime/Cache/Home/3c8a1a47a3534a7b1252c226abfc3928.php 第 67 行.
NOTIC: [8] Use of undefined constant source_url - assumed 'source_url' /Users/conan/haitao/Application/Runtime/Cache/Home/3c8a1a47a3534a7b1252c226abfc3928.php 第 75 行.
NOTIC: [8] Array to string conversion /Users/conan/haitao/Application/Runtime/Cache/Home/3c8a1a47a3534a7b1252c226abfc3928.php 第 75 行.
NOTIC: [8] Array to string conversion /Users/conan/haitao/Application/Runtime/Cache/Home/3c8a1a47a3534a7b1252c226abfc3928.php 第 380 行.
NOTIC: [8] Undefined variable: Array /Users/conan/haitao/Application/Runtime/Cache/Home/3c8a1a47a3534a7b1252c226abfc3928.php 第 380 行.
NOTIC: [8] Undefined index: add_time /Users/conan/haitao/Application/Runtime/Cache/Home/3c8a1a47a3534a7b1252c226abfc3928.php 第 424 行.
INFO: Run Behavior\ParseTemplateBehavior [ RunTime:0.015922s ]
INFO: [ view_parse ] --END-- [ RunTime:0.016010s ]
INFO: [ view_filter ] --START--
INFO: Run Behavior\WriteHtmlCacheBehavior [ RunTime:0.000190s ]
INFO: [ view_filter ] --END-- [ RunTime:0.000280s ]
INFO: [ app_end ] --START--
INFO: Run Behavior\ShowPageTraceBehavior [ RunTime:0.000471s ]
INFO: [ app_end ] --END-- [ RunTime:0.000563s ]

[ 2016-06-30T00:50:33+08:00 ] 127.0.0.1 /Article/detail/id/4
INFO: [ app_init ] --START--
INFO: Run Behavior\BuildLiteBehavior [ RunTime:0.000025s ]
INFO: [ app_init ] --END-- [ RunTime:0.000151s ]
INFO: [ app_begin ] --START--
INFO: Run Behavior\ReadHtmlCacheBehavior [ RunTime:0.000428s ]
INFO: [ app_begin ] --END-- [ RunTime:0.000539s ]
SQL: SHOW COLUMNS FROM `yy_category` [ RunTime:0.0005s ]
SQL: SHOW COLUMNS FROM `yy_category` [ RunTime:0.0004s ]
SQL: SELECT * FROM `yy_category` WHERE `is_delete` = 0 AND `parent` = 0  [ RunTime:0.0003s ]
SQL: SHOW COLUMNS FROM `yy_article` [ RunTime:0.0006s ]
SQL: SHOW COLUMNS FROM `yy_article` [ RunTime:0.0016s ]
SQL: SHOW COLUMNS FROM `yy_article_tag` [ RunTime:0.0017s ]
SQL: SHOW COLUMNS FROM `yy_article_tag` [ RunTime:0.0006s ]
SQL: SHOW COLUMNS FROM `yy_comment` [ RunTime:0.0007s ]
SQL: SHOW COLUMNS FROM `yy_comment` [ RunTime:0.0006s ]
SQL: SELECT * FROM `yy_article` WHERE `id` = 4 LIMIT 1   [ RunTime:0.0006s ]
SQL: SELECT yy_tag.tag_name FROM `yy_article_tag` INNER JOIN yy_tag on yy_article_tag.tag_id=yy_tag.id  WHERE yy_article_tag.article_id = '4'  [ RunTime:0.0009s ]
SQL: select b.name,b.avatar,a.content,a.praise,a.un_praise,a.add_time from yy_comment a join yy_users b on a.user_id=b.id where a.article_id=4 [ RunTime:0.0013s ]
SQL: SHOW COLUMNS FROM `yy_users` [ RunTime:0.0007s ]
SQL: SELECT * FROM `yy_users` WHERE `id` = 1 LIMIT 1   [ RunTime:0.0004s ]
INFO: [ view_parse ] --START--
INFO: [ template_filter ] --START--
INFO: Run Behavior\ContentReplaceBehavior [ RunTime:0.000199s ]
INFO: [ template_filter ] --END-- [ RunTime:0.000321s ]
NOTIC: [8] Undefined variable: id /Users/conan/haitao/Application/Runtime/Cache/Home/3c8a1a47a3534a7b1252c226abfc3928.php 第 29 行.
NOTIC: [8] Undefined variable: id /Users/conan/haitao/Application/Runtime/Cache/Home/3c8a1a47a3534a7b1252c226abfc3928.php 第 29 行.
NOTIC: [8] Undefined variable: id /Users/conan/haitao/Application/Runtime/Cache/Home/3c8a1a47a3534a7b1252c226abfc3928.php 第 29 行.
NOTIC: [8] Undefined variable: id /Users/conan/haitao/Application/Runtime/Cache/Home/3c8a1a47a3534a7b1252c226abfc3928.php 第 29 行.
NOTIC: [8] Undefined variable: id /Users/conan/haitao/Application/Runtime/Cache/Home/3c8a1a47a3534a7b1252c226abfc3928.php 第 29 行.
NOTIC: [8] Use of undefined constant source_price - assumed 'source_price' /Users/conan/haitao/Application/Runtime/Cache/Home/3c8a1a47a3534a7b1252c226abfc3928.php 第 64 行.
NOTIC: [8] Array to string conversion /Users/conan/haitao/Application/Runtime/Cache/Home/3c8a1a47a3534a7b1252c226abfc3928.php 第 64 行.
NOTIC: [8] Use of undefined constant source_name - assumed 'source_name' /Users/conan/haitao/Application/Runtime/Cache/Home/3c8a1a47a3534a7b1252c226abfc3928.php 第 67 行.
NOTIC: [8] Array to string conversion /Users/conan/haitao/Application/Runtime/Cache/Home/3c8a1a47a3534a7b1252c226abfc3928.php 第 67 行.
NOTIC: [8] Use of undefined constant source_url - assumed 'source_url' /Users/conan/haitao/Application/Runtime/Cache/Home/3c8a1a47a3534a7b1252c226abfc3928.php 第 75 行.
NOTIC: [8] Array to string conversion /Users/conan/haitao/Application/Runtime/Cache/Home/3c8a1a47a3534a7b1252c226abfc3928.php 第 75 行.
NOTIC: [8] Array to string conversion /Users/conan/haitao/Application/Runtime/Cache/Home/3c8a1a47a3534a7b1252c226abfc3928.php 第 380 行.
NOTIC: [8] Undefined variable: Array /Users/conan/haitao/Application/Runtime/Cache/Home/3c8a1a47a3534a7b1252c226abfc3928.php 第 380 行.
INFO: Run Behavior\ParseTemplateBehavior [ RunTime:0.020843s ]
INFO: [ view_parse ] --END-- [ RunTime:0.020945s ]
INFO: [ view_filter ] --START--
INFO: Run Behavior\WriteHtmlCacheBehavior [ RunTime:0.000213s ]
INFO: [ view_filter ] --END-- [ RunTime:0.000299s ]
INFO: [ app_end ] --START--
INFO: Run Behavior\ShowPageTraceBehavior [ RunTime:0.000553s ]
INFO: [ app_end ] --END-- [ RunTime:0.000671s ]

[ 2016-06-30T00:51:11+08:00 ] 127.0.0.1 /Article/detail/id/4
INFO: [ app_init ] --START--
INFO: Run Behavior\BuildLiteBehavior [ RunTime:0.000015s ]
INFO: [ app_init ] --END-- [ RunTime:0.000086s ]
INFO: [ app_begin ] --START--
INFO: Run Behavior\ReadHtmlCacheBehavior [ RunTime:0.000259s ]
INFO: [ app_begin ] --END-- [ RunTime:0.000327s ]
SQL: SHOW COLUMNS FROM `yy_category` [ RunTime:0.0004s ]
SQL: SHOW COLUMNS FROM `yy_category` [ RunTime:0.0004s ]
SQL: SELECT * FROM `yy_category` WHERE `is_delete` = 0 AND `parent` = 0  [ RunTime:0.0002s ]
SQL: SHOW COLUMNS FROM `yy_article` [ RunTime:0.0005s ]
SQL: SHOW COLUMNS FROM `yy_article` [ RunTime:0.0004s ]
SQL: SHOW COLUMNS FROM `yy_article_tag` [ RunTime:0.0003s ]
SQL: SHOW COLUMNS FROM `yy_article_tag` [ RunTime:0.0003s ]
SQL: SHOW COLUMNS FROM `yy_comment` [ RunTime:0.0005s ]
SQL: SHOW COLUMNS FROM `yy_comment` [ RunTime:0.0004s ]
SQL: SELECT * FROM `yy_article` WHERE `id` = 4 LIMIT 1   [ RunTime:0.0003s ]
SQL: SELECT yy_tag.tag_name FROM `yy_article_tag` INNER JOIN yy_tag on yy_article_tag.tag_id=yy_tag.id  WHERE yy_article_tag.article_id = '4'  [ RunTime:0.0002s ]
SQL: select b.name,b.avatar,a.content,a.praise,a.un_praise,a.add_time from yy_comment a join yy_users b on a.user_id=b.id where a.article_id=4 [ RunTime:0.0002s ]
SQL: SHOW COLUMNS FROM `yy_users` [ RunTime:0.0004s ]
SQL: SELECT * FROM `yy_users` WHERE `id` = 1 LIMIT 1   [ RunTime:0.0002s ]
INFO: [ view_parse ] --START--
INFO: [ template_filter ] --START--
INFO: Run Behavior\ContentReplaceBehavior [ RunTime:0.000149s ]
INFO: [ template_filter ] --END-- [ RunTime:0.000227s ]
NOTIC: [8] Undefined variable: id /Users/conan/haitao/Application/Runtime/Cache/Home/3c8a1a47a3534a7b1252c226abfc3928.php 第 29 行.
NOTIC: [8] Undefined variable: id /Users/conan/haitao/Application/Runtime/Cache/Home/3c8a1a47a3534a7b1252c226abfc3928.php 第 29 行.
NOTIC: [8] Undefined variable: id /Users/conan/haitao/Application/Runtime/Cache/Home/3c8a1a47a3534a7b1252c226abfc3928.php 第 29 行.
NOTIC: [8] Undefined variable: id /Users/conan/haitao/Application/Runtime/Cache/Home/3c8a1a47a3534a7b1252c226abfc3928.php 第 29 行.
NOTIC: [8] Undefined variable: id /Users/conan/haitao/Application/Runtime/Cache/Home/3c8a1a47a3534a7b1252c226abfc3928.php 第 29 行.
NOTIC: [8] Use of undefined constant source_price - assumed 'source_price' /Users/conan/haitao/Application/Runtime/Cache/Home/3c8a1a47a3534a7b1252c226abfc3928.php 第 64 行.
NOTIC: [8] Array to string conversion /Users/conan/haitao/Application/Runtime/Cache/Home/3c8a1a47a3534a7b1252c226abfc3928.php 第 64 行.
NOTIC: [8] Use of undefined constant source_name - assumed 'source_name' /Users/conan/haitao/Application/Runtime/Cache/Home/3c8a1a47a3534a7b1252c226abfc3928.php 第 67 行.
NOTIC: [8] Array to string conversion /Users/conan/haitao/Application/Runtime/Cache/Home/3c8a1a47a3534a7b1252c226abfc3928.php 第 67 行.
NOTIC: [8] Use of undefined constant source_url - assumed 'source_url' /Users/conan/haitao/Application/Runtime/Cache/Home/3c8a1a47a3534a7b1252c226abfc3928.php 第 75 行.
NOTIC: [8] Array to string conversion /Users/conan/haitao/Application/Runtime/Cache/Home/3c8a1a47a3534a7b1252c226abfc3928.php 第 75 行.
NOTIC: [8] Array to string conversion /Users/conan/haitao/Application/Runtime/Cache/Home/3c8a1a47a3534a7b1252c226abfc3928.php 第 380 行.
NOTIC: [8] Undefined variable: Array /Users/conan/haitao/Application/Runtime/Cache/Home/3c8a1a47a3534a7b1252c226abfc3928.php 第 380 行.
INFO: Run Behavior\ParseTemplateBehavior [ RunTime:0.019353s ]
INFO: [ view_parse ] --END-- [ RunTime:0.019461s ]
INFO: [ view_filter ] --START--
INFO: Run Behavior\WriteHtmlCacheBehavior [ RunTime:0.000318s ]
INFO: [ view_filter ] --END-- [ RunTime:0.000396s ]
INFO: [ app_end ] --START--
INFO: Run Behavior\ShowPageTraceBehavior [ RunTime:0.000874s ]
INFO: [ app_end ] --END-- [ RunTime:0.001165s ]

[ 2016-06-30T00:51:56+08:00 ] 127.0.0.1 /Article/detail/id/4
INFO: [ app_init ] --START--
INFO: Run Behavior\BuildLiteBehavior [ RunTime:0.000015s ]
INFO: [ app_init ] --END-- [ RunTime:0.000086s ]
INFO: [ app_begin ] --START--
INFO: Run Behavior\ReadHtmlCacheBehavior [ RunTime:0.000281s ]
INFO: [ app_begin ] --END-- [ RunTime:0.000347s ]
SQL: SHOW COLUMNS FROM `yy_category` [ RunTime:0.0004s ]
SQL: SHOW COLUMNS FROM `yy_category` [ RunTime:0.0004s ]
SQL: SELECT * FROM `yy_category` WHERE `is_delete` = 0 AND `parent` = 0  [ RunTime:0.0003s ]
SQL: SHOW COLUMNS FROM `yy_article` [ RunTime:0.0005s ]
SQL: SHOW COLUMNS FROM `yy_article` [ RunTime:0.0006s ]
SQL: SHOW COLUMNS FROM `yy_article_tag` [ RunTime:0.0004s ]
SQL: SHOW COLUMNS FROM `yy_article_tag` [ RunTime:0.0004s ]
SQL: SHOW COLUMNS FROM `yy_comment` [ RunTime:0.0004s ]
SQL: SHOW COLUMNS FROM `yy_comment` [ RunTime:0.0007s ]
SQL: SELECT * FROM `yy_article` WHERE `id` = 4 LIMIT 1   [ RunTime:0.0003s ]
SQL: SELECT yy_tag.tag_name FROM `yy_article_tag` INNER JOIN yy_tag on yy_article_tag.tag_id=yy_tag.id  WHERE yy_article_tag.article_id = '4'  [ RunTime:0.0002s ]
SQL: select b.name,b.avatar,a.content,a.praise,a.un_praise,a.add_time from yy_comment a join yy_users b on a.user_id=b.id where a.article_id=4 [ RunTime:0.0002s ]
SQL: SHOW COLUMNS FROM `yy_users` [ RunTime:0.0004s ]
SQL: SELECT * FROM `yy_users` WHERE `id` = 1 LIMIT 1   [ RunTime:0.0002s ]
INFO: [ view_parse ] --START--
INFO: [ template_filter ] --START--
INFO: Run Behavior\ContentReplaceBehavior [ RunTime:0.000157s ]
INFO: [ template_filter ] --END-- [ RunTime:0.000240s ]
NOTIC: [8] Undefined variable: id /Users/conan/haitao/Application/Runtime/Cache/Home/3c8a1a47a3534a7b1252c226abfc3928.php 第 29 行.
NOTIC: [8] Undefined variable: id /Users/conan/haitao/Application/Runtime/Cache/Home/3c8a1a47a3534a7b1252c226abfc3928.php 第 29 行.
NOTIC: [8] Undefined variable: id /Users/conan/haitao/Application/Runtime/Cache/Home/3c8a1a47a3534a7b1252c226abfc3928.php 第 29 行.
NOTIC: [8] Undefined variable: id /Users/conan/haitao/Application/Runtime/Cache/Home/3c8a1a47a3534a7b1252c226abfc3928.php 第 29 行.
NOTIC: [8] Undefined variable: id /Users/conan/haitao/Application/Runtime/Cache/Home/3c8a1a47a3534a7b1252c226abfc3928.php 第 29 行.
NOTIC: [8] Use of undefined constant source_price - assumed 'source_price' /Users/conan/haitao/Application/Runtime/Cache/Home/3c8a1a47a3534a7b1252c226abfc3928.php 第 64 行.
NOTIC: [8] Array to string conversion /Users/conan/haitao/Application/Runtime/Cache/Home/3c8a1a47a3534a7b1252c226abfc3928.php 第 64 行.
NOTIC: [8] Use of undefined constant source_name - assumed 'source_name' /Users/conan/haitao/Application/Runtime/Cache/Home/3c8a1a47a3534a7b1252c226abfc3928.php 第 67 行.
NOTIC: [8] Array to string conversion /Users/conan/haitao/Application/Runtime/Cache/Home/3c8a1a47a3534a7b1252c226abfc3928.php 第 67 行.
NOTIC: [8] Use of undefined constant source_url - assumed 'source_url' /Users/conan/haitao/Application/Runtime/Cache/Home/3c8a1a47a3534a7b1252c226abfc3928.php 第 75 行.
NOTIC: [8] Array to string conversion /Users/conan/haitao/Application/Runtime/Cache/Home/3c8a1a47a3534a7b1252c226abfc3928.php 第 75 行.
NOTIC: [8] Array to string conversion /Users/conan/haitao/Application/Runtime/Cache/Home/3c8a1a47a3534a7b1252c226abfc3928.php 第 380 行.
NOTIC: [8] Undefined variable: Array /Users/conan/haitao/Application/Runtime/Cache/Home/3c8a1a47a3534a7b1252c226abfc3928.php 第 380 行.
INFO: Run Behavior\ParseTemplateBehavior [ RunTime:0.015380s ]
INFO: [ view_parse ] --END-- [ RunTime:0.015451s ]
INFO: [ view_filter ] --START--
INFO: Run Behavior\WriteHtmlCacheBehavior [ RunTime:0.000148s ]
INFO: [ view_filter ] --END-- [ RunTime:0.000205s ]
INFO: [ app_end ] --START--
INFO: Run Behavior\ShowPageTraceBehavior [ RunTime:0.000414s ]
INFO: [ app_end ] --END-- [ RunTime:0.000519s ]

[ 2016-06-30T00:54:03+08:00 ] 127.0.0.1 /Article/alist/t/5
INFO: [ app_init ] --START--
INFO: Run Behavior\BuildLiteBehavior [ RunTime:0.000015s ]
INFO: [ app_init ] --END-- [ RunTime:0.000084s ]
INFO: [ app_begin ] --START--
INFO: Run Behavior\ReadHtmlCacheBehavior [ RunTime:0.000258s ]
INFO: [ app_begin ] --END-- [ RunTime:0.000324s ]
SQL: SHOW COLUMNS FROM `yy_category` [ RunTime:0.0006s ]
SQL: SHOW COLUMNS FROM `yy_category` [ RunTime:0.0012s ]
SQL: SELECT * FROM `yy_category` WHERE `is_delete` = 0 AND `parent` = 0  [ RunTime:0.0003s ]
SQL: SHOW COLUMNS FROM `yy_article` [ RunTime:0.0019s ]
SQL: SHOW COLUMNS FROM `yy_article` [ RunTime:0.0008s ]
SQL: SELECT COUNT(id) AS tp_count FROM `yy_article` WHERE `category_id` = 5 AND `title` LIKE '%%' AND `is_delete` = 0 LIMIT 1   [ RunTime:0.0003s ]
SQL: SELECT yy_article.*,yy_country.name as countryName FROM `yy_article` INNER JOIN yy_country on yy_article.country_id=yy_country.id  WHERE `category_id` = '5' AND `title` LIKE '%%' ORDER BY id desc LIMIT 0,10   [ RunTime:0.0005s ]
INFO: [ view_parse ] --START--
INFO: [ template_filter ] --START--
INFO: Run Behavior\ContentReplaceBehavior [ RunTime:0.000087s ]
INFO: [ template_filter ] --END-- [ RunTime:0.000185s ]
NOTIC: [8] Undefined variable: id /Users/conan/haitao/Application/Runtime/Cache/Home/ff8d2e9a08e5b8bee21d40e9b5c7e8b2.php 第 29 行.
NOTIC: [8] Undefined variable: id /Users/conan/haitao/Application/Runtime/Cache/Home/ff8d2e9a08e5b8bee21d40e9b5c7e8b2.php 第 29 行.
NOTIC: [8] Undefined variable: id /Users/conan/haitao/Application/Runtime/Cache/Home/ff8d2e9a08e5b8bee21d40e9b5c7e8b2.php 第 29 行.
NOTIC: [8] Undefined variable: id /Users/conan/haitao/Application/Runtime/Cache/Home/ff8d2e9a08e5b8bee21d40e9b5c7e8b2.php 第 29 行.
NOTIC: [8] Undefined variable: id /Users/conan/haitao/Application/Runtime/Cache/Home/ff8d2e9a08e5b8bee21d40e9b5c7e8b2.php 第 29 行.
INFO: Run Behavior\ParseTemplateBehavior [ RunTime:0.013032s ]
INFO: [ view_parse ] --END-- [ RunTime:0.013104s ]
INFO: [ view_filter ] --START--
INFO: Run Behavior\WriteHtmlCacheBehavior [ RunTime:0.000149s ]
INFO: [ view_filter ] --END-- [ RunTime:0.000210s ]
INFO: [ app_end ] --START--
INFO: Run Behavior\ShowPageTraceBehavior [ RunTime:0.000447s ]
INFO: [ app_end ] --END-- [ RunTime:0.000542s ]

[ 2016-06-30T00:54:05+08:00 ] 127.0.0.1 /Article/alist/t/4
INFO: [ app_init ] --START--
INFO: Run Behavior\BuildLiteBehavior [ RunTime:0.000020s ]
INFO: [ app_init ] --END-- [ RunTime:0.000119s ]
INFO: [ app_begin ] --START--
INFO: Run Behavior\ReadHtmlCacheBehavior [ RunTime:0.000340s ]
INFO: [ app_begin ] --END-- [ RunTime:0.000424s ]
SQL: SHOW COLUMNS FROM `yy_category` [ RunTime:0.0005s ]
SQL: SHOW COLUMNS FROM `yy_category` [ RunTime:0.0005s ]
SQL: SELECT * FROM `yy_category` WHERE `is_delete` = 0 AND `parent` = 0  [ RunTime:0.0003s ]
SQL: SHOW COLUMNS FROM `yy_article` [ RunTime:0.0010s ]
SQL: SHOW COLUMNS FROM `yy_article` [ RunTime:0.0006s ]
SQL: SELECT COUNT(id) AS tp_count FROM `yy_article` WHERE `category_id` = 4 AND `title` LIKE '%%' AND `is_delete` = 0 LIMIT 1   [ RunTime:0.0010s ]
SQL: SELECT yy_article.*,yy_country.name as countryName FROM `yy_article` INNER JOIN yy_country on yy_article.country_id=yy_country.id  WHERE `category_id` = '4' AND `title` LIKE '%%' ORDER BY id desc LIMIT 0,10   [ RunTime:0.0014s ]
INFO: [ view_parse ] --START--
INFO: [ template_filter ] --START--
INFO: Run Behavior\ContentReplaceBehavior [ RunTime:0.000078s ]
INFO: [ template_filter ] --END-- [ RunTime:0.000152s ]
NOTIC: [8] Undefined variable: id /Users/conan/haitao/Application/Runtime/Cache/Home/ff8d2e9a08e5b8bee21d40e9b5c7e8b2.php 第 29 行.
NOTIC: [8] Undefined variable: id /Users/conan/haitao/Application/Runtime/Cache/Home/ff8d2e9a08e5b8bee21d40e9b5c7e8b2.php 第 29 行.
NOTIC: [8] Undefined variable: id /Users/conan/haitao/Application/Runtime/Cache/Home/ff8d2e9a08e5b8bee21d40e9b5c7e8b2.php 第 29 行.
NOTIC: [8] Undefined variable: id /Users/conan/haitao/Application/Runtime/Cache/Home/ff8d2e9a08e5b8bee21d40e9b5c7e8b2.php 第 29 行.
NOTIC: [8] Undefined variable: id /Users/conan/haitao/Application/Runtime/Cache/Home/ff8d2e9a08e5b8bee21d40e9b5c7e8b2.php 第 29 行.
INFO: Run Behavior\ParseTemplateBehavior [ RunTime:0.017129s ]
INFO: [ view_parse ] --END-- [ RunTime:0.017224s ]
INFO: [ view_filter ] --START--
INFO: Run Behavior\WriteHtmlCacheBehavior [ RunTime:0.000118s ]
INFO: [ view_filter ] --END-- [ RunTime:0.000182s ]
INFO: [ app_end ] --START--
INFO: Run Behavior\ShowPageTraceBehavior [ RunTime:0.000377s ]
INFO: [ app_end ] --END-- [ RunTime:0.000463s ]

[ 2016-06-30T00:54:17+08:00 ] 127.0.0.1 /index
INFO: [ app_init ] --START--
INFO: Run Behavior\BuildLiteBehavior [ RunTime:0.000020s ]
INFO: [ app_init ] --END-- [ RunTime:0.000107s ]
INFO: [ app_begin ] --START--
INFO: Run Behavior\ReadHtmlCacheBehavior [ RunTime:0.000685s ]
INFO: [ app_begin ] --END-- [ RunTime:0.000795s ]
SQL: SHOW COLUMNS FROM `yy_category` [ RunTime:0.0004s ]
SQL: SHOW COLUMNS FROM `yy_category` [ RunTime:0.0004s ]
SQL: SELECT * FROM `yy_category` WHERE `is_delete` = 0 AND `parent` = 0  [ RunTime:0.0002s ]
SQL: SHOW COLUMNS FROM `yy_product_type` [ RunTime:0.0010s ]
SQL: SHOW COLUMNS FROM `yy_product_type` [ RunTime:0.0008s ]
SQL: SHOW COLUMNS FROM `yy_article` [ RunTime:0.0005s ]
SQL: SHOW COLUMNS FROM `yy_article` [ RunTime:0.0005s ]
SQL: SHOW COLUMNS FROM `yy_article_tag` [ RunTime:0.0005s ]
SQL: SHOW COLUMNS FROM `yy_article_tag` [ RunTime:0.0013s ]
SQL: SELECT * FROM `yy_product_type` WHERE `parent_id` = 0 AND `is_delete` = 0  [ RunTime:0.0011s ]
SQL: SELECT * FROM `yy_product_type` WHERE `parent_id` = 0 AND `hot` = 1 AND `is_delete` = 0  [ RunTime:0.0003s ]
SQL: SELECT * FROM `yy_article` WHERE `product_type_id` = 1 AND `is_delete` = 0 ORDER BY id desc LIMIT 6   [ RunTime:0.0004s ]
SQL: SELECT * FROM `yy_article` WHERE `product_type_id` = 2 AND `is_delete` = 0 ORDER BY id desc LIMIT 6   [ RunTime:0.0004s ]
SQL: SELECT * FROM `yy_article` WHERE `product_type_id` = 3 AND `is_delete` = 0 ORDER BY id desc LIMIT 6   [ RunTime:0.0003s ]
SQL: SELECT * FROM `yy_article` WHERE `product_type_id` = 4 AND `is_delete` = 0 ORDER BY id desc LIMIT 6   [ RunTime:0.0003s ]
SQL: SELECT * FROM `yy_article` WHERE `product_type_id` = 5 AND `is_delete` = 0 ORDER BY id desc LIMIT 6   [ RunTime:0.0002s ]
SQL: SELECT * FROM `yy_article` WHERE `product_type_id` = 6 AND `is_delete` = 0 ORDER BY id desc LIMIT 6   [ RunTime:0.0003s ]
SQL: SELECT COUNT(id) AS tp_count FROM `yy_article` WHERE `is_delete` = 0 LIMIT 1   [ RunTime:0.0009s ]
SQL: SELECT yy_article.*,yy_country.name as countryName FROM `yy_article` INNER JOIN yy_country on yy_article.country_id=yy_country.id  ORDER BY id desc LIMIT 0,10   [ RunTime:0.0016s ]
SQL: SELECT yy_tag.tag_name FROM `yy_article_tag` INNER JOIN yy_tag on yy_article_tag.tag_id=yy_tag.id  WHERE yy_article_tag.article_id = '25'  [ RunTime:0.0010s ]
SQL: SELECT yy_tag.tag_name FROM `yy_article_tag` INNER JOIN yy_tag on yy_article_tag.tag_id=yy_tag.id  WHERE yy_article_tag.article_id = '24'  [ RunTime:0.0007s ]
SQL: SELECT yy_tag.tag_name FROM `yy_article_tag` INNER JOIN yy_tag on yy_article_tag.tag_id=yy_tag.id  WHERE yy_article_tag.article_id = '21'  [ RunTime:0.0006s ]
SQL: SELECT yy_tag.tag_name FROM `yy_article_tag` INNER JOIN yy_tag on yy_article_tag.tag_id=yy_tag.id  WHERE yy_article_tag.article_id = '20'  [ RunTime:0.0003s ]
SQL: SELECT yy_tag.tag_name FROM `yy_article_tag` INNER JOIN yy_tag on yy_article_tag.tag_id=yy_tag.id  WHERE yy_article_tag.article_id = '19'  [ RunTime:0.0002s ]
SQL: SELECT yy_tag.tag_name FROM `yy_article_tag` INNER JOIN yy_tag on yy_article_tag.tag_id=yy_tag.id  WHERE yy_article_tag.article_id = '18'  [ RunTime:0.0002s ]
SQL: SELECT yy_tag.tag_name FROM `yy_article_tag` INNER JOIN yy_tag on yy_article_tag.tag_id=yy_tag.id  WHERE yy_article_tag.article_id = '17'  [ RunTime:0.0002s ]
SQL: SELECT yy_tag.tag_name FROM `yy_article_tag` INNER JOIN yy_tag on yy_article_tag.tag_id=yy_tag.id  WHERE yy_article_tag.article_id = '16'  [ RunTime:0.0002s ]
SQL: SELECT yy_tag.tag_name FROM `yy_article_tag` INNER JOIN yy_tag on yy_article_tag.tag_id=yy_tag.id  WHERE yy_article_tag.article_id = '15'  [ RunTime:0.0002s ]
SQL: SELECT yy_tag.tag_name FROM `yy_article_tag` INNER JOIN yy_tag on yy_article_tag.tag_id=yy_tag.id  WHERE yy_article_tag.article_id = '14'  [ RunTime:0.0002s ]
INFO: [ view_parse ] --START--
INFO: [ template_filter ] --START--
INFO: Run Behavior\ContentReplaceBehavior [ RunTime:0.000121s ]
INFO: [ template_filter ] --END-- [ RunTime:0.000196s ]
NOTIC: [8] Undefined variable: id /Users/conan/haitao/Application/Runtime/Cache/Home/2a94b8bda04ff446dcedd42276fc99ee.php 第 29 行.
NOTIC: [8] Undefined variable: id /Users/conan/haitao/Application/Runtime/Cache/Home/2a94b8bda04ff446dcedd42276fc99ee.php 第 29 行.
NOTIC: [8] Undefined variable: id /Users/conan/haitao/Application/Runtime/Cache/Home/2a94b8bda04ff446dcedd42276fc99ee.php 第 29 行.
NOTIC: [8] Undefined variable: id /Users/conan/haitao/Application/Runtime/Cache/Home/2a94b8bda04ff446dcedd42276fc99ee.php 第 29 行.
NOTIC: [8] Undefined variable: id /Users/conan/haitao/Application/Runtime/Cache/Home/2a94b8bda04ff446dcedd42276fc99ee.php 第 29 行.
INFO: Run Behavior\ParseTemplateBehavior [ RunTime:0.017033s ]
INFO: [ view_parse ] --END-- [ RunTime:0.017102s ]
INFO: [ view_filter ] --START--
INFO: Run Behavior\WriteHtmlCacheBehavior [ RunTime:0.000120s ]
INFO: [ view_filter ] --END-- [ RunTime:0.000242s ]
INFO: [ app_end ] --START--
INFO: Run Behavior\ShowPageTraceBehavior [ RunTime:0.000413s ]
INFO: [ app_end ] --END-- [ RunTime:0.000530s ]

[ 2016-06-30T00:54:17+08:00 ] 127.0.0.1 /Public/images/image1.gif
INFO: [ app_init ] --START--
INFO: Run Behavior\BuildLiteBehavior [ RunTime:0.000017s ]
INFO: [ app_init ] --END-- [ RunTime:0.000098s ]

[ 2016-06-30T00:54:17+08:00 ] 127.0.0.1 /Public/images/image2.gif
INFO: [ app_init ] --START--
INFO: Run Behavior\BuildLiteBehavior [ RunTime:0.000015s ]
INFO: [ app_init ] --END-- [ RunTime:0.000090s ]

[ 2016-06-30T11:12:56+08:00 ] 127.0.0.1 /
INFO: [ app_init ] --START--
INFO: Run Behavior\BuildLiteBehavior [ RunTime:0.000022s ]
INFO: [ app_init ] --END-- [ RunTime:0.000289s ]
INFO: [ app_begin ] --START--
INFO: Run Behavior\ReadHtmlCacheBehavior [ RunTime:0.000730s ]
INFO: [ app_begin ] --END-- [ RunTime:0.000926s ]
SQL: SHOW COLUMNS FROM `yy_category` [ RunTime:0.0019s ]
SQL: SHOW COLUMNS FROM `yy_category` [ RunTime:0.0006s ]
SQL: SELECT * FROM `yy_category` WHERE `is_delete` = 0 AND `parent` = 0  [ RunTime:0.0004s ]
SQL: SHOW COLUMNS FROM `yy_product_type` [ RunTime:0.0035s ]
SQL: SHOW COLUMNS FROM `yy_product_type` [ RunTime:0.0008s ]
SQL: SHOW COLUMNS FROM `yy_article` [ RunTime:0.0028s ]
SQL: SHOW COLUMNS FROM `yy_article` [ RunTime:0.0007s ]
SQL: SHOW COLUMNS FROM `yy_article_tag` [ RunTime:0.0027s ]
SQL: SHOW COLUMNS FROM `yy_article_tag` [ RunTime:0.0004s ]
SQL: SELECT * FROM `yy_product_type` WHERE `parent_id` = 0 AND `is_delete` = 0  [ RunTime:0.0002s ]
SQL: SELECT * FROM `yy_product_type` WHERE `parent_id` = 0 AND `hot` = 1 AND `is_delete` = 0  [ RunTime:0.0002s ]
SQL: SELECT * FROM `yy_article` WHERE `product_type_id` = 1 AND `is_delete` = 0 ORDER BY id desc LIMIT 6   [ RunTime:0.0006s ]
SQL: SELECT * FROM `yy_article` WHERE `product_type_id` = 2 AND `is_delete` = 0 ORDER BY id desc LIMIT 6   [ RunTime:0.0002s ]
SQL: SELECT * FROM `yy_article` WHERE `product_type_id` = 3 AND `is_delete` = 0 ORDER BY id desc LIMIT 6   [ RunTime:0.0003s ]
SQL: SELECT * FROM `yy_article` WHERE `product_type_id` = 4 AND `is_delete` = 0 ORDER BY id desc LIMIT 6   [ RunTime:0.0003s ]
SQL: SELECT * FROM `yy_article` WHERE `product_type_id` = 5 AND `is_delete` = 0 ORDER BY id desc LIMIT 6   [ RunTime:0.0002s ]
SQL: SELECT * FROM `yy_article` WHERE `product_type_id` = 6 AND `is_delete` = 0 ORDER BY id desc LIMIT 6   [ RunTime:0.0002s ]
SQL: SELECT COUNT(id) AS tp_count FROM `yy_article` WHERE `is_delete` = 0 LIMIT 1   [ RunTime:0.0009s ]
SQL: SELECT yy_article.*,yy_country.name as countryName FROM `yy_article` INNER JOIN yy_country on yy_article.country_id=yy_country.id  ORDER BY id desc LIMIT 0,10   [ RunTime:0.0059s ]
SQL: SELECT yy_tag.tag_name FROM `yy_article_tag` INNER JOIN yy_tag on yy_article_tag.tag_id=yy_tag.id  WHERE yy_article_tag.article_id = '25'  [ RunTime:0.0026s ]
SQL: SELECT yy_tag.tag_name FROM `yy_article_tag` INNER JOIN yy_tag on yy_article_tag.tag_id=yy_tag.id  WHERE yy_article_tag.article_id = '24'  [ RunTime:0.0006s ]
SQL: SELECT yy_tag.tag_name FROM `yy_article_tag` INNER JOIN yy_tag on yy_article_tag.tag_id=yy_tag.id  WHERE yy_article_tag.article_id = '21'  [ RunTime:0.0002s ]
SQL: SELECT yy_tag.tag_name FROM `yy_article_tag` INNER JOIN yy_tag on yy_article_tag.tag_id=yy_tag.id  WHERE yy_article_tag.article_id = '20'  [ RunTime:0.0002s ]
SQL: SELECT yy_tag.tag_name FROM `yy_article_tag` INNER JOIN yy_tag on yy_article_tag.tag_id=yy_tag.id  WHERE yy_article_tag.article_id = '19'  [ RunTime:0.0001s ]
SQL: SELECT yy_tag.tag_name FROM `yy_article_tag` INNER JOIN yy_tag on yy_article_tag.tag_id=yy_tag.id  WHERE yy_article_tag.article_id = '18'  [ RunTime:0.0001s ]
SQL: SELECT yy_tag.tag_name FROM `yy_article_tag` INNER JOIN yy_tag on yy_article_tag.tag_id=yy_tag.id  WHERE yy_article_tag.article_id = '17'  [ RunTime:0.0001s ]
SQL: SELECT yy_tag.tag_name FROM `yy_article_tag` INNER JOIN yy_tag on yy_article_tag.tag_id=yy_tag.id  WHERE yy_article_tag.article_id = '16'  [ RunTime:0.0001s ]
SQL: SELECT yy_tag.tag_name FROM `yy_article_tag` INNER JOIN yy_tag on yy_article_tag.tag_id=yy_tag.id  WHERE yy_article_tag.article_id = '15'  [ RunTime:0.0002s ]
SQL: SELECT yy_tag.tag_name FROM `yy_article_tag` INNER JOIN yy_tag on yy_article_tag.tag_id=yy_tag.id  WHERE yy_article_tag.article_id = '14'  [ RunTime:0.0002s ]
INFO: [ view_parse ] --START--
INFO: [ template_filter ] --START--
INFO: Run Behavior\ContentReplaceBehavior [ RunTime:0.000127s ]
INFO: [ template_filter ] --END-- [ RunTime:0.000200s ]
NOTIC: [8] Undefined variable: id /Users/conan/haitao/Application/Runtime/Cache/Home/2a94b8bda04ff446dcedd42276fc99ee.php 第 29 行.
NOTIC: [8] Undefined variable: id /Users/conan/haitao/Application/Runtime/Cache/Home/2a94b8bda04ff446dcedd42276fc99ee.php 第 29 行.
NOTIC: [8] Undefined variable: id /Users/conan/haitao/Application/Runtime/Cache/Home/2a94b8bda04ff446dcedd42276fc99ee.php 第 29 行.
NOTIC: [8] Undefined variable: id /Users/conan/haitao/Application/Runtime/Cache/Home/2a94b8bda04ff446dcedd42276fc99ee.php 第 29 行.
NOTIC: [8] Undefined variable: id /Users/conan/haitao/Application/Runtime/Cache/Home/2a94b8bda04ff446dcedd42276fc99ee.php 第 29 行.
INFO: Run Behavior\ParseTemplateBehavior [ RunTime:0.042598s ]
INFO: [ view_parse ] --END-- [ RunTime:0.042685s ]
INFO: [ view_filter ] --START--
INFO: Run Behavior\WriteHtmlCacheBehavior [ RunTime:0.000582s ]
INFO: [ view_filter ] --END-- [ RunTime:0.000673s ]
INFO: [ app_end ] --START--
INFO: Run Behavior\ShowPageTraceBehavior [ RunTime:0.001400s ]
INFO: [ app_end ] --END-- [ RunTime:0.001692s ]

[ 2016-06-30T11:12:56+08:00 ] 127.0.0.1 /Public/images/image1.gif
INFO: [ app_init ] --START--
INFO: Run Behavior\BuildLiteBehavior [ RunTime:0.000023s ]
INFO: [ app_init ] --END-- [ RunTime:0.000150s ]

[ 2016-06-30T11:12:56+08:00 ] 127.0.0.1 /Public/images/image2.gif
INFO: [ app_init ] --START--
INFO: Run Behavior\BuildLiteBehavior [ RunTime:0.000019s ]
INFO: [ app_init ] --END-- [ RunTime:0.000107s ]

[ 2016-06-30T11:12:56+08:00 ] 127.0.0.1 /favicon.ico
INFO: [ app_init ] --START--
INFO: Run Behavior\BuildLiteBehavior [ RunTime:0.000016s ]
INFO: [ app_init ] --END-- [ RunTime:0.000091s ]

[ 2016-06-30T11:13:04+08:00 ] 127.0.0.1 /Article/alist/t/4
INFO: [ app_init ] --START--
INFO: Run Behavior\BuildLiteBehavior [ RunTime:0.000013s ]
INFO: [ app_init ] --END-- [ RunTime:0.000081s ]
INFO: [ app_begin ] --START--
INFO: Run Behavior\ReadHtmlCacheBehavior [ RunTime:0.000250s ]
INFO: [ app_begin ] --END-- [ RunTime:0.000315s ]
SQL: SHOW COLUMNS FROM `yy_category` [ RunTime:0.0004s ]
SQL: SHOW COLUMNS FROM `yy_category` [ RunTime:0.0003s ]
SQL: SELECT * FROM `yy_category` WHERE `is_delete` = 0 AND `parent` = 0  [ RunTime:0.0002s ]
SQL: SHOW COLUMNS FROM `yy_article` [ RunTime:0.0012s ]
SQL: SHOW COLUMNS FROM `yy_article` [ RunTime:0.0005s ]
SQL: SELECT COUNT(id) AS tp_count FROM `yy_article` WHERE `category_id` = 4 AND `title` LIKE '%%' AND `is_delete` = 0 LIMIT 1   [ RunTime:0.0007s ]
SQL: SELECT yy_article.*,yy_country.name as countryName FROM `yy_article` INNER JOIN yy_country on yy_article.country_id=yy_country.id  WHERE `category_id` = '4' AND `title` LIKE '%%' ORDER BY id desc LIMIT 0,10   [ RunTime:0.0005s ]
INFO: [ view_parse ] --START--
INFO: [ template_filter ] --START--
INFO: Run Behavior\ContentReplaceBehavior [ RunTime:0.006031s ]
INFO: [ template_filter ] --END-- [ RunTime:0.006152s ]
NOTIC: [8] Undefined variable: id /Users/conan/haitao/Application/Runtime/Cache/Home/ff8d2e9a08e5b8bee21d40e9b5c7e8b2.php 第 29 行.
NOTIC: [8] Undefined variable: id /Users/conan/haitao/Application/Runtime/Cache/Home/ff8d2e9a08e5b8bee21d40e9b5c7e8b2.php 第 29 行.
NOTIC: [8] Undefined variable: id /Users/conan/haitao/Application/Runtime/Cache/Home/ff8d2e9a08e5b8bee21d40e9b5c7e8b2.php 第 29 行.
NOTIC: [8] Undefined variable: id /Users/conan/haitao/Application/Runtime/Cache/Home/ff8d2e9a08e5b8bee21d40e9b5c7e8b2.php 第 29 行.
NOTIC: [8] Undefined variable: id /Users/conan/haitao/Application/Runtime/Cache/Home/ff8d2e9a08e5b8bee21d40e9b5c7e8b2.php 第 29 行.
INFO: Run Behavior\ParseTemplateBehavior [ RunTime:0.025761s ]
INFO: [ view_parse ] --END-- [ RunTime:0.025861s ]
INFO: [ view_filter ] --START--
INFO: Run Behavior\WriteHtmlCacheBehavior [ RunTime:0.000220s ]
INFO: [ view_filter ] --END-- [ RunTime:0.000323s ]
INFO: [ app_end ] --START--
INFO: Run Behavior\ShowPageTraceBehavior [ RunTime:0.000444s ]
INFO: [ app_end ] --END-- [ RunTime:0.000527s ]

[ 2016-06-30T11:13:06+08:00 ] 127.0.0.1 /Article/alist/t/3
INFO: [ app_init ] --START--
INFO: Run Behavior\BuildLiteBehavior [ RunTime:0.000014s ]
INFO: [ app_init ] --END-- [ RunTime:0.000082s ]
INFO: [ app_begin ] --START--
INFO: Run Behavior\ReadHtmlCacheBehavior [ RunTime:0.000250s ]
INFO: [ app_begin ] --END-- [ RunTime:0.000344s ]
SQL: SHOW COLUMNS FROM `yy_category` [ RunTime:0.0004s ]
SQL: SHOW COLUMNS FROM `yy_category` [ RunTime:0.0003s ]
SQL: SELECT * FROM `yy_category` WHERE `is_delete` = 0 AND `parent` = 0  [ RunTime:0.0003s ]
SQL: SHOW COLUMNS FROM `yy_article` [ RunTime:0.0006s ]
SQL: SHOW COLUMNS FROM `yy_article` [ RunTime:0.0004s ]
SQL: SELECT COUNT(id) AS tp_count FROM `yy_article` WHERE `category_id` = 3 AND `title` LIKE '%%' AND `is_delete` = 0 LIMIT 1   [ RunTime:0.0003s ]
SQL: SELECT yy_article.*,yy_country.name as countryName FROM `yy_article` INNER JOIN yy_country on yy_article.country_id=yy_country.id  WHERE `category_id` = '3' AND `title` LIKE '%%' ORDER BY id desc LIMIT 0,10   [ RunTime:0.0004s ]
INFO: [ view_parse ] --START--
INFO: [ template_filter ] --START--
INFO: Run Behavior\ContentReplaceBehavior [ RunTime:0.000090s ]
INFO: [ template_filter ] --END-- [ RunTime:0.000163s ]
NOTIC: [8] Undefined variable: id /Users/conan/haitao/Application/Runtime/Cache/Home/ff8d2e9a08e5b8bee21d40e9b5c7e8b2.php 第 29 行.
NOTIC: [8] Undefined variable: id /Users/conan/haitao/Application/Runtime/Cache/Home/ff8d2e9a08e5b8bee21d40e9b5c7e8b2.php 第 29 行.
NOTIC: [8] Undefined variable: id /Users/conan/haitao/Application/Runtime/Cache/Home/ff8d2e9a08e5b8bee21d40e9b5c7e8b2.php 第 29 行.
NOTIC: [8] Undefined variable: id /Users/conan/haitao/Application/Runtime/Cache/Home/ff8d2e9a08e5b8bee21d40e9b5c7e8b2.php 第 29 行.
NOTIC: [8] Undefined variable: id /Users/conan/haitao/Application/Runtime/Cache/Home/ff8d2e9a08e5b8bee21d40e9b5c7e8b2.php 第 29 行.
NOTIC: [2] substr() expects at most 3 parameters, 4 given /Users/conan/haitao/Application/Common/Common/function.php 第 569 行.
INFO: Run Behavior\ParseTemplateBehavior [ RunTime:0.010714s ]
INFO: [ view_parse ] --END-- [ RunTime:0.010780s ]
INFO: [ view_filter ] --START--
INFO: Run Behavior\WriteHtmlCacheBehavior [ RunTime:0.000110s ]
INFO: [ view_filter ] --END-- [ RunTime:0.000166s ]
INFO: [ app_end ] --START--
INFO: Run Behavior\ShowPageTraceBehavior [ RunTime:0.000344s ]
INFO: [ app_end ] --END-- [ RunTime:0.000473s ]

[ 2016-06-30T11:13:16+08:00 ] 127.0.0.1 /Article/detail/id/24
INFO: [ app_init ] --START--
INFO: Run Behavior\BuildLiteBehavior [ RunTime:0.000016s ]
INFO: [ app_init ] --END-- [ RunTime:0.000090s ]
INFO: [ app_begin ] --START--
INFO: Run Behavior\ReadHtmlCacheBehavior [ RunTime:0.000435s ]
INFO: [ app_begin ] --END-- [ RunTime:0.000547s ]
SQL: SHOW COLUMNS FROM `yy_category` [ RunTime:0.0004s ]
SQL: SHOW COLUMNS FROM `yy_category` [ RunTime:0.0003s ]
SQL: SELECT * FROM `yy_category` WHERE `is_delete` = 0 AND `parent` = 0  [ RunTime:0.0002s ]
SQL: SHOW COLUMNS FROM `yy_article` [ RunTime:0.0006s ]
SQL: SHOW COLUMNS FROM `yy_article` [ RunTime:0.0005s ]
SQL: SHOW COLUMNS FROM `yy_article_tag` [ RunTime:0.0004s ]
SQL: SHOW COLUMNS FROM `yy_article_tag` [ RunTime:0.0005s ]
SQL: SHOW COLUMNS FROM `yy_comment` [ RunTime:0.0020s ]
SQL: SHOW COLUMNS FROM `yy_comment` [ RunTime:0.0006s ]
SQL: SELECT * FROM `yy_article` WHERE `id` = 24 LIMIT 1   [ RunTime:0.0003s ]
SQL: SELECT yy_tag.tag_name FROM `yy_article_tag` INNER JOIN yy_tag on yy_article_tag.tag_id=yy_tag.id  WHERE yy_article_tag.article_id = '24'  [ RunTime:0.0003s ]
SQL: select b.name,b.avatar,a.content,a.praise,a.un_praise,a.add_time from yy_comment a join yy_users b on a.user_id=b.id where a.article_id=24 [ RunTime:0.0021s ]
SQL: SHOW COLUMNS FROM `yy_users` [ RunTime:0.0005s ]
SQL: SELECT * FROM `yy_users` WHERE `id` = 1 LIMIT 1   [ RunTime:0.0002s ]
INFO: [ view_parse ] --START--
INFO: [ template_filter ] --START--
INFO: Run Behavior\ContentReplaceBehavior [ RunTime:0.000190s ]
INFO: [ template_filter ] --END-- [ RunTime:0.000284s ]
NOTIC: [8] Undefined variable: id /Users/conan/haitao/Application/Runtime/Cache/Home/3c8a1a47a3534a7b1252c226abfc3928.php 第 29 行.
NOTIC: [8] Undefined variable: id /Users/conan/haitao/Application/Runtime/Cache/Home/3c8a1a47a3534a7b1252c226abfc3928.php 第 29 行.
NOTIC: [8] Undefined variable: id /Users/conan/haitao/Application/Runtime/Cache/Home/3c8a1a47a3534a7b1252c226abfc3928.php 第 29 行.
NOTIC: [8] Undefined variable: id /Users/conan/haitao/Application/Runtime/Cache/Home/3c8a1a47a3534a7b1252c226abfc3928.php 第 29 行.
NOTIC: [8] Undefined variable: id /Users/conan/haitao/Application/Runtime/Cache/Home/3c8a1a47a3534a7b1252c226abfc3928.php 第 29 行.
NOTIC: [8] Use of undefined constant source_price - assumed 'source_price' /Users/conan/haitao/Application/Runtime/Cache/Home/3c8a1a47a3534a7b1252c226abfc3928.php 第 64 行.
NOTIC: [8] Array to string conversion /Users/conan/haitao/Application/Runtime/Cache/Home/3c8a1a47a3534a7b1252c226abfc3928.php 第 64 行.
NOTIC: [8] Use of undefined constant source_name - assumed 'source_name' /Users/conan/haitao/Application/Runtime/Cache/Home/3c8a1a47a3534a7b1252c226abfc3928.php 第 67 行.
NOTIC: [8] Array to string conversion /Users/conan/haitao/Application/Runtime/Cache/Home/3c8a1a47a3534a7b1252c226abfc3928.php 第 67 行.
NOTIC: [8] Use of undefined constant source_url - assumed 'source_url' /Users/conan/haitao/Application/Runtime/Cache/Home/3c8a1a47a3534a7b1252c226abfc3928.php 第 75 行.
NOTIC: [8] Array to string conversion /Users/conan/haitao/Application/Runtime/Cache/Home/3c8a1a47a3534a7b1252c226abfc3928.php 第 75 行.
NOTIC: [8] Array to string conversion /Users/conan/haitao/Application/Runtime/Cache/Home/3c8a1a47a3534a7b1252c226abfc3928.php 第 380 行.
NOTIC: [8] Undefined variable: Array /Users/conan/haitao/Application/Runtime/Cache/Home/3c8a1a47a3534a7b1252c226abfc3928.php 第 380 行.
INFO: Run Behavior\ParseTemplateBehavior [ RunTime:0.037774s ]
INFO: [ view_parse ] --END-- [ RunTime:0.037838s ]
INFO: [ view_filter ] --START--
INFO: Run Behavior\WriteHtmlCacheBehavior [ RunTime:0.000134s ]
INFO: [ view_filter ] --END-- [ RunTime:0.000187s ]
INFO: [ app_end ] --START--
INFO: Run Behavior\ShowPageTraceBehavior [ RunTime:0.000433s ]
INFO: [ app_end ] --END-- [ RunTime:0.000532s ]

[ 2016-06-30T11:14:18+08:00 ] 127.0.0.1 /Article/alist/t/3
INFO: [ app_init ] --START--
INFO: Run Behavior\BuildLiteBehavior [ RunTime:0.000014s ]
INFO: [ app_init ] --END-- [ RunTime:0.000084s ]
INFO: [ app_begin ] --START--
INFO: Run Behavior\ReadHtmlCacheBehavior [ RunTime:0.000282s ]
INFO: [ app_begin ] --END-- [ RunTime:0.000368s ]
SQL: SHOW COLUMNS FROM `yy_category` [ RunTime:0.0004s ]
SQL: SHOW COLUMNS FROM `yy_category` [ RunTime:0.0003s ]
SQL: SELECT * FROM `yy_category` WHERE `is_delete` = 0 AND `parent` = 0  [ RunTime:0.0002s ]
SQL: SHOW COLUMNS FROM `yy_article` [ RunTime:0.0008s ]
SQL: SHOW COLUMNS FROM `yy_article` [ RunTime:0.0007s ]
SQL: SELECT COUNT(id) AS tp_count FROM `yy_article` WHERE `category_id` = 3 AND `title` LIKE '%%' AND `is_delete` = 0 LIMIT 1   [ RunTime:0.0010s ]
SQL: SELECT yy_article.*,yy_country.name as countryName FROM `yy_article` INNER JOIN yy_country on yy_article.country_id=yy_country.id  WHERE `category_id` = '3' AND `title` LIKE '%%' ORDER BY id desc LIMIT 0,10   [ RunTime:0.0010s ]
INFO: [ view_parse ] --START--
INFO: [ template_filter ] --START--
INFO: Run Behavior\ContentReplaceBehavior [ RunTime:0.000190s ]
INFO: [ template_filter ] --END-- [ RunTime:0.000296s ]
NOTIC: [8] Undefined variable: id /Users/conan/haitao/Application/Runtime/Cache/Home/ff8d2e9a08e5b8bee21d40e9b5c7e8b2.php 第 29 行.
NOTIC: [8] Undefined variable: id /Users/conan/haitao/Application/Runtime/Cache/Home/ff8d2e9a08e5b8bee21d40e9b5c7e8b2.php 第 29 行.
NOTIC: [8] Undefined variable: id /Users/conan/haitao/Application/Runtime/Cache/Home/ff8d2e9a08e5b8bee21d40e9b5c7e8b2.php 第 29 行.
NOTIC: [8] Undefined variable: id /Users/conan/haitao/Application/Runtime/Cache/Home/ff8d2e9a08e5b8bee21d40e9b5c7e8b2.php 第 29 行.
NOTIC: [8] Undefined variable: id /Users/conan/haitao/Application/Runtime/Cache/Home/ff8d2e9a08e5b8bee21d40e9b5c7e8b2.php 第 29 行.
NOTIC: [2] substr() expects at most 3 parameters, 4 given /Users/conan/haitao/Application/Common/Common/function.php 第 569 行.
INFO: Run Behavior\ParseTemplateBehavior [ RunTime:0.009776s ]
INFO: [ view_parse ] --END-- [ RunTime:0.009847s ]
INFO: [ view_filter ] --START--
INFO: Run Behavior\WriteHtmlCacheBehavior [ RunTime:0.000144s ]
INFO: [ view_filter ] --END-- [ RunTime:0.000242s ]
INFO: [ app_end ] --START--
INFO: Run Behavior\ShowPageTraceBehavior [ RunTime:0.000348s ]
INFO: [ app_end ] --END-- [ RunTime:0.000414s ]

[ 2016-06-30T11:14:19+08:00 ] 127.0.0.1 /Article/alist/t/4
INFO: [ app_init ] --START--
INFO: Run Behavior\BuildLiteBehavior [ RunTime:0.000013s ]
INFO: [ app_init ] --END-- [ RunTime:0.000077s ]
INFO: [ app_begin ] --START--
INFO: Run Behavior\ReadHtmlCacheBehavior [ RunTime:0.000223s ]
INFO: [ app_begin ] --END-- [ RunTime:0.000285s ]
SQL: SHOW COLUMNS FROM `yy_category` [ RunTime:0.0004s ]
SQL: SHOW COLUMNS FROM `yy_category` [ RunTime:0.0003s ]
SQL: SELECT * FROM `yy_category` WHERE `is_delete` = 0 AND `parent` = 0  [ RunTime:0.0002s ]
SQL: SHOW COLUMNS FROM `yy_article` [ RunTime:0.0006s ]
SQL: SHOW COLUMNS FROM `yy_article` [ RunTime:0.0004s ]
SQL: SELECT COUNT(id) AS tp_count FROM `yy_article` WHERE `category_id` = 4 AND `title` LIKE '%%' AND `is_delete` = 0 LIMIT 1   [ RunTime:0.0002s ]
SQL: SELECT yy_article.*,yy_country.name as countryName FROM `yy_article` INNER JOIN yy_country on yy_article.country_id=yy_country.id  WHERE `category_id` = '4' AND `title` LIKE '%%' ORDER BY id desc LIMIT 0,10   [ RunTime:0.0003s ]
INFO: [ view_parse ] --START--
INFO: [ template_filter ] --START--
INFO: Run Behavior\ContentReplaceBehavior [ RunTime:0.000142s ]
INFO: [ template_filter ] --END-- [ RunTime:0.000434s ]
NOTIC: [8] Undefined variable: id /Users/conan/haitao/Application/Runtime/Cache/Home/ff8d2e9a08e5b8bee21d40e9b5c7e8b2.php 第 29 行.
NOTIC: [8] Undefined variable: id /Users/conan/haitao/Application/Runtime/Cache/Home/ff8d2e9a08e5b8bee21d40e9b5c7e8b2.php 第 29 行.
NOTIC: [8] Undefined variable: id /Users/conan/haitao/Application/Runtime/Cache/Home/ff8d2e9a08e5b8bee21d40e9b5c7e8b2.php 第 29 行.
NOTIC: [8] Undefined variable: id /Users/conan/haitao/Application/Runtime/Cache/Home/ff8d2e9a08e5b8bee21d40e9b5c7e8b2.php 第 29 行.
NOTIC: [8] Undefined variable: id /Users/conan/haitao/Application/Runtime/Cache/Home/ff8d2e9a08e5b8bee21d40e9b5c7e8b2.php 第 29 行.
INFO: Run Behavior\ParseTemplateBehavior [ RunTime:0.010877s ]
INFO: [ view_parse ] --END-- [ RunTime:0.010942s ]
INFO: [ view_filter ] --START--
INFO: Run Behavior\WriteHtmlCacheBehavior [ RunTime:0.000105s ]
INFO: [ view_filter ] --END-- [ RunTime:0.000161s ]
INFO: [ app_end ] --START--
INFO: Run Behavior\ShowPageTraceBehavior [ RunTime:0.000357s ]
INFO: [ app_end ] --END-- [ RunTime:0.000441s ]

[ 2016-06-30T11:14:19+08:00 ] 127.0.0.1 /Article/alist/t/5
INFO: [ app_init ] --START--
INFO: Run Behavior\BuildLiteBehavior [ RunTime:0.000014s ]
INFO: [ app_init ] --END-- [ RunTime:0.000081s ]
INFO: [ app_begin ] --START--
INFO: Run Behavior\ReadHtmlCacheBehavior [ RunTime:0.000477s ]
INFO: [ app_begin ] --END-- [ RunTime:0.000617s ]
SQL: SHOW COLUMNS FROM `yy_category` [ RunTime:0.0004s ]
SQL: SHOW COLUMNS FROM `yy_category` [ RunTime:0.0004s ]
SQL: SELECT * FROM `yy_category` WHERE `is_delete` = 0 AND `parent` = 0  [ RunTime:0.0003s ]
SQL: SHOW COLUMNS FROM `yy_article` [ RunTime:0.0010s ]
SQL: SHOW COLUMNS FROM `yy_article` [ RunTime:0.0007s ]
SQL: SELECT COUNT(id) AS tp_count FROM `yy_article` WHERE `category_id` = 5 AND `title` LIKE '%%' AND `is_delete` = 0 LIMIT 1   [ RunTime:0.0006s ]
SQL: SELECT yy_article.*,yy_country.name as countryName FROM `yy_article` INNER JOIN yy_country on yy_article.country_id=yy_country.id  WHERE `category_id` = '5' AND `title` LIKE '%%' ORDER BY id desc LIMIT 0,10   [ RunTime:0.0008s ]
INFO: [ view_parse ] --START--
INFO: [ template_filter ] --START--
INFO: Run Behavior\ContentReplaceBehavior [ RunTime:0.000073s ]
INFO: [ template_filter ] --END-- [ RunTime:0.000141s ]
NOTIC: [8] Undefined variable: id /Users/conan/haitao/Application/Runtime/Cache/Home/ff8d2e9a08e5b8bee21d40e9b5c7e8b2.php 第 29 行.
NOTIC: [8] Undefined variable: id /Users/conan/haitao/Application/Runtime/Cache/Home/ff8d2e9a08e5b8bee21d40e9b5c7e8b2.php 第 29 行.
NOTIC: [8] Undefined variable: id /Users/conan/haitao/Application/Runtime/Cache/Home/ff8d2e9a08e5b8bee21d40e9b5c7e8b2.php 第 29 行.
NOTIC: [8] Undefined variable: id /Users/conan/haitao/Application/Runtime/Cache/Home/ff8d2e9a08e5b8bee21d40e9b5c7e8b2.php 第 29 行.
NOTIC: [8] Undefined variable: id /Users/conan/haitao/Application/Runtime/Cache/Home/ff8d2e9a08e5b8bee21d40e9b5c7e8b2.php 第 29 行.
INFO: Run Behavior\ParseTemplateBehavior [ RunTime:0.010306s ]
INFO: [ view_parse ] --END-- [ RunTime:0.010390s ]
INFO: [ view_filter ] --START--
INFO: Run Behavior\WriteHtmlCacheBehavior [ RunTime:0.000344s ]
INFO: [ view_filter ] --END-- [ RunTime:0.000452s ]
INFO: [ app_end ] --START--
INFO: Run Behavior\ShowPageTraceBehavior [ RunTime:0.000809s ]
INFO: [ app_end ] --END-- [ RunTime:0.000976s ]

[ 2016-06-30T11:14:23+08:00 ] 127.0.0.1 /index
INFO: [ app_init ] --START--
INFO: Run Behavior\BuildLiteBehavior [ RunTime:0.000014s ]
INFO: [ app_init ] --END-- [ RunTime:0.000083s ]
INFO: [ app_begin ] --START--
INFO: Run Behavior\ReadHtmlCacheBehavior [ RunTime:0.000293s ]
INFO: [ app_begin ] --END-- [ RunTime:0.000371s ]
SQL: SHOW COLUMNS FROM `yy_category` [ RunTime:0.0004s ]
SQL: SHOW COLUMNS FROM `yy_category` [ RunTime:0.0003s ]
SQL: SELECT * FROM `yy_category` WHERE `is_delete` = 0 AND `parent` = 0  [ RunTime:0.0002s ]
SQL: SHOW COLUMNS FROM `yy_product_type` [ RunTime:0.0011s ]
SQL: SHOW COLUMNS FROM `yy_product_type` [ RunTime:0.0004s ]
SQL: SHOW COLUMNS FROM `yy_article` [ RunTime:0.0005s ]
SQL: SHOW COLUMNS FROM `yy_article` [ RunTime:0.0004s ]
SQL: SHOW COLUMNS FROM `yy_article_tag` [ RunTime:0.0004s ]
SQL: SHOW COLUMNS FROM `yy_article_tag` [ RunTime:0.0004s ]
SQL: SELECT * FROM `yy_product_type` WHERE `parent_id` = 0 AND `is_delete` = 0  [ RunTime:0.0002s ]
SQL: SELECT * FROM `yy_product_type` WHERE `parent_id` = 0 AND `hot` = 1 AND `is_delete` = 0  [ RunTime:0.0002s ]
SQL: SELECT * FROM `yy_article` WHERE `product_type_id` = 1 AND `is_delete` = 0 ORDER BY id desc LIMIT 6   [ RunTime:0.0003s ]
SQL: SELECT * FROM `yy_article` WHERE `product_type_id` = 2 AND `is_delete` = 0 ORDER BY id desc LIMIT 6   [ RunTime:0.0006s ]
SQL: SELECT * FROM `yy_article` WHERE `product_type_id` = 3 AND `is_delete` = 0 ORDER BY id desc LIMIT 6   [ RunTime:0.0003s ]
SQL: SELECT * FROM `yy_article` WHERE `product_type_id` = 4 AND `is_delete` = 0 ORDER BY id desc LIMIT 6   [ RunTime:0.0003s ]
SQL: SELECT * FROM `yy_article` WHERE `product_type_id` = 5 AND `is_delete` = 0 ORDER BY id desc LIMIT 6   [ RunTime:0.0004s ]
SQL: SELECT * FROM `yy_article` WHERE `product_type_id` = 6 AND `is_delete` = 0 ORDER BY id desc LIMIT 6   [ RunTime:0.0003s ]
SQL: SELECT COUNT(id) AS tp_count FROM `yy_article` WHERE `is_delete` = 0 LIMIT 1   [ RunTime:0.0002s ]
SQL: SELECT yy_article.*,yy_country.name as countryName FROM `yy_article` INNER JOIN yy_country on yy_article.country_id=yy_country.id  ORDER BY id desc LIMIT 0,10   [ RunTime:0.0007s ]
SQL: SELECT yy_tag.tag_name FROM `yy_article_tag` INNER JOIN yy_tag on yy_article_tag.tag_id=yy_tag.id  WHERE yy_article_tag.article_id = '25'  [ RunTime:0.0004s ]
SQL: SELECT yy_tag.tag_name FROM `yy_article_tag` INNER JOIN yy_tag on yy_article_tag.tag_id=yy_tag.id  WHERE yy_article_tag.article_id = '24'  [ RunTime:0.0002s ]
SQL: SELECT yy_tag.tag_name FROM `yy_article_tag` INNER JOIN yy_tag on yy_article_tag.tag_id=yy_tag.id  WHERE yy_article_tag.article_id = '21'  [ RunTime:0.0004s ]
SQL: SELECT yy_tag.tag_name FROM `yy_article_tag` INNER JOIN yy_tag on yy_article_tag.tag_id=yy_tag.id  WHERE yy_article_tag.article_id = '20'  [ RunTime:0.0005s ]
SQL: SELECT yy_tag.tag_name FROM `yy_article_tag` INNER JOIN yy_tag on yy_article_tag.tag_id=yy_tag.id  WHERE yy_article_tag.article_id = '19'  [ RunTime:0.0003s ]
SQL: SELECT yy_tag.tag_name FROM `yy_article_tag` INNER JOIN yy_tag on yy_article_tag.tag_id=yy_tag.id  WHERE yy_article_tag.article_id = '18'  [ RunTime:0.0003s ]
SQL: SELECT yy_tag.tag_name FROM `yy_article_tag` INNER JOIN yy_tag on yy_article_tag.tag_id=yy_tag.id  WHERE yy_article_tag.article_id = '17'  [ RunTime:0.0002s ]
SQL: SELECT yy_tag.tag_name FROM `yy_article_tag` INNER JOIN yy_tag on yy_article_tag.tag_id=yy_tag.id  WHERE yy_article_tag.article_id = '16'  [ RunTime:0.0002s ]
SQL: SELECT yy_tag.tag_name FROM `yy_article_tag` INNER JOIN yy_tag on yy_article_tag.tag_id=yy_tag.id  WHERE yy_article_tag.article_id = '15'  [ RunTime:0.0002s ]
SQL: SELECT yy_tag.tag_name FROM `yy_article_tag` INNER JOIN yy_tag on yy_article_tag.tag_id=yy_tag.id  WHERE yy_article_tag.article_id = '14'  [ RunTime:0.0001s ]
INFO: [ view_parse ] --START--
INFO: [ template_filter ] --START--
INFO: Run Behavior\ContentReplaceBehavior [ RunTime:0.000121s ]
INFO: [ template_filter ] --END-- [ RunTime:0.000195s ]
NOTIC: [8] Undefined variable: id /Users/conan/haitao/Application/Runtime/Cache/Home/2a94b8bda04ff446dcedd42276fc99ee.php 第 29 行.
NOTIC: [8] Undefined variable: id /Users/conan/haitao/Application/Runtime/Cache/Home/2a94b8bda04ff446dcedd42276fc99ee.php 第 29 行.
NOTIC: [8] Undefined variable: id /Users/conan/haitao/Application/Runtime/Cache/Home/2a94b8bda04ff446dcedd42276fc99ee.php 第 29 行.
NOTIC: [8] Undefined variable: id /Users/conan/haitao/Application/Runtime/Cache/Home/2a94b8bda04ff446dcedd42276fc99ee.php 第 29 行.
NOTIC: [8] Undefined variable: id /Users/conan/haitao/Application/Runtime/Cache/Home/2a94b8bda04ff446dcedd42276fc99ee.php 第 29 行.
INFO: Run Behavior\ParseTemplateBehavior [ RunTime:0.016278s ]
INFO: [ view_parse ] --END-- [ RunTime:0.016343s ]
INFO: [ view_filter ] --START--
INFO: Run Behavior\WriteHtmlCacheBehavior [ RunTime:0.000128s ]
INFO: [ view_filter ] --END-- [ RunTime:0.000184s ]
INFO: [ app_end ] --START--
INFO: Run Behavior\ShowPageTraceBehavior [ RunTime:0.000374s ]
INFO: [ app_end ] --END-- [ RunTime:0.000523s ]

[ 2016-06-30T11:14:23+08:00 ] 127.0.0.1 /Public/images/image2.gif
INFO: [ app_init ] --START--
INFO: Run Behavior\BuildLiteBehavior [ RunTime:0.000016s ]
INFO: [ app_init ] --END-- [ RunTime:0.000093s ]

[ 2016-06-30T11:14:23+08:00 ] 127.0.0.1 /Public/images/image1.gif
INFO: [ app_init ] --START--
INFO: Run Behavior\BuildLiteBehavior [ RunTime:0.000015s ]
INFO: [ app_init ] --END-- [ RunTime:0.000089s ]

