[ 2016-07-26T21:45:16+08:00 ] 127.0.0.1 /
INFO: [ app_init ] --START--
INFO: Run Behavior\BuildLiteBehavior [ RunTime:0.000025s ]
INFO: [ app_init ] --END-- [ RunTime:0.000232s ]
INFO: [ app_begin ] --START--
INFO: Run Behavior\ReadHtmlCacheBehavior [ RunTime:0.000908s ]
INFO: [ app_begin ] --END-- [ RunTime:0.001047s ]
SQL: SHOW COLUMNS FROM `yy_category` [ RunTime:0.0120s ]
SQL: SHOW COLUMNS FROM `yy_category` [ RunTime:0.0004s ]
SQL: SELECT * FROM `yy_category` WHERE `is_delete` = 0 AND `parent` = 0  [ RunTime:0.0022s ]
SQL: SHOW COLUMNS FROM `yy_product_type` [ RunTime:0.0027s ]
SQL: SHOW COLUMNS FROM `yy_product_type` [ RunTime:0.0006s ]
SQL: SHOW COLUMNS FROM `yy_article` [ RunTime:0.0020s ]
SQL: SHOW COLUMNS FROM `yy_article` [ RunTime:0.0005s ]
SQL: SHOW COLUMNS FROM `yy_article_tag` [ RunTime:0.0020s ]
SQL: SHOW COLUMNS FROM `yy_article_tag` [ RunTime:0.0004s ]
SQL: SELECT * FROM `yy_product_type` WHERE `parent_id` = 0 AND `is_delete` = 0  [ RunTime:0.0003s ]
SQL: SELECT * FROM `yy_product_type` WHERE `parent_id` = 0 AND `hot` = 1 AND `is_delete` = 0  [ RunTime:0.0002s ]
SQL: SELECT * FROM `yy_article` WHERE `product_type_id` = 1 AND `is_delete` = 0 ORDER BY id desc LIMIT 6   [ RunTime:0.0004s ]
SQL: SELECT * FROM `yy_article` WHERE `product_type_id` = 2 AND `is_delete` = 0 ORDER BY id desc LIMIT 6   [ RunTime:0.0003s ]
SQL: SELECT * FROM `yy_article` WHERE `product_type_id` = 3 AND `is_delete` = 0 ORDER BY id desc LIMIT 6   [ RunTime:0.0002s ]
SQL: SELECT * FROM `yy_article` WHERE `product_type_id` = 4 AND `is_delete` = 0 ORDER BY id desc LIMIT 6   [ RunTime:0.0003s ]
SQL: SELECT * FROM `yy_article` WHERE `product_type_id` = 5 AND `is_delete` = 0 ORDER BY id desc LIMIT 6   [ RunTime:0.0002s ]
SQL: SELECT * FROM `yy_article` WHERE `product_type_id` = 6 AND `is_delete` = 0 ORDER BY id desc LIMIT 6   [ RunTime:0.0003s ]
SQL: SELECT COUNT(id) AS tp_count FROM `yy_article` WHERE `is_delete` = 0 LIMIT 1   [ RunTime:0.0011s ]
SQL: SELECT yy_article.*,yy_country.name as countryName FROM `yy_article` INNER JOIN yy_country on yy_article.country_id=yy_country.id  ORDER BY id desc LIMIT 0,10   [ RunTime:0.0065s ]
SQL: SELECT yy_tag.tag_name FROM `yy_article_tag` INNER JOIN yy_tag on yy_article_tag.tag_id=yy_tag.id  WHERE yy_article_tag.article_id = '25'  [ RunTime:0.0085s ]
NOTIC: [8] Undefined index: user_set_good /Users/conan/haitao/Application/Home/Controller/IndexController.class.php 第 23 行.
SQL: SELECT yy_tag.tag_name FROM `yy_article_tag` INNER JOIN yy_tag on yy_article_tag.tag_id=yy_tag.id  WHERE yy_article_tag.article_id = '24'  [ RunTime:0.0002s ]
NOTIC: [8] Undefined index: user_set_good /Users/conan/haitao/Application/Home/Controller/IndexController.class.php 第 23 行.
SQL: SELECT yy_tag.tag_name FROM `yy_article_tag` INNER JOIN yy_tag on yy_article_tag.tag_id=yy_tag.id  WHERE yy_article_tag.article_id = '21'  [ RunTime:0.0002s ]
NOTIC: [8] Undefined index: user_set_good /Users/conan/haitao/Application/Home/Controller/IndexController.class.php 第 23 行.
SQL: SELECT yy_tag.tag_name FROM `yy_article_tag` INNER JOIN yy_tag on yy_article_tag.tag_id=yy_tag.id  WHERE yy_article_tag.article_id = '20'  [ RunTime:0.0002s ]
NOTIC: [8] Undefined index: user_set_good /Users/conan/haitao/Application/Home/Controller/IndexController.class.php 第 23 行.
SQL: SELECT yy_tag.tag_name FROM `yy_article_tag` INNER JOIN yy_tag on yy_article_tag.tag_id=yy_tag.id  WHERE yy_article_tag.article_id = '19'  [ RunTime:0.0002s ]
NOTIC: [8] Undefined index: user_set_good /Users/conan/haitao/Application/Home/Controller/IndexController.class.php 第 23 行.
SQL: SELECT yy_tag.tag_name FROM `yy_article_tag` INNER JOIN yy_tag on yy_article_tag.tag_id=yy_tag.id  WHERE yy_article_tag.article_id = '18'  [ RunTime:0.0002s ]
NOTIC: [8] Undefined index: user_set_good /Users/conan/haitao/Application/Home/Controller/IndexController.class.php 第 23 行.
SQL: SELECT yy_tag.tag_name FROM `yy_article_tag` INNER JOIN yy_tag on yy_article_tag.tag_id=yy_tag.id  WHERE yy_article_tag.article_id = '17'  [ RunTime:0.0001s ]
NOTIC: [8] Undefined index: user_set_good /Users/conan/haitao/Application/Home/Controller/IndexController.class.php 第 23 行.
SQL: SELECT yy_tag.tag_name FROM `yy_article_tag` INNER JOIN yy_tag on yy_article_tag.tag_id=yy_tag.id  WHERE yy_article_tag.article_id = '16'  [ RunTime:0.0002s ]
NOTIC: [8] Undefined index: user_set_good /Users/conan/haitao/Application/Home/Controller/IndexController.class.php 第 23 行.
SQL: SELECT yy_tag.tag_name FROM `yy_article_tag` INNER JOIN yy_tag on yy_article_tag.tag_id=yy_tag.id  WHERE yy_article_tag.article_id = '15'  [ RunTime:0.0001s ]
NOTIC: [8] Undefined index: user_set_good /Users/conan/haitao/Application/Home/Controller/IndexController.class.php 第 23 行.
SQL: SELECT yy_tag.tag_name FROM `yy_article_tag` INNER JOIN yy_tag on yy_article_tag.tag_id=yy_tag.id  WHERE yy_article_tag.article_id = '14'  [ RunTime:0.0003s ]
NOTIC: [8] Undefined index: user_set_good /Users/conan/haitao/Application/Home/Controller/IndexController.class.php 第 23 行.
INFO: [ view_parse ] --START--
INFO: [ template_filter ] --START--
INFO: Run Behavior\ContentReplaceBehavior [ RunTime:0.000131s ]
INFO: [ template_filter ] --END-- [ RunTime:0.000203s ]
NOTIC: [8] Undefined variable: id /Users/conan/haitao/Application/Runtime/Cache/Home/2a94b8bda04ff446dcedd42276fc99ee.php 第 29 行.
NOTIC: [8] Undefined variable: id /Users/conan/haitao/Application/Runtime/Cache/Home/2a94b8bda04ff446dcedd42276fc99ee.php 第 29 行.
NOTIC: [8] Undefined variable: id /Users/conan/haitao/Application/Runtime/Cache/Home/2a94b8bda04ff446dcedd42276fc99ee.php 第 29 行.
NOTIC: [8] Undefined variable: id /Users/conan/haitao/Application/Runtime/Cache/Home/2a94b8bda04ff446dcedd42276fc99ee.php 第 29 行.
NOTIC: [8] Undefined variable: id /Users/conan/haitao/Application/Runtime/Cache/Home/2a94b8bda04ff446dcedd42276fc99ee.php 第 29 行.
INFO: Run Behavior\ParseTemplateBehavior [ RunTime:0.055827s ]
INFO: [ view_parse ] --END-- [ RunTime:0.055918s ]
INFO: [ view_filter ] --START--
INFO: Run Behavior\WriteHtmlCacheBehavior [ RunTime:0.000372s ]
INFO: [ view_filter ] --END-- [ RunTime:0.000455s ]
INFO: [ app_end ] --START--
INFO: Run Behavior\ShowPageTraceBehavior [ RunTime:0.000862s ]
INFO: [ app_end ] --END-- [ RunTime:0.000983s ]

[ 2016-07-26T21:45:16+08:00 ] 127.0.0.1 /Public/images/image1.gif
INFO: [ app_init ] --START--
INFO: Run Behavior\BuildLiteBehavior [ RunTime:0.000025s ]
INFO: [ app_init ] --END-- [ RunTime:0.000215s ]

[ 2016-07-26T21:45:16+08:00 ] 127.0.0.1 /Public/images/image2.gif
INFO: [ app_init ] --START--
INFO: Run Behavior\BuildLiteBehavior [ RunTime:0.000017s ]
INFO: [ app_init ] --END-- [ RunTime:0.000140s ]

[ 2016-07-26T21:45:18+08:00 ] 127.0.0.1 /favicon.ico
INFO: [ app_init ] --START--
INFO: Run Behavior\BuildLiteBehavior [ RunTime:0.000016s ]
INFO: [ app_init ] --END-- [ RunTime:0.000094s ]

[ 2016-07-26T21:45:18+08:00 ] 127.0.0.1 /favicon.ico
INFO: [ app_init ] --START--
INFO: Run Behavior\BuildLiteBehavior [ RunTime:0.000014s ]
INFO: [ app_init ] --END-- [ RunTime:0.000084s ]

[ 2016-07-26T21:45:20+08:00 ] 127.0.0.1 /Public/images/image2.gif
INFO: [ app_init ] --START--
INFO: Run Behavior\BuildLiteBehavior [ RunTime:0.000015s ]
INFO: [ app_init ] --END-- [ RunTime:0.000087s ]

[ 2016-07-26T21:45:20+08:00 ] 127.0.0.1 /Public/images/image2.gif
INFO: [ app_init ] --START--
INFO: Run Behavior\BuildLiteBehavior [ RunTime:0.000016s ]
INFO: [ app_init ] --END-- [ RunTime:0.000098s ]

[ 2016-07-26T21:45:20+08:00 ] 127.0.0.1 /Index/index/p/2.html
INFO: [ app_init ] --START--
INFO: Run Behavior\BuildLiteBehavior [ RunTime:0.000015s ]
INFO: [ app_init ] --END-- [ RunTime:0.000084s ]
INFO: [ app_begin ] --START--
INFO: Run Behavior\ReadHtmlCacheBehavior [ RunTime:0.000376s ]
INFO: [ app_begin ] --END-- [ RunTime:0.000492s ]
SQL: SHOW COLUMNS FROM `yy_category` [ RunTime:0.0005s ]
SQL: SHOW COLUMNS FROM `yy_category` [ RunTime:0.0004s ]
SQL: SELECT * FROM `yy_category` WHERE `is_delete` = 0 AND `parent` = 0  [ RunTime:0.0004s ]
SQL: SHOW COLUMNS FROM `yy_product_type` [ RunTime:0.0004s ]
SQL: SHOW COLUMNS FROM `yy_product_type` [ RunTime:0.0005s ]
SQL: SHOW COLUMNS FROM `yy_article` [ RunTime:0.0004s ]
SQL: SHOW COLUMNS FROM `yy_article` [ RunTime:0.0007s ]
SQL: SHOW COLUMNS FROM `yy_article_tag` [ RunTime:0.0012s ]
SQL: SHOW COLUMNS FROM `yy_article_tag` [ RunTime:0.0004s ]
SQL: SELECT * FROM `yy_product_type` WHERE `parent_id` = 0 AND `is_delete` = 0  [ RunTime:0.0002s ]
SQL: SELECT * FROM `yy_product_type` WHERE `parent_id` = 0 AND `hot` = 1 AND `is_delete` = 0  [ RunTime:0.0002s ]
SQL: SELECT * FROM `yy_article` WHERE `product_type_id` = 1 AND `is_delete` = 0 ORDER BY id desc LIMIT 6   [ RunTime:0.0004s ]
SQL: SELECT * FROM `yy_article` WHERE `product_type_id` = 2 AND `is_delete` = 0 ORDER BY id desc LIMIT 6   [ RunTime:0.0002s ]
SQL: SELECT * FROM `yy_article` WHERE `product_type_id` = 3 AND `is_delete` = 0 ORDER BY id desc LIMIT 6   [ RunTime:0.0003s ]
SQL: SELECT * FROM `yy_article` WHERE `product_type_id` = 4 AND `is_delete` = 0 ORDER BY id desc LIMIT 6   [ RunTime:0.0002s ]
SQL: SELECT * FROM `yy_article` WHERE `product_type_id` = 5 AND `is_delete` = 0 ORDER BY id desc LIMIT 6   [ RunTime:0.0003s ]
SQL: SELECT * FROM `yy_article` WHERE `product_type_id` = 6 AND `is_delete` = 0 ORDER BY id desc LIMIT 6   [ RunTime:0.0005s ]
SQL: SELECT COUNT(id) AS tp_count FROM `yy_article` WHERE `is_delete` = 0 LIMIT 1   [ RunTime:0.0005s ]
SQL: SELECT yy_article.*,yy_country.name as countryName FROM `yy_article` INNER JOIN yy_country on yy_article.country_id=yy_country.id  ORDER BY id desc LIMIT 10,10   [ RunTime:0.0015s ]
SQL: SELECT yy_tag.tag_name FROM `yy_article_tag` INNER JOIN yy_tag on yy_article_tag.tag_id=yy_tag.id  WHERE yy_article_tag.article_id = '13'  [ RunTime:0.0006s ]
NOTIC: [8] Undefined index: user_set_good /Users/conan/haitao/Application/Home/Controller/IndexController.class.php 第 23 行.
SQL: SELECT yy_tag.tag_name FROM `yy_article_tag` INNER JOIN yy_tag on yy_article_tag.tag_id=yy_tag.id  WHERE yy_article_tag.article_id = '12'  [ RunTime:0.0003s ]
NOTIC: [8] Undefined index: user_set_good /Users/conan/haitao/Application/Home/Controller/IndexController.class.php 第 23 行.
SQL: SELECT yy_tag.tag_name FROM `yy_article_tag` INNER JOIN yy_tag on yy_article_tag.tag_id=yy_tag.id  WHERE yy_article_tag.article_id = '11'  [ RunTime:0.0002s ]
NOTIC: [8] Undefined index: user_set_good /Users/conan/haitao/Application/Home/Controller/IndexController.class.php 第 23 行.
SQL: SELECT yy_tag.tag_name FROM `yy_article_tag` INNER JOIN yy_tag on yy_article_tag.tag_id=yy_tag.id  WHERE yy_article_tag.article_id = '10'  [ RunTime:0.0002s ]
NOTIC: [8] Undefined index: user_set_good /Users/conan/haitao/Application/Home/Controller/IndexController.class.php 第 23 行.
SQL: SELECT yy_tag.tag_name FROM `yy_article_tag` INNER JOIN yy_tag on yy_article_tag.tag_id=yy_tag.id  WHERE yy_article_tag.article_id = '9'  [ RunTime:0.0002s ]
NOTIC: [8] Undefined index: user_set_good /Users/conan/haitao/Application/Home/Controller/IndexController.class.php 第 23 行.
SQL: SELECT yy_tag.tag_name FROM `yy_article_tag` INNER JOIN yy_tag on yy_article_tag.tag_id=yy_tag.id  WHERE yy_article_tag.article_id = '8'  [ RunTime:0.0001s ]
NOTIC: [8] Undefined index: user_set_good /Users/conan/haitao/Application/Home/Controller/IndexController.class.php 第 23 行.
SQL: SELECT yy_tag.tag_name FROM `yy_article_tag` INNER JOIN yy_tag on yy_article_tag.tag_id=yy_tag.id  WHERE yy_article_tag.article_id = '7'  [ RunTime:0.0003s ]
NOTIC: [8] Undefined index: user_set_good /Users/conan/haitao/Application/Home/Controller/IndexController.class.php 第 23 行.
SQL: SELECT yy_tag.tag_name FROM `yy_article_tag` INNER JOIN yy_tag on yy_article_tag.tag_id=yy_tag.id  WHERE yy_article_tag.article_id = '6'  [ RunTime:0.0002s ]
NOTIC: [8] Undefined index: user_set_good /Users/conan/haitao/Application/Home/Controller/IndexController.class.php 第 23 行.
SQL: SELECT yy_tag.tag_name FROM `yy_article_tag` INNER JOIN yy_tag on yy_article_tag.tag_id=yy_tag.id  WHERE yy_article_tag.article_id = '5'  [ RunTime:0.0002s ]
NOTIC: [8] Undefined index: user_set_good /Users/conan/haitao/Application/Home/Controller/IndexController.class.php 第 23 行.
SQL: SELECT yy_tag.tag_name FROM `yy_article_tag` INNER JOIN yy_tag on yy_article_tag.tag_id=yy_tag.id  WHERE yy_article_tag.article_id = '4'  [ RunTime:0.0002s ]
NOTIC: [8] Undefined index: user_set_good /Users/conan/haitao/Application/Home/Controller/IndexController.class.php 第 23 行.
INFO: [ view_parse ] --START--
INFO: [ template_filter ] --START--
INFO: Run Behavior\ContentReplaceBehavior [ RunTime:0.000216s ]
INFO: [ template_filter ] --END-- [ RunTime:0.000385s ]
NOTIC: [8] Undefined variable: id /Users/conan/haitao/Application/Runtime/Cache/Home/2a94b8bda04ff446dcedd42276fc99ee.php 第 29 行.
NOTIC: [8] Undefined variable: id /Users/conan/haitao/Application/Runtime/Cache/Home/2a94b8bda04ff446dcedd42276fc99ee.php 第 29 行.
NOTIC: [8] Undefined variable: id /Users/conan/haitao/Application/Runtime/Cache/Home/2a94b8bda04ff446dcedd42276fc99ee.php 第 29 行.
NOTIC: [8] Undefined variable: id /Users/conan/haitao/Application/Runtime/Cache/Home/2a94b8bda04ff446dcedd42276fc99ee.php 第 29 行.
NOTIC: [8] Undefined variable: id /Users/conan/haitao/Application/Runtime/Cache/Home/2a94b8bda04ff446dcedd42276fc99ee.php 第 29 行.
INFO: Run Behavior\ParseTemplateBehavior [ RunTime:0.016986s ]
INFO: [ view_parse ] --END-- [ RunTime:0.017064s ]
INFO: [ view_filter ] --START--
INFO: Run Behavior\WriteHtmlCacheBehavior [ RunTime:0.000136s ]
INFO: [ view_filter ] --END-- [ RunTime:0.000193s ]
INFO: [ app_end ] --START--
INFO: Run Behavior\ShowPageTraceBehavior [ RunTime:0.000472s ]
INFO: [ app_end ] --END-- [ RunTime:0.000573s ]

[ 2016-07-26T21:45:20+08:00 ] 127.0.0.1 /Public/images/image1.gif
INFO: [ app_init ] --START--
INFO: Run Behavior\BuildLiteBehavior [ RunTime:0.000015s ]
INFO: [ app_init ] --END-- [ RunTime:0.000088s ]

[ 2016-07-26T21:45:20+08:00 ] 127.0.0.1 /Public/images/image2.gif
INFO: [ app_init ] --START--
INFO: Run Behavior\BuildLiteBehavior [ RunTime:0.000034s ]
INFO: [ app_init ] --END-- [ RunTime:0.000299s ]

[ 2016-07-26T21:45:22+08:00 ] 127.0.0.1 /Public/images/image2.gif
INFO: [ app_init ] --START--
INFO: Run Behavior\BuildLiteBehavior [ RunTime:0.000014s ]
INFO: [ app_init ] --END-- [ RunTime:0.000085s ]

[ 2016-07-26T21:48:47+08:00 ] 127.0.0.1 /Index/index/p/2.html
INFO: [ app_init ] --START--
INFO: Run Behavior\BuildLiteBehavior [ RunTime:0.000015s ]
INFO: [ app_init ] --END-- [ RunTime:0.000090s ]
INFO: [ app_begin ] --START--
INFO: Run Behavior\ReadHtmlCacheBehavior [ RunTime:0.000307s ]
INFO: [ app_begin ] --END-- [ RunTime:0.000384s ]
SQL: SHOW COLUMNS FROM `yy_category` [ RunTime:0.0009s ]
SQL: SHOW COLUMNS FROM `yy_category` [ RunTime:0.0005s ]
SQL: SELECT * FROM `yy_category` WHERE `is_delete` = 0 AND `parent` = 0  [ RunTime:0.0004s ]
SQL: SHOW COLUMNS FROM `yy_product_type` [ RunTime:0.0005s ]
SQL: SHOW COLUMNS FROM `yy_product_type` [ RunTime:0.0004s ]
SQL: SHOW COLUMNS FROM `yy_article` [ RunTime:0.0005s ]
SQL: SHOW COLUMNS FROM `yy_article` [ RunTime:0.0004s ]
SQL: SHOW COLUMNS FROM `yy_article_tag` [ RunTime:0.0004s ]
SQL: SHOW COLUMNS FROM `yy_article_tag` [ RunTime:0.0003s ]
SQL: SELECT * FROM `yy_product_type` WHERE `parent_id` = 0 AND `is_delete` = 0  [ RunTime:0.0005s ]
SQL: SELECT * FROM `yy_product_type` WHERE `parent_id` = 0 AND `hot` = 1 AND `is_delete` = 0  [ RunTime:0.0007s ]
SQL: SELECT * FROM `yy_article` WHERE `product_type_id` = 1 AND `is_delete` = 0 ORDER BY id desc LIMIT 6   [ RunTime:0.0006s ]
SQL: SELECT * FROM `yy_article` WHERE `product_type_id` = 2 AND `is_delete` = 0 ORDER BY id desc LIMIT 6   [ RunTime:0.0004s ]
SQL: SELECT * FROM `yy_article` WHERE `product_type_id` = 3 AND `is_delete` = 0 ORDER BY id desc LIMIT 6   [ RunTime:0.0004s ]
SQL: SELECT * FROM `yy_article` WHERE `product_type_id` = 4 AND `is_delete` = 0 ORDER BY id desc LIMIT 6   [ RunTime:0.0003s ]
SQL: SELECT * FROM `yy_article` WHERE `product_type_id` = 5 AND `is_delete` = 0 ORDER BY id desc LIMIT 6   [ RunTime:0.0003s ]
SQL: SELECT * FROM `yy_article` WHERE `product_type_id` = 6 AND `is_delete` = 0 ORDER BY id desc LIMIT 6   [ RunTime:0.0003s ]
SQL: SELECT COUNT(id) AS tp_count FROM `yy_article` WHERE `is_delete` = 0 LIMIT 1   [ RunTime:0.0008s ]
SQL: SELECT yy_article.*,yy_country.name as countryName FROM `yy_article` INNER JOIN yy_country on yy_article.country_id=yy_country.id  ORDER BY id desc LIMIT 10,10   [ RunTime:0.0009s ]
SQL: SELECT yy_tag.tag_name FROM `yy_article_tag` INNER JOIN yy_tag on yy_article_tag.tag_id=yy_tag.id  WHERE yy_article_tag.article_id = '13'  [ RunTime:0.0003s ]
NOTIC: [8] Undefined index: user_set_good /Users/conan/haitao/Application/Home/Controller/IndexController.class.php 第 23 行.
SQL: SELECT yy_tag.tag_name FROM `yy_article_tag` INNER JOIN yy_tag on yy_article_tag.tag_id=yy_tag.id  WHERE yy_article_tag.article_id = '12'  [ RunTime:0.0002s ]
NOTIC: [8] Undefined index: user_set_good /Users/conan/haitao/Application/Home/Controller/IndexController.class.php 第 23 行.
SQL: SELECT yy_tag.tag_name FROM `yy_article_tag` INNER JOIN yy_tag on yy_article_tag.tag_id=yy_tag.id  WHERE yy_article_tag.article_id = '11'  [ RunTime:0.0002s ]
NOTIC: [8] Undefined index: user_set_good /Users/conan/haitao/Application/Home/Controller/IndexController.class.php 第 23 行.
SQL: SELECT yy_tag.tag_name FROM `yy_article_tag` INNER JOIN yy_tag on yy_article_tag.tag_id=yy_tag.id  WHERE yy_article_tag.article_id = '10'  [ RunTime:0.0002s ]
NOTIC: [8] Undefined index: user_set_good /Users/conan/haitao/Application/Home/Controller/IndexController.class.php 第 23 行.
SQL: SELECT yy_tag.tag_name FROM `yy_article_tag` INNER JOIN yy_tag on yy_article_tag.tag_id=yy_tag.id  WHERE yy_article_tag.article_id = '9'  [ RunTime:0.0001s ]
NOTIC: [8] Undefined index: user_set_good /Users/conan/haitao/Application/Home/Controller/IndexController.class.php 第 23 行.
SQL: SELECT yy_tag.tag_name FROM `yy_article_tag` INNER JOIN yy_tag on yy_article_tag.tag_id=yy_tag.id  WHERE yy_article_tag.article_id = '8'  [ RunTime:0.0001s ]
NOTIC: [8] Undefined index: user_set_good /Users/conan/haitao/Application/Home/Controller/IndexController.class.php 第 23 行.
SQL: SELECT yy_tag.tag_name FROM `yy_article_tag` INNER JOIN yy_tag on yy_article_tag.tag_id=yy_tag.id  WHERE yy_article_tag.article_id = '7'  [ RunTime:0.0001s ]
NOTIC: [8] Undefined index: user_set_good /Users/conan/haitao/Application/Home/Controller/IndexController.class.php 第 23 行.
SQL: SELECT yy_tag.tag_name FROM `yy_article_tag` INNER JOIN yy_tag on yy_article_tag.tag_id=yy_tag.id  WHERE yy_article_tag.article_id = '6'  [ RunTime:0.0001s ]
NOTIC: [8] Undefined index: user_set_good /Users/conan/haitao/Application/Home/Controller/IndexController.class.php 第 23 行.
SQL: SELECT yy_tag.tag_name FROM `yy_article_tag` INNER JOIN yy_tag on yy_article_tag.tag_id=yy_tag.id  WHERE yy_article_tag.article_id = '5'  [ RunTime:0.0001s ]
NOTIC: [8] Undefined index: user_set_good /Users/conan/haitao/Application/Home/Controller/IndexController.class.php 第 23 行.
SQL: SELECT yy_tag.tag_name FROM `yy_article_tag` INNER JOIN yy_tag on yy_article_tag.tag_id=yy_tag.id  WHERE yy_article_tag.article_id = '4'  [ RunTime:0.0002s ]
NOTIC: [8] Undefined index: user_set_good /Users/conan/haitao/Application/Home/Controller/IndexController.class.php 第 23 行.
INFO: [ view_parse ] --START--
INFO: [ template_filter ] --START--
INFO: Run Behavior\ContentReplaceBehavior [ RunTime:0.000117s ]
INFO: [ template_filter ] --END-- [ RunTime:0.000194s ]
NOTIC: [8] Undefined variable: id /Users/conan/haitao/Application/Runtime/Cache/Home/2a94b8bda04ff446dcedd42276fc99ee.php 第 29 行.
NOTIC: [8] Undefined variable: id /Users/conan/haitao/Application/Runtime/Cache/Home/2a94b8bda04ff446dcedd42276fc99ee.php 第 29 行.
NOTIC: [8] Undefined variable: id /Users/conan/haitao/Application/Runtime/Cache/Home/2a94b8bda04ff446dcedd42276fc99ee.php 第 29 行.
NOTIC: [8] Undefined variable: id /Users/conan/haitao/Application/Runtime/Cache/Home/2a94b8bda04ff446dcedd42276fc99ee.php 第 29 行.
NOTIC: [8] Undefined variable: id /Users/conan/haitao/Application/Runtime/Cache/Home/2a94b8bda04ff446dcedd42276fc99ee.php 第 29 行.
INFO: Run Behavior\ParseTemplateBehavior [ RunTime:0.018931s ]
INFO: [ view_parse ] --END-- [ RunTime:0.019039s ]
INFO: [ view_filter ] --START--
INFO: Run Behavior\WriteHtmlCacheBehavior [ RunTime:0.000222s ]
INFO: [ view_filter ] --END-- [ RunTime:0.000307s ]
INFO: [ app_end ] --START--
INFO: Run Behavior\ShowPageTraceBehavior [ RunTime:0.000690s ]
INFO: [ app_end ] --END-- [ RunTime:0.000808s ]

[ 2016-07-26T21:48:47+08:00 ] 127.0.0.1 /Public/images/image2.gif
INFO: [ app_init ] --START--
INFO: Run Behavior\BuildLiteBehavior [ RunTime:0.000015s ]
INFO: [ app_init ] --END-- [ RunTime:0.000085s ]

[ 2016-07-26T21:48:47+08:00 ] 127.0.0.1 /Public/images/image1.gif
INFO: [ app_init ] --START--
INFO: Run Behavior\BuildLiteBehavior [ RunTime:0.000015s ]
INFO: [ app_init ] --END-- [ RunTime:0.000087s ]

[ 2016-07-26T21:51:05+08:00 ] 127.0.0.1 /Public/images/image2.gif
INFO: [ app_init ] --START--
INFO: Run Behavior\BuildLiteBehavior [ RunTime:0.000027s ]
INFO: [ app_init ] --END-- [ RunTime:0.000253s ]

[ 2016-07-26T21:51:06+08:00 ] 127.0.0.1 /Public/images/image2.gif
INFO: [ app_init ] --START--
INFO: Run Behavior\BuildLiteBehavior [ RunTime:0.000015s ]
INFO: [ app_init ] --END-- [ RunTime:0.000092s ]

[ 2016-07-26T21:51:06+08:00 ] 127.0.0.1 /Index/index/p/1.html
INFO: [ app_init ] --START--
INFO: Run Behavior\BuildLiteBehavior [ RunTime:0.000084s ]
INFO: [ app_init ] --END-- [ RunTime:0.000177s ]
INFO: [ app_begin ] --START--
INFO: Run Behavior\ReadHtmlCacheBehavior [ RunTime:0.000292s ]
INFO: [ app_begin ] --END-- [ RunTime:0.000364s ]
SQL: SHOW COLUMNS FROM `yy_category` [ RunTime:0.0004s ]
SQL: SHOW COLUMNS FROM `yy_category` [ RunTime:0.0003s ]
SQL: SELECT * FROM `yy_category` WHERE `is_delete` = 0 AND `parent` = 0  [ RunTime:0.0002s ]
SQL: SHOW COLUMNS FROM `yy_product_type` [ RunTime:0.0004s ]
SQL: SHOW COLUMNS FROM `yy_product_type` [ RunTime:0.0003s ]
SQL: SHOW COLUMNS FROM `yy_article` [ RunTime:0.0004s ]
SQL: SHOW COLUMNS FROM `yy_article` [ RunTime:0.0004s ]
SQL: SHOW COLUMNS FROM `yy_article_tag` [ RunTime:0.0003s ]
SQL: SHOW COLUMNS FROM `yy_article_tag` [ RunTime:0.0002s ]
SQL: SELECT * FROM `yy_product_type` WHERE `parent_id` = 0 AND `is_delete` = 0  [ RunTime:0.0002s ]
SQL: SELECT * FROM `yy_product_type` WHERE `parent_id` = 0 AND `hot` = 1 AND `is_delete` = 0  [ RunTime:0.0002s ]
SQL: SELECT * FROM `yy_article` WHERE `product_type_id` = 1 AND `is_delete` = 0 ORDER BY id desc LIMIT 6   [ RunTime:0.0002s ]
SQL: SELECT * FROM `yy_article` WHERE `product_type_id` = 2 AND `is_delete` = 0 ORDER BY id desc LIMIT 6   [ RunTime:0.0002s ]
SQL: SELECT * FROM `yy_article` WHERE `product_type_id` = 3 AND `is_delete` = 0 ORDER BY id desc LIMIT 6   [ RunTime:0.0002s ]
SQL: SELECT * FROM `yy_article` WHERE `product_type_id` = 4 AND `is_delete` = 0 ORDER BY id desc LIMIT 6   [ RunTime:0.0002s ]
SQL: SELECT * FROM `yy_article` WHERE `product_type_id` = 5 AND `is_delete` = 0 ORDER BY id desc LIMIT 6   [ RunTime:0.0002s ]
SQL: SELECT * FROM `yy_article` WHERE `product_type_id` = 6 AND `is_delete` = 0 ORDER BY id desc LIMIT 6   [ RunTime:0.0002s ]
SQL: SELECT COUNT(id) AS tp_count FROM `yy_article` WHERE `is_delete` = 0 LIMIT 1   [ RunTime:0.0002s ]
SQL: SELECT yy_article.*,yy_country.name as countryName FROM `yy_article` INNER JOIN yy_country on yy_article.country_id=yy_country.id  ORDER BY id desc LIMIT 0,10   [ RunTime:0.0019s ]
SQL: SELECT yy_tag.tag_name FROM `yy_article_tag` INNER JOIN yy_tag on yy_article_tag.tag_id=yy_tag.id  WHERE yy_article_tag.article_id = '25'  [ RunTime:0.0004s ]
NOTIC: [8] Undefined index: user_set_good /Users/conan/haitao/Application/Home/Controller/IndexController.class.php 第 23 行.
SQL: SELECT yy_tag.tag_name FROM `yy_article_tag` INNER JOIN yy_tag on yy_article_tag.tag_id=yy_tag.id  WHERE yy_article_tag.article_id = '24'  [ RunTime:0.0002s ]
NOTIC: [8] Undefined index: user_set_good /Users/conan/haitao/Application/Home/Controller/IndexController.class.php 第 23 行.
SQL: SELECT yy_tag.tag_name FROM `yy_article_tag` INNER JOIN yy_tag on yy_article_tag.tag_id=yy_tag.id  WHERE yy_article_tag.article_id = '21'  [ RunTime:0.0002s ]
NOTIC: [8] Undefined index: user_set_good /Users/conan/haitao/Application/Home/Controller/IndexController.class.php 第 23 行.
SQL: SELECT yy_tag.tag_name FROM `yy_article_tag` INNER JOIN yy_tag on yy_article_tag.tag_id=yy_tag.id  WHERE yy_article_tag.article_id = '20'  [ RunTime:0.0002s ]
NOTIC: [8] Undefined index: user_set_good /Users/conan/haitao/Application/Home/Controller/IndexController.class.php 第 23 行.
SQL: SELECT yy_tag.tag_name FROM `yy_article_tag` INNER JOIN yy_tag on yy_article_tag.tag_id=yy_tag.id  WHERE yy_article_tag.article_id = '19'  [ RunTime:0.0003s ]
NOTIC: [8] Undefined index: user_set_good /Users/conan/haitao/Application/Home/Controller/IndexController.class.php 第 23 行.
SQL: SELECT yy_tag.tag_name FROM `yy_article_tag` INNER JOIN yy_tag on yy_article_tag.tag_id=yy_tag.id  WHERE yy_article_tag.article_id = '18'  [ RunTime:0.0002s ]
NOTIC: [8] Undefined index: user_set_good /Users/conan/haitao/Application/Home/Controller/IndexController.class.php 第 23 行.
SQL: SELECT yy_tag.tag_name FROM `yy_article_tag` INNER JOIN yy_tag on yy_article_tag.tag_id=yy_tag.id  WHERE yy_article_tag.article_id = '17'  [ RunTime:0.0003s ]
NOTIC: [8] Undefined index: user_set_good /Users/conan/haitao/Application/Home/Controller/IndexController.class.php 第 23 行.
SQL: SELECT yy_tag.tag_name FROM `yy_article_tag` INNER JOIN yy_tag on yy_article_tag.tag_id=yy_tag.id  WHERE yy_article_tag.article_id = '16'  [ RunTime:0.0002s ]
NOTIC: [8] Undefined index: user_set_good /Users/conan/haitao/Application/Home/Controller/IndexController.class.php 第 23 行.
SQL: SELECT yy_tag.tag_name FROM `yy_article_tag` INNER JOIN yy_tag on yy_article_tag.tag_id=yy_tag.id  WHERE yy_article_tag.article_id = '15'  [ RunTime:0.0002s ]
NOTIC: [8] Undefined index: user_set_good /Users/conan/haitao/Application/Home/Controller/IndexController.class.php 第 23 行.
SQL: SELECT yy_tag.tag_name FROM `yy_article_tag` INNER JOIN yy_tag on yy_article_tag.tag_id=yy_tag.id  WHERE yy_article_tag.article_id = '14'  [ RunTime:0.0002s ]
NOTIC: [8] Undefined index: user_set_good /Users/conan/haitao/Application/Home/Controller/IndexController.class.php 第 23 行.
INFO: [ view_parse ] --START--
INFO: [ template_filter ] --START--
INFO: Run Behavior\ContentReplaceBehavior [ RunTime:0.000094s ]
INFO: [ template_filter ] --END-- [ RunTime:0.000168s ]
NOTIC: [8] Undefined variable: id /Users/conan/haitao/Application/Runtime/Cache/Home/2a94b8bda04ff446dcedd42276fc99ee.php 第 29 行.
NOTIC: [8] Undefined variable: id /Users/conan/haitao/Application/Runtime/Cache/Home/2a94b8bda04ff446dcedd42276fc99ee.php 第 29 行.
NOTIC: [8] Undefined variable: id /Users/conan/haitao/Application/Runtime/Cache/Home/2a94b8bda04ff446dcedd42276fc99ee.php 第 29 行.
NOTIC: [8] Undefined variable: id /Users/conan/haitao/Application/Runtime/Cache/Home/2a94b8bda04ff446dcedd42276fc99ee.php 第 29 行.
NOTIC: [8] Undefined variable: id /Users/conan/haitao/Application/Runtime/Cache/Home/2a94b8bda04ff446dcedd42276fc99ee.php 第 29 行.
INFO: Run Behavior\ParseTemplateBehavior [ RunTime:0.015846s ]
INFO: [ view_parse ] --END-- [ RunTime:0.015913s ]
INFO: [ view_filter ] --START--
INFO: Run Behavior\WriteHtmlCacheBehavior [ RunTime:0.000114s ]
INFO: [ view_filter ] --END-- [ RunTime:0.000168s ]
INFO: [ app_end ] --START--
INFO: Run Behavior\ShowPageTraceBehavior [ RunTime:0.000394s ]
INFO: [ app_end ] --END-- [ RunTime:0.000490s ]

[ 2016-07-26T21:51:06+08:00 ] 127.0.0.1 /Public/images/image2.gif
INFO: [ app_init ] --START--
INFO: Run Behavior\BuildLiteBehavior [ RunTime:0.000014s ]
INFO: [ app_init ] --END-- [ RunTime:0.000086s ]

[ 2016-07-26T21:51:06+08:00 ] 127.0.0.1 /Public/images/image1.gif
INFO: [ app_init ] --START--
INFO: Run Behavior\BuildLiteBehavior [ RunTime:0.000016s ]
INFO: [ app_init ] --END-- [ RunTime:0.000127s ]

[ 2016-07-26T22:11:56+08:00 ] 127.0.0.1 /Public/images/image2.gif
INFO: [ app_init ] --START--
INFO: Run Behavior\BuildLiteBehavior [ RunTime:0.000016s ]
INFO: [ app_init ] --END-- [ RunTime:0.000093s ]

[ 2016-07-26T22:11:56+08:00 ] 127.0.0.1 /Public/images/image2.gif
INFO: [ app_init ] --START--
INFO: Run Behavior\BuildLiteBehavior [ RunTime:0.000015s ]
INFO: [ app_init ] --END-- [ RunTime:0.000091s ]

[ 2016-07-26T22:11:56+08:00 ] 127.0.0.1 /Index/index/p/2.html
INFO: [ app_init ] --START--
INFO: Run Behavior\BuildLiteBehavior [ RunTime:0.000014s ]
INFO: [ app_init ] --END-- [ RunTime:0.000086s ]
INFO: [ app_begin ] --START--
INFO: Run Behavior\ReadHtmlCacheBehavior [ RunTime:0.000235s ]
INFO: [ app_begin ] --END-- [ RunTime:0.000300s ]
SQL: SHOW COLUMNS FROM `yy_category` [ RunTime:0.0004s ]
SQL: SHOW COLUMNS FROM `yy_category` [ RunTime:0.0005s ]
SQL: SELECT * FROM `yy_category` WHERE `is_delete` = 0 AND `parent` = 0  [ RunTime:0.0002s ]
SQL: SHOW COLUMNS FROM `yy_product_type` [ RunTime:0.0004s ]
SQL: SHOW COLUMNS FROM `yy_product_type` [ RunTime:0.0004s ]
SQL: SHOW COLUMNS FROM `yy_article` [ RunTime:0.0004s ]
SQL: SHOW COLUMNS FROM `yy_article` [ RunTime:0.0004s ]
SQL: SHOW COLUMNS FROM `yy_article_tag` [ RunTime:0.0003s ]
SQL: SHOW COLUMNS FROM `yy_article_tag` [ RunTime:0.0003s ]
SQL: SELECT * FROM `yy_product_type` WHERE `parent_id` = 0 AND `is_delete` = 0  [ RunTime:0.0002s ]
SQL: SELECT * FROM `yy_product_type` WHERE `parent_id` = 0 AND `hot` = 1 AND `is_delete` = 0  [ RunTime:0.0002s ]
SQL: SELECT * FROM `yy_article` WHERE `product_type_id` = 1 AND `is_delete` = 0 ORDER BY id desc LIMIT 6   [ RunTime:0.0002s ]
SQL: SELECT * FROM `yy_article` WHERE `product_type_id` = 2 AND `is_delete` = 0 ORDER BY id desc LIMIT 6   [ RunTime:0.0002s ]
SQL: SELECT * FROM `yy_article` WHERE `product_type_id` = 3 AND `is_delete` = 0 ORDER BY id desc LIMIT 6   [ RunTime:0.0002s ]
SQL: SELECT * FROM `yy_article` WHERE `product_type_id` = 4 AND `is_delete` = 0 ORDER BY id desc LIMIT 6   [ RunTime:0.0002s ]
SQL: SELECT * FROM `yy_article` WHERE `product_type_id` = 5 AND `is_delete` = 0 ORDER BY id desc LIMIT 6   [ RunTime:0.0002s ]
SQL: SELECT * FROM `yy_article` WHERE `product_type_id` = 6 AND `is_delete` = 0 ORDER BY id desc LIMIT 6   [ RunTime:0.0002s ]
SQL: SELECT COUNT(id) AS tp_count FROM `yy_article` WHERE `is_delete` = 0 LIMIT 1   [ RunTime:0.0001s ]
SQL: SELECT yy_article.*,yy_country.name as countryName FROM `yy_article` INNER JOIN yy_country on yy_article.country_id=yy_country.id  ORDER BY id desc LIMIT 10,10   [ RunTime:0.0007s ]
SQL: SELECT yy_tag.tag_name FROM `yy_article_tag` INNER JOIN yy_tag on yy_article_tag.tag_id=yy_tag.id  WHERE yy_article_tag.article_id = '13'  [ RunTime:0.0002s ]
NOTIC: [8] Undefined index: user_set_good /Users/conan/haitao/Application/Home/Controller/IndexController.class.php 第 23 行.
SQL: SELECT yy_tag.tag_name FROM `yy_article_tag` INNER JOIN yy_tag on yy_article_tag.tag_id=yy_tag.id  WHERE yy_article_tag.article_id = '12'  [ RunTime:0.0003s ]
NOTIC: [8] Undefined index: user_set_good /Users/conan/haitao/Application/Home/Controller/IndexController.class.php 第 23 行.
SQL: SELECT yy_tag.tag_name FROM `yy_article_tag` INNER JOIN yy_tag on yy_article_tag.tag_id=yy_tag.id  WHERE yy_article_tag.article_id = '11'  [ RunTime:0.0009s ]
NOTIC: [8] Undefined index: user_set_good /Users/conan/haitao/Application/Home/Controller/IndexController.class.php 第 23 行.
SQL: SELECT yy_tag.tag_name FROM `yy_article_tag` INNER JOIN yy_tag on yy_article_tag.tag_id=yy_tag.id  WHERE yy_article_tag.article_id = '10'  [ RunTime:0.0008s ]
NOTIC: [8] Undefined index: user_set_good /Users/conan/haitao/Application/Home/Controller/IndexController.class.php 第 23 行.
SQL: SELECT yy_tag.tag_name FROM `yy_article_tag` INNER JOIN yy_tag on yy_article_tag.tag_id=yy_tag.id  WHERE yy_article_tag.article_id = '9'  [ RunTime:0.0002s ]
NOTIC: [8] Undefined index: user_set_good /Users/conan/haitao/Application/Home/Controller/IndexController.class.php 第 23 行.
SQL: SELECT yy_tag.tag_name FROM `yy_article_tag` INNER JOIN yy_tag on yy_article_tag.tag_id=yy_tag.id  WHERE yy_article_tag.article_id = '8'  [ RunTime:0.0002s ]
NOTIC: [8] Undefined index: user_set_good /Users/conan/haitao/Application/Home/Controller/IndexController.class.php 第 23 行.
SQL: SELECT yy_tag.tag_name FROM `yy_article_tag` INNER JOIN yy_tag on yy_article_tag.tag_id=yy_tag.id  WHERE yy_article_tag.article_id = '7'  [ RunTime:0.0002s ]
NOTIC: [8] Undefined index: user_set_good /Users/conan/haitao/Application/Home/Controller/IndexController.class.php 第 23 行.
SQL: SELECT yy_tag.tag_name FROM `yy_article_tag` INNER JOIN yy_tag on yy_article_tag.tag_id=yy_tag.id  WHERE yy_article_tag.article_id = '6'  [ RunTime:0.0002s ]
NOTIC: [8] Undefined index: user_set_good /Users/conan/haitao/Application/Home/Controller/IndexController.class.php 第 23 行.
SQL: SELECT yy_tag.tag_name FROM `yy_article_tag` INNER JOIN yy_tag on yy_article_tag.tag_id=yy_tag.id  WHERE yy_article_tag.article_id = '5'  [ RunTime:0.0002s ]
NOTIC: [8] Undefined index: user_set_good /Users/conan/haitao/Application/Home/Controller/IndexController.class.php 第 23 行.
SQL: SELECT yy_tag.tag_name FROM `yy_article_tag` INNER JOIN yy_tag on yy_article_tag.tag_id=yy_tag.id  WHERE yy_article_tag.article_id = '4'  [ RunTime:0.0002s ]
NOTIC: [8] Undefined index: user_set_good /Users/conan/haitao/Application/Home/Controller/IndexController.class.php 第 23 行.
INFO: [ view_parse ] --START--
INFO: [ template_filter ] --START--
INFO: Run Behavior\ContentReplaceBehavior [ RunTime:0.000103s ]
INFO: [ template_filter ] --END-- [ RunTime:0.000186s ]
NOTIC: [8] Undefined variable: id /Users/conan/haitao/Application/Runtime/Cache/Home/2a94b8bda04ff446dcedd42276fc99ee.php 第 29 行.
NOTIC: [8] Undefined variable: id /Users/conan/haitao/Application/Runtime/Cache/Home/2a94b8bda04ff446dcedd42276fc99ee.php 第 29 行.
NOTIC: [8] Undefined variable: id /Users/conan/haitao/Application/Runtime/Cache/Home/2a94b8bda04ff446dcedd42276fc99ee.php 第 29 行.
NOTIC: [8] Undefined variable: id /Users/conan/haitao/Application/Runtime/Cache/Home/2a94b8bda04ff446dcedd42276fc99ee.php 第 29 行.
NOTIC: [8] Undefined variable: id /Users/conan/haitao/Application/Runtime/Cache/Home/2a94b8bda04ff446dcedd42276fc99ee.php 第 29 行.
INFO: Run Behavior\ParseTemplateBehavior [ RunTime:0.017032s ]
INFO: [ view_parse ] --END-- [ RunTime:0.017100s ]
INFO: [ view_filter ] --START--
INFO: Run Behavior\WriteHtmlCacheBehavior [ RunTime:0.000135s ]
INFO: [ view_filter ] --END-- [ RunTime:0.000193s ]
INFO: [ app_end ] --START--
INFO: Run Behavior\ShowPageTraceBehavior [ RunTime:0.000440s ]
INFO: [ app_end ] --END-- [ RunTime:0.000511s ]

[ 2016-07-26T22:11:56+08:00 ] 127.0.0.1 /Public/images/image1.gif
INFO: [ app_init ] --START--
INFO: Run Behavior\BuildLiteBehavior [ RunTime:0.000014s ]
INFO: [ app_init ] --END-- [ RunTime:0.000087s ]

[ 2016-07-26T22:11:56+08:00 ] 127.0.0.1 /Public/images/image2.gif
INFO: [ app_init ] --START--
INFO: Run Behavior\BuildLiteBehavior [ RunTime:0.000015s ]
INFO: [ app_init ] --END-- [ RunTime:0.000084s ]

[ 2016-07-26T22:17:48+08:00 ] 127.0.0.1 /Index/index/p/2.html
INFO: [ app_init ] --START--
INFO: Run Behavior\BuildLiteBehavior [ RunTime:0.000013s ]
INFO: [ app_init ] --END-- [ RunTime:0.000083s ]
INFO: [ app_begin ] --START--
INFO: Run Behavior\ReadHtmlCacheBehavior [ RunTime:0.000227s ]
INFO: [ app_begin ] --END-- [ RunTime:0.000290s ]
SQL: SHOW COLUMNS FROM `yy_category` [ RunTime:0.0004s ]
SQL: SHOW COLUMNS FROM `yy_category` [ RunTime:0.0003s ]
SQL: SELECT * FROM `yy_category` WHERE `is_delete` = 0 AND `parent` = 0  [ RunTime:0.0002s ]
SQL: SHOW COLUMNS FROM `yy_product_type` [ RunTime:0.0007s ]
SQL: SHOW COLUMNS FROM `yy_product_type` [ RunTime:0.0006s ]
SQL: SHOW COLUMNS FROM `yy_article` [ RunTime:0.0009s ]
SQL: SHOW COLUMNS FROM `yy_article` [ RunTime:0.0005s ]
SQL: SHOW COLUMNS FROM `yy_article_tag` [ RunTime:0.0006s ]
SQL: SHOW COLUMNS FROM `yy_article_tag` [ RunTime:0.0004s ]
SQL: SELECT * FROM `yy_product_type` WHERE `parent_id` = 0 AND `is_delete` = 0  [ RunTime:0.0002s ]
SQL: SELECT * FROM `yy_product_type` WHERE `parent_id` = 0 AND `hot` = 1 AND `is_delete` = 0  [ RunTime:0.0002s ]
SQL: SELECT * FROM `yy_article` WHERE `product_type_id` = 1 AND `is_delete` = 0 ORDER BY id desc LIMIT 6   [ RunTime:0.0003s ]
SQL: SELECT * FROM `yy_article` WHERE `product_type_id` = 2 AND `is_delete` = 0 ORDER BY id desc LIMIT 6   [ RunTime:0.0002s ]
SQL: SELECT * FROM `yy_article` WHERE `product_type_id` = 3 AND `is_delete` = 0 ORDER BY id desc LIMIT 6   [ RunTime:0.0002s ]
SQL: SELECT * FROM `yy_article` WHERE `product_type_id` = 4 AND `is_delete` = 0 ORDER BY id desc LIMIT 6   [ RunTime:0.0002s ]
SQL: SELECT * FROM `yy_article` WHERE `product_type_id` = 5 AND `is_delete` = 0 ORDER BY id desc LIMIT 6   [ RunTime:0.0002s ]
SQL: SELECT * FROM `yy_article` WHERE `product_type_id` = 6 AND `is_delete` = 0 ORDER BY id desc LIMIT 6   [ RunTime:0.0002s ]
SQL: SELECT COUNT(id) AS tp_count FROM `yy_article` WHERE `is_delete` = 0 LIMIT 1   [ RunTime:0.0001s ]
SQL: SELECT yy_article.*,yy_country.name as countryName FROM `yy_article` INNER JOIN yy_country on yy_article.country_id=yy_country.id  ORDER BY id desc LIMIT 10,10   [ RunTime:0.0006s ]
SQL: SELECT yy_tag.tag_name FROM `yy_article_tag` INNER JOIN yy_tag on yy_article_tag.tag_id=yy_tag.id  WHERE yy_article_tag.article_id = '13'  [ RunTime:0.0002s ]
NOTIC: [8] Undefined index: user_set_good /Users/conan/haitao/Application/Home/Controller/IndexController.class.php 第 23 行.
SQL: SELECT yy_tag.tag_name FROM `yy_article_tag` INNER JOIN yy_tag on yy_article_tag.tag_id=yy_tag.id  WHERE yy_article_tag.article_id = '12'  [ RunTime:0.0002s ]
NOTIC: [8] Undefined index: user_set_good /Users/conan/haitao/Application/Home/Controller/IndexController.class.php 第 23 行.
SQL: SELECT yy_tag.tag_name FROM `yy_article_tag` INNER JOIN yy_tag on yy_article_tag.tag_id=yy_tag.id  WHERE yy_article_tag.article_id = '11'  [ RunTime:0.0002s ]
NOTIC: [8] Undefined index: user_set_good /Users/conan/haitao/Application/Home/Controller/IndexController.class.php 第 23 行.
SQL: SELECT yy_tag.tag_name FROM `yy_article_tag` INNER JOIN yy_tag on yy_article_tag.tag_id=yy_tag.id  WHERE yy_article_tag.article_id = '10'  [ RunTime:0.0001s ]
NOTIC: [8] Undefined index: user_set_good /Users/conan/haitao/Application/Home/Controller/IndexController.class.php 第 23 行.
SQL: SELECT yy_tag.tag_name FROM `yy_article_tag` INNER JOIN yy_tag on yy_article_tag.tag_id=yy_tag.id  WHERE yy_article_tag.article_id = '9'  [ RunTime:0.0002s ]
NOTIC: [8] Undefined index: user_set_good /Users/conan/haitao/Application/Home/Controller/IndexController.class.php 第 23 行.
SQL: SELECT yy_tag.tag_name FROM `yy_article_tag` INNER JOIN yy_tag on yy_article_tag.tag_id=yy_tag.id  WHERE yy_article_tag.article_id = '8'  [ RunTime:0.0001s ]
NOTIC: [8] Undefined index: user_set_good /Users/conan/haitao/Application/Home/Controller/IndexController.class.php 第 23 行.
SQL: SELECT yy_tag.tag_name FROM `yy_article_tag` INNER JOIN yy_tag on yy_article_tag.tag_id=yy_tag.id  WHERE yy_article_tag.article_id = '7'  [ RunTime:0.0001s ]
NOTIC: [8] Undefined index: user_set_good /Users/conan/haitao/Application/Home/Controller/IndexController.class.php 第 23 行.
SQL: SELECT yy_tag.tag_name FROM `yy_article_tag` INNER JOIN yy_tag on yy_article_tag.tag_id=yy_tag.id  WHERE yy_article_tag.article_id = '6'  [ RunTime:0.0002s ]
NOTIC: [8] Undefined index: user_set_good /Users/conan/haitao/Application/Home/Controller/IndexController.class.php 第 23 行.
SQL: SELECT yy_tag.tag_name FROM `yy_article_tag` INNER JOIN yy_tag on yy_article_tag.tag_id=yy_tag.id  WHERE yy_article_tag.article_id = '5'  [ RunTime:0.0017s ]
NOTIC: [8] Undefined index: user_set_good /Users/conan/haitao/Application/Home/Controller/IndexController.class.php 第 23 行.
SQL: SELECT yy_tag.tag_name FROM `yy_article_tag` INNER JOIN yy_tag on yy_article_tag.tag_id=yy_tag.id  WHERE yy_article_tag.article_id = '4'  [ RunTime:0.0008s ]
NOTIC: [8] Undefined index: user_set_good /Users/conan/haitao/Application/Home/Controller/IndexController.class.php 第 23 行.
INFO: [ view_parse ] --START--
INFO: [ template_filter ] --START--
INFO: Run Behavior\ContentReplaceBehavior [ RunTime:0.000152s ]
INFO: [ template_filter ] --END-- [ RunTime:0.000299s ]
NOTIC: [8] Undefined variable: id /Users/conan/haitao/Application/Runtime/Cache/Home/2a94b8bda04ff446dcedd42276fc99ee.php 第 29 行.
NOTIC: [8] Undefined variable: id /Users/conan/haitao/Application/Runtime/Cache/Home/2a94b8bda04ff446dcedd42276fc99ee.php 第 29 行.
NOTIC: [8] Undefined variable: id /Users/conan/haitao/Application/Runtime/Cache/Home/2a94b8bda04ff446dcedd42276fc99ee.php 第 29 行.
NOTIC: [8] Undefined variable: id /Users/conan/haitao/Application/Runtime/Cache/Home/2a94b8bda04ff446dcedd42276fc99ee.php 第 29 行.
NOTIC: [8] Undefined variable: id /Users/conan/haitao/Application/Runtime/Cache/Home/2a94b8bda04ff446dcedd42276fc99ee.php 第 29 行.
INFO: Run Behavior\ParseTemplateBehavior [ RunTime:0.017443s ]
INFO: [ view_parse ] --END-- [ RunTime:0.017520s ]
INFO: [ view_filter ] --START--
INFO: Run Behavior\WriteHtmlCacheBehavior [ RunTime:0.000154s ]
INFO: [ view_filter ] --END-- [ RunTime:0.000222s ]
INFO: [ app_end ] --START--
INFO: Run Behavior\ShowPageTraceBehavior [ RunTime:0.000393s ]
INFO: [ app_end ] --END-- [ RunTime:0.000480s ]

[ 2016-07-26T22:17:48+08:00 ] 127.0.0.1 /Public/images/image1.gif
INFO: [ app_init ] --START--
INFO: Run Behavior\BuildLiteBehavior [ RunTime:0.000015s ]
INFO: [ app_init ] --END-- [ RunTime:0.000088s ]

[ 2016-07-26T22:17:48+08:00 ] 127.0.0.1 /Public/images/image2.gif
INFO: [ app_init ] --START--
INFO: Run Behavior\BuildLiteBehavior [ RunTime:0.000016s ]
INFO: [ app_init ] --END-- [ RunTime:0.000091s ]

[ 2016-07-26T22:19:34+08:00 ] 127.0.0.1 /Article/alist/t/3
INFO: [ app_init ] --START--
INFO: Run Behavior\BuildLiteBehavior [ RunTime:0.000018s ]
INFO: [ app_init ] --END-- [ RunTime:0.000100s ]
INFO: [ app_begin ] --START--
INFO: Run Behavior\ReadHtmlCacheBehavior [ RunTime:0.000812s ]
INFO: [ app_begin ] --END-- [ RunTime:0.000964s ]
SQL: SHOW COLUMNS FROM `yy_category` [ RunTime:0.0005s ]
SQL: SHOW COLUMNS FROM `yy_category` [ RunTime:0.0004s ]
SQL: SELECT * FROM `yy_category` WHERE `is_delete` = 0 AND `parent` = 0  [ RunTime:0.0003s ]
SQL: SHOW COLUMNS FROM `yy_article` [ RunTime:0.0010s ]
SQL: SHOW COLUMNS FROM `yy_article` [ RunTime:0.0006s ]
SQL: SELECT COUNT(id) AS tp_count FROM `yy_article` WHERE `category_id` = 3 AND `title` LIKE '%%' AND `is_delete` = 0 LIMIT 1   [ RunTime:0.0022s ]
SQL: SELECT yy_article.*,yy_country.name as countryName FROM `yy_article` INNER JOIN yy_country on yy_article.country_id=yy_country.id  WHERE `category_id` = '3' AND `title` LIKE '%%' ORDER BY id desc LIMIT 0,10   [ RunTime:0.0007s ]
NOTIC: [8] Undefined index: user_set_good /Users/conan/haitao/Application/Home/Controller/ArticleController.class.php 第 17 行.
NOTIC: [8] Undefined index: user_set_good /Users/conan/haitao/Application/Home/Controller/ArticleController.class.php 第 17 行.
INFO: [ view_parse ] --START--
INFO: [ template_filter ] --START--
INFO: Run Behavior\ContentReplaceBehavior [ RunTime:0.000073s ]
INFO: [ template_filter ] --END-- [ RunTime:0.000147s ]
NOTIC: [8] Undefined variable: id /Users/conan/haitao/Application/Runtime/Cache/Home/ff8d2e9a08e5b8bee21d40e9b5c7e8b2.php 第 29 行.
NOTIC: [8] Undefined variable: id /Users/conan/haitao/Application/Runtime/Cache/Home/ff8d2e9a08e5b8bee21d40e9b5c7e8b2.php 第 29 行.
NOTIC: [8] Undefined variable: id /Users/conan/haitao/Application/Runtime/Cache/Home/ff8d2e9a08e5b8bee21d40e9b5c7e8b2.php 第 29 行.
NOTIC: [8] Undefined variable: id /Users/conan/haitao/Application/Runtime/Cache/Home/ff8d2e9a08e5b8bee21d40e9b5c7e8b2.php 第 29 行.
NOTIC: [8] Undefined variable: id /Users/conan/haitao/Application/Runtime/Cache/Home/ff8d2e9a08e5b8bee21d40e9b5c7e8b2.php 第 29 行.
NOTIC: [2] substr() expects at most 3 parameters, 4 given /Users/conan/haitao/Application/Common/Common/function.php 第 569 行.
INFO: Run Behavior\ParseTemplateBehavior [ RunTime:0.016897s ]
INFO: [ view_parse ] --END-- [ RunTime:0.016998s ]
INFO: [ view_filter ] --START--
INFO: Run Behavior\WriteHtmlCacheBehavior [ RunTime:0.000219s ]
INFO: [ view_filter ] --END-- [ RunTime:0.000326s ]
INFO: [ app_end ] --START--
INFO: Run Behavior\ShowPageTraceBehavior [ RunTime:0.000529s ]
INFO: [ app_end ] --END-- [ RunTime:0.000626s ]

