[ 2016-04-24T20:52:42+08:00 ] 127.0.0.1 /Profile/User/register.html
INFO: [ app_init ] --START--
INFO: Run Behavior\BuildLiteBehavior [ RunTime:0.000013s ]
INFO: [ app_init ] --END-- [ RunTime:0.000093s ]
INFO: [ app_begin ] --START--
INFO: Run Behavior\ReadHtmlCacheBehavior [ RunTime:0.000487s ]
INFO: [ app_begin ] --END-- [ RunTime:0.000557s ]
INFO: [ view_parse ] --START--
INFO: [ template_filter ] --START--
INFO: Run Behavior\ContentReplaceBehavior [ RunTime:0.000117s ]
INFO: [ template_filter ] --END-- [ RunTime:0.000187s ]
NOTIC: [8] Undefined variable: id /Users/conan/ht_home/Application/Runtime/Cache/Profile/d8973804fdd7dcf730c13ad42da145ed.php 第 29 行.
NOTIC: [8] Undefined variable: id /Users/conan/ht_home/Application/Runtime/Cache/Profile/d8973804fdd7dcf730c13ad42da145ed.php 第 29 行.
NOTIC: [8] Undefined variable: id /Users/conan/ht_home/Application/Runtime/Cache/Profile/d8973804fdd7dcf730c13ad42da145ed.php 第 29 行.
NOTIC: [8] Undefined variable: id /Users/conan/ht_home/Application/Runtime/Cache/Profile/d8973804fdd7dcf730c13ad42da145ed.php 第 29 行.
NOTIC: [8] Undefined variable: id /Users/conan/ht_home/Application/Runtime/Cache/Profile/d8973804fdd7dcf730c13ad42da145ed.php 第 29 行.
NOTIC: [8] Undefined variable: id /Users/conan/ht_home/Application/Runtime/Cache/Profile/d8973804fdd7dcf730c13ad42da145ed.php 第 29 行.
INFO: Run Behavior\ParseTemplateBehavior [ RunTime:0.008204s ]
INFO: [ view_parse ] --END-- [ RunTime:0.008253s ]
INFO: [ view_filter ] --START--
INFO: Run Behavior\WriteHtmlCacheBehavior [ RunTime:0.000159s ]
INFO: [ view_filter ] --END-- [ RunTime:0.000180s ]
INFO: [ app_end ] --START--
INFO: Run Behavior\ShowPageTraceBehavior [ RunTime:0.000562s ]
INFO: [ app_end ] --END-- [ RunTime:0.000628s ]

[ 2016-04-24T20:52:43+08:00 ] 127.0.0.1 /Profile/User/login.html
INFO: [ app_init ] --START--
INFO: Run Behavior\BuildLiteBehavior [ RunTime:0.000007s ]
INFO: [ app_init ] --END-- [ RunTime:0.000040s ]
INFO: [ app_begin ] --START--
INFO: Run Behavior\ReadHtmlCacheBehavior [ RunTime:0.000229s ]
INFO: [ app_begin ] --END-- [ RunTime:0.000259s ]
INFO: [ view_parse ] --START--
INFO: [ template_filter ] --START--
INFO: Run Behavior\ContentReplaceBehavior [ RunTime:0.000141s ]
INFO: [ template_filter ] --END-- [ RunTime:0.000270s ]
NOTIC: [8] Undefined variable: id /Users/conan/ht_home/Application/Runtime/Cache/Profile/c82c006290aff218b74788eac421ef53.php 第 29 行.
NOTIC: [8] Undefined variable: id /Users/conan/ht_home/Application/Runtime/Cache/Profile/c82c006290aff218b74788eac421ef53.php 第 29 行.
NOTIC: [8] Undefined variable: id /Users/conan/ht_home/Application/Runtime/Cache/Profile/c82c006290aff218b74788eac421ef53.php 第 29 行.
NOTIC: [8] Undefined variable: id /Users/conan/ht_home/Application/Runtime/Cache/Profile/c82c006290aff218b74788eac421ef53.php 第 29 行.
NOTIC: [8] Undefined variable: id /Users/conan/ht_home/Application/Runtime/Cache/Profile/c82c006290aff218b74788eac421ef53.php 第 29 行.
NOTIC: [8] Undefined variable: id /Users/conan/ht_home/Application/Runtime/Cache/Profile/c82c006290aff218b74788eac421ef53.php 第 29 行.
INFO: Run Behavior\ParseTemplateBehavior [ RunTime:0.014404s ]
INFO: [ view_parse ] --END-- [ RunTime:0.014462s ]
INFO: [ view_filter ] --START--
INFO: Run Behavior\WriteHtmlCacheBehavior [ RunTime:0.000136s ]
INFO: [ view_filter ] --END-- [ RunTime:0.000160s ]
INFO: [ app_end ] --START--
INFO: Run Behavior\ShowPageTraceBehavior [ RunTime:0.000453s ]
INFO: [ app_end ] --END-- [ RunTime:0.000493s ]

[ 2016-04-24T20:52:51+08:00 ] 127.0.0.1 /Profile/User/login.html
INFO: [ app_init ] --START--
INFO: Run Behavior\BuildLiteBehavior [ RunTime:0.000006s ]
INFO: [ app_init ] --END-- [ RunTime:0.000038s ]
INFO: [ app_begin ] --START--
INFO: Run Behavior\ReadHtmlCacheBehavior [ RunTime:0.000201s ]
INFO: [ app_begin ] --END-- [ RunTime:0.000225s ]
SQL: SHOW COLUMNS FROM `yy_users` [ RunTime:0.0020s ]
SQL: SHOW COLUMNS FROM `yy_users` [ RunTime:0.0003s ]
SQL: SELECT * FROM `yy_users` WHERE `email` = 'conandd@163.com' LIMIT 1   [ RunTime:0.0006s ]

[ 2016-04-24T20:53:07+08:00 ] 127.0.0.1 /Profile/User/login.html
INFO: [ app_init ] --START--
INFO: Run Behavior\BuildLiteBehavior [ RunTime:0.000006s ]
INFO: [ app_init ] --END-- [ RunTime:0.000040s ]
INFO: [ app_begin ] --START--
INFO: Run Behavior\ReadHtmlCacheBehavior [ RunTime:0.000345s ]
INFO: [ app_begin ] --END-- [ RunTime:0.000399s ]
SQL: SHOW COLUMNS FROM `yy_users` [ RunTime:0.0004s ]
SQL: SHOW COLUMNS FROM `yy_users` [ RunTime:0.0003s ]
SQL: SELECT * FROM `yy_users` WHERE `email` = 'conanddd@163.com' LIMIT 1   [ RunTime:0.0002s ]

[ 2016-04-24T20:53:15+08:00 ] 127.0.0.1 /Profile/User/login.html
INFO: [ app_init ] --START--
INFO: Run Behavior\BuildLiteBehavior [ RunTime:0.000007s ]
INFO: [ app_init ] --END-- [ RunTime:0.000040s ]
INFO: [ app_begin ] --START--
INFO: Run Behavior\ReadHtmlCacheBehavior [ RunTime:0.000213s ]
INFO: [ app_begin ] --END-- [ RunTime:0.000239s ]
SQL: SHOW COLUMNS FROM `yy_users` [ RunTime:0.0004s ]
SQL: SHOW COLUMNS FROM `yy_users` [ RunTime:0.0003s ]
SQL: SELECT * FROM `yy_users` WHERE `email` = 'conanddd@163.com' LIMIT 1   [ RunTime:0.0002s ]

[ 2016-04-24T20:53:37+08:00 ] 127.0.0.1 /Profile/User/login.html
INFO: [ app_init ] --START--
INFO: Run Behavior\BuildLiteBehavior [ RunTime:0.000008s ]
INFO: [ app_init ] --END-- [ RunTime:0.000048s ]
INFO: [ app_begin ] --START--
INFO: Run Behavior\ReadHtmlCacheBehavior [ RunTime:0.000230s ]
INFO: [ app_begin ] --END-- [ RunTime:0.000259s ]
SQL: SHOW COLUMNS FROM `yy_users` [ RunTime:0.0004s ]
SQL: SHOW COLUMNS FROM `yy_users` [ RunTime:0.0003s ]
SQL: SELECT * FROM `yy_users` WHERE `email` = 'conaddd@163.com' LIMIT 1   [ RunTime:0.0002s ]

[ 2016-04-24T20:53:42+08:00 ] 127.0.0.1 /Profile/User/index.html
INFO: [ app_init ] --START--
INFO: Run Behavior\BuildLiteBehavior [ RunTime:0.000008s ]
INFO: [ app_init ] --END-- [ RunTime:0.000042s ]
INFO: [ app_begin ] --START--
INFO: Run Behavior\ReadHtmlCacheBehavior [ RunTime:0.000223s ]
INFO: [ app_begin ] --END-- [ RunTime:0.000252s ]
INFO: [ view_parse ] --START--
INFO: [ template_filter ] --START--
INFO: Run Behavior\ContentReplaceBehavior [ RunTime:0.000086s ]
INFO: [ template_filter ] --END-- [ RunTime:0.000132s ]
NOTIC: [8] Undefined variable: id /Users/conan/ht_home/Application/Runtime/Cache/Profile/4c9e4b27c8af016e76176bf4b1229d6f.php 第 19 行.
NOTIC: [8] Undefined variable: id /Users/conan/ht_home/Application/Runtime/Cache/Profile/4c9e4b27c8af016e76176bf4b1229d6f.php 第 19 行.
NOTIC: [8] Undefined variable: id /Users/conan/ht_home/Application/Runtime/Cache/Profile/4c9e4b27c8af016e76176bf4b1229d6f.php 第 19 行.
NOTIC: [8] Undefined variable: id /Users/conan/ht_home/Application/Runtime/Cache/Profile/4c9e4b27c8af016e76176bf4b1229d6f.php 第 19 行.
NOTIC: [8] Undefined variable: id /Users/conan/ht_home/Application/Runtime/Cache/Profile/4c9e4b27c8af016e76176bf4b1229d6f.php 第 19 行.
NOTIC: [8] Undefined variable: id /Users/conan/ht_home/Application/Runtime/Cache/Profile/4c9e4b27c8af016e76176bf4b1229d6f.php 第 19 行.
INFO: Run Behavior\ParseTemplateBehavior [ RunTime:0.022995s ]
INFO: [ view_parse ] --END-- [ RunTime:0.023022s ]
INFO: [ view_filter ] --START--
INFO: Run Behavior\WriteHtmlCacheBehavior [ RunTime:0.000114s ]
INFO: [ view_filter ] --END-- [ RunTime:0.000134s ]
INFO: [ app_end ] --START--
INFO: Run Behavior\ShowPageTraceBehavior [ RunTime:0.000382s ]
INFO: [ app_end ] --END-- [ RunTime:0.000422s ]

[ 2016-04-24T20:53:44+08:00 ] 127.0.0.1 /Profile/User/publish.html
INFO: [ app_init ] --START--
INFO: Run Behavior\BuildLiteBehavior [ RunTime:0.000014s ]
INFO: [ app_init ] --END-- [ RunTime:0.000067s ]
INFO: [ app_begin ] --START--
INFO: Run Behavior\ReadHtmlCacheBehavior [ RunTime:0.000263s ]
INFO: [ app_begin ] --END-- [ RunTime:0.000301s ]
INFO: [ view_parse ] --START--
INFO: [ template_filter ] --START--
INFO: Run Behavior\ContentReplaceBehavior [ RunTime:0.000085s ]
INFO: [ template_filter ] --END-- [ RunTime:0.000120s ]
NOTIC: [8] Undefined variable: id /Users/conan/ht_home/Application/Runtime/Cache/Profile/6a94953b8ff696e1992261096226f1ae.php 第 19 行.
NOTIC: [8] Undefined variable: id /Users/conan/ht_home/Application/Runtime/Cache/Profile/6a94953b8ff696e1992261096226f1ae.php 第 19 行.
NOTIC: [8] Undefined variable: id /Users/conan/ht_home/Application/Runtime/Cache/Profile/6a94953b8ff696e1992261096226f1ae.php 第 19 行.
NOTIC: [8] Undefined variable: id /Users/conan/ht_home/Application/Runtime/Cache/Profile/6a94953b8ff696e1992261096226f1ae.php 第 19 行.
NOTIC: [8] Undefined variable: id /Users/conan/ht_home/Application/Runtime/Cache/Profile/6a94953b8ff696e1992261096226f1ae.php 第 19 行.
NOTIC: [8] Undefined variable: id /Users/conan/ht_home/Application/Runtime/Cache/Profile/6a94953b8ff696e1992261096226f1ae.php 第 19 行.
INFO: Run Behavior\ParseTemplateBehavior [ RunTime:0.013603s ]
INFO: [ view_parse ] --END-- [ RunTime:0.013669s ]
INFO: [ view_filter ] --START--
INFO: Run Behavior\WriteHtmlCacheBehavior [ RunTime:0.000123s ]
INFO: [ view_filter ] --END-- [ RunTime:0.000156s ]
INFO: [ app_end ] --START--
INFO: Run Behavior\ShowPageTraceBehavior [ RunTime:0.000353s ]
INFO: [ app_end ] --END-- [ RunTime:0.000416s ]

[ 2016-04-24T21:20:44+08:00 ] 127.0.0.1 /Profile/User/upload.html
INFO: [ app_init ] --START--
INFO: Run Behavior\BuildLiteBehavior [ RunTime:0.000018s ]
INFO: [ app_init ] --END-- [ RunTime:0.000100s ]
INFO: [ app_begin ] --START--
INFO: Run Behavior\ReadHtmlCacheBehavior [ RunTime:0.000484s ]
INFO: [ app_begin ] --END-- [ RunTime:0.000529s ]

[ 2016-04-24T21:37:02+08:00 ] 127.0.0.1 /Profile/User/upload.html
INFO: [ app_init ] --START--
INFO: Run Behavior\BuildLiteBehavior [ RunTime:0.000008s ]
INFO: [ app_init ] --END-- [ RunTime:0.000044s ]
INFO: [ app_begin ] --START--
INFO: Run Behavior\ReadHtmlCacheBehavior [ RunTime:0.000443s ]
INFO: [ app_begin ] --END-- [ RunTime:0.000482s ]
NOTIC: [2] mkdir(): Permission denied /Users/conan/ht_home/Application/Profile/Controller/UserController.class.php 第 81 行.

[ 2016-04-24T21:38:28+08:00 ] 127.0.0.1 /Profile/User/upload.html
INFO: [ app_init ] --START--
INFO: Run Behavior\BuildLiteBehavior [ RunTime:0.000008s ]
INFO: [ app_init ] --END-- [ RunTime:0.000046s ]
INFO: [ app_begin ] --START--
INFO: Run Behavior\ReadHtmlCacheBehavior [ RunTime:0.000475s ]
INFO: [ app_begin ] --END-- [ RunTime:0.000539s ]
NOTIC: [2] mkdir(): Permission denied /Users/conan/ht_home/Application/Profile/Controller/UserController.class.php 第 81 行.

[ 2016-04-24T21:38:41+08:00 ] 127.0.0.1 /Profile/User/upload.html
INFO: [ app_init ] --START--
INFO: Run Behavior\BuildLiteBehavior [ RunTime:0.000008s ]
INFO: [ app_init ] --END-- [ RunTime:0.000045s ]
INFO: [ app_begin ] --START--
INFO: Run Behavior\ReadHtmlCacheBehavior [ RunTime:0.000233s ]
INFO: [ app_begin ] --END-- [ RunTime:0.000259s ]
NOTIC: [2] mkdir(): Permission denied /Users/conan/ht_home/Application/Profile/Controller/UserController.class.php 第 81 行.

[ 2016-04-24T21:39:19+08:00 ] 127.0.0.1 /Profile/User/upload.html
INFO: [ app_init ] --START--
INFO: Run Behavior\BuildLiteBehavior [ RunTime:0.000008s ]
INFO: [ app_init ] --END-- [ RunTime:0.000043s ]
INFO: [ app_begin ] --START--
INFO: Run Behavior\ReadHtmlCacheBehavior [ RunTime:0.000442s ]
INFO: [ app_begin ] --END-- [ RunTime:0.000483s ]
NOTIC: [2] mkdir(): Permission denied /Users/conan/ht_home/Application/Profile/Controller/UserController.class.php 第 81 行.

[ 2016-04-24T21:39:36+08:00 ] 127.0.0.1 /Profile/User/upload.html
INFO: [ app_init ] --START--
INFO: Run Behavior\BuildLiteBehavior [ RunTime:0.000007s ]
INFO: [ app_init ] --END-- [ RunTime:0.000041s ]
INFO: [ app_begin ] --START--
INFO: Run Behavior\ReadHtmlCacheBehavior [ RunTime:0.000400s ]
INFO: [ app_begin ] --END-- [ RunTime:0.000433s ]
NOTIC: [2] mkdir(): Permission denied /Users/conan/ht_home/Application/Profile/Controller/UserController.class.php 第 81 行.

[ 2016-04-24T21:39:37+08:00 ] 127.0.0.1 /Profile/User/upload.html
INFO: [ app_init ] --START--
INFO: Run Behavior\BuildLiteBehavior [ RunTime:0.000007s ]
INFO: [ app_init ] --END-- [ RunTime:0.000038s ]
INFO: [ app_begin ] --START--
INFO: Run Behavior\ReadHtmlCacheBehavior [ RunTime:0.000211s ]
INFO: [ app_begin ] --END-- [ RunTime:0.000238s ]
NOTIC: [2] mkdir(): Permission denied /Users/conan/ht_home/Application/Profile/Controller/UserController.class.php 第 81 行.

[ 2016-04-24T21:44:10+08:00 ] 127.0.0.1 /Profile/User/upload.html
INFO: [ app_init ] --START--
INFO: Run Behavior\BuildLiteBehavior [ RunTime:0.000009s ]
INFO: [ app_init ] --END-- [ RunTime:0.000045s ]
INFO: [ app_begin ] --START--
INFO: Run Behavior\ReadHtmlCacheBehavior [ RunTime:0.000487s ]
INFO: [ app_begin ] --END-- [ RunTime:0.000531s ]
NOTIC: [2] mkdir(): Permission denied /Users/conan/ht_home/Application/Profile/Controller/UserController.class.php 第 81 行.

[ 2016-04-24T21:44:56+08:00 ] 127.0.0.1 /Profile/User/upload.html
INFO: [ app_init ] --START--
INFO: Run Behavior\BuildLiteBehavior [ RunTime:0.000008s ]
INFO: [ app_init ] --END-- [ RunTime:0.000042s ]
INFO: [ app_begin ] --START--
INFO: Run Behavior\ReadHtmlCacheBehavior [ RunTime:0.000434s ]
INFO: [ app_begin ] --END-- [ RunTime:0.000473s ]

[ 2016-04-24T21:46:57+08:00 ] 127.0.0.1 /Profile/User/upload.html
INFO: [ app_init ] --START--
INFO: Run Behavior\BuildLiteBehavior [ RunTime:0.000008s ]
INFO: [ app_init ] --END-- [ RunTime:0.000044s ]
INFO: [ app_begin ] --START--
INFO: Run Behavior\ReadHtmlCacheBehavior [ RunTime:0.000439s ]
INFO: [ app_begin ] --END-- [ RunTime:0.000480s ]
NOTIC: [8] Undefined index: UPLOAD_PATH /Users/conan/ht_home/Application/Profile/Controller/UserController.class.php 第 79 行.

[ 2016-04-24T21:48:46+08:00 ] 127.0.0.1 /Profile/User/upload.html
INFO: [ app_init ] --START--
INFO: Run Behavior\BuildLiteBehavior [ RunTime:0.000009s ]
INFO: [ app_init ] --END-- [ RunTime:0.000048s ]
INFO: [ app_begin ] --START--
INFO: Run Behavior\ReadHtmlCacheBehavior [ RunTime:0.000462s ]
INFO: [ app_begin ] --END-- [ RunTime:0.000504s ]

[ 2016-04-24T21:49:17+08:00 ] 127.0.0.1 /Profile/User/upload.html
INFO: [ app_init ] --START--
INFO: Run Behavior\BuildLiteBehavior [ RunTime:0.000009s ]
INFO: [ app_init ] --END-- [ RunTime:0.000048s ]
INFO: [ app_begin ] --START--
INFO: Run Behavior\ReadHtmlCacheBehavior [ RunTime:0.000270s ]
INFO: [ app_begin ] --END-- [ RunTime:0.000305s ]
NOTIC: [8] Undefined index: fileToUpload /Users/conan/ht_home/Application/Profile/Controller/UserController.class.php 第 83 行.

[ 2016-04-24T21:51:53+08:00 ] 127.0.0.1 /Profile/User/publish.html
INFO: [ app_init ] --START--
INFO: Run Behavior\BuildLiteBehavior [ RunTime:0.000007s ]
INFO: [ app_init ] --END-- [ RunTime:0.000038s ]
INFO: [ app_begin ] --START--
INFO: Run Behavior\ReadHtmlCacheBehavior [ RunTime:0.000216s ]
INFO: [ app_begin ] --END-- [ RunTime:0.000244s ]
INFO: [ view_parse ] --START--
INFO: [ template_filter ] --START--
INFO: Run Behavior\ContentReplaceBehavior [ RunTime:0.000088s ]
INFO: [ template_filter ] --END-- [ RunTime:0.000124s ]
NOTIC: [8] Undefined variable: id /Users/conan/ht_home/Application/Runtime/Cache/Profile/6a94953b8ff696e1992261096226f1ae.php 第 19 行.
NOTIC: [8] Undefined variable: id /Users/conan/ht_home/Application/Runtime/Cache/Profile/6a94953b8ff696e1992261096226f1ae.php 第 19 行.
NOTIC: [8] Undefined variable: id /Users/conan/ht_home/Application/Runtime/Cache/Profile/6a94953b8ff696e1992261096226f1ae.php 第 19 行.
NOTIC: [8] Undefined variable: id /Users/conan/ht_home/Application/Runtime/Cache/Profile/6a94953b8ff696e1992261096226f1ae.php 第 19 行.
NOTIC: [8] Undefined variable: id /Users/conan/ht_home/Application/Runtime/Cache/Profile/6a94953b8ff696e1992261096226f1ae.php 第 19 行.
NOTIC: [8] Undefined variable: id /Users/conan/ht_home/Application/Runtime/Cache/Profile/6a94953b8ff696e1992261096226f1ae.php 第 19 行.
INFO: Run Behavior\ParseTemplateBehavior [ RunTime:0.025424s ]
INFO: [ view_parse ] --END-- [ RunTime:0.025456s ]
INFO: [ view_filter ] --START--
INFO: Run Behavior\WriteHtmlCacheBehavior [ RunTime:0.000310s ]
INFO: [ view_filter ] --END-- [ RunTime:0.000338s ]
INFO: [ app_end ] --START--
INFO: Run Behavior\ShowPageTraceBehavior [ RunTime:0.000558s ]
INFO: [ app_end ] --END-- [ RunTime:0.000607s ]

[ 2016-04-24T21:53:02+08:00 ] 127.0.0.1 /Profile/User/publish.html
INFO: [ app_init ] --START--
INFO: Run Behavior\BuildLiteBehavior [ RunTime:0.000008s ]
INFO: [ app_init ] --END-- [ RunTime:0.000042s ]
INFO: [ app_begin ] --START--
INFO: Run Behavior\ReadHtmlCacheBehavior [ RunTime:0.000231s ]
INFO: [ app_begin ] --END-- [ RunTime:0.000262s ]
SQL: SHOW COLUMNS FROM `yy_category` [ RunTime:0.0006s ]
SQL: SHOW COLUMNS FROM `yy_category` [ RunTime:0.0004s ]
SQL: SELECT * FROM `yy_category` WHERE `is_delete` = 0 AND `parent` = 0  [ RunTime:0.0003s ]
INFO: [ view_parse ] --START--
INFO: [ template_filter ] --START--
INFO: Run Behavior\ContentReplaceBehavior [ RunTime:0.000094s ]
INFO: [ template_filter ] --END-- [ RunTime:0.000133s ]
NOTIC: [8] Undefined variable: id /Users/conan/ht_home/Application/Runtime/Cache/Profile/6a94953b8ff696e1992261096226f1ae.php 第 19 行.
NOTIC: [8] Undefined variable: id /Users/conan/ht_home/Application/Runtime/Cache/Profile/6a94953b8ff696e1992261096226f1ae.php 第 19 行.
NOTIC: [8] Undefined variable: id /Users/conan/ht_home/Application/Runtime/Cache/Profile/6a94953b8ff696e1992261096226f1ae.php 第 19 行.
NOTIC: [8] Undefined variable: id /Users/conan/ht_home/Application/Runtime/Cache/Profile/6a94953b8ff696e1992261096226f1ae.php 第 19 行.
NOTIC: [8] Undefined variable: id /Users/conan/ht_home/Application/Runtime/Cache/Profile/6a94953b8ff696e1992261096226f1ae.php 第 19 行.
NOTIC: [8] Undefined variable: id /Users/conan/ht_home/Application/Runtime/Cache/Profile/6a94953b8ff696e1992261096226f1ae.php 第 19 行.
INFO: Run Behavior\ParseTemplateBehavior [ RunTime:0.008854s ]
INFO: [ view_parse ] --END-- [ RunTime:0.008887s ]
INFO: [ view_filter ] --START--
INFO: Run Behavior\WriteHtmlCacheBehavior [ RunTime:0.000118s ]
INFO: [ view_filter ] --END-- [ RunTime:0.000139s ]
INFO: [ app_end ] --START--
INFO: Run Behavior\ShowPageTraceBehavior [ RunTime:0.000387s ]
INFO: [ app_end ] --END-- [ RunTime:0.000435s ]

[ 2016-04-24T21:53:08+08:00 ] 127.0.0.1 /Profile/User/upload
INFO: [ app_init ] --START--
INFO: Run Behavior\BuildLiteBehavior [ RunTime:0.000008s ]
INFO: [ app_init ] --END-- [ RunTime:0.000042s ]
INFO: [ app_begin ] --START--
INFO: Run Behavior\ReadHtmlCacheBehavior [ RunTime:0.000283s ]
INFO: [ app_begin ] --END-- [ RunTime:0.000327s ]

[ 2016-04-24T21:53:49+08:00 ] 127.0.0.1 /Profile/User/upload
INFO: [ app_init ] --START--
INFO: Run Behavior\BuildLiteBehavior [ RunTime:0.000010s ]
INFO: [ app_init ] --END-- [ RunTime:0.000061s ]
INFO: [ app_begin ] --START--
INFO: Run Behavior\ReadHtmlCacheBehavior [ RunTime:0.000493s ]
INFO: [ app_begin ] --END-- [ RunTime:0.000551s ]

[ 2016-04-24T21:56:16+08:00 ] 127.0.0.1 /Profile/User/upload
INFO: [ app_init ] --START--
INFO: Run Behavior\BuildLiteBehavior [ RunTime:0.000009s ]
INFO: [ app_init ] --END-- [ RunTime:0.000046s ]
INFO: [ app_begin ] --START--
INFO: Run Behavior\ReadHtmlCacheBehavior [ RunTime:0.000435s ]
INFO: [ app_begin ] --END-- [ RunTime:0.000476s ]

[ 2016-04-24T21:57:21+08:00 ] 127.0.0.1 /Profile/User/upload
INFO: [ app_init ] --START--
INFO: Run Behavior\BuildLiteBehavior [ RunTime:0.000007s ]
INFO: [ app_init ] --END-- [ RunTime:0.000038s ]
INFO: [ app_begin ] --START--
INFO: Run Behavior\ReadHtmlCacheBehavior [ RunTime:0.000249s ]
INFO: [ app_begin ] --END-- [ RunTime:0.000279s ]

[ 2016-04-24T21:59:09+08:00 ] 127.0.0.1 /Profile/User/upload
INFO: [ app_init ] --START--
INFO: Run Behavior\BuildLiteBehavior [ RunTime:0.000011s ]
INFO: [ app_init ] --END-- [ RunTime:0.000050s ]
INFO: [ app_begin ] --START--
INFO: Run Behavior\ReadHtmlCacheBehavior [ RunTime:0.000529s ]
INFO: [ app_begin ] --END-- [ RunTime:0.000587s ]

[ 2016-04-24T21:59:43+08:00 ] 127.0.0.1 /Profile/User/upload
INFO: [ app_init ] --START--
INFO: Run Behavior\BuildLiteBehavior [ RunTime:0.000008s ]
INFO: [ app_init ] --END-- [ RunTime:0.000045s ]
INFO: [ app_begin ] --START--
INFO: Run Behavior\ReadHtmlCacheBehavior [ RunTime:0.000224s ]
INFO: [ app_begin ] --END-- [ RunTime:0.000252s ]

[ 2016-04-24T22:01:42+08:00 ] 127.0.0.1 /Profile/User/upload
INFO: [ app_init ] --START--
INFO: Run Behavior\BuildLiteBehavior [ RunTime:0.000008s ]
INFO: [ app_init ] --END-- [ RunTime:0.000042s ]
INFO: [ app_begin ] --START--
INFO: Run Behavior\ReadHtmlCacheBehavior [ RunTime:0.000244s ]
INFO: [ app_begin ] --END-- [ RunTime:0.000276s ]
INFO: [ app_end ] --START--
INFO: Run Behavior\ShowPageTraceBehavior [ RunTime:0.007145s ]
INFO: [ app_end ] --END-- [ RunTime:0.007285s ]

[ 2016-04-24T22:47:17+08:00 ] 127.0.0.1 /Profile/User/publish.html
INFO: [ app_init ] --START--
INFO: Run Behavior\BuildLiteBehavior [ RunTime:0.000008s ]
INFO: [ app_init ] --END-- [ RunTime:0.000049s ]
INFO: [ app_begin ] --START--
INFO: Run Behavior\ReadHtmlCacheBehavior [ RunTime:0.000439s ]
INFO: [ app_begin ] --END-- [ RunTime:0.000480s ]
INFO: [ view_parse ] --START--
INFO: [ template_filter ] --START--
INFO: Run Behavior\ContentReplaceBehavior [ RunTime:0.000107s ]
INFO: [ template_filter ] --END-- [ RunTime:0.000146s ]
NOTIC: [8] Undefined variable: id /Users/conan/ht_home/Application/Runtime/Cache/Profile/6a94953b8ff696e1992261096226f1ae.php 第 19 行.
NOTIC: [8] Undefined variable: id /Users/conan/ht_home/Application/Runtime/Cache/Profile/6a94953b8ff696e1992261096226f1ae.php 第 19 行.
NOTIC: [8] Undefined variable: id /Users/conan/ht_home/Application/Runtime/Cache/Profile/6a94953b8ff696e1992261096226f1ae.php 第 19 行.
NOTIC: [8] Undefined variable: id /Users/conan/ht_home/Application/Runtime/Cache/Profile/6a94953b8ff696e1992261096226f1ae.php 第 19 行.
NOTIC: [8] Undefined variable: id /Users/conan/ht_home/Application/Runtime/Cache/Profile/6a94953b8ff696e1992261096226f1ae.php 第 19 行.
NOTIC: [8] Undefined variable: id /Users/conan/ht_home/Application/Runtime/Cache/Profile/6a94953b8ff696e1992261096226f1ae.php 第 19 行.
INFO: Run Behavior\ParseTemplateBehavior [ RunTime:0.010183s ]
INFO: [ view_parse ] --END-- [ RunTime:0.010218s ]
INFO: [ view_filter ] --START--
INFO: Run Behavior\WriteHtmlCacheBehavior [ RunTime:0.000336s ]
INFO: [ view_filter ] --END-- [ RunTime:0.000367s ]
INFO: [ app_end ] --START--
INFO: Run Behavior\ShowPageTraceBehavior [ RunTime:0.000624s ]
INFO: [ app_end ] --END-- [ RunTime:0.000676s ]

[ 2016-04-24T22:47:21+08:00 ] 127.0.0.1 /Profile/User/upload
INFO: [ app_init ] --START--
INFO: Run Behavior\BuildLiteBehavior [ RunTime:0.000008s ]
INFO: [ app_init ] --END-- [ RunTime:0.000043s ]
INFO: [ app_begin ] --START--
INFO: Run Behavior\ReadHtmlCacheBehavior [ RunTime:0.000357s ]
INFO: [ app_begin ] --END-- [ RunTime:0.000396s ]
INFO: [ app_end ] --START--
INFO: Run Behavior\ShowPageTraceBehavior [ RunTime:0.000307s ]
INFO: [ app_end ] --END-- [ RunTime:0.000355s ]

[ 2016-04-24T22:49:08+08:00 ] 127.0.0.1 /Profile/User/publish.html
INFO: [ app_init ] --START--
INFO: Run Behavior\BuildLiteBehavior [ RunTime:0.000008s ]
INFO: [ app_init ] --END-- [ RunTime:0.000043s ]
INFO: [ app_begin ] --START--
INFO: Run Behavior\ReadHtmlCacheBehavior [ RunTime:0.000237s ]
INFO: [ app_begin ] --END-- [ RunTime:0.000267s ]
INFO: [ view_parse ] --START--
INFO: [ template_filter ] --START--
INFO: Run Behavior\ContentReplaceBehavior [ RunTime:0.000168s ]
INFO: [ template_filter ] --END-- [ RunTime:0.000256s ]
NOTIC: [8] Undefined variable: id /Users/conan/ht_home/Application/Runtime/Cache/Profile/6a94953b8ff696e1992261096226f1ae.php 第 19 行.
NOTIC: [8] Undefined variable: id /Users/conan/ht_home/Application/Runtime/Cache/Profile/6a94953b8ff696e1992261096226f1ae.php 第 19 行.
NOTIC: [8] Undefined variable: id /Users/conan/ht_home/Application/Runtime/Cache/Profile/6a94953b8ff696e1992261096226f1ae.php 第 19 行.
NOTIC: [8] Undefined variable: id /Users/conan/ht_home/Application/Runtime/Cache/Profile/6a94953b8ff696e1992261096226f1ae.php 第 19 行.
NOTIC: [8] Undefined variable: id /Users/conan/ht_home/Application/Runtime/Cache/Profile/6a94953b8ff696e1992261096226f1ae.php 第 19 行.
NOTIC: [8] Undefined variable: id /Users/conan/ht_home/Application/Runtime/Cache/Profile/6a94953b8ff696e1992261096226f1ae.php 第 19 行.
INFO: Run Behavior\ParseTemplateBehavior [ RunTime:0.010096s ]
INFO: [ view_parse ] --END-- [ RunTime:0.010191s ]
INFO: [ view_filter ] --START--
INFO: Run Behavior\WriteHtmlCacheBehavior [ RunTime:0.000536s ]
INFO: [ view_filter ] --END-- [ RunTime:0.000611s ]
INFO: [ app_end ] --START--
INFO: Run Behavior\ShowPageTraceBehavior [ RunTime:0.000399s ]
INFO: [ app_end ] --END-- [ RunTime:0.000451s ]

[ 2016-04-24T22:49:14+08:00 ] 127.0.0.1 /Profile/User/upload
INFO: [ app_init ] --START--
INFO: Run Behavior\BuildLiteBehavior [ RunTime:0.000025s ]
INFO: [ app_init ] --END-- [ RunTime:0.000144s ]
INFO: [ app_begin ] --START--
INFO: Run Behavior\ReadHtmlCacheBehavior [ RunTime:0.000274s ]
INFO: [ app_begin ] --END-- [ RunTime:0.000329s ]
INFO: [ app_end ] --START--
INFO: Run Behavior\ShowPageTraceBehavior [ RunTime:0.000253s ]
INFO: [ app_end ] --END-- [ RunTime:0.000292s ]

[ 2016-04-24T22:50:07+08:00 ] 127.0.0.1 /Profile/User/publish.html
INFO: [ app_init ] --START--
INFO: Run Behavior\BuildLiteBehavior [ RunTime:0.000007s ]
INFO: [ app_init ] --END-- [ RunTime:0.000040s ]
INFO: [ app_begin ] --START--
INFO: Run Behavior\ReadHtmlCacheBehavior [ RunTime:0.000235s ]
INFO: [ app_begin ] --END-- [ RunTime:0.000272s ]
INFO: [ view_parse ] --START--
INFO: [ template_filter ] --START--
INFO: Run Behavior\ContentReplaceBehavior [ RunTime:0.000098s ]
INFO: [ template_filter ] --END-- [ RunTime:0.000140s ]
NOTIC: [8] Undefined variable: id /Users/conan/ht_home/Application/Runtime/Cache/Profile/6a94953b8ff696e1992261096226f1ae.php 第 19 行.
NOTIC: [8] Undefined variable: id /Users/conan/ht_home/Application/Runtime/Cache/Profile/6a94953b8ff696e1992261096226f1ae.php 第 19 行.
NOTIC: [8] Undefined variable: id /Users/conan/ht_home/Application/Runtime/Cache/Profile/6a94953b8ff696e1992261096226f1ae.php 第 19 行.
NOTIC: [8] Undefined variable: id /Users/conan/ht_home/Application/Runtime/Cache/Profile/6a94953b8ff696e1992261096226f1ae.php 第 19 行.
NOTIC: [8] Undefined variable: id /Users/conan/ht_home/Application/Runtime/Cache/Profile/6a94953b8ff696e1992261096226f1ae.php 第 19 行.
NOTIC: [8] Undefined variable: id /Users/conan/ht_home/Application/Runtime/Cache/Profile/6a94953b8ff696e1992261096226f1ae.php 第 19 行.
INFO: Run Behavior\ParseTemplateBehavior [ RunTime:0.008220s ]
INFO: [ view_parse ] --END-- [ RunTime:0.008252s ]
INFO: [ view_filter ] --START--
INFO: Run Behavior\WriteHtmlCacheBehavior [ RunTime:0.000104s ]
INFO: [ view_filter ] --END-- [ RunTime:0.000125s ]
INFO: [ app_end ] --START--
INFO: Run Behavior\ShowPageTraceBehavior [ RunTime:0.000419s ]
INFO: [ app_end ] --END-- [ RunTime:0.000459s ]

[ 2016-04-24T22:50:12+08:00 ] 127.0.0.1 /Profile/User/upload
INFO: [ app_init ] --START--
INFO: Run Behavior\BuildLiteBehavior [ RunTime:0.000009s ]
INFO: [ app_init ] --END-- [ RunTime:0.000051s ]
INFO: [ app_begin ] --START--
INFO: Run Behavior\ReadHtmlCacheBehavior [ RunTime:0.000837s ]
INFO: [ app_begin ] --END-- [ RunTime:0.000919s ]
INFO: [ app_end ] --START--
INFO: Run Behavior\ShowPageTraceBehavior [ RunTime:0.000677s ]
INFO: [ app_end ] --END-- [ RunTime:0.000764s ]

[ 2016-04-24T22:50:36+08:00 ] 127.0.0.1 /Profile/User/publish.html
INFO: [ app_init ] --START--
INFO: Run Behavior\BuildLiteBehavior [ RunTime:0.000007s ]
INFO: [ app_init ] --END-- [ RunTime:0.000042s ]
INFO: [ app_begin ] --START--
INFO: Run Behavior\ReadHtmlCacheBehavior [ RunTime:0.000232s ]
INFO: [ app_begin ] --END-- [ RunTime:0.000263s ]
INFO: [ view_parse ] --START--
INFO: [ template_filter ] --START--
INFO: Run Behavior\ContentReplaceBehavior [ RunTime:0.000089s ]
INFO: [ template_filter ] --END-- [ RunTime:0.000128s ]
NOTIC: [8] Undefined variable: id /Users/conan/ht_home/Application/Runtime/Cache/Profile/6a94953b8ff696e1992261096226f1ae.php 第 19 行.
NOTIC: [8] Undefined variable: id /Users/conan/ht_home/Application/Runtime/Cache/Profile/6a94953b8ff696e1992261096226f1ae.php 第 19 行.
NOTIC: [8] Undefined variable: id /Users/conan/ht_home/Application/Runtime/Cache/Profile/6a94953b8ff696e1992261096226f1ae.php 第 19 行.
NOTIC: [8] Undefined variable: id /Users/conan/ht_home/Application/Runtime/Cache/Profile/6a94953b8ff696e1992261096226f1ae.php 第 19 行.
NOTIC: [8] Undefined variable: id /Users/conan/ht_home/Application/Runtime/Cache/Profile/6a94953b8ff696e1992261096226f1ae.php 第 19 行.
NOTIC: [8] Undefined variable: id /Users/conan/ht_home/Application/Runtime/Cache/Profile/6a94953b8ff696e1992261096226f1ae.php 第 19 行.
INFO: Run Behavior\ParseTemplateBehavior [ RunTime:0.007530s ]
INFO: [ view_parse ] --END-- [ RunTime:0.007565s ]
INFO: [ view_filter ] --START--
INFO: Run Behavior\WriteHtmlCacheBehavior [ RunTime:0.000128s ]
INFO: [ view_filter ] --END-- [ RunTime:0.000151s ]
INFO: [ app_end ] --START--
INFO: Run Behavior\ShowPageTraceBehavior [ RunTime:0.000359s ]
INFO: [ app_end ] --END-- [ RunTime:0.000408s ]

[ 2016-04-24T22:50:45+08:00 ] 127.0.0.1 /Profile/User/upload
INFO: [ app_init ] --START--
INFO: Run Behavior\BuildLiteBehavior [ RunTime:0.000011s ]
INFO: [ app_init ] --END-- [ RunTime:0.000065s ]
INFO: [ app_begin ] --START--
INFO: Run Behavior\ReadHtmlCacheBehavior [ RunTime:0.000446s ]
INFO: [ app_begin ] --END-- [ RunTime:0.000507s ]
INFO: [ app_end ] --START--
INFO: Run Behavior\ShowPageTraceBehavior [ RunTime:0.000260s ]
INFO: [ app_end ] --END-- [ RunTime:0.000299s ]

[ 2016-04-24T22:57:21+08:00 ] 127.0.0.1 /Profile/User/publish.html
INFO: [ app_init ] --START--
INFO: Run Behavior\BuildLiteBehavior [ RunTime:0.000011s ]
INFO: [ app_init ] --END-- [ RunTime:0.000105s ]
INFO: [ app_begin ] --START--
INFO: Run Behavior\ReadHtmlCacheBehavior [ RunTime:0.000323s ]
INFO: [ app_begin ] --END-- [ RunTime:0.000363s ]
SQL: SHOW COLUMNS FROM `yy_category` [ RunTime:0.0045s ]
SQL: SHOW COLUMNS FROM `yy_category` [ RunTime:0.0008s ]
SQL: SELECT * FROM `yy_category` WHERE `is_delete` = 0 AND `parent` = 0  [ RunTime:0.0003s ]
INFO: [ view_parse ] --START--
INFO: [ template_filter ] --START--
INFO: Run Behavior\ContentReplaceBehavior [ RunTime:0.000193s ]
INFO: [ template_filter ] --END-- [ RunTime:0.000291s ]
NOTIC: [8] Undefined variable: id /Users/conan/ht_home/Application/Runtime/Cache/Profile/6a94953b8ff696e1992261096226f1ae.php 第 19 行.
NOTIC: [8] Undefined variable: id /Users/conan/ht_home/Application/Runtime/Cache/Profile/6a94953b8ff696e1992261096226f1ae.php 第 19 行.
NOTIC: [8] Undefined variable: id /Users/conan/ht_home/Application/Runtime/Cache/Profile/6a94953b8ff696e1992261096226f1ae.php 第 19 行.
NOTIC: [8] Undefined variable: id /Users/conan/ht_home/Application/Runtime/Cache/Profile/6a94953b8ff696e1992261096226f1ae.php 第 19 行.
NOTIC: [8] Undefined variable: id /Users/conan/ht_home/Application/Runtime/Cache/Profile/6a94953b8ff696e1992261096226f1ae.php 第 19 行.
NOTIC: [8] Undefined variable: id /Users/conan/ht_home/Application/Runtime/Cache/Profile/6a94953b8ff696e1992261096226f1ae.php 第 19 行.
INFO: Run Behavior\ParseTemplateBehavior [ RunTime:0.013662s ]
INFO: [ view_parse ] --END-- [ RunTime:0.013701s ]
INFO: [ view_filter ] --START--
INFO: Run Behavior\WriteHtmlCacheBehavior [ RunTime:0.000147s ]
INFO: [ view_filter ] --END-- [ RunTime:0.000168s ]
INFO: [ app_end ] --START--
INFO: Run Behavior\ShowPageTraceBehavior [ RunTime:0.000343s ]
INFO: [ app_end ] --END-- [ RunTime:0.000390s ]

[ 2016-04-24T22:57:28+08:00 ] 127.0.0.1 /Profile/User/upload
INFO: [ app_init ] --START--
INFO: Run Behavior\BuildLiteBehavior [ RunTime:0.000010s ]
INFO: [ app_init ] --END-- [ RunTime:0.000053s ]
INFO: [ app_begin ] --START--
INFO: Run Behavior\ReadHtmlCacheBehavior [ RunTime:0.000615s ]
INFO: [ app_begin ] --END-- [ RunTime:0.000736s ]
INFO: [ app_end ] --START--
INFO: Run Behavior\ShowPageTraceBehavior [ RunTime:0.000271s ]
INFO: [ app_end ] --END-- [ RunTime:0.000312s ]

[ 2016-04-24T22:57:52+08:00 ] 127.0.0.1 /Profile/User/publish.html
INFO: [ app_init ] --START--
INFO: Run Behavior\BuildLiteBehavior [ RunTime:0.000006s ]
INFO: [ app_init ] --END-- [ RunTime:0.000038s ]
INFO: [ app_begin ] --START--
INFO: Run Behavior\ReadHtmlCacheBehavior [ RunTime:0.000212s ]
INFO: [ app_begin ] --END-- [ RunTime:0.000240s ]
INFO: [ view_parse ] --START--
INFO: [ template_filter ] --START--
INFO: Run Behavior\ContentReplaceBehavior [ RunTime:0.000097s ]
INFO: [ template_filter ] --END-- [ RunTime:0.000137s ]
NOTIC: [8] Undefined variable: id /Users/conan/ht_home/Application/Runtime/Cache/Profile/6a94953b8ff696e1992261096226f1ae.php 第 19 行.
NOTIC: [8] Undefined variable: id /Users/conan/ht_home/Application/Runtime/Cache/Profile/6a94953b8ff696e1992261096226f1ae.php 第 19 行.
NOTIC: [8] Undefined variable: id /Users/conan/ht_home/Application/Runtime/Cache/Profile/6a94953b8ff696e1992261096226f1ae.php 第 19 行.
NOTIC: [8] Undefined variable: id /Users/conan/ht_home/Application/Runtime/Cache/Profile/6a94953b8ff696e1992261096226f1ae.php 第 19 行.
NOTIC: [8] Undefined variable: id /Users/conan/ht_home/Application/Runtime/Cache/Profile/6a94953b8ff696e1992261096226f1ae.php 第 19 行.
NOTIC: [8] Undefined variable: id /Users/conan/ht_home/Application/Runtime/Cache/Profile/6a94953b8ff696e1992261096226f1ae.php 第 19 行.
INFO: Run Behavior\ParseTemplateBehavior [ RunTime:0.007565s ]
INFO: [ view_parse ] --END-- [ RunTime:0.007591s ]
INFO: [ view_filter ] --START--
INFO: Run Behavior\WriteHtmlCacheBehavior [ RunTime:0.000105s ]
INFO: [ view_filter ] --END-- [ RunTime:0.000127s ]
INFO: [ app_end ] --START--
INFO: Run Behavior\ShowPageTraceBehavior [ RunTime:0.000399s ]
INFO: [ app_end ] --END-- [ RunTime:0.000435s ]

[ 2016-04-24T22:57:57+08:00 ] 127.0.0.1 /Profile/User/upload
INFO: [ app_init ] --START--
INFO: Run Behavior\BuildLiteBehavior [ RunTime:0.000035s ]
INFO: [ app_init ] --END-- [ RunTime:0.000167s ]
INFO: [ app_begin ] --START--
INFO: Run Behavior\ReadHtmlCacheBehavior [ RunTime:0.000590s ]
INFO: [ app_begin ] --END-- [ RunTime:0.000641s ]
INFO: [ app_end ] --START--
INFO: Run Behavior\ShowPageTraceBehavior [ RunTime:0.000285s ]
INFO: [ app_end ] --END-- [ RunTime:0.000323s ]

[ 2016-04-24T23:03:40+08:00 ] 127.0.0.1 /Profile/User/publish.html
INFO: [ app_init ] --START--
INFO: Run Behavior\BuildLiteBehavior [ RunTime:0.000021s ]
INFO: [ app_init ] --END-- [ RunTime:0.000123s ]
INFO: [ app_begin ] --START--
INFO: Run Behavior\ReadHtmlCacheBehavior [ RunTime:0.000652s ]
INFO: [ app_begin ] --END-- [ RunTime:0.000738s ]
INFO: [ view_parse ] --START--
INFO: [ template_filter ] --START--
INFO: Run Behavior\ContentReplaceBehavior [ RunTime:0.000120s ]
INFO: [ template_filter ] --END-- [ RunTime:0.000175s ]
NOTIC: [8] Undefined variable: id /Users/conan/ht_home/Application/Runtime/Cache/Profile/6a94953b8ff696e1992261096226f1ae.php 第 19 行.
NOTIC: [8] Undefined variable: id /Users/conan/ht_home/Application/Runtime/Cache/Profile/6a94953b8ff696e1992261096226f1ae.php 第 19 行.
NOTIC: [8] Undefined variable: id /Users/conan/ht_home/Application/Runtime/Cache/Profile/6a94953b8ff696e1992261096226f1ae.php 第 19 行.
NOTIC: [8] Undefined variable: id /Users/conan/ht_home/Application/Runtime/Cache/Profile/6a94953b8ff696e1992261096226f1ae.php 第 19 行.
NOTIC: [8] Undefined variable: id /Users/conan/ht_home/Application/Runtime/Cache/Profile/6a94953b8ff696e1992261096226f1ae.php 第 19 行.
NOTIC: [8] Undefined variable: id /Users/conan/ht_home/Application/Runtime/Cache/Profile/6a94953b8ff696e1992261096226f1ae.php 第 19 行.
INFO: Run Behavior\ParseTemplateBehavior [ RunTime:0.011717s ]
INFO: [ view_parse ] --END-- [ RunTime:0.011750s ]
INFO: [ view_filter ] --START--
INFO: Run Behavior\WriteHtmlCacheBehavior [ RunTime:0.000259s ]
INFO: [ view_filter ] --END-- [ RunTime:0.000288s ]
INFO: [ app_end ] --START--
INFO: Run Behavior\ShowPageTraceBehavior [ RunTime:0.000801s ]
INFO: [ app_end ] --END-- [ RunTime:0.000857s ]

[ 2016-04-24T23:03:45+08:00 ] 127.0.0.1 /Profile/User/upload
INFO: [ app_init ] --START--
INFO: Run Behavior\BuildLiteBehavior [ RunTime:0.000011s ]
INFO: [ app_init ] --END-- [ RunTime:0.000063s ]
INFO: [ app_begin ] --START--
INFO: Run Behavior\ReadHtmlCacheBehavior [ RunTime:0.000393s ]
INFO: [ app_begin ] --END-- [ RunTime:0.000459s ]
INFO: [ app_end ] --START--
INFO: Run Behavior\ShowPageTraceBehavior [ RunTime:0.000400s ]
INFO: [ app_end ] --END-- [ RunTime:0.000457s ]

[ 2016-04-24T23:03:52+08:00 ] 127.0.0.1 /Profile/User/upload
INFO: [ app_init ] --START--
INFO: Run Behavior\BuildLiteBehavior [ RunTime:0.000013s ]
INFO: [ app_init ] --END-- [ RunTime:0.000066s ]
INFO: [ app_begin ] --START--
INFO: Run Behavior\ReadHtmlCacheBehavior [ RunTime:0.000357s ]
INFO: [ app_begin ] --END-- [ RunTime:0.000408s ]
INFO: [ app_end ] --START--
INFO: Run Behavior\ShowPageTraceBehavior [ RunTime:0.000473s ]
INFO: [ app_end ] --END-- [ RunTime:0.000536s ]

[ 2016-04-24T23:04:10+08:00 ] 127.0.0.1 /Profile/User/upload
INFO: [ app_init ] --START--
INFO: Run Behavior\BuildLiteBehavior [ RunTime:0.000012s ]
INFO: [ app_init ] --END-- [ RunTime:0.000073s ]
INFO: [ app_begin ] --START--
INFO: Run Behavior\ReadHtmlCacheBehavior [ RunTime:0.000502s ]
INFO: [ app_begin ] --END-- [ RunTime:0.000674s ]
INFO: [ app_end ] --START--
INFO: Run Behavior\ShowPageTraceBehavior [ RunTime:0.001303s ]
INFO: [ app_end ] --END-- [ RunTime:0.002491s ]

[ 2016-04-24T23:04:35+08:00 ] 127.0.0.1 /Profile/User/publish.html
INFO: [ app_init ] --START--
INFO: Run Behavior\BuildLiteBehavior [ RunTime:0.000008s ]
INFO: [ app_init ] --END-- [ RunTime:0.000070s ]
INFO: [ app_begin ] --START--
INFO: Run Behavior\ReadHtmlCacheBehavior [ RunTime:0.000220s ]
INFO: [ app_begin ] --END-- [ RunTime:0.000247s ]
INFO: [ view_parse ] --START--
INFO: [ template_filter ] --START--
INFO: Run Behavior\ContentReplaceBehavior [ RunTime:0.000081s ]
INFO: [ template_filter ] --END-- [ RunTime:0.000113s ]
NOTIC: [8] Undefined variable: id /Users/conan/ht_home/Application/Runtime/Cache/Profile/6a94953b8ff696e1992261096226f1ae.php 第 19 行.
NOTIC: [8] Undefined variable: id /Users/conan/ht_home/Application/Runtime/Cache/Profile/6a94953b8ff696e1992261096226f1ae.php 第 19 行.
NOTIC: [8] Undefined variable: id /Users/conan/ht_home/Application/Runtime/Cache/Profile/6a94953b8ff696e1992261096226f1ae.php 第 19 行.
NOTIC: [8] Undefined variable: id /Users/conan/ht_home/Application/Runtime/Cache/Profile/6a94953b8ff696e1992261096226f1ae.php 第 19 行.
NOTIC: [8] Undefined variable: id /Users/conan/ht_home/Application/Runtime/Cache/Profile/6a94953b8ff696e1992261096226f1ae.php 第 19 行.
NOTIC: [8] Undefined variable: id /Users/conan/ht_home/Application/Runtime/Cache/Profile/6a94953b8ff696e1992261096226f1ae.php 第 19 行.
INFO: Run Behavior\ParseTemplateBehavior [ RunTime:0.015236s ]
INFO: [ view_parse ] --END-- [ RunTime:0.015284s ]
INFO: [ view_filter ] --START--
INFO: Run Behavior\WriteHtmlCacheBehavior [ RunTime:0.000156s ]
INFO: [ view_filter ] --END-- [ RunTime:0.000187s ]
INFO: [ app_end ] --START--
INFO: Run Behavior\ShowPageTraceBehavior [ RunTime:0.000428s ]
INFO: [ app_end ] --END-- [ RunTime:0.000484s ]

[ 2016-04-24T23:51:07+08:00 ] 127.0.0.1 /Profile/User/publish.html
INFO: [ app_init ] --START--
INFO: Run Behavior\BuildLiteBehavior [ RunTime:0.000012s ]
INFO: [ app_init ] --END-- [ RunTime:0.000075s ]
INFO: [ app_begin ] --START--
INFO: Run Behavior\ReadHtmlCacheBehavior [ RunTime:0.000686s ]
INFO: [ app_begin ] --END-- [ RunTime:0.000750s ]
INFO: [ view_parse ] --START--
INFO: [ template_filter ] --START--
INFO: Run Behavior\ContentReplaceBehavior [ RunTime:0.000076s ]
INFO: [ template_filter ] --END-- [ RunTime:0.000111s ]
NOTIC: [8] Undefined variable: id /Users/conan/ht_home/Application/Runtime/Cache/Profile/6a94953b8ff696e1992261096226f1ae.php 第 19 行.
NOTIC: [8] Undefined variable: id /Users/conan/ht_home/Application/Runtime/Cache/Profile/6a94953b8ff696e1992261096226f1ae.php 第 19 行.
NOTIC: [8] Undefined variable: id /Users/conan/ht_home/Application/Runtime/Cache/Profile/6a94953b8ff696e1992261096226f1ae.php 第 19 行.
NOTIC: [8] Undefined variable: id /Users/conan/ht_home/Application/Runtime/Cache/Profile/6a94953b8ff696e1992261096226f1ae.php 第 19 行.
NOTIC: [8] Undefined variable: id /Users/conan/ht_home/Application/Runtime/Cache/Profile/6a94953b8ff696e1992261096226f1ae.php 第 19 行.
NOTIC: [8] Undefined variable: id /Users/conan/ht_home/Application/Runtime/Cache/Profile/6a94953b8ff696e1992261096226f1ae.php 第 19 行.
INFO: Run Behavior\ParseTemplateBehavior [ RunTime:0.009146s ]
INFO: [ view_parse ] --END-- [ RunTime:0.009190s ]
INFO: [ view_filter ] --START--
INFO: Run Behavior\WriteHtmlCacheBehavior [ RunTime:0.000373s ]
INFO: [ view_filter ] --END-- [ RunTime:0.000418s ]
INFO: [ app_end ] --START--
INFO: Run Behavior\ShowPageTraceBehavior [ RunTime:0.000562s ]
INFO: [ app_end ] --END-- [ RunTime:0.000605s ]

[ 2016-04-24T23:52:16+08:00 ] 127.0.0.1 /Profile/User/publish.html
INFO: [ app_init ] --START--
INFO: Run Behavior\BuildLiteBehavior [ RunTime:0.000006s ]
INFO: [ app_init ] --END-- [ RunTime:0.000036s ]
INFO: [ app_begin ] --START--
INFO: Run Behavior\ReadHtmlCacheBehavior [ RunTime:0.000199s ]
INFO: [ app_begin ] --END-- [ RunTime:0.000224s ]
INFO: [ view_parse ] --START--
INFO: [ template_filter ] --START--
INFO: Run Behavior\ContentReplaceBehavior [ RunTime:0.000075s ]
INFO: [ template_filter ] --END-- [ RunTime:0.000111s ]
NOTIC: [8] Undefined variable: id /Users/conan/ht_home/Application/Runtime/Cache/Profile/6a94953b8ff696e1992261096226f1ae.php 第 19 行.
NOTIC: [8] Undefined variable: id /Users/conan/ht_home/Application/Runtime/Cache/Profile/6a94953b8ff696e1992261096226f1ae.php 第 19 行.
NOTIC: [8] Undefined variable: id /Users/conan/ht_home/Application/Runtime/Cache/Profile/6a94953b8ff696e1992261096226f1ae.php 第 19 行.
NOTIC: [8] Undefined variable: id /Users/conan/ht_home/Application/Runtime/Cache/Profile/6a94953b8ff696e1992261096226f1ae.php 第 19 行.
NOTIC: [8] Undefined variable: id /Users/conan/ht_home/Application/Runtime/Cache/Profile/6a94953b8ff696e1992261096226f1ae.php 第 19 行.
NOTIC: [8] Undefined variable: id /Users/conan/ht_home/Application/Runtime/Cache/Profile/6a94953b8ff696e1992261096226f1ae.php 第 19 行.
INFO: Run Behavior\ParseTemplateBehavior [ RunTime:0.012284s ]
INFO: [ view_parse ] --END-- [ RunTime:0.012325s ]
INFO: [ view_filter ] --START--
INFO: Run Behavior\WriteHtmlCacheBehavior [ RunTime:0.000149s ]
INFO: [ view_filter ] --END-- [ RunTime:0.000178s ]
INFO: [ app_end ] --START--
INFO: Run Behavior\ShowPageTraceBehavior [ RunTime:0.000463s ]
INFO: [ app_end ] --END-- [ RunTime:0.000528s ]

[ 2016-04-24T23:52:17+08:00 ] 127.0.0.1 /Profile/User/publish.html
INFO: [ app_init ] --START--
INFO: Run Behavior\BuildLiteBehavior [ RunTime:0.000007s ]
INFO: [ app_init ] --END-- [ RunTime:0.000039s ]
INFO: [ app_begin ] --START--
INFO: Run Behavior\ReadHtmlCacheBehavior [ RunTime:0.000216s ]
INFO: [ app_begin ] --END-- [ RunTime:0.000243s ]
INFO: [ view_parse ] --START--
INFO: [ template_filter ] --START--
INFO: Run Behavior\ContentReplaceBehavior [ RunTime:0.000078s ]
INFO: [ template_filter ] --END-- [ RunTime:0.000116s ]
NOTIC: [8] Undefined variable: id /Users/conan/ht_home/Application/Runtime/Cache/Profile/6a94953b8ff696e1992261096226f1ae.php 第 19 行.
NOTIC: [8] Undefined variable: id /Users/conan/ht_home/Application/Runtime/Cache/Profile/6a94953b8ff696e1992261096226f1ae.php 第 19 行.
NOTIC: [8] Undefined variable: id /Users/conan/ht_home/Application/Runtime/Cache/Profile/6a94953b8ff696e1992261096226f1ae.php 第 19 行.
NOTIC: [8] Undefined variable: id /Users/conan/ht_home/Application/Runtime/Cache/Profile/6a94953b8ff696e1992261096226f1ae.php 第 19 行.
NOTIC: [8] Undefined variable: id /Users/conan/ht_home/Application/Runtime/Cache/Profile/6a94953b8ff696e1992261096226f1ae.php 第 19 行.
NOTIC: [8] Undefined variable: id /Users/conan/ht_home/Application/Runtime/Cache/Profile/6a94953b8ff696e1992261096226f1ae.php 第 19 行.
INFO: Run Behavior\ParseTemplateBehavior [ RunTime:0.006637s ]
INFO: [ view_parse ] --END-- [ RunTime:0.006663s ]
INFO: [ view_filter ] --START--
INFO: Run Behavior\WriteHtmlCacheBehavior [ RunTime:0.000096s ]
INFO: [ view_filter ] --END-- [ RunTime:0.000114s ]
INFO: [ app_end ] --START--
INFO: Run Behavior\ShowPageTraceBehavior [ RunTime:0.000374s ]
INFO: [ app_end ] --END-- [ RunTime:0.000403s ]

[ 2016-04-24T23:53:13+08:00 ] 127.0.0.1 /Profile/User/publish.html
INFO: [ app_init ] --START--
INFO: Run Behavior\BuildLiteBehavior [ RunTime:0.000007s ]
INFO: [ app_init ] --END-- [ RunTime:0.000039s ]
INFO: [ app_begin ] --START--
INFO: Run Behavior\ReadHtmlCacheBehavior [ RunTime:0.000224s ]
INFO: [ app_begin ] --END-- [ RunTime:0.000251s ]
INFO: [ view_parse ] --START--
INFO: [ template_filter ] --START--
INFO: Run Behavior\ContentReplaceBehavior [ RunTime:0.000075s ]
INFO: [ template_filter ] --END-- [ RunTime:0.000112s ]
NOTIC: [8] Undefined variable: id /Users/conan/ht_home/Application/Runtime/Cache/Profile/6a94953b8ff696e1992261096226f1ae.php 第 19 行.
NOTIC: [8] Undefined variable: id /Users/conan/ht_home/Application/Runtime/Cache/Profile/6a94953b8ff696e1992261096226f1ae.php 第 19 行.
NOTIC: [8] Undefined variable: id /Users/conan/ht_home/Application/Runtime/Cache/Profile/6a94953b8ff696e1992261096226f1ae.php 第 19 行.
NOTIC: [8] Undefined variable: id /Users/conan/ht_home/Application/Runtime/Cache/Profile/6a94953b8ff696e1992261096226f1ae.php 第 19 行.
NOTIC: [8] Undefined variable: id /Users/conan/ht_home/Application/Runtime/Cache/Profile/6a94953b8ff696e1992261096226f1ae.php 第 19 行.
NOTIC: [8] Undefined variable: id /Users/conan/ht_home/Application/Runtime/Cache/Profile/6a94953b8ff696e1992261096226f1ae.php 第 19 行.
INFO: Run Behavior\ParseTemplateBehavior [ RunTime:0.006255s ]
INFO: [ view_parse ] --END-- [ RunTime:0.006287s ]
INFO: [ view_filter ] --START--
INFO: Run Behavior\WriteHtmlCacheBehavior [ RunTime:0.000097s ]
INFO: [ view_filter ] --END-- [ RunTime:0.000116s ]
INFO: [ app_end ] --START--
INFO: Run Behavior\ShowPageTraceBehavior [ RunTime:0.000405s ]
INFO: [ app_end ] --END-- [ RunTime:0.000441s ]

[ 2016-04-24T23:53:17+08:00 ] 127.0.0.1 /Profile/User/publish.html
INFO: [ app_init ] --START--
INFO: Run Behavior\BuildLiteBehavior [ RunTime:0.000008s ]
INFO: [ app_init ] --END-- [ RunTime:0.000043s ]
INFO: [ app_begin ] --START--
INFO: Run Behavior\ReadHtmlCacheBehavior [ RunTime:0.000233s ]
INFO: [ app_begin ] --END-- [ RunTime:0.000263s ]
INFO: [ view_parse ] --START--
INFO: [ template_filter ] --START--
INFO: Run Behavior\ContentReplaceBehavior [ RunTime:0.000107s ]
INFO: [ template_filter ] --END-- [ RunTime:0.000147s ]
NOTIC: [8] Undefined variable: id /Users/conan/ht_home/Application/Runtime/Cache/Profile/6a94953b8ff696e1992261096226f1ae.php 第 19 行.
NOTIC: [8] Undefined variable: id /Users/conan/ht_home/Application/Runtime/Cache/Profile/6a94953b8ff696e1992261096226f1ae.php 第 19 行.
NOTIC: [8] Undefined variable: id /Users/conan/ht_home/Application/Runtime/Cache/Profile/6a94953b8ff696e1992261096226f1ae.php 第 19 行.
NOTIC: [8] Undefined variable: id /Users/conan/ht_home/Application/Runtime/Cache/Profile/6a94953b8ff696e1992261096226f1ae.php 第 19 行.
NOTIC: [8] Undefined variable: id /Users/conan/ht_home/Application/Runtime/Cache/Profile/6a94953b8ff696e1992261096226f1ae.php 第 19 行.
NOTIC: [8] Undefined variable: id /Users/conan/ht_home/Application/Runtime/Cache/Profile/6a94953b8ff696e1992261096226f1ae.php 第 19 行.
INFO: Run Behavior\ParseTemplateBehavior [ RunTime:0.013590s ]
INFO: [ view_parse ] --END-- [ RunTime:0.013636s ]
INFO: [ view_filter ] --START--
INFO: Run Behavior\WriteHtmlCacheBehavior [ RunTime:0.000190s ]
INFO: [ view_filter ] --END-- [ RunTime:0.000228s ]
INFO: [ app_end ] --START--
INFO: Run Behavior\ShowPageTraceBehavior [ RunTime:0.000596s ]
INFO: [ app_end ] --END-- [ RunTime:0.000650s ]

