[ 2016-06-01T22:55:34+08:00 ] 127.0.0.1 /Profile/User/login.html
INFO: [ app_init ] --START--
INFO: Run Behavior\BuildLiteBehavior [ RunTime:0.000017s ]
INFO: [ app_init ] --END-- [ RunTime:0.000135s ]
INFO: [ app_begin ] --START--
INFO: Run Behavior\ReadHtmlCacheBehavior [ RunTime:0.000389s ]
INFO: [ app_begin ] --END-- [ RunTime:0.000532s ]
INFO: [ view_parse ] --START--
INFO: [ template_filter ] --START--
INFO: Run Behavior\ContentReplaceBehavior [ RunTime:0.000094s ]
INFO: [ template_filter ] --END-- [ RunTime:0.000171s ]
NOTIC: [8] Undefined variable: id /Users/conan/ht_home/Application/Runtime/Cache/Profile/c82c006290aff218b74788eac421ef53.php 第 29 行.
NOTIC: [8] Undefined variable: id /Users/conan/ht_home/Application/Runtime/Cache/Profile/c82c006290aff218b74788eac421ef53.php 第 29 行.
NOTIC: [8] Undefined variable: id /Users/conan/ht_home/Application/Runtime/Cache/Profile/c82c006290aff218b74788eac421ef53.php 第 29 行.
NOTIC: [8] Undefined variable: id /Users/conan/ht_home/Application/Runtime/Cache/Profile/c82c006290aff218b74788eac421ef53.php 第 29 行.
NOTIC: [8] Undefined variable: id /Users/conan/ht_home/Application/Runtime/Cache/Profile/c82c006290aff218b74788eac421ef53.php 第 29 行.
NOTIC: [8] Undefined variable: id /Users/conan/ht_home/Application/Runtime/Cache/Profile/c82c006290aff218b74788eac421ef53.php 第 29 行.
INFO: Run Behavior\ParseTemplateBehavior [ RunTime:0.009202s ]
INFO: [ view_parse ] --END-- [ RunTime:0.009343s ]
INFO: [ view_filter ] --START--
INFO: Run Behavior\WriteHtmlCacheBehavior [ RunTime:0.000266s ]
INFO: [ view_filter ] --END-- [ RunTime:0.000392s ]
INFO: [ app_end ] --START--
INFO: Run Behavior\ShowPageTraceBehavior [ RunTime:0.000706s ]
INFO: [ app_end ] --END-- [ RunTime:0.000839s ]

[ 2016-06-01T22:57:45+08:00 ] 127.0.0.1 /Profile/User/register.html
INFO: [ app_init ] --START--
INFO: Run Behavior\BuildLiteBehavior [ RunTime:0.000014s ]
INFO: [ app_init ] --END-- [ RunTime:0.000081s ]
INFO: [ app_begin ] --START--
INFO: Run Behavior\ReadHtmlCacheBehavior [ RunTime:0.000241s ]
INFO: [ app_begin ] --END-- [ RunTime:0.000311s ]
INFO: [ view_parse ] --START--
INFO: [ template_filter ] --START--
INFO: Run Behavior\ContentReplaceBehavior [ RunTime:0.000077s ]
INFO: [ template_filter ] --END-- [ RunTime:0.000153s ]
NOTIC: [8] Undefined variable: id /Users/conan/ht_home/Application/Runtime/Cache/Profile/d8973804fdd7dcf730c13ad42da145ed.php 第 29 行.
NOTIC: [8] Undefined variable: id /Users/conan/ht_home/Application/Runtime/Cache/Profile/d8973804fdd7dcf730c13ad42da145ed.php 第 29 行.
NOTIC: [8] Undefined variable: id /Users/conan/ht_home/Application/Runtime/Cache/Profile/d8973804fdd7dcf730c13ad42da145ed.php 第 29 行.
NOTIC: [8] Undefined variable: id /Users/conan/ht_home/Application/Runtime/Cache/Profile/d8973804fdd7dcf730c13ad42da145ed.php 第 29 行.
NOTIC: [8] Undefined variable: id /Users/conan/ht_home/Application/Runtime/Cache/Profile/d8973804fdd7dcf730c13ad42da145ed.php 第 29 行.
NOTIC: [8] Undefined variable: id /Users/conan/ht_home/Application/Runtime/Cache/Profile/d8973804fdd7dcf730c13ad42da145ed.php 第 29 行.
INFO: Run Behavior\ParseTemplateBehavior [ RunTime:0.018173s ]
INFO: [ view_parse ] --END-- [ RunTime:0.018283s ]
INFO: [ view_filter ] --START--
INFO: Run Behavior\WriteHtmlCacheBehavior [ RunTime:0.000327s ]
INFO: [ view_filter ] --END-- [ RunTime:0.000419s ]
INFO: [ app_end ] --START--
INFO: Run Behavior\ShowPageTraceBehavior [ RunTime:0.000596s ]
INFO: [ app_end ] --END-- [ RunTime:0.000704s ]

[ 2016-06-01T22:58:03+08:00 ] 127.0.0.1 /Profile/User/register.html
INFO: [ app_init ] --START--
INFO: Run Behavior\BuildLiteBehavior [ RunTime:0.000028s ]
INFO: [ app_init ] --END-- [ RunTime:0.000180s ]
INFO: [ app_begin ] --START--
INFO: Run Behavior\ReadHtmlCacheBehavior [ RunTime:0.000432s ]
INFO: [ app_begin ] --END-- [ RunTime:0.000538s ]
SQL: SHOW COLUMNS FROM `yy_users` [ RunTime:0.0022s ]
SQL: SHOW COLUMNS FROM `yy_users` [ RunTime:0.0003s ]
NOTIC: [8] Undefined index: validate /Users/conan/ht_home/ThinkPHP/Library/Think/Model.class.php 第 1185 行.
SQL: SELECT * FROM `yy_users` WHERE `email` = 'conan@163.com' LIMIT 1   [ RunTime:0.0006s ]

[ 2016-06-01T22:59:08+08:00 ] 127.0.0.1 /Profile/User/login.html
INFO: [ app_init ] --START--
INFO: Run Behavior\BuildLiteBehavior [ RunTime:0.000015s ]
INFO: [ app_init ] --END-- [ RunTime:0.000083s ]
INFO: [ app_begin ] --START--
INFO: Run Behavior\ReadHtmlCacheBehavior [ RunTime:0.000279s ]
INFO: [ app_begin ] --END-- [ RunTime:0.000355s ]
INFO: [ view_parse ] --START--
INFO: [ template_filter ] --START--
INFO: Run Behavior\ContentReplaceBehavior [ RunTime:0.000092s ]
INFO: [ template_filter ] --END-- [ RunTime:0.000168s ]
NOTIC: [8] Undefined variable: id /Users/conan/ht_home/Application/Runtime/Cache/Profile/c82c006290aff218b74788eac421ef53.php 第 29 行.
NOTIC: [8] Undefined variable: id /Users/conan/ht_home/Application/Runtime/Cache/Profile/c82c006290aff218b74788eac421ef53.php 第 29 行.
NOTIC: [8] Undefined variable: id /Users/conan/ht_home/Application/Runtime/Cache/Profile/c82c006290aff218b74788eac421ef53.php 第 29 行.
NOTIC: [8] Undefined variable: id /Users/conan/ht_home/Application/Runtime/Cache/Profile/c82c006290aff218b74788eac421ef53.php 第 29 行.
NOTIC: [8] Undefined variable: id /Users/conan/ht_home/Application/Runtime/Cache/Profile/c82c006290aff218b74788eac421ef53.php 第 29 行.
NOTIC: [8] Undefined variable: id /Users/conan/ht_home/Application/Runtime/Cache/Profile/c82c006290aff218b74788eac421ef53.php 第 29 行.
INFO: Run Behavior\ParseTemplateBehavior [ RunTime:0.013703s ]
INFO: [ view_parse ] --END-- [ RunTime:0.013812s ]
INFO: [ view_filter ] --START--
INFO: Run Behavior\WriteHtmlCacheBehavior [ RunTime:0.000205s ]
INFO: [ view_filter ] --END-- [ RunTime:0.000306s ]
INFO: [ app_end ] --START--
INFO: Run Behavior\ShowPageTraceBehavior [ RunTime:0.000606s ]
INFO: [ app_end ] --END-- [ RunTime:0.000714s ]

[ 2016-06-01T22:59:15+08:00 ] 127.0.0.1 /Profile/User/login.html
INFO: [ app_init ] --START--
INFO: Run Behavior\BuildLiteBehavior [ RunTime:0.000013s ]
INFO: [ app_init ] --END-- [ RunTime:0.000081s ]
INFO: [ app_begin ] --START--
INFO: Run Behavior\ReadHtmlCacheBehavior [ RunTime:0.000218s ]
INFO: [ app_begin ] --END-- [ RunTime:0.000287s ]
SQL: SHOW COLUMNS FROM `yy_users` [ RunTime:0.0004s ]
SQL: SHOW COLUMNS FROM `yy_users` [ RunTime:0.0003s ]
SQL: SELECT * FROM `yy_users` WHERE `email` = 'conan@163.com' LIMIT 1   [ RunTime:0.0002s ]

[ 2016-06-01T22:59:18+08:00 ] 127.0.0.1 /Profile/User/login.html
INFO: [ app_init ] --START--
INFO: Run Behavior\BuildLiteBehavior [ RunTime:0.000013s ]
INFO: [ app_init ] --END-- [ RunTime:0.000081s ]
INFO: [ app_begin ] --START--
INFO: Run Behavior\ReadHtmlCacheBehavior [ RunTime:0.000256s ]
INFO: [ app_begin ] --END-- [ RunTime:0.000319s ]
SQL: SHOW COLUMNS FROM `yy_users` [ RunTime:0.0004s ]
SQL: SHOW COLUMNS FROM `yy_users` [ RunTime:0.0003s ]
SQL: SELECT * FROM `yy_users` WHERE `email` = 'conan@163.com' LIMIT 1   [ RunTime:0.0002s ]

[ 2016-06-01T22:59:25+08:00 ] 127.0.0.1 /Profile/User/login.html
INFO: [ app_init ] --START--
INFO: Run Behavior\BuildLiteBehavior [ RunTime:0.000017s ]
INFO: [ app_init ] --END-- [ RunTime:0.000155s ]
INFO: [ app_begin ] --START--
INFO: Run Behavior\ReadHtmlCacheBehavior [ RunTime:0.000244s ]
INFO: [ app_begin ] --END-- [ RunTime:0.000301s ]
SQL: SHOW COLUMNS FROM `yy_users` [ RunTime:0.0005s ]
SQL: SHOW COLUMNS FROM `yy_users` [ RunTime:0.0003s ]
SQL: SELECT * FROM `yy_users` WHERE `email` = 'conan@163.com' LIMIT 1   [ RunTime:0.0004s ]

[ 2016-06-01T22:59:28+08:00 ] 127.0.0.1 /Profile/User/login.html
INFO: [ app_init ] --START--
INFO: Run Behavior\BuildLiteBehavior [ RunTime:0.000014s ]
INFO: [ app_init ] --END-- [ RunTime:0.000085s ]
INFO: [ app_begin ] --START--
INFO: Run Behavior\ReadHtmlCacheBehavior [ RunTime:0.000230s ]
INFO: [ app_begin ] --END-- [ RunTime:0.000289s ]
SQL: SHOW COLUMNS FROM `yy_users` [ RunTime:0.0004s ]
SQL: SHOW COLUMNS FROM `yy_users` [ RunTime:0.0003s ]
SQL: SELECT * FROM `yy_users` WHERE `email` = 'conan@163.com' LIMIT 1   [ RunTime:0.0002s ]

[ 2016-06-01T22:59:54+08:00 ] 127.0.0.1 /Profile/User/login.html
INFO: [ app_init ] --START--
INFO: Run Behavior\BuildLiteBehavior [ RunTime:0.000013s ]
INFO: [ app_init ] --END-- [ RunTime:0.000085s ]
INFO: [ app_begin ] --START--
INFO: Run Behavior\ReadHtmlCacheBehavior [ RunTime:0.000232s ]
INFO: [ app_begin ] --END-- [ RunTime:0.000290s ]
SQL: SHOW COLUMNS FROM `yy_users` [ RunTime:0.0004s ]
SQL: SHOW COLUMNS FROM `yy_users` [ RunTime:0.0003s ]
SQL: SELECT * FROM `yy_users` WHERE `email` = 'conan@163.com' LIMIT 1   [ RunTime:0.0002s ]

[ 2016-06-01T22:59:59+08:00 ] 127.0.0.1 /Profile/User/index.html
INFO: [ app_init ] --START--
INFO: Run Behavior\BuildLiteBehavior [ RunTime:0.000014s ]
INFO: [ app_init ] --END-- [ RunTime:0.000081s ]
INFO: [ app_begin ] --START--
INFO: Run Behavior\ReadHtmlCacheBehavior [ RunTime:0.000226s ]
INFO: [ app_begin ] --END-- [ RunTime:0.000291s ]
SQL: SHOW COLUMNS FROM `yy_users` [ RunTime:0.0004s ]
SQL: SHOW COLUMNS FROM `yy_users` [ RunTime:0.0007s ]
SQL: SELECT * FROM `yy_users` WHERE `id` = 1 LIMIT 1   [ RunTime:0.0004s ]
SQL: SHOW COLUMNS FROM `yy_category` [ RunTime:0.0008s ]
SQL: SHOW COLUMNS FROM `yy_category` [ RunTime:0.0007s ]
SQL: select id,name,(select count(b.id) from yy_article b where b.category_id=a.id
        and b.user_id=1 and b.is_delete=0) as count from yy_category a where a.parent=0 and a.is_delete=0 [ RunTime:0.0008s ]
SQL: SHOW COLUMNS FROM `yy_article` [ RunTime:0.0009s ]
SQL: SHOW COLUMNS FROM `yy_article` [ RunTime:0.0004s ]
SQL: SELECT COUNT(id) AS tp_count FROM `yy_article` WHERE `category_id` = 1 LIMIT 1   [ RunTime:0.0002s ]
SQL: SELECT * FROM `yy_article` WHERE `category_id` = 1 LIMIT 0,10   [ RunTime:0.0003s ]
SQL: SELECT COUNT(id) AS tp_count FROM `yy_article` WHERE `category_id` = 2 LIMIT 1   [ RunTime:0.0002s ]
SQL: SELECT * FROM `yy_article` WHERE `category_id` = 2 LIMIT 0,10   [ RunTime:0.0002s ]
SQL: SELECT COUNT(id) AS tp_count FROM `yy_article` WHERE `category_id` = 3 LIMIT 1   [ RunTime:0.0006s ]
SQL: SELECT * FROM `yy_article` WHERE `category_id` = 3 LIMIT 0,10   [ RunTime:0.0003s ]
SQL: SELECT COUNT(id) AS tp_count FROM `yy_article` WHERE `category_id` = 4 LIMIT 1   [ RunTime:0.0002s ]
SQL: SELECT * FROM `yy_article` WHERE `category_id` = 4 LIMIT 0,10   [ RunTime:0.0003s ]
SQL: SELECT COUNT(id) AS tp_count FROM `yy_article` WHERE `category_id` = 5 LIMIT 1   [ RunTime:0.0004s ]
SQL: SELECT * FROM `yy_article` WHERE `category_id` = 5 LIMIT 0,10   [ RunTime:0.0003s ]
SQL: SELECT COUNT(id) AS tp_count FROM `yy_article` WHERE `category_id` = 6 LIMIT 1   [ RunTime:0.0002s ]
SQL: SELECT * FROM `yy_article` WHERE `category_id` = 6 LIMIT 0,10   [ RunTime:0.0002s ]
INFO: [ view_parse ] --START--
INFO: [ template_filter ] --START--
INFO: Run Behavior\ContentReplaceBehavior [ RunTime:0.000082s ]
INFO: [ template_filter ] --END-- [ RunTime:0.000153s ]
NOTIC: [8] Undefined variable: id /Users/conan/ht_home/Application/Runtime/Cache/Profile/4c9e4b27c8af016e76176bf4b1229d6f.php 第 19 行.
NOTIC: [8] Undefined variable: id /Users/conan/ht_home/Application/Runtime/Cache/Profile/4c9e4b27c8af016e76176bf4b1229d6f.php 第 19 行.
NOTIC: [8] Undefined variable: id /Users/conan/ht_home/Application/Runtime/Cache/Profile/4c9e4b27c8af016e76176bf4b1229d6f.php 第 19 行.
NOTIC: [8] Undefined variable: id /Users/conan/ht_home/Application/Runtime/Cache/Profile/4c9e4b27c8af016e76176bf4b1229d6f.php 第 19 行.
NOTIC: [8] Undefined variable: id /Users/conan/ht_home/Application/Runtime/Cache/Profile/4c9e4b27c8af016e76176bf4b1229d6f.php 第 19 行.
NOTIC: [8] Undefined variable: id /Users/conan/ht_home/Application/Runtime/Cache/Profile/4c9e4b27c8af016e76176bf4b1229d6f.php 第 19 行.
INFO: Run Behavior\ParseTemplateBehavior [ RunTime:0.013800s ]
INFO: [ view_parse ] --END-- [ RunTime:0.013911s ]
INFO: [ view_filter ] --START--
INFO: Run Behavior\WriteHtmlCacheBehavior [ RunTime:0.000198s ]
INFO: [ view_filter ] --END-- [ RunTime:0.000276s ]
INFO: [ app_end ] --START--
INFO: Run Behavior\ShowPageTraceBehavior [ RunTime:0.000663s ]
INFO: [ app_end ] --END-- [ RunTime:0.000853s ]

[ 2016-06-01T23:00:42+08:00 ] 127.0.0.1 /Profile/User/index.html
INFO: [ app_init ] --START--
INFO: Run Behavior\BuildLiteBehavior [ RunTime:0.000014s ]
INFO: [ app_init ] --END-- [ RunTime:0.000076s ]
INFO: [ app_begin ] --START--
INFO: Run Behavior\ReadHtmlCacheBehavior [ RunTime:0.000312s ]
INFO: [ app_begin ] --END-- [ RunTime:0.000381s ]
SQL: SHOW COLUMNS FROM `yy_users` [ RunTime:0.0005s ]
SQL: SHOW COLUMNS FROM `yy_users` [ RunTime:0.0003s ]
SQL: SELECT * FROM `yy_users` WHERE `id` = 1 LIMIT 1   [ RunTime:0.0002s ]
SQL: SHOW COLUMNS FROM `yy_category` [ RunTime:0.0004s ]
SQL: SHOW COLUMNS FROM `yy_category` [ RunTime:0.0003s ]
SQL: select id,name,(select count(b.id) from yy_article b where b.category_id=a.id
        and b.user_id=1 and b.is_delete=0) as count from yy_category a where a.parent=0 and a.is_delete=0 [ RunTime:0.0003s ]
SQL: SHOW COLUMNS FROM `yy_article` [ RunTime:0.0004s ]
SQL: SHOW COLUMNS FROM `yy_article` [ RunTime:0.0003s ]
SQL: SELECT COUNT(id) AS tp_count FROM `yy_article` WHERE `category_id` = 1 LIMIT 1   [ RunTime:0.0002s ]
SQL: SELECT * FROM `yy_article` WHERE `category_id` = 1 LIMIT 0,10   [ RunTime:0.0002s ]
SQL: SELECT COUNT(id) AS tp_count FROM `yy_article` WHERE `category_id` = 2 LIMIT 1   [ RunTime:0.0001s ]
SQL: SELECT * FROM `yy_article` WHERE `category_id` = 2 LIMIT 0,10   [ RunTime:0.0002s ]
SQL: SELECT COUNT(id) AS tp_count FROM `yy_article` WHERE `category_id` = 3 LIMIT 1   [ RunTime:0.0001s ]
SQL: SELECT * FROM `yy_article` WHERE `category_id` = 3 LIMIT 0,10   [ RunTime:0.0002s ]
SQL: SELECT COUNT(id) AS tp_count FROM `yy_article` WHERE `category_id` = 4 LIMIT 1   [ RunTime:0.0001s ]
SQL: SELECT * FROM `yy_article` WHERE `category_id` = 4 LIMIT 0,10   [ RunTime:0.0001s ]
SQL: SELECT COUNT(id) AS tp_count FROM `yy_article` WHERE `category_id` = 5 LIMIT 1   [ RunTime:0.0001s ]
SQL: SELECT * FROM `yy_article` WHERE `category_id` = 5 LIMIT 0,10   [ RunTime:0.0002s ]
SQL: SELECT COUNT(id) AS tp_count FROM `yy_article` WHERE `category_id` = 6 LIMIT 1   [ RunTime:0.0001s ]
SQL: SELECT * FROM `yy_article` WHERE `category_id` = 6 LIMIT 0,10   [ RunTime:0.0001s ]
INFO: [ view_parse ] --START--
INFO: [ template_filter ] --START--
INFO: Run Behavior\ContentReplaceBehavior [ RunTime:0.000103s ]
INFO: [ template_filter ] --END-- [ RunTime:0.000198s ]
NOTIC: [8] Undefined variable: id /Users/conan/ht_home/Application/Runtime/Cache/Profile/4c9e4b27c8af016e76176bf4b1229d6f.php 第 19 行.
NOTIC: [8] Undefined variable: id /Users/conan/ht_home/Application/Runtime/Cache/Profile/4c9e4b27c8af016e76176bf4b1229d6f.php 第 19 行.
NOTIC: [8] Undefined variable: id /Users/conan/ht_home/Application/Runtime/Cache/Profile/4c9e4b27c8af016e76176bf4b1229d6f.php 第 19 行.
NOTIC: [8] Undefined variable: id /Users/conan/ht_home/Application/Runtime/Cache/Profile/4c9e4b27c8af016e76176bf4b1229d6f.php 第 19 行.
NOTIC: [8] Undefined variable: id /Users/conan/ht_home/Application/Runtime/Cache/Profile/4c9e4b27c8af016e76176bf4b1229d6f.php 第 19 行.
NOTIC: [8] Undefined variable: id /Users/conan/ht_home/Application/Runtime/Cache/Profile/4c9e4b27c8af016e76176bf4b1229d6f.php 第 19 行.
INFO: Run Behavior\ParseTemplateBehavior [ RunTime:0.011395s ]
INFO: [ view_parse ] --END-- [ RunTime:0.011464s ]
INFO: [ view_filter ] --START--
INFO: Run Behavior\WriteHtmlCacheBehavior [ RunTime:0.000148s ]
INFO: [ view_filter ] --END-- [ RunTime:0.000208s ]
INFO: [ app_end ] --START--
INFO: Run Behavior\ShowPageTraceBehavior [ RunTime:0.000455s ]
INFO: [ app_end ] --END-- [ RunTime:0.000547s ]

[ 2016-06-01T23:01:37+08:00 ] 127.0.0.1 /Profile/User/index.html
INFO: [ app_init ] --START--
INFO: Run Behavior\BuildLiteBehavior [ RunTime:0.000015s ]
INFO: [ app_init ] --END-- [ RunTime:0.000087s ]
INFO: [ app_begin ] --START--
INFO: Run Behavior\ReadHtmlCacheBehavior [ RunTime:0.000377s ]
INFO: [ app_begin ] --END-- [ RunTime:0.000477s ]
SQL: SHOW COLUMNS FROM `yy_users` [ RunTime:0.0004s ]
SQL: SHOW COLUMNS FROM `yy_users` [ RunTime:0.0003s ]
SQL: SELECT * FROM `yy_users` WHERE `id` = 1 LIMIT 1   [ RunTime:0.0002s ]
SQL: SHOW COLUMNS FROM `yy_category` [ RunTime:0.0003s ]
SQL: SHOW COLUMNS FROM `yy_category` [ RunTime:0.0003s ]
SQL: select id,name,(select count(b.id) from yy_article b where b.category_id=a.id
        and b.user_id=1 and b.is_delete=0) as count from yy_category a where a.parent=0 and a.is_delete=0 [ RunTime:0.0003s ]
SQL: SHOW COLUMNS FROM `yy_article` [ RunTime:0.0005s ]
SQL: SHOW COLUMNS FROM `yy_article` [ RunTime:0.0004s ]
SQL: SELECT COUNT(id) AS tp_count FROM `yy_article` WHERE `category_id` = 1 LIMIT 1   [ RunTime:0.0002s ]
SQL: SELECT * FROM `yy_article` WHERE `category_id` = 1 LIMIT 0,10   [ RunTime:0.0002s ]
SQL: SELECT COUNT(id) AS tp_count FROM `yy_article` WHERE `category_id` = 2 LIMIT 1   [ RunTime:0.0001s ]
SQL: SELECT * FROM `yy_article` WHERE `category_id` = 2 LIMIT 0,10   [ RunTime:0.0002s ]
SQL: SELECT COUNT(id) AS tp_count FROM `yy_article` WHERE `category_id` = 3 LIMIT 1   [ RunTime:0.0001s ]
SQL: SELECT * FROM `yy_article` WHERE `category_id` = 3 LIMIT 0,10   [ RunTime:0.0002s ]
SQL: SELECT COUNT(id) AS tp_count FROM `yy_article` WHERE `category_id` = 4 LIMIT 1   [ RunTime:0.0002s ]
SQL: SELECT * FROM `yy_article` WHERE `category_id` = 4 LIMIT 0,10   [ RunTime:0.0009s ]
SQL: SELECT COUNT(id) AS tp_count FROM `yy_article` WHERE `category_id` = 5 LIMIT 1   [ RunTime:0.0004s ]
SQL: SELECT * FROM `yy_article` WHERE `category_id` = 5 LIMIT 0,10   [ RunTime:0.0004s ]
SQL: SELECT COUNT(id) AS tp_count FROM `yy_article` WHERE `category_id` = 6 LIMIT 1   [ RunTime:0.0002s ]
SQL: SELECT * FROM `yy_article` WHERE `category_id` = 6 LIMIT 0,10   [ RunTime:0.0002s ]
INFO: [ view_parse ] --START--
INFO: [ template_filter ] --START--
INFO: Run Behavior\ContentReplaceBehavior [ RunTime:0.000094s ]
INFO: [ template_filter ] --END-- [ RunTime:0.000193s ]
NOTIC: [8] Undefined variable: id /Users/conan/ht_home/Application/Runtime/Cache/Profile/4c9e4b27c8af016e76176bf4b1229d6f.php 第 19 行.
NOTIC: [8] Undefined variable: id /Users/conan/ht_home/Application/Runtime/Cache/Profile/4c9e4b27c8af016e76176bf4b1229d6f.php 第 19 行.
NOTIC: [8] Undefined variable: id /Users/conan/ht_home/Application/Runtime/Cache/Profile/4c9e4b27c8af016e76176bf4b1229d6f.php 第 19 行.
NOTIC: [8] Undefined variable: id /Users/conan/ht_home/Application/Runtime/Cache/Profile/4c9e4b27c8af016e76176bf4b1229d6f.php 第 19 行.
NOTIC: [8] Undefined variable: id /Users/conan/ht_home/Application/Runtime/Cache/Profile/4c9e4b27c8af016e76176bf4b1229d6f.php 第 19 行.
NOTIC: [8] Undefined variable: id /Users/conan/ht_home/Application/Runtime/Cache/Profile/4c9e4b27c8af016e76176bf4b1229d6f.php 第 19 行.
INFO: Run Behavior\ParseTemplateBehavior [ RunTime:0.010641s ]
INFO: [ view_parse ] --END-- [ RunTime:0.010711s ]
INFO: [ view_filter ] --START--
INFO: Run Behavior\WriteHtmlCacheBehavior [ RunTime:0.000113s ]
INFO: [ view_filter ] --END-- [ RunTime:0.000170s ]
INFO: [ app_end ] --START--
INFO: Run Behavior\ShowPageTraceBehavior [ RunTime:0.000349s ]
INFO: [ app_end ] --END-- [ RunTime:0.000470s ]

[ 2016-06-01T23:01:43+08:00 ] 127.0.0.1 /Profile/User/index.html
INFO: [ app_init ] --START--
INFO: Run Behavior\BuildLiteBehavior [ RunTime:0.000017s ]
INFO: [ app_init ] --END-- [ RunTime:0.000087s ]
INFO: [ app_begin ] --START--
INFO: Run Behavior\ReadHtmlCacheBehavior [ RunTime:0.000257s ]
INFO: [ app_begin ] --END-- [ RunTime:0.000329s ]
SQL: SHOW COLUMNS FROM `yy_users` [ RunTime:0.0005s ]
SQL: SHOW COLUMNS FROM `yy_users` [ RunTime:0.0003s ]
SQL: SELECT * FROM `yy_users` WHERE `id` = 1 LIMIT 1   [ RunTime:0.0002s ]
SQL: SHOW COLUMNS FROM `yy_category` [ RunTime:0.0003s ]
SQL: SHOW COLUMNS FROM `yy_category` [ RunTime:0.0003s ]
SQL: select id,name,(select count(b.id) from yy_article b where b.category_id=a.id
        and b.user_id=1 and b.is_delete=0) as count from yy_category a where a.parent=0 and a.is_delete=0 [ RunTime:0.0004s ]
SQL: SHOW COLUMNS FROM `yy_article` [ RunTime:0.0007s ]
SQL: SHOW COLUMNS FROM `yy_article` [ RunTime:0.0004s ]
SQL: SELECT COUNT(id) AS tp_count FROM `yy_article` WHERE `category_id` = 1 LIMIT 1   [ RunTime:0.0003s ]
SQL: SELECT * FROM `yy_article` WHERE `category_id` = 1 LIMIT 0,10   [ RunTime:0.0003s ]
SQL: SELECT COUNT(id) AS tp_count FROM `yy_article` WHERE `category_id` = 2 LIMIT 1   [ RunTime:0.0003s ]
SQL: SELECT * FROM `yy_article` WHERE `category_id` = 2 LIMIT 0,10   [ RunTime:0.0002s ]
SQL: SELECT COUNT(id) AS tp_count FROM `yy_article` WHERE `category_id` = 3 LIMIT 1   [ RunTime:0.0002s ]
SQL: SELECT * FROM `yy_article` WHERE `category_id` = 3 LIMIT 0,10   [ RunTime:0.0002s ]
SQL: SELECT COUNT(id) AS tp_count FROM `yy_article` WHERE `category_id` = 4 LIMIT 1   [ RunTime:0.0001s ]
SQL: SELECT * FROM `yy_article` WHERE `category_id` = 4 LIMIT 0,10   [ RunTime:0.0001s ]
SQL: SELECT COUNT(id) AS tp_count FROM `yy_article` WHERE `category_id` = 5 LIMIT 1   [ RunTime:0.0002s ]
SQL: SELECT * FROM `yy_article` WHERE `category_id` = 5 LIMIT 0,10   [ RunTime:0.0004s ]
SQL: SELECT COUNT(id) AS tp_count FROM `yy_article` WHERE `category_id` = 6 LIMIT 1   [ RunTime:0.0005s ]
SQL: SELECT * FROM `yy_article` WHERE `category_id` = 6 LIMIT 0,10   [ RunTime:0.0003s ]
INFO: [ view_parse ] --START--
INFO: [ template_filter ] --START--
INFO: Run Behavior\ContentReplaceBehavior [ RunTime:0.000163s ]
INFO: [ template_filter ] --END-- [ RunTime:0.000305s ]
NOTIC: [8] Undefined variable: id /Users/conan/ht_home/Application/Runtime/Cache/Profile/4c9e4b27c8af016e76176bf4b1229d6f.php 第 19 行.
NOTIC: [8] Undefined variable: id /Users/conan/ht_home/Application/Runtime/Cache/Profile/4c9e4b27c8af016e76176bf4b1229d6f.php 第 19 行.
NOTIC: [8] Undefined variable: id /Users/conan/ht_home/Application/Runtime/Cache/Profile/4c9e4b27c8af016e76176bf4b1229d6f.php 第 19 行.
NOTIC: [8] Undefined variable: id /Users/conan/ht_home/Application/Runtime/Cache/Profile/4c9e4b27c8af016e76176bf4b1229d6f.php 第 19 行.
NOTIC: [8] Undefined variable: id /Users/conan/ht_home/Application/Runtime/Cache/Profile/4c9e4b27c8af016e76176bf4b1229d6f.php 第 19 行.
NOTIC: [8] Undefined variable: id /Users/conan/ht_home/Application/Runtime/Cache/Profile/4c9e4b27c8af016e76176bf4b1229d6f.php 第 19 行.
INFO: Run Behavior\ParseTemplateBehavior [ RunTime:0.011402s ]
INFO: [ view_parse ] --END-- [ RunTime:0.011480s ]
INFO: [ view_filter ] --START--
INFO: Run Behavior\WriteHtmlCacheBehavior [ RunTime:0.000155s ]
INFO: [ view_filter ] --END-- [ RunTime:0.000219s ]
INFO: [ app_end ] --START--
INFO: Run Behavior\ShowPageTraceBehavior [ RunTime:0.000350s ]
INFO: [ app_end ] --END-- [ RunTime:0.000457s ]

[ 2016-06-01T23:01:44+08:00 ] 127.0.0.1 /Profile/User/index.html
INFO: [ app_init ] --START--
INFO: Run Behavior\BuildLiteBehavior [ RunTime:0.000023s ]
INFO: [ app_init ] --END-- [ RunTime:0.000120s ]
INFO: [ app_begin ] --START--
INFO: Run Behavior\ReadHtmlCacheBehavior [ RunTime:0.000286s ]
INFO: [ app_begin ] --END-- [ RunTime:0.000362s ]
SQL: SHOW COLUMNS FROM `yy_users` [ RunTime:0.0004s ]
SQL: SHOW COLUMNS FROM `yy_users` [ RunTime:0.0003s ]
SQL: SELECT * FROM `yy_users` WHERE `id` = 1 LIMIT 1   [ RunTime:0.0002s ]
SQL: SHOW COLUMNS FROM `yy_category` [ RunTime:0.0005s ]
SQL: SHOW COLUMNS FROM `yy_category` [ RunTime:0.0004s ]
SQL: select id,name,(select count(b.id) from yy_article b where b.category_id=a.id
        and b.user_id=1 and b.is_delete=0) as count from yy_category a where a.parent=0 and a.is_delete=0 [ RunTime:0.0006s ]
SQL: SHOW COLUMNS FROM `yy_article` [ RunTime:0.0005s ]
SQL: SHOW COLUMNS FROM `yy_article` [ RunTime:0.0006s ]
SQL: SELECT COUNT(id) AS tp_count FROM `yy_article` WHERE `category_id` = 1 LIMIT 1   [ RunTime:0.0002s ]
SQL: SELECT * FROM `yy_article` WHERE `category_id` = 1 LIMIT 0,10   [ RunTime:0.0004s ]
SQL: SELECT COUNT(id) AS tp_count FROM `yy_article` WHERE `category_id` = 2 LIMIT 1   [ RunTime:0.0008s ]
SQL: SELECT * FROM `yy_article` WHERE `category_id` = 2 LIMIT 0,10   [ RunTime:0.0006s ]
SQL: SELECT COUNT(id) AS tp_count FROM `yy_article` WHERE `category_id` = 3 LIMIT 1   [ RunTime:0.0003s ]
SQL: SELECT * FROM `yy_article` WHERE `category_id` = 3 LIMIT 0,10   [ RunTime:0.0003s ]
SQL: SELECT COUNT(id) AS tp_count FROM `yy_article` WHERE `category_id` = 4 LIMIT 1   [ RunTime:0.0002s ]
SQL: SELECT * FROM `yy_article` WHERE `category_id` = 4 LIMIT 0,10   [ RunTime:0.0002s ]
SQL: SELECT COUNT(id) AS tp_count FROM `yy_article` WHERE `category_id` = 5 LIMIT 1   [ RunTime:0.0001s ]
SQL: SELECT * FROM `yy_article` WHERE `category_id` = 5 LIMIT 0,10   [ RunTime:0.0002s ]
SQL: SELECT COUNT(id) AS tp_count FROM `yy_article` WHERE `category_id` = 6 LIMIT 1   [ RunTime:0.0001s ]
SQL: SELECT * FROM `yy_article` WHERE `category_id` = 6 LIMIT 0,10   [ RunTime:0.0002s ]
INFO: [ view_parse ] --START--
INFO: [ template_filter ] --START--
INFO: Run Behavior\ContentReplaceBehavior [ RunTime:0.000083s ]
INFO: [ template_filter ] --END-- [ RunTime:0.000154s ]
NOTIC: [8] Undefined variable: id /Users/conan/ht_home/Application/Runtime/Cache/Profile/4c9e4b27c8af016e76176bf4b1229d6f.php 第 19 行.
NOTIC: [8] Undefined variable: id /Users/conan/ht_home/Application/Runtime/Cache/Profile/4c9e4b27c8af016e76176bf4b1229d6f.php 第 19 行.
NOTIC: [8] Undefined variable: id /Users/conan/ht_home/Application/Runtime/Cache/Profile/4c9e4b27c8af016e76176bf4b1229d6f.php 第 19 行.
NOTIC: [8] Undefined variable: id /Users/conan/ht_home/Application/Runtime/Cache/Profile/4c9e4b27c8af016e76176bf4b1229d6f.php 第 19 行.
NOTIC: [8] Undefined variable: id /Users/conan/ht_home/Application/Runtime/Cache/Profile/4c9e4b27c8af016e76176bf4b1229d6f.php 第 19 行.
NOTIC: [8] Undefined variable: id /Users/conan/ht_home/Application/Runtime/Cache/Profile/4c9e4b27c8af016e76176bf4b1229d6f.php 第 19 行.
INFO: Run Behavior\ParseTemplateBehavior [ RunTime:0.012299s ]
INFO: [ view_parse ] --END-- [ RunTime:0.012386s ]
INFO: [ view_filter ] --START--
INFO: Run Behavior\WriteHtmlCacheBehavior [ RunTime:0.000195s ]
INFO: [ view_filter ] --END-- [ RunTime:0.000261s ]
INFO: [ app_end ] --START--
INFO: Run Behavior\ShowPageTraceBehavior [ RunTime:0.000453s ]
INFO: [ app_end ] --END-- [ RunTime:0.000564s ]

[ 2016-06-01T23:01:55+08:00 ] 127.0.0.1 /Profile/User/publish.html
INFO: [ app_init ] --START--
INFO: Run Behavior\BuildLiteBehavior [ RunTime:0.000016s ]
INFO: [ app_init ] --END-- [ RunTime:0.000089s ]
INFO: [ app_begin ] --START--
INFO: Run Behavior\ReadHtmlCacheBehavior [ RunTime:0.000284s ]
INFO: [ app_begin ] --END-- [ RunTime:0.000364s ]
SQL: SHOW COLUMNS FROM `yy_category` [ RunTime:0.0004s ]
SQL: SHOW COLUMNS FROM `yy_category` [ RunTime:0.0003s ]
SQL: SELECT * FROM `yy_category` WHERE `is_delete` = 0  [ RunTime:0.0002s ]
SQL: SHOW COLUMNS FROM `yy_country` [ RunTime:0.0004s ]
SQL: SHOW COLUMNS FROM `yy_country` [ RunTime:0.0003s ]
SQL: SELECT * FROM `yy_country`  [ RunTime:0.0002s ]
INFO: [ view_parse ] --START--
INFO: [ template_filter ] --START--
INFO: Run Behavior\ContentReplaceBehavior [ RunTime:0.000092s ]
INFO: [ template_filter ] --END-- [ RunTime:0.000165s ]
NOTIC: [8] Undefined variable: id /Users/conan/ht_home/Application/Runtime/Cache/Profile/6a94953b8ff696e1992261096226f1ae.php 第 19 行.
NOTIC: [8] Undefined variable: id /Users/conan/ht_home/Application/Runtime/Cache/Profile/6a94953b8ff696e1992261096226f1ae.php 第 19 行.
NOTIC: [8] Undefined variable: id /Users/conan/ht_home/Application/Runtime/Cache/Profile/6a94953b8ff696e1992261096226f1ae.php 第 19 行.
NOTIC: [8] Undefined variable: id /Users/conan/ht_home/Application/Runtime/Cache/Profile/6a94953b8ff696e1992261096226f1ae.php 第 19 行.
NOTIC: [8] Undefined variable: id /Users/conan/ht_home/Application/Runtime/Cache/Profile/6a94953b8ff696e1992261096226f1ae.php 第 19 行.
NOTIC: [8] Undefined variable: id /Users/conan/ht_home/Application/Runtime/Cache/Profile/6a94953b8ff696e1992261096226f1ae.php 第 19 行.
INFO: Run Behavior\ParseTemplateBehavior [ RunTime:0.011247s ]
INFO: [ view_parse ] --END-- [ RunTime:0.011313s ]
INFO: [ view_filter ] --START--
INFO: Run Behavior\WriteHtmlCacheBehavior [ RunTime:0.000118s ]
INFO: [ view_filter ] --END-- [ RunTime:0.000176s ]
INFO: [ app_end ] --START--
INFO: Run Behavior\ShowPageTraceBehavior [ RunTime:0.000585s ]
INFO: [ app_end ] --END-- [ RunTime:0.000883s ]

[ 2016-06-01T23:01:58+08:00 ] 127.0.0.1 /Profile/User/publish.html
INFO: [ app_init ] --START--
INFO: Run Behavior\BuildLiteBehavior [ RunTime:0.000014s ]
INFO: [ app_init ] --END-- [ RunTime:0.000078s ]
INFO: [ app_begin ] --START--
INFO: Run Behavior\ReadHtmlCacheBehavior [ RunTime:0.000228s ]
INFO: [ app_begin ] --END-- [ RunTime:0.000293s ]
SQL: SHOW COLUMNS FROM `yy_category` [ RunTime:0.0005s ]
SQL: SHOW COLUMNS FROM `yy_category` [ RunTime:0.0003s ]
SQL: SELECT * FROM `yy_category` WHERE `is_delete` = 0  [ RunTime:0.0002s ]
SQL: SHOW COLUMNS FROM `yy_country` [ RunTime:0.0004s ]
SQL: SHOW COLUMNS FROM `yy_country` [ RunTime:0.0003s ]
SQL: SELECT * FROM `yy_country`  [ RunTime:0.0002s ]
INFO: [ view_parse ] --START--
INFO: [ template_filter ] --START--
INFO: Run Behavior\ContentReplaceBehavior [ RunTime:0.000100s ]
INFO: [ template_filter ] --END-- [ RunTime:0.000184s ]
NOTIC: [8] Undefined variable: id /Users/conan/ht_home/Application/Runtime/Cache/Profile/6a94953b8ff696e1992261096226f1ae.php 第 19 行.
NOTIC: [8] Undefined variable: id /Users/conan/ht_home/Application/Runtime/Cache/Profile/6a94953b8ff696e1992261096226f1ae.php 第 19 行.
NOTIC: [8] Undefined variable: id /Users/conan/ht_home/Application/Runtime/Cache/Profile/6a94953b8ff696e1992261096226f1ae.php 第 19 行.
NOTIC: [8] Undefined variable: id /Users/conan/ht_home/Application/Runtime/Cache/Profile/6a94953b8ff696e1992261096226f1ae.php 第 19 行.
NOTIC: [8] Undefined variable: id /Users/conan/ht_home/Application/Runtime/Cache/Profile/6a94953b8ff696e1992261096226f1ae.php 第 19 行.
NOTIC: [8] Undefined variable: id /Users/conan/ht_home/Application/Runtime/Cache/Profile/6a94953b8ff696e1992261096226f1ae.php 第 19 行.
INFO: Run Behavior\ParseTemplateBehavior [ RunTime:0.010438s ]
INFO: [ view_parse ] --END-- [ RunTime:0.010537s ]
INFO: [ view_filter ] --START--
INFO: Run Behavior\WriteHtmlCacheBehavior [ RunTime:0.000188s ]
INFO: [ view_filter ] --END-- [ RunTime:0.000283s ]
INFO: [ app_end ] --START--
INFO: Run Behavior\ShowPageTraceBehavior [ RunTime:0.000460s ]
INFO: [ app_end ] --END-- [ RunTime:0.000571s ]

[ 2016-06-01T23:03:01+08:00 ] 127.0.0.1 /Profile/User/index.html
INFO: [ app_init ] --START--
INFO: Run Behavior\BuildLiteBehavior [ RunTime:0.000016s ]
INFO: [ app_init ] --END-- [ RunTime:0.000094s ]
INFO: [ app_begin ] --START--
INFO: Run Behavior\ReadHtmlCacheBehavior [ RunTime:0.000266s ]
INFO: [ app_begin ] --END-- [ RunTime:0.000338s ]
SQL: SHOW COLUMNS FROM `yy_users` [ RunTime:0.0004s ]
SQL: SHOW COLUMNS FROM `yy_users` [ RunTime:0.0003s ]
SQL: SELECT * FROM `yy_users` WHERE `id` = 1 LIMIT 1   [ RunTime:0.0002s ]
SQL: SHOW COLUMNS FROM `yy_category` [ RunTime:0.0007s ]
SQL: SHOW COLUMNS FROM `yy_category` [ RunTime:0.0006s ]
SQL: select id,name,(select count(b.id) from yy_article b where b.category_id=a.id
        and b.user_id=1 and b.is_delete=0) as count from yy_category a where a.parent=0 and a.is_delete=0 [ RunTime:0.0005s ]
SQL: SHOW COLUMNS FROM `yy_article` [ RunTime:0.0005s ]
SQL: SHOW COLUMNS FROM `yy_article` [ RunTime:0.0004s ]
SQL: SELECT COUNT(id) AS tp_count FROM `yy_article` WHERE `category_id` = 1 LIMIT 1   [ RunTime:0.0002s ]
SQL: SELECT * FROM `yy_article` WHERE `category_id` = 1 LIMIT 0,10   [ RunTime:0.0004s ]
SQL: SELECT COUNT(id) AS tp_count FROM `yy_article` WHERE `category_id` = 2 LIMIT 1   [ RunTime:0.0001s ]
SQL: SELECT * FROM `yy_article` WHERE `category_id` = 2 LIMIT 0,10   [ RunTime:0.0003s ]
SQL: SELECT COUNT(id) AS tp_count FROM `yy_article` WHERE `category_id` = 3 LIMIT 1   [ RunTime:0.0007s ]
SQL: SELECT * FROM `yy_article` WHERE `category_id` = 3 LIMIT 0,10   [ RunTime:0.0004s ]
SQL: SELECT COUNT(id) AS tp_count FROM `yy_article` WHERE `category_id` = 4 LIMIT 1   [ RunTime:0.0004s ]
SQL: SELECT * FROM `yy_article` WHERE `category_id` = 4 LIMIT 0,10   [ RunTime:0.0002s ]
SQL: SELECT COUNT(id) AS tp_count FROM `yy_article` WHERE `category_id` = 5 LIMIT 1   [ RunTime:0.0001s ]
SQL: SELECT * FROM `yy_article` WHERE `category_id` = 5 LIMIT 0,10   [ RunTime:0.0001s ]
SQL: SELECT COUNT(id) AS tp_count FROM `yy_article` WHERE `category_id` = 6 LIMIT 1   [ RunTime:0.0001s ]
SQL: SELECT * FROM `yy_article` WHERE `category_id` = 6 LIMIT 0,10   [ RunTime:0.0001s ]
INFO: [ view_parse ] --START--
INFO: [ template_filter ] --START--
INFO: Run Behavior\ContentReplaceBehavior [ RunTime:0.000094s ]
INFO: [ template_filter ] --END-- [ RunTime:0.000177s ]
NOTIC: [8] Undefined variable: id /Users/conan/ht_home/Application/Runtime/Cache/Profile/4c9e4b27c8af016e76176bf4b1229d6f.php 第 19 行.
NOTIC: [8] Undefined variable: id /Users/conan/ht_home/Application/Runtime/Cache/Profile/4c9e4b27c8af016e76176bf4b1229d6f.php 第 19 行.
NOTIC: [8] Undefined variable: id /Users/conan/ht_home/Application/Runtime/Cache/Profile/4c9e4b27c8af016e76176bf4b1229d6f.php 第 19 行.
NOTIC: [8] Undefined variable: id /Users/conan/ht_home/Application/Runtime/Cache/Profile/4c9e4b27c8af016e76176bf4b1229d6f.php 第 19 行.
NOTIC: [8] Undefined variable: id /Users/conan/ht_home/Application/Runtime/Cache/Profile/4c9e4b27c8af016e76176bf4b1229d6f.php 第 19 行.
NOTIC: [8] Undefined variable: id /Users/conan/ht_home/Application/Runtime/Cache/Profile/4c9e4b27c8af016e76176bf4b1229d6f.php 第 19 行.
INFO: Run Behavior\ParseTemplateBehavior [ RunTime:0.010069s ]
INFO: [ view_parse ] --END-- [ RunTime:0.010131s ]
INFO: [ view_filter ] --START--
INFO: Run Behavior\WriteHtmlCacheBehavior [ RunTime:0.000109s ]
INFO: [ view_filter ] --END-- [ RunTime:0.000166s ]
INFO: [ app_end ] --START--
INFO: Run Behavior\ShowPageTraceBehavior [ RunTime:0.000342s ]
INFO: [ app_end ] --END-- [ RunTime:0.000515s ]

