[ 2016-06-17T15:35:34+08:00 ] 127.0.0.1 /Profile/User/login.html
INFO: [ app_init ] --START--
INFO: Run Behavior\BuildLiteBehavior [ RunTime:0.000020s ]
INFO: [ app_init ] --END-- [ RunTime:0.000121s ]
INFO: [ app_begin ] --START--
INFO: Run Behavior\ReadHtmlCacheBehavior [ RunTime:0.000327s ]
INFO: [ app_begin ] --END-- [ RunTime:0.000427s ]
INFO: [ view_parse ] --START--
INFO: [ template_filter ] --START--
INFO: Run Behavior\ContentReplaceBehavior [ RunTime:0.000100s ]
INFO: [ template_filter ] --END-- [ RunTime:0.000184s ]
NOTIC: [8] Undefined variable: id /Users/conan/haitao/Application/Runtime/Cache/Profile/c82c006290aff218b74788eac421ef53.php 第 29 行.
NOTIC: [8] Undefined variable: id /Users/conan/haitao/Application/Runtime/Cache/Profile/c82c006290aff218b74788eac421ef53.php 第 29 行.
NOTIC: [8] Undefined variable: id /Users/conan/haitao/Application/Runtime/Cache/Profile/c82c006290aff218b74788eac421ef53.php 第 29 行.
NOTIC: [8] Undefined variable: id /Users/conan/haitao/Application/Runtime/Cache/Profile/c82c006290aff218b74788eac421ef53.php 第 29 行.
NOTIC: [8] Undefined variable: id /Users/conan/haitao/Application/Runtime/Cache/Profile/c82c006290aff218b74788eac421ef53.php 第 29 行.
NOTIC: [8] Undefined variable: id /Users/conan/haitao/Application/Runtime/Cache/Profile/c82c006290aff218b74788eac421ef53.php 第 29 行.
INFO: Run Behavior\ParseTemplateBehavior [ RunTime:0.008013s ]
INFO: [ view_parse ] --END-- [ RunTime:0.008097s ]
INFO: [ view_filter ] --START--
INFO: Run Behavior\WriteHtmlCacheBehavior [ RunTime:0.000115s ]
INFO: [ view_filter ] --END-- [ RunTime:0.000175s ]
INFO: [ app_end ] --START--
INFO: Run Behavior\ShowPageTraceBehavior [ RunTime:0.000334s ]
INFO: [ app_end ] --END-- [ RunTime:0.000417s ]

[ 2016-06-17T15:35:38+08:00 ] 127.0.0.1 /Profile/User/login.html
INFO: [ app_init ] --START--
INFO: Run Behavior\BuildLiteBehavior [ RunTime:0.000013s ]
INFO: [ app_init ] --END-- [ RunTime:0.000080s ]
INFO: [ app_begin ] --START--
INFO: Run Behavior\ReadHtmlCacheBehavior [ RunTime:0.000254s ]
INFO: [ app_begin ] --END-- [ RunTime:0.000320s ]
SQL: SHOW COLUMNS FROM `yy_users` [ RunTime:0.0022s ]
SQL: SHOW COLUMNS FROM `yy_users` [ RunTime:0.0003s ]
SQL: SELECT * FROM `yy_users` WHERE `email` = 'conan@163.com' LIMIT 1   [ RunTime:0.0006s ]

[ 2016-06-17T15:40:36+08:00 ] 127.0.0.1 /Profile/User/index.html
INFO: [ app_init ] --START--
INFO: Run Behavior\BuildLiteBehavior [ RunTime:0.000070s ]
INFO: [ app_init ] --END-- [ RunTime:0.000522s ]
INFO: [ app_begin ] --START--
INFO: Run Behavior\ReadHtmlCacheBehavior [ RunTime:0.000740s ]
INFO: [ app_begin ] --END-- [ RunTime:0.000919s ]
SQL: SHOW COLUMNS FROM `yy_users` [ RunTime:0.0007s ]
SQL: SHOW COLUMNS FROM `yy_users` [ RunTime:0.0004s ]
SQL: SELECT * FROM `yy_users` WHERE `id` = 1 LIMIT 1   [ RunTime:0.0002s ]
SQL: SHOW COLUMNS FROM `yy_category` [ RunTime:0.0003s ]
SQL: SHOW COLUMNS FROM `yy_category` [ RunTime:0.0003s ]
SQL: select id,name,(select count(b.id) from yy_article b where b.category_id=a.id
        and b.user_id=1 and b.is_delete=0) as count from yy_category a where a.parent=0 and a.is_delete=0 [ RunTime:0.0054s ]
SQL: SHOW COLUMNS FROM `yy_article` [ RunTime:0.0004s ]
SQL: SHOW COLUMNS FROM `yy_article` [ RunTime:0.0003s ]
SQL: SELECT COUNT(id) AS tp_count FROM `yy_article` WHERE `category_id` = 1 LIMIT 1   [ RunTime:0.0002s ]
SQL: SELECT * FROM `yy_article` WHERE `category_id` = 1 LIMIT 0,10   [ RunTime:0.0002s ]
SQL: SELECT COUNT(id) AS tp_count FROM `yy_article` WHERE `category_id` = 2 LIMIT 1   [ RunTime:0.0002s ]
SQL: SELECT * FROM `yy_article` WHERE `category_id` = 2 LIMIT 0,10   [ RunTime:0.0002s ]
SQL: SELECT COUNT(id) AS tp_count FROM `yy_article` WHERE `category_id` = 3 LIMIT 1   [ RunTime:0.0002s ]
SQL: SELECT * FROM `yy_article` WHERE `category_id` = 3 LIMIT 0,10   [ RunTime:0.0003s ]
SQL: SELECT COUNT(id) AS tp_count FROM `yy_article` WHERE `category_id` = 4 LIMIT 1   [ RunTime:0.0002s ]
SQL: SELECT * FROM `yy_article` WHERE `category_id` = 4 LIMIT 0,10   [ RunTime:0.0004s ]
SQL: SELECT COUNT(id) AS tp_count FROM `yy_article` WHERE `category_id` = 5 LIMIT 1   [ RunTime:0.0004s ]
SQL: SELECT * FROM `yy_article` WHERE `category_id` = 5 LIMIT 0,10   [ RunTime:0.0004s ]
SQL: SELECT COUNT(id) AS tp_count FROM `yy_article` WHERE `category_id` = 6 LIMIT 1   [ RunTime:0.0003s ]
SQL: SELECT * FROM `yy_article` WHERE `category_id` = 6 LIMIT 0,10   [ RunTime:0.0002s ]
SQL: select a.id,a.name,a.collect_num,a.like_num from yy_users a,(select user_id from yy_article group by user_id order by count(id) desc limit 5) b where a.id=b.user_id [ RunTime:0.0008s ]
INFO: [ view_parse ] --START--
INFO: [ template_filter ] --START--
INFO: Run Behavior\ContentReplaceBehavior [ RunTime:0.000103s ]
INFO: [ template_filter ] --END-- [ RunTime:0.000176s ]
NOTIC: [8] Undefined variable: id /Users/conan/haitao/Application/Runtime/Cache/Profile/4c9e4b27c8af016e76176bf4b1229d6f.php 第 19 行.
NOTIC: [8] Undefined variable: id /Users/conan/haitao/Application/Runtime/Cache/Profile/4c9e4b27c8af016e76176bf4b1229d6f.php 第 19 行.
NOTIC: [8] Undefined variable: id /Users/conan/haitao/Application/Runtime/Cache/Profile/4c9e4b27c8af016e76176bf4b1229d6f.php 第 19 行.
NOTIC: [8] Undefined variable: id /Users/conan/haitao/Application/Runtime/Cache/Profile/4c9e4b27c8af016e76176bf4b1229d6f.php 第 19 行.
NOTIC: [8] Undefined variable: id /Users/conan/haitao/Application/Runtime/Cache/Profile/4c9e4b27c8af016e76176bf4b1229d6f.php 第 19 行.
NOTIC: [8] Undefined variable: id /Users/conan/haitao/Application/Runtime/Cache/Profile/4c9e4b27c8af016e76176bf4b1229d6f.php 第 19 行.
INFO: Run Behavior\ParseTemplateBehavior [ RunTime:0.018678s ]
INFO: [ view_parse ] --END-- [ RunTime:0.018751s ]
INFO: [ view_filter ] --START--
INFO: Run Behavior\WriteHtmlCacheBehavior [ RunTime:0.000136s ]
INFO: [ view_filter ] --END-- [ RunTime:0.000200s ]
INFO: [ app_end ] --START--
INFO: Run Behavior\ShowPageTraceBehavior [ RunTime:0.000406s ]
INFO: [ app_end ] --END-- [ RunTime:0.000487s ]

[ 2016-06-17T15:40:48+08:00 ] 127.0.0.1 /Profile/User/index/p/2.html
INFO: [ app_init ] --START--
INFO: Run Behavior\BuildLiteBehavior [ RunTime:0.000014s ]
INFO: [ app_init ] --END-- [ RunTime:0.000085s ]
INFO: [ app_begin ] --START--
INFO: Run Behavior\ReadHtmlCacheBehavior [ RunTime:0.000237s ]
INFO: [ app_begin ] --END-- [ RunTime:0.000294s ]
SQL: SHOW COLUMNS FROM `yy_users` [ RunTime:0.0004s ]
SQL: SHOW COLUMNS FROM `yy_users` [ RunTime:0.0003s ]
SQL: SELECT * FROM `yy_users` WHERE `id` = 1 LIMIT 1   [ RunTime:0.0002s ]
SQL: SHOW COLUMNS FROM `yy_article` [ RunTime:0.0003s ]
SQL: SHOW COLUMNS FROM `yy_article` [ RunTime:0.0004s ]
SQL: SELECT COUNT(id) AS tp_count FROM `yy_article` WHERE `category_id` = 1 LIMIT 1   [ RunTime:0.0002s ]
SQL: SELECT * FROM `yy_article` WHERE `category_id` = 1 LIMIT 10,10   [ RunTime:0.0002s ]

[ 2016-06-17T15:40:57+08:00 ] 127.0.0.1 /Profile/User/index.html
INFO: [ app_init ] --START--
INFO: Run Behavior\BuildLiteBehavior [ RunTime:0.000029s ]
INFO: [ app_init ] --END-- [ RunTime:0.000202s ]
INFO: [ app_begin ] --START--
INFO: Run Behavior\ReadHtmlCacheBehavior [ RunTime:0.000422s ]
INFO: [ app_begin ] --END-- [ RunTime:0.000521s ]
SQL: SHOW COLUMNS FROM `yy_users` [ RunTime:0.0005s ]
SQL: SHOW COLUMNS FROM `yy_users` [ RunTime:0.0004s ]
SQL: SELECT * FROM `yy_users` WHERE `id` = 1 LIMIT 1   [ RunTime:0.0002s ]
SQL: SHOW COLUMNS FROM `yy_category` [ RunTime:0.0003s ]
SQL: SHOW COLUMNS FROM `yy_category` [ RunTime:0.0003s ]
SQL: select id,name,(select count(b.id) from yy_article b where b.category_id=a.id
        and b.user_id=1 and b.is_delete=0) as count from yy_category a where a.parent=0 and a.is_delete=0 [ RunTime:0.0003s ]
SQL: SHOW COLUMNS FROM `yy_article` [ RunTime:0.0003s ]
SQL: SHOW COLUMNS FROM `yy_article` [ RunTime:0.0003s ]
SQL: SELECT COUNT(id) AS tp_count FROM `yy_article` WHERE `category_id` = 1 LIMIT 1   [ RunTime:0.0001s ]
SQL: SELECT * FROM `yy_article` WHERE `category_id` = 1 LIMIT 0,10   [ RunTime:0.0003s ]
SQL: SELECT COUNT(id) AS tp_count FROM `yy_article` WHERE `category_id` = 2 LIMIT 1   [ RunTime:0.0007s ]
SQL: SELECT * FROM `yy_article` WHERE `category_id` = 2 LIMIT 0,10   [ RunTime:0.0009s ]
SQL: SELECT COUNT(id) AS tp_count FROM `yy_article` WHERE `category_id` = 3 LIMIT 1   [ RunTime:0.0002s ]
SQL: SELECT * FROM `yy_article` WHERE `category_id` = 3 LIMIT 0,10   [ RunTime:0.0002s ]
SQL: SELECT COUNT(id) AS tp_count FROM `yy_article` WHERE `category_id` = 4 LIMIT 1   [ RunTime:0.0001s ]
SQL: SELECT * FROM `yy_article` WHERE `category_id` = 4 LIMIT 0,10   [ RunTime:0.0001s ]
SQL: SELECT COUNT(id) AS tp_count FROM `yy_article` WHERE `category_id` = 5 LIMIT 1   [ RunTime:0.0001s ]
SQL: SELECT * FROM `yy_article` WHERE `category_id` = 5 LIMIT 0,10   [ RunTime:0.0001s ]
SQL: SELECT COUNT(id) AS tp_count FROM `yy_article` WHERE `category_id` = 6 LIMIT 1   [ RunTime:0.0001s ]
SQL: SELECT * FROM `yy_article` WHERE `category_id` = 6 LIMIT 0,10   [ RunTime:0.0001s ]
SQL: select a.id,a.name,a.collect_num,a.like_num from yy_users a,(select user_id from yy_article group by user_id order by count(id) desc limit 5) b where a.id=b.user_id [ RunTime:0.0003s ]
INFO: [ view_parse ] --START--
INFO: [ template_filter ] --START--
INFO: Run Behavior\ContentReplaceBehavior [ RunTime:0.000083s ]
INFO: [ template_filter ] --END-- [ RunTime:0.000155s ]
NOTIC: [8] Undefined variable: id /Users/conan/haitao/Application/Runtime/Cache/Profile/4c9e4b27c8af016e76176bf4b1229d6f.php 第 19 行.
NOTIC: [8] Undefined variable: id /Users/conan/haitao/Application/Runtime/Cache/Profile/4c9e4b27c8af016e76176bf4b1229d6f.php 第 19 行.
NOTIC: [8] Undefined variable: id /Users/conan/haitao/Application/Runtime/Cache/Profile/4c9e4b27c8af016e76176bf4b1229d6f.php 第 19 行.
NOTIC: [8] Undefined variable: id /Users/conan/haitao/Application/Runtime/Cache/Profile/4c9e4b27c8af016e76176bf4b1229d6f.php 第 19 行.
NOTIC: [8] Undefined variable: id /Users/conan/haitao/Application/Runtime/Cache/Profile/4c9e4b27c8af016e76176bf4b1229d6f.php 第 19 行.
NOTIC: [8] Undefined variable: id /Users/conan/haitao/Application/Runtime/Cache/Profile/4c9e4b27c8af016e76176bf4b1229d6f.php 第 19 行.
INFO: Run Behavior\ParseTemplateBehavior [ RunTime:0.013265s ]
INFO: [ view_parse ] --END-- [ RunTime:0.013344s ]
INFO: [ view_filter ] --START--
INFO: Run Behavior\WriteHtmlCacheBehavior [ RunTime:0.000168s ]
INFO: [ view_filter ] --END-- [ RunTime:0.000230s ]
INFO: [ app_end ] --START--
INFO: Run Behavior\ShowPageTraceBehavior [ RunTime:0.000326s ]
INFO: [ app_end ] --END-- [ RunTime:0.000446s ]

[ 2016-06-17T16:20:34+08:00 ] 127.0.0.1 /Profile/User/index.html
INFO: [ app_init ] --START--
INFO: Run Behavior\BuildLiteBehavior [ RunTime:0.000013s ]
INFO: [ app_init ] --END-- [ RunTime:0.000076s ]
INFO: [ app_begin ] --START--
INFO: Run Behavior\ReadHtmlCacheBehavior [ RunTime:0.000226s ]
INFO: [ app_begin ] --END-- [ RunTime:0.000290s ]
SQL: SHOW COLUMNS FROM `yy_users` [ RunTime:0.0004s ]
SQL: SHOW COLUMNS FROM `yy_users` [ RunTime:0.0003s ]
SQL: SELECT * FROM `yy_users` WHERE `id` = 1 LIMIT 1   [ RunTime:0.0002s ]
SQL: SHOW COLUMNS FROM `yy_category` [ RunTime:0.0003s ]
SQL: SHOW COLUMNS FROM `yy_category` [ RunTime:0.0002s ]
SQL: select id,name,(select count(b.id) from yy_article b where b.category_id=a.id
        and b.user_id=1 and b.is_delete=0) as count from yy_category a where a.parent=0 and a.is_delete=0 [ RunTime:0.0003s ]
SQL: SHOW COLUMNS FROM `yy_article` [ RunTime:0.0003s ]
SQL: SHOW COLUMNS FROM `yy_article` [ RunTime:0.0003s ]
SQL: SELECT COUNT(id) AS tp_count FROM `yy_article` WHERE `category_id` = 1 LIMIT 1   [ RunTime:0.0001s ]
SQL: SELECT * FROM `yy_article` WHERE `category_id` = 1 LIMIT 0,10   [ RunTime:0.0002s ]
SQL: SELECT COUNT(id) AS tp_count FROM `yy_article` WHERE `category_id` = 2 LIMIT 1   [ RunTime:0.0001s ]
SQL: SELECT * FROM `yy_article` WHERE `category_id` = 2 LIMIT 0,10   [ RunTime:0.0001s ]
SQL: SELECT COUNT(id) AS tp_count FROM `yy_article` WHERE `category_id` = 3 LIMIT 1   [ RunTime:0.0002s ]
SQL: SELECT * FROM `yy_article` WHERE `category_id` = 3 LIMIT 0,10   [ RunTime:0.0002s ]
SQL: SELECT COUNT(id) AS tp_count FROM `yy_article` WHERE `category_id` = 4 LIMIT 1   [ RunTime:0.0002s ]
SQL: SELECT * FROM `yy_article` WHERE `category_id` = 4 LIMIT 0,10   [ RunTime:0.0002s ]
SQL: SELECT COUNT(id) AS tp_count FROM `yy_article` WHERE `category_id` = 5 LIMIT 1   [ RunTime:0.0001s ]
SQL: SELECT * FROM `yy_article` WHERE `category_id` = 5 LIMIT 0,10   [ RunTime:0.0001s ]
SQL: SELECT COUNT(id) AS tp_count FROM `yy_article` WHERE `category_id` = 6 LIMIT 1   [ RunTime:0.0001s ]
SQL: SELECT * FROM `yy_article` WHERE `category_id` = 6 LIMIT 0,10   [ RunTime:0.0001s ]
SQL: select a.id,a.name,a.collect_num,a.like_num from yy_users a,(select user_id from yy_article group by user_id order by count(id) desc limit 5) b where a.id=b.user_id [ RunTime:0.0003s ]
INFO: [ view_parse ] --START--
INFO: [ template_filter ] --START--
INFO: Run Behavior\ContentReplaceBehavior [ RunTime:0.000083s ]
INFO: [ template_filter ] --END-- [ RunTime:0.000154s ]
NOTIC: [8] Undefined variable: id /Users/conan/haitao/Application/Runtime/Cache/Profile/4c9e4b27c8af016e76176bf4b1229d6f.php 第 19 行.
NOTIC: [8] Undefined variable: id /Users/conan/haitao/Application/Runtime/Cache/Profile/4c9e4b27c8af016e76176bf4b1229d6f.php 第 19 行.
NOTIC: [8] Undefined variable: id /Users/conan/haitao/Application/Runtime/Cache/Profile/4c9e4b27c8af016e76176bf4b1229d6f.php 第 19 行.
NOTIC: [8] Undefined variable: id /Users/conan/haitao/Application/Runtime/Cache/Profile/4c9e4b27c8af016e76176bf4b1229d6f.php 第 19 行.
NOTIC: [8] Undefined variable: id /Users/conan/haitao/Application/Runtime/Cache/Profile/4c9e4b27c8af016e76176bf4b1229d6f.php 第 19 行.
NOTIC: [8] Undefined variable: id /Users/conan/haitao/Application/Runtime/Cache/Profile/4c9e4b27c8af016e76176bf4b1229d6f.php 第 19 行.
INFO: Run Behavior\ParseTemplateBehavior [ RunTime:0.013718s ]
INFO: [ view_parse ] --END-- [ RunTime:0.013792s ]
INFO: [ view_filter ] --START--
INFO: Run Behavior\WriteHtmlCacheBehavior [ RunTime:0.000211s ]
INFO: [ view_filter ] --END-- [ RunTime:0.000272s ]
INFO: [ app_end ] --START--
INFO: Run Behavior\ShowPageTraceBehavior [ RunTime:0.000583s ]
INFO: [ app_end ] --END-- [ RunTime:0.000736s ]

[ 2016-06-17T16:22:09+08:00 ] 127.0.0.1 /Profile/User/index.html
INFO: [ app_init ] --START--
INFO: Run Behavior\BuildLiteBehavior [ RunTime:0.000013s ]
INFO: [ app_init ] --END-- [ RunTime:0.000080s ]
INFO: [ app_begin ] --START--
INFO: Run Behavior\ReadHtmlCacheBehavior [ RunTime:0.000222s ]
INFO: [ app_begin ] --END-- [ RunTime:0.000284s ]
SQL: SHOW COLUMNS FROM `yy_users` [ RunTime:0.0005s ]
SQL: SHOW COLUMNS FROM `yy_users` [ RunTime:0.0003s ]
SQL: SELECT * FROM `yy_users` WHERE `id` = 1 LIMIT 1   [ RunTime:0.0002s ]
SQL: SHOW COLUMNS FROM `yy_category` [ RunTime:0.0003s ]
SQL: SHOW COLUMNS FROM `yy_category` [ RunTime:0.0003s ]
SQL: select id,name,(select count(b.id) from yy_article b where b.category_id=a.id
        and b.user_id=1 and b.is_delete=0) as count from yy_category a where a.parent=0 and a.is_delete=0 [ RunTime:0.0004s ]
SQL: SHOW COLUMNS FROM `yy_article` [ RunTime:0.0003s ]
SQL: SHOW COLUMNS FROM `yy_article` [ RunTime:0.0003s ]
SQL: SELECT COUNT(id) AS tp_count FROM `yy_article` WHERE `category_id` = 1 LIMIT 1   [ RunTime:0.0001s ]
SQL: SELECT * FROM `yy_article` WHERE `category_id` = 1 LIMIT 0,10   [ RunTime:0.0002s ]
SQL: SELECT COUNT(id) AS tp_count FROM `yy_article` WHERE `category_id` = 2 LIMIT 1   [ RunTime:0.0001s ]
SQL: SELECT * FROM `yy_article` WHERE `category_id` = 2 LIMIT 0,10   [ RunTime:0.0002s ]
SQL: SELECT COUNT(id) AS tp_count FROM `yy_article` WHERE `category_id` = 3 LIMIT 1   [ RunTime:0.0001s ]
SQL: SELECT * FROM `yy_article` WHERE `category_id` = 3 LIMIT 0,10   [ RunTime:0.0001s ]
SQL: SELECT COUNT(id) AS tp_count FROM `yy_article` WHERE `category_id` = 4 LIMIT 1   [ RunTime:0.0001s ]
SQL: SELECT * FROM `yy_article` WHERE `category_id` = 4 LIMIT 0,10   [ RunTime:0.0001s ]
SQL: SELECT COUNT(id) AS tp_count FROM `yy_article` WHERE `category_id` = 5 LIMIT 1   [ RunTime:0.0001s ]
SQL: SELECT * FROM `yy_article` WHERE `category_id` = 5 LIMIT 0,10   [ RunTime:0.0001s ]
SQL: SELECT COUNT(id) AS tp_count FROM `yy_article` WHERE `category_id` = 6 LIMIT 1   [ RunTime:0.0001s ]
SQL: SELECT * FROM `yy_article` WHERE `category_id` = 6 LIMIT 0,10   [ RunTime:0.0001s ]
SQL: select a.id,a.name,a.collect_num,a.like_num from yy_users a,(select user_id from yy_article group by user_id order by count(id) desc limit 5) b where a.id=b.user_id [ RunTime:0.0003s ]
INFO: [ view_parse ] --START--
INFO: [ template_filter ] --START--
INFO: Run Behavior\ContentReplaceBehavior [ RunTime:0.000081s ]
INFO: [ template_filter ] --END-- [ RunTime:0.000160s ]
NOTIC: [8] Undefined variable: id /Users/conan/haitao/Application/Runtime/Cache/Profile/4c9e4b27c8af016e76176bf4b1229d6f.php 第 19 行.
NOTIC: [8] Undefined variable: id /Users/conan/haitao/Application/Runtime/Cache/Profile/4c9e4b27c8af016e76176bf4b1229d6f.php 第 19 行.
NOTIC: [8] Undefined variable: id /Users/conan/haitao/Application/Runtime/Cache/Profile/4c9e4b27c8af016e76176bf4b1229d6f.php 第 19 行.
NOTIC: [8] Undefined variable: id /Users/conan/haitao/Application/Runtime/Cache/Profile/4c9e4b27c8af016e76176bf4b1229d6f.php 第 19 行.
NOTIC: [8] Undefined variable: id /Users/conan/haitao/Application/Runtime/Cache/Profile/4c9e4b27c8af016e76176bf4b1229d6f.php 第 19 行.
NOTIC: [8] Undefined variable: id /Users/conan/haitao/Application/Runtime/Cache/Profile/4c9e4b27c8af016e76176bf4b1229d6f.php 第 19 行.
INFO: Run Behavior\ParseTemplateBehavior [ RunTime:0.012485s ]
INFO: [ view_parse ] --END-- [ RunTime:0.012555s ]
INFO: [ view_filter ] --START--
INFO: Run Behavior\WriteHtmlCacheBehavior [ RunTime:0.000172s ]
INFO: [ view_filter ] --END-- [ RunTime:0.000244s ]
INFO: [ app_end ] --START--
INFO: Run Behavior\ShowPageTraceBehavior [ RunTime:0.000602s ]
INFO: [ app_end ] --END-- [ RunTime:0.000758s ]

[ 2016-06-17T16:22:13+08:00 ] 127.0.0.1 /Profile/User/index.html
INFO: [ app_init ] --START--
INFO: Run Behavior\BuildLiteBehavior [ RunTime:0.000014s ]
INFO: [ app_init ] --END-- [ RunTime:0.000075s ]
INFO: [ app_begin ] --START--
INFO: Run Behavior\ReadHtmlCacheBehavior [ RunTime:0.000222s ]
INFO: [ app_begin ] --END-- [ RunTime:0.000285s ]
SQL: SHOW COLUMNS FROM `yy_users` [ RunTime:0.0006s ]
SQL: SHOW COLUMNS FROM `yy_users` [ RunTime:0.0004s ]
SQL: SELECT * FROM `yy_users` WHERE `id` = 1 LIMIT 1   [ RunTime:0.0002s ]
SQL: SHOW COLUMNS FROM `yy_category` [ RunTime:0.0003s ]
SQL: SHOW COLUMNS FROM `yy_category` [ RunTime:0.0002s ]
SQL: select id,name,(select count(b.id) from yy_article b where b.category_id=a.id
        and b.user_id=1 and b.is_delete=0) as count from yy_category a where a.parent=0 and a.is_delete=0 [ RunTime:0.0003s ]
SQL: SHOW COLUMNS FROM `yy_article` [ RunTime:0.0003s ]
SQL: SHOW COLUMNS FROM `yy_article` [ RunTime:0.0003s ]
SQL: SELECT COUNT(id) AS tp_count FROM `yy_article` WHERE `category_id` = 1 LIMIT 1   [ RunTime:0.0002s ]
SQL: SELECT * FROM `yy_article` WHERE `category_id` = 1 LIMIT 0,10   [ RunTime:0.0002s ]
SQL: SELECT COUNT(id) AS tp_count FROM `yy_article` WHERE `category_id` = 2 LIMIT 1   [ RunTime:0.0001s ]
SQL: SELECT * FROM `yy_article` WHERE `category_id` = 2 LIMIT 0,10   [ RunTime:0.0002s ]
SQL: SELECT COUNT(id) AS tp_count FROM `yy_article` WHERE `category_id` = 3 LIMIT 1   [ RunTime:0.0001s ]
SQL: SELECT * FROM `yy_article` WHERE `category_id` = 3 LIMIT 0,10   [ RunTime:0.0001s ]
SQL: SELECT COUNT(id) AS tp_count FROM `yy_article` WHERE `category_id` = 4 LIMIT 1   [ RunTime:0.0001s ]
SQL: SELECT * FROM `yy_article` WHERE `category_id` = 4 LIMIT 0,10   [ RunTime:0.0001s ]
SQL: SELECT COUNT(id) AS tp_count FROM `yy_article` WHERE `category_id` = 5 LIMIT 1   [ RunTime:0.0001s ]
SQL: SELECT * FROM `yy_article` WHERE `category_id` = 5 LIMIT 0,10   [ RunTime:0.0001s ]
SQL: SELECT COUNT(id) AS tp_count FROM `yy_article` WHERE `category_id` = 6 LIMIT 1   [ RunTime:0.0001s ]
SQL: SELECT * FROM `yy_article` WHERE `category_id` = 6 LIMIT 0,10   [ RunTime:0.0001s ]
SQL: select a.id,a.name,a.collect_num,a.like_num from yy_users a,(select user_id from yy_article group by user_id order by count(id) desc limit 5) b where a.id=b.user_id [ RunTime:0.0003s ]
INFO: [ view_parse ] --START--
INFO: [ template_filter ] --START--
INFO: Run Behavior\ContentReplaceBehavior [ RunTime:0.000109s ]
INFO: [ template_filter ] --END-- [ RunTime:0.000185s ]
NOTIC: [8] Undefined variable: id /Users/conan/haitao/Application/Runtime/Cache/Profile/4c9e4b27c8af016e76176bf4b1229d6f.php 第 19 行.
NOTIC: [8] Undefined variable: id /Users/conan/haitao/Application/Runtime/Cache/Profile/4c9e4b27c8af016e76176bf4b1229d6f.php 第 19 行.
NOTIC: [8] Undefined variable: id /Users/conan/haitao/Application/Runtime/Cache/Profile/4c9e4b27c8af016e76176bf4b1229d6f.php 第 19 行.
NOTIC: [8] Undefined variable: id /Users/conan/haitao/Application/Runtime/Cache/Profile/4c9e4b27c8af016e76176bf4b1229d6f.php 第 19 行.
NOTIC: [8] Undefined variable: id /Users/conan/haitao/Application/Runtime/Cache/Profile/4c9e4b27c8af016e76176bf4b1229d6f.php 第 19 行.
NOTIC: [8] Undefined variable: id /Users/conan/haitao/Application/Runtime/Cache/Profile/4c9e4b27c8af016e76176bf4b1229d6f.php 第 19 行.
INFO: Run Behavior\ParseTemplateBehavior [ RunTime:0.012309s ]
INFO: [ view_parse ] --END-- [ RunTime:0.012383s ]
INFO: [ view_filter ] --START--
INFO: Run Behavior\WriteHtmlCacheBehavior [ RunTime:0.000194s ]
INFO: [ view_filter ] --END-- [ RunTime:0.000256s ]
INFO: [ app_end ] --START--
INFO: Run Behavior\ShowPageTraceBehavior [ RunTime:0.000581s ]
INFO: [ app_end ] --END-- [ RunTime:0.000725s ]

[ 2016-06-17T16:22:57+08:00 ] 127.0.0.1 /Profile/User/index.html
INFO: [ app_init ] --START--
INFO: Run Behavior\BuildLiteBehavior [ RunTime:0.000021s ]
INFO: [ app_init ] --END-- [ RunTime:0.000112s ]
INFO: [ app_begin ] --START--
INFO: Run Behavior\ReadHtmlCacheBehavior [ RunTime:0.000279s ]
INFO: [ app_begin ] --END-- [ RunTime:0.000358s ]
SQL: SHOW COLUMNS FROM `yy_users` [ RunTime:0.0005s ]
SQL: SHOW COLUMNS FROM `yy_users` [ RunTime:0.0004s ]
SQL: SELECT * FROM `yy_users` WHERE `id` = 1 LIMIT 1   [ RunTime:0.0002s ]
SQL: SHOW COLUMNS FROM `yy_category` [ RunTime:0.0015s ]
SQL: SHOW COLUMNS FROM `yy_category` [ RunTime:0.0010s ]
SQL: select id,name,(select count(b.id) from yy_article b where b.category_id=a.id
        and b.user_id=1 and b.is_delete=0) as count from yy_category a where a.parent=0 and a.is_delete=0 [ RunTime:0.0004s ]
SQL: SHOW COLUMNS FROM `yy_article` [ RunTime:0.0005s ]
SQL: SHOW COLUMNS FROM `yy_article` [ RunTime:0.0004s ]
SQL: SELECT COUNT(id) AS tp_count FROM `yy_article` WHERE `category_id` = 1 LIMIT 1   [ RunTime:0.0002s ]
SQL: SELECT * FROM `yy_article` WHERE `category_id` = 1 LIMIT 0,10   [ RunTime:0.0005s ]
SQL: SELECT COUNT(id) AS tp_count FROM `yy_article` WHERE `category_id` = 2 LIMIT 1   [ RunTime:0.0002s ]
SQL: SELECT * FROM `yy_article` WHERE `category_id` = 2 LIMIT 0,10   [ RunTime:0.0006s ]
SQL: SELECT COUNT(id) AS tp_count FROM `yy_article` WHERE `category_id` = 3 LIMIT 1   [ RunTime:0.0005s ]
SQL: SELECT * FROM `yy_article` WHERE `category_id` = 3 LIMIT 0,10   [ RunTime:0.0006s ]
SQL: SELECT COUNT(id) AS tp_count FROM `yy_article` WHERE `category_id` = 4 LIMIT 1   [ RunTime:0.0003s ]
SQL: SELECT * FROM `yy_article` WHERE `category_id` = 4 LIMIT 0,10   [ RunTime:0.0003s ]
SQL: SELECT COUNT(id) AS tp_count FROM `yy_article` WHERE `category_id` = 5 LIMIT 1   [ RunTime:0.0003s ]
SQL: SELECT * FROM `yy_article` WHERE `category_id` = 5 LIMIT 0,10   [ RunTime:0.0003s ]
SQL: SELECT COUNT(id) AS tp_count FROM `yy_article` WHERE `category_id` = 6 LIMIT 1   [ RunTime:0.0003s ]
SQL: SELECT * FROM `yy_article` WHERE `category_id` = 6 LIMIT 0,10   [ RunTime:0.0003s ]
SQL: select a.id,a.name,a.collect_num,a.like_num from yy_users a,(select user_id from yy_article group by user_id order by count(id) desc limit 5) b where a.id=b.user_id [ RunTime:0.0004s ]
INFO: [ view_parse ] --START--
INFO: [ template_filter ] --START--
INFO: Run Behavior\ContentReplaceBehavior [ RunTime:0.000085s ]
INFO: [ template_filter ] --END-- [ RunTime:0.000160s ]
NOTIC: [8] Undefined variable: id /Users/conan/haitao/Application/Runtime/Cache/Profile/4c9e4b27c8af016e76176bf4b1229d6f.php 第 19 行.
NOTIC: [8] Undefined variable: id /Users/conan/haitao/Application/Runtime/Cache/Profile/4c9e4b27c8af016e76176bf4b1229d6f.php 第 19 行.
NOTIC: [8] Undefined variable: id /Users/conan/haitao/Application/Runtime/Cache/Profile/4c9e4b27c8af016e76176bf4b1229d6f.php 第 19 行.
NOTIC: [8] Undefined variable: id /Users/conan/haitao/Application/Runtime/Cache/Profile/4c9e4b27c8af016e76176bf4b1229d6f.php 第 19 行.
NOTIC: [8] Undefined variable: id /Users/conan/haitao/Application/Runtime/Cache/Profile/4c9e4b27c8af016e76176bf4b1229d6f.php 第 19 行.
NOTIC: [8] Undefined variable: id /Users/conan/haitao/Application/Runtime/Cache/Profile/4c9e4b27c8af016e76176bf4b1229d6f.php 第 19 行.
INFO: Run Behavior\ParseTemplateBehavior [ RunTime:0.010807s ]
INFO: [ view_parse ] --END-- [ RunTime:0.010878s ]
INFO: [ view_filter ] --START--
INFO: Run Behavior\WriteHtmlCacheBehavior [ RunTime:0.000185s ]
INFO: [ view_filter ] --END-- [ RunTime:0.000242s ]
INFO: [ app_end ] --START--
INFO: Run Behavior\ShowPageTraceBehavior [ RunTime:0.000323s ]
INFO: [ app_end ] --END-- [ RunTime:0.000446s ]

[ 2016-06-17T16:23:55+08:00 ] 127.0.0.1 /Profile/User/index.html
INFO: [ app_init ] --START--
INFO: Run Behavior\BuildLiteBehavior [ RunTime:0.000015s ]
INFO: [ app_init ] --END-- [ RunTime:0.000088s ]
INFO: [ app_begin ] --START--
INFO: Run Behavior\ReadHtmlCacheBehavior [ RunTime:0.000281s ]
INFO: [ app_begin ] --END-- [ RunTime:0.000358s ]
SQL: SHOW COLUMNS FROM `yy_users` [ RunTime:0.0004s ]
SQL: SHOW COLUMNS FROM `yy_users` [ RunTime:0.0003s ]
SQL: SELECT * FROM `yy_users` WHERE `id` = 1 LIMIT 1   [ RunTime:0.0002s ]
SQL: SHOW COLUMNS FROM `yy_category` [ RunTime:0.0003s ]
SQL: SHOW COLUMNS FROM `yy_category` [ RunTime:0.0002s ]
SQL: select id,name,(select count(b.id) from yy_article b where b.category_id=a.id
        and b.user_id=1 and b.is_delete=0) as count from yy_category a where a.parent=0 and a.is_delete=0 [ RunTime:0.0003s ]
SQL: SHOW COLUMNS FROM `yy_article` [ RunTime:0.0003s ]
SQL: SHOW COLUMNS FROM `yy_article` [ RunTime:0.0004s ]
SQL: SELECT COUNT(id) AS tp_count FROM `yy_article` WHERE `category_id` = 1 LIMIT 1   [ RunTime:0.0002s ]
SQL: SELECT * FROM `yy_article` WHERE `category_id` = 1 LIMIT 0,10   [ RunTime:0.0002s ]
SQL: SELECT COUNT(id) AS tp_count FROM `yy_article` WHERE `category_id` = 2 LIMIT 1   [ RunTime:0.0001s ]
SQL: SELECT * FROM `yy_article` WHERE `category_id` = 2 LIMIT 0,10   [ RunTime:0.0002s ]
SQL: SELECT COUNT(id) AS tp_count FROM `yy_article` WHERE `category_id` = 3 LIMIT 1   [ RunTime:0.0001s ]
SQL: SELECT * FROM `yy_article` WHERE `category_id` = 3 LIMIT 0,10   [ RunTime:0.0002s ]
SQL: SELECT COUNT(id) AS tp_count FROM `yy_article` WHERE `category_id` = 4 LIMIT 1   [ RunTime:0.0001s ]
SQL: SELECT * FROM `yy_article` WHERE `category_id` = 4 LIMIT 0,10   [ RunTime:0.0001s ]
SQL: SELECT COUNT(id) AS tp_count FROM `yy_article` WHERE `category_id` = 5 LIMIT 1   [ RunTime:0.0001s ]
SQL: SELECT * FROM `yy_article` WHERE `category_id` = 5 LIMIT 0,10   [ RunTime:0.0001s ]
SQL: SELECT COUNT(id) AS tp_count FROM `yy_article` WHERE `category_id` = 6 LIMIT 1   [ RunTime:0.0001s ]
SQL: SELECT * FROM `yy_article` WHERE `category_id` = 6 LIMIT 0,10   [ RunTime:0.0002s ]
SQL: select a.id,a.name,a.collect_num,a.like_num from yy_users a,(select user_id from yy_article group by user_id order by count(id) desc limit 5) b where a.id=b.user_id [ RunTime:0.0009s ]
INFO: [ view_parse ] --START--
INFO: [ template_filter ] --START--
INFO: Run Behavior\ContentReplaceBehavior [ RunTime:0.000100s ]
INFO: [ template_filter ] --END-- [ RunTime:0.000187s ]
NOTIC: [8] Undefined variable: id /Users/conan/haitao/Application/Runtime/Cache/Profile/4c9e4b27c8af016e76176bf4b1229d6f.php 第 19 行.
NOTIC: [8] Undefined variable: id /Users/conan/haitao/Application/Runtime/Cache/Profile/4c9e4b27c8af016e76176bf4b1229d6f.php 第 19 行.
NOTIC: [8] Undefined variable: id /Users/conan/haitao/Application/Runtime/Cache/Profile/4c9e4b27c8af016e76176bf4b1229d6f.php 第 19 行.
NOTIC: [8] Undefined variable: id /Users/conan/haitao/Application/Runtime/Cache/Profile/4c9e4b27c8af016e76176bf4b1229d6f.php 第 19 行.
NOTIC: [8] Undefined variable: id /Users/conan/haitao/Application/Runtime/Cache/Profile/4c9e4b27c8af016e76176bf4b1229d6f.php 第 19 行.
NOTIC: [8] Undefined variable: id /Users/conan/haitao/Application/Runtime/Cache/Profile/4c9e4b27c8af016e76176bf4b1229d6f.php 第 19 行.
INFO: Run Behavior\ParseTemplateBehavior [ RunTime:0.011967s ]
INFO: [ view_parse ] --END-- [ RunTime:0.012059s ]
INFO: [ view_filter ] --START--
INFO: Run Behavior\WriteHtmlCacheBehavior [ RunTime:0.000114s ]
INFO: [ view_filter ] --END-- [ RunTime:0.000167s ]
INFO: [ app_end ] --START--
INFO: Run Behavior\ShowPageTraceBehavior [ RunTime:0.000326s ]
INFO: [ app_end ] --END-- [ RunTime:0.000407s ]

[ 2016-06-17T16:24:00+08:00 ] 127.0.0.1 /Profile/User/index.html
INFO: [ app_init ] --START--
INFO: Run Behavior\BuildLiteBehavior [ RunTime:0.000014s ]
INFO: [ app_init ] --END-- [ RunTime:0.000079s ]
INFO: [ app_begin ] --START--
INFO: Run Behavior\ReadHtmlCacheBehavior [ RunTime:0.000255s ]
INFO: [ app_begin ] --END-- [ RunTime:0.000329s ]
SQL: SHOW COLUMNS FROM `yy_users` [ RunTime:0.0005s ]
SQL: SHOW COLUMNS FROM `yy_users` [ RunTime:0.0003s ]
SQL: SELECT * FROM `yy_users` WHERE `id` = 1 LIMIT 1   [ RunTime:0.0002s ]
SQL: SHOW COLUMNS FROM `yy_category` [ RunTime:0.0003s ]
SQL: SHOW COLUMNS FROM `yy_category` [ RunTime:0.0002s ]
SQL: select id,name,(select count(b.id) from yy_article b where b.category_id=a.id
        and b.user_id=1 and b.is_delete=0) as count from yy_category a where a.parent=0 and a.is_delete=0 [ RunTime:0.0003s ]
SQL: SHOW COLUMNS FROM `yy_article` [ RunTime:0.0004s ]
SQL: SHOW COLUMNS FROM `yy_article` [ RunTime:0.0003s ]
SQL: SELECT COUNT(id) AS tp_count FROM `yy_article` WHERE `category_id` = 1 LIMIT 1   [ RunTime:0.0002s ]
SQL: SELECT * FROM `yy_article` WHERE `category_id` = 1 LIMIT 0,10   [ RunTime:0.0002s ]
SQL: SELECT COUNT(id) AS tp_count FROM `yy_article` WHERE `category_id` = 2 LIMIT 1   [ RunTime:0.0001s ]
SQL: SELECT * FROM `yy_article` WHERE `category_id` = 2 LIMIT 0,10   [ RunTime:0.0002s ]
SQL: SELECT COUNT(id) AS tp_count FROM `yy_article` WHERE `category_id` = 3 LIMIT 1   [ RunTime:0.0001s ]
SQL: SELECT * FROM `yy_article` WHERE `category_id` = 3 LIMIT 0,10   [ RunTime:0.0001s ]
SQL: SELECT COUNT(id) AS tp_count FROM `yy_article` WHERE `category_id` = 4 LIMIT 1   [ RunTime:0.0002s ]
SQL: SELECT * FROM `yy_article` WHERE `category_id` = 4 LIMIT 0,10   [ RunTime:0.0002s ]
SQL: SELECT COUNT(id) AS tp_count FROM `yy_article` WHERE `category_id` = 5 LIMIT 1   [ RunTime:0.0002s ]
SQL: SELECT * FROM `yy_article` WHERE `category_id` = 5 LIMIT 0,10   [ RunTime:0.0002s ]
SQL: SELECT COUNT(id) AS tp_count FROM `yy_article` WHERE `category_id` = 6 LIMIT 1   [ RunTime:0.0001s ]
SQL: SELECT * FROM `yy_article` WHERE `category_id` = 6 LIMIT 0,10   [ RunTime:0.0001s ]
SQL: select a.id,a.name,a.collect_num,a.like_num from yy_users a,(select user_id from yy_article group by user_id order by count(id) desc limit 5) b where a.id=b.user_id [ RunTime:0.0003s ]
INFO: [ view_parse ] --START--
INFO: [ template_filter ] --START--
INFO: Run Behavior\ContentReplaceBehavior [ RunTime:0.000163s ]
INFO: [ template_filter ] --END-- [ RunTime:0.000307s ]
NOTIC: [8] Undefined variable: id /Users/conan/haitao/Application/Runtime/Cache/Profile/4c9e4b27c8af016e76176bf4b1229d6f.php 第 19 行.
NOTIC: [8] Undefined variable: id /Users/conan/haitao/Application/Runtime/Cache/Profile/4c9e4b27c8af016e76176bf4b1229d6f.php 第 19 行.
NOTIC: [8] Undefined variable: id /Users/conan/haitao/Application/Runtime/Cache/Profile/4c9e4b27c8af016e76176bf4b1229d6f.php 第 19 行.
NOTIC: [8] Undefined variable: id /Users/conan/haitao/Application/Runtime/Cache/Profile/4c9e4b27c8af016e76176bf4b1229d6f.php 第 19 行.
NOTIC: [8] Undefined variable: id /Users/conan/haitao/Application/Runtime/Cache/Profile/4c9e4b27c8af016e76176bf4b1229d6f.php 第 19 行.
NOTIC: [8] Undefined variable: id /Users/conan/haitao/Application/Runtime/Cache/Profile/4c9e4b27c8af016e76176bf4b1229d6f.php 第 19 行.
INFO: Run Behavior\ParseTemplateBehavior [ RunTime:0.012659s ]
INFO: [ view_parse ] --END-- [ RunTime:0.012729s ]
INFO: [ view_filter ] --START--
INFO: Run Behavior\WriteHtmlCacheBehavior [ RunTime:0.000110s ]
INFO: [ view_filter ] --END-- [ RunTime:0.000164s ]
INFO: [ app_end ] --START--
INFO: Run Behavior\ShowPageTraceBehavior [ RunTime:0.000369s ]
INFO: [ app_end ] --END-- [ RunTime:0.000486s ]

[ 2016-06-17T16:26:03+08:00 ] 127.0.0.1 /Profile/User/index.html
INFO: [ app_init ] --START--
INFO: Run Behavior\BuildLiteBehavior [ RunTime:0.000013s ]
INFO: [ app_init ] --END-- [ RunTime:0.000079s ]
INFO: [ app_begin ] --START--
INFO: Run Behavior\ReadHtmlCacheBehavior [ RunTime:0.000285s ]
INFO: [ app_begin ] --END-- [ RunTime:0.000361s ]

[ 2016-06-17T16:26:10+08:00 ] 127.0.0.1 /Profile/User/index.html
INFO: [ app_init ] --START--
INFO: Run Behavior\BuildLiteBehavior [ RunTime:0.000014s ]
INFO: [ app_init ] --END-- [ RunTime:0.000085s ]
INFO: [ app_begin ] --START--
INFO: Run Behavior\ReadHtmlCacheBehavior [ RunTime:0.000224s ]
INFO: [ app_begin ] --END-- [ RunTime:0.000286s ]
SQL: SHOW COLUMNS FROM `yy_users` [ RunTime:0.0005s ]
SQL: SHOW COLUMNS FROM `yy_users` [ RunTime:0.0003s ]
SQL: SELECT * FROM `yy_users` WHERE `id` = 1 LIMIT 1   [ RunTime:0.0002s ]
SQL: SHOW COLUMNS FROM `yy_category` [ RunTime:0.0003s ]
SQL: SHOW COLUMNS FROM `yy_category` [ RunTime:0.0003s ]
SQL: select id,name,(select count(b.id) from yy_article b where b.category_id=a.id
        and b.user_id=1 and b.is_delete=0) as count from yy_category a where a.parent=0 and a.is_delete=0 [ RunTime:0.0003s ]
SQL: SHOW COLUMNS FROM `yy_article` [ RunTime:0.0003s ]
SQL: SHOW COLUMNS FROM `yy_article` [ RunTime:0.0003s ]
SQL: SELECT COUNT(id) AS tp_count FROM `yy_article` WHERE `category_id` = 1 LIMIT 1   [ RunTime:0.0002s ]
SQL: SELECT * FROM `yy_article` WHERE `category_id` = 1 LIMIT 0,10   [ RunTime:0.0002s ]
SQL: SELECT COUNT(id) AS tp_count FROM `yy_article` WHERE `category_id` = 2 LIMIT 1   [ RunTime:0.0001s ]
SQL: SELECT * FROM `yy_article` WHERE `category_id` = 2 LIMIT 0,10   [ RunTime:0.0002s ]
SQL: SELECT COUNT(id) AS tp_count FROM `yy_article` WHERE `category_id` = 3 LIMIT 1   [ RunTime:0.0001s ]
SQL: SELECT * FROM `yy_article` WHERE `category_id` = 3 LIMIT 0,10   [ RunTime:0.0001s ]
SQL: SELECT COUNT(id) AS tp_count FROM `yy_article` WHERE `category_id` = 4 LIMIT 1   [ RunTime:0.0001s ]
SQL: SELECT * FROM `yy_article` WHERE `category_id` = 4 LIMIT 0,10   [ RunTime:0.0001s ]
SQL: SELECT COUNT(id) AS tp_count FROM `yy_article` WHERE `category_id` = 5 LIMIT 1   [ RunTime:0.0001s ]
SQL: SELECT * FROM `yy_article` WHERE `category_id` = 5 LIMIT 0,10   [ RunTime:0.0001s ]
SQL: SELECT COUNT(id) AS tp_count FROM `yy_article` WHERE `category_id` = 6 LIMIT 1   [ RunTime:0.0001s ]
SQL: SELECT * FROM `yy_article` WHERE `category_id` = 6 LIMIT 0,10   [ RunTime:0.0001s ]
SQL: select a.id,a.name,a.collect_num,a.like_num from yy_users a,(select user_id from yy_article group by user_id order by count(id) desc limit 5) b where a.id=b.user_id [ RunTime:0.0002s ]

[ 2016-06-17T16:27:18+08:00 ] 127.0.0.1 /Profile/User/index.html
INFO: [ app_init ] --START--
INFO: Run Behavior\BuildLiteBehavior [ RunTime:0.000016s ]
INFO: [ app_init ] --END-- [ RunTime:0.000091s ]
INFO: [ app_begin ] --START--
INFO: Run Behavior\ReadHtmlCacheBehavior [ RunTime:0.000238s ]
INFO: [ app_begin ] --END-- [ RunTime:0.000304s ]
SQL: SHOW COLUMNS FROM `yy_users` [ RunTime:0.0005s ]
SQL: SHOW COLUMNS FROM `yy_users` [ RunTime:0.0003s ]
SQL: SELECT * FROM `yy_users` WHERE `id` = 1 LIMIT 1   [ RunTime:0.0002s ]
SQL: SHOW COLUMNS FROM `yy_category` [ RunTime:0.0005s ]
SQL: SHOW COLUMNS FROM `yy_category` [ RunTime:0.0003s ]
SQL: select id,name,url,(select count(b.id) from yy_article b where b.category_id=a.id
        and b.user_id=1 and b.is_delete=0) as count from yy_category a where a.parent=0 and a.is_delete=0 [ RunTime:0.0004s ]
SQL: SHOW COLUMNS FROM `yy_article` [ RunTime:0.0004s ]
SQL: SHOW COLUMNS FROM `yy_article` [ RunTime:0.0004s ]
SQL: SELECT COUNT(id) AS tp_count FROM `yy_article` WHERE `category_id` = 1 LIMIT 1   [ RunTime:0.0002s ]
SQL: SELECT * FROM `yy_article` WHERE `category_id` = 1 LIMIT 0,10   [ RunTime:0.0003s ]
SQL: SELECT COUNT(id) AS tp_count FROM `yy_article` WHERE `category_id` = 2 LIMIT 1   [ RunTime:0.0001s ]
SQL: SELECT * FROM `yy_article` WHERE `category_id` = 2 LIMIT 0,10   [ RunTime:0.0002s ]
SQL: SELECT COUNT(id) AS tp_count FROM `yy_article` WHERE `category_id` = 3 LIMIT 1   [ RunTime:0.0001s ]
SQL: SELECT * FROM `yy_article` WHERE `category_id` = 3 LIMIT 0,10   [ RunTime:0.0002s ]
SQL: SELECT COUNT(id) AS tp_count FROM `yy_article` WHERE `category_id` = 4 LIMIT 1   [ RunTime:0.0001s ]
SQL: SELECT * FROM `yy_article` WHERE `category_id` = 4 LIMIT 0,10   [ RunTime:0.0001s ]
SQL: SELECT COUNT(id) AS tp_count FROM `yy_article` WHERE `category_id` = 5 LIMIT 1   [ RunTime:0.0001s ]
SQL: SELECT * FROM `yy_article` WHERE `category_id` = 5 LIMIT 0,10   [ RunTime:0.0001s ]
SQL: SELECT COUNT(id) AS tp_count FROM `yy_article` WHERE `category_id` = 6 LIMIT 1   [ RunTime:0.0001s ]
SQL: SELECT * FROM `yy_article` WHERE `category_id` = 6 LIMIT 0,10   [ RunTime:0.0001s ]
SQL: select a.id,a.name,a.collect_num,a.like_num from yy_users a,(select user_id from yy_article group by user_id order by count(id) desc limit 5) b where a.id=b.user_id [ RunTime:0.0003s ]
INFO: [ view_parse ] --START--
INFO: [ template_filter ] --START--
INFO: Run Behavior\ContentReplaceBehavior [ RunTime:0.000144s ]
INFO: [ template_filter ] --END-- [ RunTime:0.000277s ]
NOTIC: [8] Undefined variable: id /Users/conan/haitao/Application/Runtime/Cache/Profile/4c9e4b27c8af016e76176bf4b1229d6f.php 第 19 行.
NOTIC: [8] Undefined variable: id /Users/conan/haitao/Application/Runtime/Cache/Profile/4c9e4b27c8af016e76176bf4b1229d6f.php 第 19 行.
NOTIC: [8] Undefined variable: id /Users/conan/haitao/Application/Runtime/Cache/Profile/4c9e4b27c8af016e76176bf4b1229d6f.php 第 19 行.
NOTIC: [8] Undefined variable: id /Users/conan/haitao/Application/Runtime/Cache/Profile/4c9e4b27c8af016e76176bf4b1229d6f.php 第 19 行.
NOTIC: [8] Undefined variable: id /Users/conan/haitao/Application/Runtime/Cache/Profile/4c9e4b27c8af016e76176bf4b1229d6f.php 第 19 行.
NOTIC: [8] Undefined variable: id /Users/conan/haitao/Application/Runtime/Cache/Profile/4c9e4b27c8af016e76176bf4b1229d6f.php 第 19 行.
INFO: Run Behavior\ParseTemplateBehavior [ RunTime:0.012246s ]
INFO: [ view_parse ] --END-- [ RunTime:0.012309s ]
INFO: [ view_filter ] --START--
INFO: Run Behavior\WriteHtmlCacheBehavior [ RunTime:0.000110s ]
INFO: [ view_filter ] --END-- [ RunTime:0.000165s ]
INFO: [ app_end ] --START--
INFO: Run Behavior\ShowPageTraceBehavior [ RunTime:0.000354s ]
INFO: [ app_end ] --END-- [ RunTime:0.000453s ]

[ 2016-06-17T16:27:30+08:00 ] 127.0.0.1 /Profile/User/index.html
INFO: [ app_init ] --START--
INFO: Run Behavior\BuildLiteBehavior [ RunTime:0.000014s ]
INFO: [ app_init ] --END-- [ RunTime:0.000083s ]
INFO: [ app_begin ] --START--
INFO: Run Behavior\ReadHtmlCacheBehavior [ RunTime:0.000236s ]
INFO: [ app_begin ] --END-- [ RunTime:0.000299s ]
SQL: SHOW COLUMNS FROM `yy_users` [ RunTime:0.0004s ]
SQL: SHOW COLUMNS FROM `yy_users` [ RunTime:0.0003s ]
SQL: SELECT * FROM `yy_users` WHERE `id` = 1 LIMIT 1   [ RunTime:0.0002s ]
SQL: SHOW COLUMNS FROM `yy_category` [ RunTime:0.0003s ]
SQL: SHOW COLUMNS FROM `yy_category` [ RunTime:0.0002s ]
SQL: select id,name,url,(select count(b.id) from yy_article b where b.category_id=a.id
        and b.user_id=1 and b.is_delete=0) as count from yy_category a where a.parent=0 and a.is_delete=0 [ RunTime:0.0003s ]
SQL: SHOW COLUMNS FROM `yy_article` [ RunTime:0.0004s ]
SQL: SHOW COLUMNS FROM `yy_article` [ RunTime:0.0004s ]
SQL: SELECT COUNT(id) AS tp_count FROM `yy_article` WHERE `category_id` = 1 LIMIT 1   [ RunTime:0.0002s ]
SQL: SELECT * FROM `yy_article` WHERE `category_id` = 1 LIMIT 0,10   [ RunTime:0.0003s ]
SQL: SELECT COUNT(id) AS tp_count FROM `yy_article` WHERE `category_id` = 2 LIMIT 1   [ RunTime:0.0002s ]
SQL: SELECT * FROM `yy_article` WHERE `category_id` = 2 LIMIT 0,10   [ RunTime:0.0003s ]
SQL: SELECT COUNT(id) AS tp_count FROM `yy_article` WHERE `category_id` = 3 LIMIT 1   [ RunTime:0.0002s ]
SQL: SELECT * FROM `yy_article` WHERE `category_id` = 3 LIMIT 0,10   [ RunTime:0.0002s ]
SQL: SELECT COUNT(id) AS tp_count FROM `yy_article` WHERE `category_id` = 4 LIMIT 1   [ RunTime:0.0001s ]
SQL: SELECT * FROM `yy_article` WHERE `category_id` = 4 LIMIT 0,10   [ RunTime:0.0001s ]
SQL: SELECT COUNT(id) AS tp_count FROM `yy_article` WHERE `category_id` = 5 LIMIT 1   [ RunTime:0.0001s ]
SQL: SELECT * FROM `yy_article` WHERE `category_id` = 5 LIMIT 0,10   [ RunTime:0.0001s ]
SQL: SELECT COUNT(id) AS tp_count FROM `yy_article` WHERE `category_id` = 6 LIMIT 1   [ RunTime:0.0001s ]
SQL: SELECT * FROM `yy_article` WHERE `category_id` = 6 LIMIT 0,10   [ RunTime:0.0002s ]
SQL: select a.id,a.name,a.collect_num,a.like_num from yy_users a,(select user_id from yy_article group by user_id order by count(id) desc limit 5) b where a.id=b.user_id [ RunTime:0.0003s ]
INFO: [ view_parse ] --START--
INFO: [ template_filter ] --START--
INFO: Run Behavior\ContentReplaceBehavior [ RunTime:0.000078s ]
INFO: [ template_filter ] --END-- [ RunTime:0.000143s ]
NOTIC: [8] Undefined variable: id /Users/conan/haitao/Application/Runtime/Cache/Profile/4c9e4b27c8af016e76176bf4b1229d6f.php 第 19 行.
NOTIC: [8] Undefined variable: id /Users/conan/haitao/Application/Runtime/Cache/Profile/4c9e4b27c8af016e76176bf4b1229d6f.php 第 19 行.
NOTIC: [8] Undefined variable: id /Users/conan/haitao/Application/Runtime/Cache/Profile/4c9e4b27c8af016e76176bf4b1229d6f.php 第 19 行.
NOTIC: [8] Undefined variable: id /Users/conan/haitao/Application/Runtime/Cache/Profile/4c9e4b27c8af016e76176bf4b1229d6f.php 第 19 行.
NOTIC: [8] Undefined variable: id /Users/conan/haitao/Application/Runtime/Cache/Profile/4c9e4b27c8af016e76176bf4b1229d6f.php 第 19 行.
NOTIC: [8] Undefined variable: id /Users/conan/haitao/Application/Runtime/Cache/Profile/4c9e4b27c8af016e76176bf4b1229d6f.php 第 19 行.
INFO: Run Behavior\ParseTemplateBehavior [ RunTime:0.009831s ]
INFO: [ view_parse ] --END-- [ RunTime:0.009937s ]
INFO: [ view_filter ] --START--
INFO: Run Behavior\WriteHtmlCacheBehavior [ RunTime:0.000151s ]
INFO: [ view_filter ] --END-- [ RunTime:0.000243s ]
INFO: [ app_end ] --START--
INFO: Run Behavior\ShowPageTraceBehavior [ RunTime:0.001020s ]
INFO: [ app_end ] --END-- [ RunTime:0.001300s ]

[ 2016-06-17T16:27:47+08:00 ] 127.0.0.1 /Profile/User/index.html
INFO: [ app_init ] --START--
INFO: Run Behavior\BuildLiteBehavior [ RunTime:0.000066s ]
INFO: [ app_init ] --END-- [ RunTime:0.000435s ]
INFO: [ app_begin ] --START--
INFO: Run Behavior\ReadHtmlCacheBehavior [ RunTime:0.000402s ]
INFO: [ app_begin ] --END-- [ RunTime:0.000548s ]
SQL: SHOW COLUMNS FROM `yy_users` [ RunTime:0.0006s ]
SQL: SHOW COLUMNS FROM `yy_users` [ RunTime:0.0012s ]
SQL: SELECT * FROM `yy_users` WHERE `id` = 1 LIMIT 1   [ RunTime:0.0006s ]
SQL: SHOW COLUMNS FROM `yy_category` [ RunTime:0.0006s ]
SQL: SHOW COLUMNS FROM `yy_category` [ RunTime:0.0009s ]
SQL: select id,name,url,(select count(b.id) from yy_article b where b.category_id=a.id
        and b.user_id=1 and b.is_delete=0) as count from yy_category a where a.parent=0 and a.is_delete=0 [ RunTime:0.0005s ]
SQL: SHOW COLUMNS FROM `yy_article` [ RunTime:0.0015s ]
SQL: SHOW COLUMNS FROM `yy_article` [ RunTime:0.0005s ]
SQL: SELECT COUNT(id) AS tp_count FROM `yy_article` WHERE `category_id` = 1 LIMIT 1   [ RunTime:0.0002s ]
SQL: SELECT * FROM `yy_article` WHERE `category_id` = 1 LIMIT 0,10   [ RunTime:0.0002s ]
SQL: SELECT COUNT(id) AS tp_count FROM `yy_article` WHERE `category_id` = 2 LIMIT 1   [ RunTime:0.0002s ]
SQL: SELECT * FROM `yy_article` WHERE `category_id` = 2 LIMIT 0,10   [ RunTime:0.0002s ]
SQL: SELECT COUNT(id) AS tp_count FROM `yy_article` WHERE `category_id` = 3 LIMIT 1   [ RunTime:0.0002s ]
SQL: SELECT * FROM `yy_article` WHERE `category_id` = 3 LIMIT 0,10   [ RunTime:0.0002s ]
SQL: SELECT COUNT(id) AS tp_count FROM `yy_article` WHERE `category_id` = 4 LIMIT 1   [ RunTime:0.0002s ]
SQL: SELECT * FROM `yy_article` WHERE `category_id` = 4 LIMIT 0,10   [ RunTime:0.0002s ]
SQL: SELECT COUNT(id) AS tp_count FROM `yy_article` WHERE `category_id` = 5 LIMIT 1   [ RunTime:0.0001s ]
SQL: SELECT * FROM `yy_article` WHERE `category_id` = 5 LIMIT 0,10   [ RunTime:0.0002s ]
SQL: SELECT COUNT(id) AS tp_count FROM `yy_article` WHERE `category_id` = 6 LIMIT 1   [ RunTime:0.0002s ]
SQL: SELECT * FROM `yy_article` WHERE `category_id` = 6 LIMIT 0,10   [ RunTime:0.0003s ]
SQL: select a.id,a.name,a.collect_num,a.like_num from yy_users a,(select user_id from yy_article group by user_id order by count(id) desc limit 5) b where a.id=b.user_id [ RunTime:0.0005s ]
INFO: [ view_parse ] --START--
INFO: [ template_filter ] --START--
INFO: Run Behavior\ContentReplaceBehavior [ RunTime:0.000089s ]
INFO: [ template_filter ] --END-- [ RunTime:0.000178s ]
NOTIC: [8] Undefined variable: id /Users/conan/haitao/Application/Runtime/Cache/Profile/4c9e4b27c8af016e76176bf4b1229d6f.php 第 19 行.
NOTIC: [8] Undefined variable: id /Users/conan/haitao/Application/Runtime/Cache/Profile/4c9e4b27c8af016e76176bf4b1229d6f.php 第 19 行.
NOTIC: [8] Undefined variable: id /Users/conan/haitao/Application/Runtime/Cache/Profile/4c9e4b27c8af016e76176bf4b1229d6f.php 第 19 行.
NOTIC: [8] Undefined variable: id /Users/conan/haitao/Application/Runtime/Cache/Profile/4c9e4b27c8af016e76176bf4b1229d6f.php 第 19 行.
NOTIC: [8] Undefined variable: id /Users/conan/haitao/Application/Runtime/Cache/Profile/4c9e4b27c8af016e76176bf4b1229d6f.php 第 19 行.
NOTIC: [8] Undefined variable: id /Users/conan/haitao/Application/Runtime/Cache/Profile/4c9e4b27c8af016e76176bf4b1229d6f.php 第 19 行.
INFO: Run Behavior\ParseTemplateBehavior [ RunTime:0.019140s ]
INFO: [ view_parse ] --END-- [ RunTime:0.019355s ]
INFO: [ view_filter ] --START--
INFO: Run Behavior\WriteHtmlCacheBehavior [ RunTime:0.000393s ]
INFO: [ view_filter ] --END-- [ RunTime:0.000520s ]
INFO: [ app_end ] --START--
INFO: Run Behavior\ShowPageTraceBehavior [ RunTime:0.000646s ]
INFO: [ app_end ] --END-- [ RunTime:0.000750s ]

[ 2016-06-17T16:27:54+08:00 ] 127.0.0.1 /Profile/User/index.html
INFO: [ app_init ] --START--
INFO: Run Behavior\BuildLiteBehavior [ RunTime:0.000014s ]
INFO: [ app_init ] --END-- [ RunTime:0.000082s ]
INFO: [ app_begin ] --START--
INFO: Run Behavior\ReadHtmlCacheBehavior [ RunTime:0.000233s ]
INFO: [ app_begin ] --END-- [ RunTime:0.000295s ]
SQL: SHOW COLUMNS FROM `yy_users` [ RunTime:0.0004s ]
SQL: SHOW COLUMNS FROM `yy_users` [ RunTime:0.0004s ]
SQL: SELECT * FROM `yy_users` WHERE `id` = 1 LIMIT 1   [ RunTime:0.0002s ]
SQL: SHOW COLUMNS FROM `yy_category` [ RunTime:0.0003s ]
SQL: SHOW COLUMNS FROM `yy_category` [ RunTime:0.0003s ]
SQL: select id,name,url,(select count(b.id) from yy_article b where b.category_id=a.id
        and b.user_id=1 and b.is_delete=0) as count from yy_category a where a.parent=0 and a.is_delete=0 [ RunTime:0.0003s ]
SQL: SHOW COLUMNS FROM `yy_article` [ RunTime:0.0003s ]
SQL: SHOW COLUMNS FROM `yy_article` [ RunTime:0.0004s ]
SQL: SELECT COUNT(id) AS tp_count FROM `yy_article` WHERE `category_id` = 1 LIMIT 1   [ RunTime:0.0009s ]
SQL: SELECT * FROM `yy_article` WHERE `category_id` = 1 LIMIT 0,10   [ RunTime:0.0006s ]
SQL: SELECT COUNT(id) AS tp_count FROM `yy_article` WHERE `category_id` = 2 LIMIT 1   [ RunTime:0.0003s ]
SQL: SELECT * FROM `yy_article` WHERE `category_id` = 2 LIMIT 0,10   [ RunTime:0.0002s ]
SQL: SELECT COUNT(id) AS tp_count FROM `yy_article` WHERE `category_id` = 3 LIMIT 1   [ RunTime:0.0002s ]
SQL: SELECT * FROM `yy_article` WHERE `category_id` = 3 LIMIT 0,10   [ RunTime:0.0002s ]
SQL: SELECT COUNT(id) AS tp_count FROM `yy_article` WHERE `category_id` = 4 LIMIT 1   [ RunTime:0.0001s ]
SQL: SELECT * FROM `yy_article` WHERE `category_id` = 4 LIMIT 0,10   [ RunTime:0.0001s ]
SQL: SELECT COUNT(id) AS tp_count FROM `yy_article` WHERE `category_id` = 5 LIMIT 1   [ RunTime:0.0001s ]
SQL: SELECT * FROM `yy_article` WHERE `category_id` = 5 LIMIT 0,10   [ RunTime:0.0001s ]
SQL: SELECT COUNT(id) AS tp_count FROM `yy_article` WHERE `category_id` = 6 LIMIT 1   [ RunTime:0.0001s ]
SQL: SELECT * FROM `yy_article` WHERE `category_id` = 6 LIMIT 0,10   [ RunTime:0.0001s ]
SQL: select a.id,a.name,a.collect_num,a.like_num from yy_users a,(select user_id from yy_article group by user_id order by count(id) desc limit 5) b where a.id=b.user_id [ RunTime:0.0002s ]
INFO: [ view_parse ] --START--
INFO: [ template_filter ] --START--
INFO: Run Behavior\ContentReplaceBehavior [ RunTime:0.000082s ]
INFO: [ template_filter ] --END-- [ RunTime:0.000154s ]
NOTIC: [8] Undefined variable: id /Users/conan/haitao/Application/Runtime/Cache/Profile/4c9e4b27c8af016e76176bf4b1229d6f.php 第 19 行.
NOTIC: [8] Undefined variable: id /Users/conan/haitao/Application/Runtime/Cache/Profile/4c9e4b27c8af016e76176bf4b1229d6f.php 第 19 行.
NOTIC: [8] Undefined variable: id /Users/conan/haitao/Application/Runtime/Cache/Profile/4c9e4b27c8af016e76176bf4b1229d6f.php 第 19 行.
NOTIC: [8] Undefined variable: id /Users/conan/haitao/Application/Runtime/Cache/Profile/4c9e4b27c8af016e76176bf4b1229d6f.php 第 19 行.
NOTIC: [8] Undefined variable: id /Users/conan/haitao/Application/Runtime/Cache/Profile/4c9e4b27c8af016e76176bf4b1229d6f.php 第 19 行.
NOTIC: [8] Undefined variable: id /Users/conan/haitao/Application/Runtime/Cache/Profile/4c9e4b27c8af016e76176bf4b1229d6f.php 第 19 行.
INFO: Run Behavior\ParseTemplateBehavior [ RunTime:0.011784s ]
INFO: [ view_parse ] --END-- [ RunTime:0.011847s ]
INFO: [ view_filter ] --START--
INFO: Run Behavior\WriteHtmlCacheBehavior [ RunTime:0.000108s ]
INFO: [ view_filter ] --END-- [ RunTime:0.000163s ]
INFO: [ app_end ] --START--
INFO: Run Behavior\ShowPageTraceBehavior [ RunTime:0.000373s ]
INFO: [ app_end ] --END-- [ RunTime:0.000446s ]

[ 2016-06-17T16:28:05+08:00 ] 127.0.0.1 /Profile/User/index.html
INFO: [ app_init ] --START--
INFO: Run Behavior\BuildLiteBehavior [ RunTime:0.000014s ]
INFO: [ app_init ] --END-- [ RunTime:0.000077s ]
INFO: [ app_begin ] --START--
INFO: Run Behavior\ReadHtmlCacheBehavior [ RunTime:0.000228s ]
INFO: [ app_begin ] --END-- [ RunTime:0.000291s ]
SQL: SHOW COLUMNS FROM `yy_users` [ RunTime:0.0004s ]
SQL: SHOW COLUMNS FROM `yy_users` [ RunTime:0.0004s ]
SQL: SELECT * FROM `yy_users` WHERE `id` = 1 LIMIT 1   [ RunTime:0.0002s ]
SQL: SHOW COLUMNS FROM `yy_category` [ RunTime:0.0003s ]
SQL: SHOW COLUMNS FROM `yy_category` [ RunTime:0.0002s ]
SQL: select id,name,url,(select count(b.id) from yy_article b where b.category_id=a.id
        and b.user_id=1 and b.is_delete=0) as count from yy_category a where a.parent=0 and a.is_delete=0 [ RunTime:0.0003s ]
SQL: SHOW COLUMNS FROM `yy_article` [ RunTime:0.0003s ]
SQL: SHOW COLUMNS FROM `yy_article` [ RunTime:0.0003s ]
SQL: SELECT COUNT(id) AS tp_count FROM `yy_article` WHERE `category_id` = 1 LIMIT 1   [ RunTime:0.0001s ]
SQL: SELECT * FROM `yy_article` WHERE `category_id` = 1 LIMIT 0,10   [ RunTime:0.0002s ]
SQL: SELECT COUNT(id) AS tp_count FROM `yy_article` WHERE `category_id` = 2 LIMIT 1   [ RunTime:0.0004s ]
SQL: SELECT * FROM `yy_article` WHERE `category_id` = 2 LIMIT 0,10   [ RunTime:0.0007s ]
SQL: SELECT COUNT(id) AS tp_count FROM `yy_article` WHERE `category_id` = 3 LIMIT 1   [ RunTime:0.0004s ]
SQL: SELECT * FROM `yy_article` WHERE `category_id` = 3 LIMIT 0,10   [ RunTime:0.0002s ]
SQL: SELECT COUNT(id) AS tp_count FROM `yy_article` WHERE `category_id` = 4 LIMIT 1   [ RunTime:0.0001s ]
SQL: SELECT * FROM `yy_article` WHERE `category_id` = 4 LIMIT 0,10   [ RunTime:0.0001s ]
SQL: SELECT COUNT(id) AS tp_count FROM `yy_article` WHERE `category_id` = 5 LIMIT 1   [ RunTime:0.0001s ]
SQL: SELECT * FROM `yy_article` WHERE `category_id` = 5 LIMIT 0,10   [ RunTime:0.0001s ]
SQL: SELECT COUNT(id) AS tp_count FROM `yy_article` WHERE `category_id` = 6 LIMIT 1   [ RunTime:0.0001s ]
SQL: SELECT * FROM `yy_article` WHERE `category_id` = 6 LIMIT 0,10   [ RunTime:0.0001s ]
SQL: select a.id,a.name,a.collect_num,a.like_num from yy_users a,(select user_id from yy_article group by user_id order by count(id) desc limit 5) b where a.id=b.user_id [ RunTime:0.0003s ]
INFO: [ view_parse ] --START--
INFO: [ template_filter ] --START--
INFO: Run Behavior\ContentReplaceBehavior [ RunTime:0.000199s ]
INFO: [ template_filter ] --END-- [ RunTime:0.000388s ]
NOTIC: [8] Undefined variable: id /Users/conan/haitao/Application/Runtime/Cache/Profile/4c9e4b27c8af016e76176bf4b1229d6f.php 第 19 行.
NOTIC: [8] Undefined variable: id /Users/conan/haitao/Application/Runtime/Cache/Profile/4c9e4b27c8af016e76176bf4b1229d6f.php 第 19 行.
NOTIC: [8] Undefined variable: id /Users/conan/haitao/Application/Runtime/Cache/Profile/4c9e4b27c8af016e76176bf4b1229d6f.php 第 19 行.
NOTIC: [8] Undefined variable: id /Users/conan/haitao/Application/Runtime/Cache/Profile/4c9e4b27c8af016e76176bf4b1229d6f.php 第 19 行.
NOTIC: [8] Undefined variable: id /Users/conan/haitao/Application/Runtime/Cache/Profile/4c9e4b27c8af016e76176bf4b1229d6f.php 第 19 行.
NOTIC: [8] Undefined variable: id /Users/conan/haitao/Application/Runtime/Cache/Profile/4c9e4b27c8af016e76176bf4b1229d6f.php 第 19 行.
INFO: Run Behavior\ParseTemplateBehavior [ RunTime:0.013071s ]
INFO: [ view_parse ] --END-- [ RunTime:0.013137s ]
INFO: [ view_filter ] --START--
INFO: Run Behavior\WriteHtmlCacheBehavior [ RunTime:0.000123s ]
INFO: [ view_filter ] --END-- [ RunTime:0.000179s ]
INFO: [ app_end ] --START--
INFO: Run Behavior\ShowPageTraceBehavior [ RunTime:0.000393s ]
INFO: [ app_end ] --END-- [ RunTime:0.000465s ]

[ 2016-06-17T16:28:20+08:00 ] 127.0.0.1 /Profile/User/index.html
INFO: [ app_init ] --START--
INFO: Run Behavior\BuildLiteBehavior [ RunTime:0.000013s ]
INFO: [ app_init ] --END-- [ RunTime:0.000080s ]
INFO: [ app_begin ] --START--
INFO: Run Behavior\ReadHtmlCacheBehavior [ RunTime:0.000333s ]
INFO: [ app_begin ] --END-- [ RunTime:0.000476s ]
SQL: SHOW COLUMNS FROM `yy_users` [ RunTime:0.0004s ]
SQL: SHOW COLUMNS FROM `yy_users` [ RunTime:0.0004s ]
SQL: SELECT * FROM `yy_users` WHERE `id` = 1 LIMIT 1   [ RunTime:0.0002s ]
SQL: SHOW COLUMNS FROM `yy_category` [ RunTime:0.0004s ]
SQL: SHOW COLUMNS FROM `yy_category` [ RunTime:0.0003s ]
SQL: select id,name,url,(select count(b.id) from yy_article b where b.category_id=a.id
        and b.user_id=1 and b.is_delete=0) as count from yy_category a where a.parent=0 and a.is_delete=0 [ RunTime:0.0003s ]
SQL: SHOW COLUMNS FROM `yy_article` [ RunTime:0.0003s ]
SQL: SHOW COLUMNS FROM `yy_article` [ RunTime:0.0003s ]
SQL: SELECT COUNT(id) AS tp_count FROM `yy_article` WHERE `category_id` = 1 LIMIT 1   [ RunTime:0.0002s ]
SQL: SELECT * FROM `yy_article` WHERE `category_id` = 1 LIMIT 0,10   [ RunTime:0.0002s ]
SQL: SELECT COUNT(id) AS tp_count FROM `yy_article` WHERE `category_id` = 2 LIMIT 1   [ RunTime:0.0001s ]
SQL: SELECT * FROM `yy_article` WHERE `category_id` = 2 LIMIT 0,10   [ RunTime:0.0002s ]
SQL: SELECT COUNT(id) AS tp_count FROM `yy_article` WHERE `category_id` = 3 LIMIT 1   [ RunTime:0.0001s ]
SQL: SELECT * FROM `yy_article` WHERE `category_id` = 3 LIMIT 0,10   [ RunTime:0.0002s ]
SQL: SELECT COUNT(id) AS tp_count FROM `yy_article` WHERE `category_id` = 4 LIMIT 1   [ RunTime:0.0001s ]
SQL: SELECT * FROM `yy_article` WHERE `category_id` = 4 LIMIT 0,10   [ RunTime:0.0001s ]
SQL: SELECT COUNT(id) AS tp_count FROM `yy_article` WHERE `category_id` = 5 LIMIT 1   [ RunTime:0.0001s ]
SQL: SELECT * FROM `yy_article` WHERE `category_id` = 5 LIMIT 0,10   [ RunTime:0.0001s ]
SQL: SELECT COUNT(id) AS tp_count FROM `yy_article` WHERE `category_id` = 6 LIMIT 1   [ RunTime:0.0001s ]
SQL: SELECT * FROM `yy_article` WHERE `category_id` = 6 LIMIT 0,10   [ RunTime:0.0001s ]
SQL: select a.id,a.name,a.collect_num,a.like_num from yy_users a,(select user_id from yy_article group by user_id order by count(id) desc limit 5) b where a.id=b.user_id [ RunTime:0.0003s ]

[ 2016-06-17T16:28:44+08:00 ] 127.0.0.1 /Profile/User/index.html
INFO: [ app_init ] --START--
INFO: Run Behavior\BuildLiteBehavior [ RunTime:0.000013s ]
INFO: [ app_init ] --END-- [ RunTime:0.000079s ]
INFO: [ app_begin ] --START--
INFO: Run Behavior\ReadHtmlCacheBehavior [ RunTime:0.000225s ]
INFO: [ app_begin ] --END-- [ RunTime:0.000288s ]
SQL: SHOW COLUMNS FROM `yy_users` [ RunTime:0.0004s ]
SQL: SHOW COLUMNS FROM `yy_users` [ RunTime:0.0008s ]
SQL: SELECT * FROM `yy_users` WHERE `id` = 1 LIMIT 1   [ RunTime:0.0007s ]
SQL: SHOW COLUMNS FROM `yy_category` [ RunTime:0.0007s ]
SQL: SHOW COLUMNS FROM `yy_category` [ RunTime:0.0003s ]
SQL: select id,name,url,(select count(b.id) from yy_article b where b.category_id=a.id
        and b.user_id=1 and b.is_delete=0) as count from yy_category a where a.parent=0 and a.is_delete=0 [ RunTime:0.0003s ]
SQL: SHOW COLUMNS FROM `yy_article` [ RunTime:0.0003s ]
SQL: SHOW COLUMNS FROM `yy_article` [ RunTime:0.0003s ]
SQL: SELECT COUNT(id) AS tp_count FROM `yy_article` WHERE `category_id` = 1 LIMIT 1   [ RunTime:0.0002s ]
SQL: SELECT * FROM `yy_article` WHERE `category_id` = 1 LIMIT 0,10   [ RunTime:0.0002s ]
SQL: SELECT COUNT(id) AS tp_count FROM `yy_article` WHERE `category_id` = 2 LIMIT 1   [ RunTime:0.0001s ]
SQL: SELECT * FROM `yy_article` WHERE `category_id` = 2 LIMIT 0,10   [ RunTime:0.0002s ]
SQL: SELECT COUNT(id) AS tp_count FROM `yy_article` WHERE `category_id` = 3 LIMIT 1   [ RunTime:0.0001s ]
SQL: SELECT * FROM `yy_article` WHERE `category_id` = 3 LIMIT 0,10   [ RunTime:0.0002s ]
SQL: SELECT COUNT(id) AS tp_count FROM `yy_article` WHERE `category_id` = 4 LIMIT 1   [ RunTime:0.0002s ]
SQL: SELECT * FROM `yy_article` WHERE `category_id` = 4 LIMIT 0,10   [ RunTime:0.0003s ]
SQL: SELECT COUNT(id) AS tp_count FROM `yy_article` WHERE `category_id` = 5 LIMIT 1   [ RunTime:0.0002s ]
SQL: SELECT * FROM `yy_article` WHERE `category_id` = 5 LIMIT 0,10   [ RunTime:0.0004s ]
SQL: SELECT COUNT(id) AS tp_count FROM `yy_article` WHERE `category_id` = 6 LIMIT 1   [ RunTime:0.0004s ]
SQL: SELECT * FROM `yy_article` WHERE `category_id` = 6 LIMIT 0,10   [ RunTime:0.0004s ]
SQL: select a.id,a.name,a.collect_num,a.like_num from yy_users a,(select user_id from yy_article group by user_id order by count(id) desc limit 5) b where a.id=b.user_id [ RunTime:0.0006s ]
INFO: [ view_parse ] --START--
INFO: [ template_filter ] --START--
INFO: Run Behavior\ContentReplaceBehavior [ RunTime:0.000080s ]
INFO: [ template_filter ] --END-- [ RunTime:0.000167s ]
NOTIC: [8] Undefined variable: id /Users/conan/haitao/Application/Runtime/Cache/Profile/4c9e4b27c8af016e76176bf4b1229d6f.php 第 19 行.
NOTIC: [8] Undefined variable: id /Users/conan/haitao/Application/Runtime/Cache/Profile/4c9e4b27c8af016e76176bf4b1229d6f.php 第 19 行.
NOTIC: [8] Undefined variable: id /Users/conan/haitao/Application/Runtime/Cache/Profile/4c9e4b27c8af016e76176bf4b1229d6f.php 第 19 行.
NOTIC: [8] Undefined variable: id /Users/conan/haitao/Application/Runtime/Cache/Profile/4c9e4b27c8af016e76176bf4b1229d6f.php 第 19 行.
NOTIC: [8] Undefined variable: id /Users/conan/haitao/Application/Runtime/Cache/Profile/4c9e4b27c8af016e76176bf4b1229d6f.php 第 19 行.
NOTIC: [8] Undefined variable: id /Users/conan/haitao/Application/Runtime/Cache/Profile/4c9e4b27c8af016e76176bf4b1229d6f.php 第 19 行.
INFO: Run Behavior\ParseTemplateBehavior [ RunTime:0.012898s ]
INFO: [ view_parse ] --END-- [ RunTime:0.012974s ]
INFO: [ view_filter ] --START--
INFO: Run Behavior\WriteHtmlCacheBehavior [ RunTime:0.000147s ]
INFO: [ view_filter ] --END-- [ RunTime:0.000204s ]
INFO: [ app_end ] --START--
INFO: Run Behavior\ShowPageTraceBehavior [ RunTime:0.000549s ]
INFO: [ app_end ] --END-- [ RunTime:0.000641s ]

[ 2016-06-17T16:29:47+08:00 ] 127.0.0.1 /Profile/User/index.html
INFO: [ app_init ] --START--
INFO: Run Behavior\BuildLiteBehavior [ RunTime:0.000015s ]
INFO: [ app_init ] --END-- [ RunTime:0.000086s ]
INFO: [ app_begin ] --START--
INFO: Run Behavior\ReadHtmlCacheBehavior [ RunTime:0.000276s ]
INFO: [ app_begin ] --END-- [ RunTime:0.000352s ]
SQL: SHOW COLUMNS FROM `yy_users` [ RunTime:0.0018s ]
SQL: SHOW COLUMNS FROM `yy_users` [ RunTime:0.0006s ]
SQL: SELECT * FROM `yy_users` WHERE `id` = 1 LIMIT 1   [ RunTime:0.0004s ]
SQL: SHOW COLUMNS FROM `yy_category` [ RunTime:0.0004s ]
SQL: SHOW COLUMNS FROM `yy_category` [ RunTime:0.0005s ]
SQL: select id,name,url,(select count(b.id) from yy_article b where b.category_id=a.id
        and b.user_id=1 and b.is_delete=0) as count from yy_category a where a.parent=0 and a.is_delete=0 [ RunTime:0.0007s ]
SQL: SHOW COLUMNS FROM `yy_article` [ RunTime:0.0005s ]
SQL: SHOW COLUMNS FROM `yy_article` [ RunTime:0.0007s ]
SQL: SELECT COUNT(id) AS tp_count FROM `yy_article` WHERE `category_id` = 1 LIMIT 1   [ RunTime:0.0005s ]
SQL: SELECT * FROM `yy_article` WHERE `category_id` = 1 LIMIT 0,10   [ RunTime:0.0006s ]
SQL: SELECT COUNT(id) AS tp_count FROM `yy_article` WHERE `category_id` = 2 LIMIT 1   [ RunTime:0.0002s ]
SQL: SELECT * FROM `yy_article` WHERE `category_id` = 2 LIMIT 0,10   [ RunTime:0.0002s ]
SQL: SELECT COUNT(id) AS tp_count FROM `yy_article` WHERE `category_id` = 3 LIMIT 1   [ RunTime:0.0002s ]
SQL: SELECT * FROM `yy_article` WHERE `category_id` = 3 LIMIT 0,10   [ RunTime:0.0003s ]
SQL: SELECT COUNT(id) AS tp_count FROM `yy_article` WHERE `category_id` = 4 LIMIT 1   [ RunTime:0.0003s ]
SQL: SELECT * FROM `yy_article` WHERE `category_id` = 4 LIMIT 0,10   [ RunTime:0.0003s ]
SQL: SELECT COUNT(id) AS tp_count FROM `yy_article` WHERE `category_id` = 5 LIMIT 1   [ RunTime:0.0003s ]
SQL: SELECT * FROM `yy_article` WHERE `category_id` = 5 LIMIT 0,10   [ RunTime:0.0003s ]
SQL: SELECT COUNT(id) AS tp_count FROM `yy_article` WHERE `category_id` = 6 LIMIT 1   [ RunTime:0.0003s ]
SQL: SELECT * FROM `yy_article` WHERE `category_id` = 6 LIMIT 0,10   [ RunTime:0.0003s ]
SQL: select a.id,a.name,a.collect_num,a.like_num from yy_users a,(select user_id from yy_article group by user_id order by count(id) desc limit 5) b where a.id=b.user_id [ RunTime:0.0004s ]
INFO: [ view_parse ] --START--
INFO: [ template_filter ] --START--
INFO: Run Behavior\ContentReplaceBehavior [ RunTime:0.000090s ]
INFO: [ template_filter ] --END-- [ RunTime:0.000167s ]
NOTIC: [8] Undefined variable: id /Users/conan/haitao/Application/Runtime/Cache/Profile/4c9e4b27c8af016e76176bf4b1229d6f.php 第 19 行.
NOTIC: [8] Undefined variable: id /Users/conan/haitao/Application/Runtime/Cache/Profile/4c9e4b27c8af016e76176bf4b1229d6f.php 第 19 行.
NOTIC: [8] Undefined variable: id /Users/conan/haitao/Application/Runtime/Cache/Profile/4c9e4b27c8af016e76176bf4b1229d6f.php 第 19 行.
NOTIC: [8] Undefined variable: id /Users/conan/haitao/Application/Runtime/Cache/Profile/4c9e4b27c8af016e76176bf4b1229d6f.php 第 19 行.
NOTIC: [8] Undefined variable: id /Users/conan/haitao/Application/Runtime/Cache/Profile/4c9e4b27c8af016e76176bf4b1229d6f.php 第 19 行.
NOTIC: [8] Undefined variable: id /Users/conan/haitao/Application/Runtime/Cache/Profile/4c9e4b27c8af016e76176bf4b1229d6f.php 第 19 行.
INFO: Run Behavior\ParseTemplateBehavior [ RunTime:0.011461s ]
INFO: [ view_parse ] --END-- [ RunTime:0.011541s ]
INFO: [ view_filter ] --START--
INFO: Run Behavior\WriteHtmlCacheBehavior [ RunTime:0.000164s ]
INFO: [ view_filter ] --END-- [ RunTime:0.000222s ]
INFO: [ app_end ] --START--
INFO: Run Behavior\ShowPageTraceBehavior [ RunTime:0.000376s ]
INFO: [ app_end ] --END-- [ RunTime:0.000478s ]

[ 2016-06-17T16:32:54+08:00 ] 127.0.0.1 /Profile/User/index.html
INFO: [ app_init ] --START--
INFO: Run Behavior\BuildLiteBehavior [ RunTime:0.000014s ]
INFO: [ app_init ] --END-- [ RunTime:0.000084s ]
INFO: [ app_begin ] --START--
INFO: Run Behavior\ReadHtmlCacheBehavior [ RunTime:0.000289s ]
INFO: [ app_begin ] --END-- [ RunTime:0.000364s ]
SQL: SHOW COLUMNS FROM `yy_category` [ RunTime:0.0005s ]
SQL: SHOW COLUMNS FROM `yy_category` [ RunTime:0.0004s ]
SQL: SELECT * FROM `yy_category` WHERE `is_delete` = 0 AND `parent` = 0  [ RunTime:0.0003s ]
SQL: SHOW COLUMNS FROM `yy_users` [ RunTime:0.0010s ]
SQL: SHOW COLUMNS FROM `yy_users` [ RunTime:0.0008s ]
SQL: SELECT * FROM `yy_users` WHERE `id` = 1 LIMIT 1   [ RunTime:0.0003s ]
SQL: select id,name,(select count(b.id) from yy_article b where b.category_id=a.id
        and b.user_id=1 and b.is_delete=0) as count from yy_category a where a.parent=0 and a.is_delete=0 [ RunTime:0.0003s ]
SQL: SHOW COLUMNS FROM `yy_article` [ RunTime:0.0004s ]
SQL: SHOW COLUMNS FROM `yy_article` [ RunTime:0.0005s ]
SQL: SELECT COUNT(id) AS tp_count FROM `yy_article` WHERE `category_id` = 1 LIMIT 1   [ RunTime:0.0003s ]
SQL: SELECT * FROM `yy_article` WHERE `category_id` = 1 LIMIT 0,10   [ RunTime:0.0004s ]
SQL: SELECT COUNT(id) AS tp_count FROM `yy_article` WHERE `category_id` = 2 LIMIT 1   [ RunTime:0.0002s ]
SQL: SELECT * FROM `yy_article` WHERE `category_id` = 2 LIMIT 0,10   [ RunTime:0.0003s ]
SQL: SELECT COUNT(id) AS tp_count FROM `yy_article` WHERE `category_id` = 3 LIMIT 1   [ RunTime:0.0003s ]
SQL: SELECT * FROM `yy_article` WHERE `category_id` = 3 LIMIT 0,10   [ RunTime:0.0003s ]
SQL: SELECT COUNT(id) AS tp_count FROM `yy_article` WHERE `category_id` = 4 LIMIT 1   [ RunTime:0.0002s ]
SQL: SELECT * FROM `yy_article` WHERE `category_id` = 4 LIMIT 0,10   [ RunTime:0.0002s ]
SQL: SELECT COUNT(id) AS tp_count FROM `yy_article` WHERE `category_id` = 5 LIMIT 1   [ RunTime:0.0002s ]
SQL: SELECT * FROM `yy_article` WHERE `category_id` = 5 LIMIT 0,10   [ RunTime:0.0003s ]
SQL: SELECT COUNT(id) AS tp_count FROM `yy_article` WHERE `category_id` = 6 LIMIT 1   [ RunTime:0.0002s ]
SQL: SELECT * FROM `yy_article` WHERE `category_id` = 6 LIMIT 0,10   [ RunTime:0.0002s ]
SQL: select a.id,a.name,a.collect_num,a.like_num from yy_users a,(select user_id from yy_article group by user_id order by count(id) desc limit 5) b where a.id=b.user_id [ RunTime:0.0003s ]
INFO: [ view_parse ] --START--
INFO: [ template_filter ] --START--
INFO: Run Behavior\ContentReplaceBehavior [ RunTime:0.000098s ]
INFO: [ template_filter ] --END-- [ RunTime:0.000186s ]
NOTIC: [8] Undefined variable: id /Users/conan/haitao/Application/Runtime/Cache/Profile/4c9e4b27c8af016e76176bf4b1229d6f.php 第 19 行.
NOTIC: [8] Undefined variable: id /Users/conan/haitao/Application/Runtime/Cache/Profile/4c9e4b27c8af016e76176bf4b1229d6f.php 第 19 行.
NOTIC: [8] Undefined variable: id /Users/conan/haitao/Application/Runtime/Cache/Profile/4c9e4b27c8af016e76176bf4b1229d6f.php 第 19 行.
NOTIC: [8] Undefined variable: id /Users/conan/haitao/Application/Runtime/Cache/Profile/4c9e4b27c8af016e76176bf4b1229d6f.php 第 19 行.
NOTIC: [8] Undefined variable: id /Users/conan/haitao/Application/Runtime/Cache/Profile/4c9e4b27c8af016e76176bf4b1229d6f.php 第 19 行.
NOTIC: [8] Undefined variable: id /Users/conan/haitao/Application/Runtime/Cache/Profile/4c9e4b27c8af016e76176bf4b1229d6f.php 第 19 行.
INFO: Run Behavior\ParseTemplateBehavior [ RunTime:0.011565s ]
INFO: [ view_parse ] --END-- [ RunTime:0.011690s ]
INFO: [ view_filter ] --START--
INFO: Run Behavior\WriteHtmlCacheBehavior [ RunTime:0.000726s ]
INFO: [ view_filter ] --END-- [ RunTime:0.001062s ]
INFO: [ app_end ] --START--
INFO: Run Behavior\ShowPageTraceBehavior [ RunTime:0.000925s ]
INFO: [ app_end ] --END-- [ RunTime:0.001078s ]

[ 2016-06-17T16:33:30+08:00 ] 127.0.0.1 /Profile/User/index.html
INFO: [ app_init ] --START--
INFO: Run Behavior\BuildLiteBehavior [ RunTime:0.000015s ]
INFO: [ app_init ] --END-- [ RunTime:0.000085s ]
INFO: [ app_begin ] --START--
INFO: Run Behavior\ReadHtmlCacheBehavior [ RunTime:0.000273s ]
INFO: [ app_begin ] --END-- [ RunTime:0.000348s ]
SQL: SHOW COLUMNS FROM `yy_category` [ RunTime:0.0004s ]
SQL: SHOW COLUMNS FROM `yy_category` [ RunTime:0.0004s ]
SQL: SELECT * FROM `yy_category` WHERE `is_delete` = 0 AND `parent` = 0  [ RunTime:0.0002s ]
SQL: SHOW COLUMNS FROM `yy_users` [ RunTime:0.0012s ]
SQL: SHOW COLUMNS FROM `yy_users` [ RunTime:0.0013s ]
SQL: SELECT * FROM `yy_users` WHERE `id` = 1 LIMIT 1   [ RunTime:0.0003s ]
SQL: select id,name,(select count(b.id) from yy_article b where b.category_id=a.id
        and b.user_id=1 and b.is_delete=0) as count from yy_category a where a.parent=0 and a.is_delete=0 [ RunTime:0.0004s ]
SQL: SHOW COLUMNS FROM `yy_article` [ RunTime:0.0004s ]
SQL: SHOW COLUMNS FROM `yy_article` [ RunTime:0.0004s ]
SQL: SELECT COUNT(id) AS tp_count FROM `yy_article` WHERE `category_id` = 1 LIMIT 1   [ RunTime:0.0002s ]
SQL: SELECT * FROM `yy_article` WHERE `category_id` = 1 LIMIT 0,10   [ RunTime:0.0004s ]
SQL: SELECT COUNT(id) AS tp_count FROM `yy_article` WHERE `category_id` = 2 LIMIT 1   [ RunTime:0.0003s ]
SQL: SELECT * FROM `yy_article` WHERE `category_id` = 2 LIMIT 0,10   [ RunTime:0.0004s ]
SQL: SELECT COUNT(id) AS tp_count FROM `yy_article` WHERE `category_id` = 3 LIMIT 1   [ RunTime:0.0003s ]
SQL: SELECT * FROM `yy_article` WHERE `category_id` = 3 LIMIT 0,10   [ RunTime:0.0003s ]
SQL: SELECT COUNT(id) AS tp_count FROM `yy_article` WHERE `category_id` = 4 LIMIT 1   [ RunTime:0.0006s ]
SQL: SELECT * FROM `yy_article` WHERE `category_id` = 4 LIMIT 0,10   [ RunTime:0.0007s ]
SQL: SELECT COUNT(id) AS tp_count FROM `yy_article` WHERE `category_id` = 5 LIMIT 1   [ RunTime:0.0006s ]
SQL: SELECT * FROM `yy_article` WHERE `category_id` = 5 LIMIT 0,10   [ RunTime:0.0007s ]
SQL: SELECT COUNT(id) AS tp_count FROM `yy_article` WHERE `category_id` = 6 LIMIT 1   [ RunTime:0.0004s ]
SQL: SELECT * FROM `yy_article` WHERE `category_id` = 6 LIMIT 0,10   [ RunTime:0.0003s ]
SQL: select a.id,a.name,a.collect_num,a.like_num from yy_users a,(select user_id from yy_article group by user_id order by count(id) desc limit 5) b where a.id=b.user_id [ RunTime:0.0006s ]
INFO: [ view_parse ] --START--
INFO: [ template_filter ] --START--
INFO: Run Behavior\ContentReplaceBehavior [ RunTime:0.000089s ]
INFO: [ template_filter ] --END-- [ RunTime:0.000172s ]
NOTIC: [8] Undefined variable: id /Users/conan/haitao/Application/Runtime/Cache/Profile/4c9e4b27c8af016e76176bf4b1229d6f.php 第 19 行.
NOTIC: [8] Undefined variable: id /Users/conan/haitao/Application/Runtime/Cache/Profile/4c9e4b27c8af016e76176bf4b1229d6f.php 第 19 行.
NOTIC: [8] Undefined variable: id /Users/conan/haitao/Application/Runtime/Cache/Profile/4c9e4b27c8af016e76176bf4b1229d6f.php 第 19 行.
NOTIC: [8] Undefined variable: id /Users/conan/haitao/Application/Runtime/Cache/Profile/4c9e4b27c8af016e76176bf4b1229d6f.php 第 19 行.
NOTIC: [8] Undefined variable: id /Users/conan/haitao/Application/Runtime/Cache/Profile/4c9e4b27c8af016e76176bf4b1229d6f.php 第 19 行.
NOTIC: [8] Undefined variable: id /Users/conan/haitao/Application/Runtime/Cache/Profile/4c9e4b27c8af016e76176bf4b1229d6f.php 第 19 行.
INFO: Run Behavior\ParseTemplateBehavior [ RunTime:0.010913s ]
INFO: [ view_parse ] --END-- [ RunTime:0.010989s ]
INFO: [ view_filter ] --START--
INFO: Run Behavior\WriteHtmlCacheBehavior [ RunTime:0.000139s ]
INFO: [ view_filter ] --END-- [ RunTime:0.000195s ]
INFO: [ app_end ] --START--
INFO: Run Behavior\ShowPageTraceBehavior [ RunTime:0.000317s ]
INFO: [ app_end ] --END-- [ RunTime:0.000432s ]

