[ 2016-06-24T02:25:25+08:00 ] 127.0.0.1 /Profile/User/login.html
INFO: [ app_init ] --START--
INFO: Run Behavior\BuildLiteBehavior [ RunTime:0.000018s ]
INFO: [ app_init ] --END-- [ RunTime:0.000119s ]
INFO: [ app_begin ] --START--
INFO: Run Behavior\ReadHtmlCacheBehavior [ RunTime:0.000369s ]
INFO: [ app_begin ] --END-- [ RunTime:0.000466s ]
SQL: SHOW COLUMNS FROM `yy_category` [ RunTime:0.0004s ]
SQL: SHOW COLUMNS FROM `yy_category` [ RunTime:0.0003s ]
SQL: SELECT * FROM `yy_category` WHERE `is_delete` = 0 AND `parent` = 0  [ RunTime:0.0002s ]
INFO: [ view_parse ] --START--
INFO: [ template_filter ] --START--
INFO: Run Behavior\ContentReplaceBehavior [ RunTime:0.000138s ]
INFO: [ template_filter ] --END-- [ RunTime:0.000254s ]
NOTIC: [8] Undefined variable: id /Users/conan/haitao/Application/Runtime/Cache/Profile/c82c006290aff218b74788eac421ef53.php 第 29 行.
NOTIC: [8] Undefined variable: id /Users/conan/haitao/Application/Runtime/Cache/Profile/c82c006290aff218b74788eac421ef53.php 第 29 行.
NOTIC: [8] Undefined variable: id /Users/conan/haitao/Application/Runtime/Cache/Profile/c82c006290aff218b74788eac421ef53.php 第 29 行.
NOTIC: [8] Undefined variable: id /Users/conan/haitao/Application/Runtime/Cache/Profile/c82c006290aff218b74788eac421ef53.php 第 29 行.
NOTIC: [8] Undefined variable: id /Users/conan/haitao/Application/Runtime/Cache/Profile/c82c006290aff218b74788eac421ef53.php 第 29 行.
NOTIC: [8] Undefined variable: id /Users/conan/haitao/Application/Runtime/Cache/Profile/c82c006290aff218b74788eac421ef53.php 第 29 行.
INFO: Run Behavior\ParseTemplateBehavior [ RunTime:0.009369s ]
INFO: [ view_parse ] --END-- [ RunTime:0.009485s ]
INFO: [ view_filter ] --START--
INFO: Run Behavior\WriteHtmlCacheBehavior [ RunTime:0.000323s ]
INFO: [ view_filter ] --END-- [ RunTime:0.000432s ]
INFO: [ app_end ] --START--
INFO: Run Behavior\ShowPageTraceBehavior [ RunTime:0.000381s ]
INFO: [ app_end ] --END-- [ RunTime:0.000488s ]

[ 2016-06-24T02:25:30+08:00 ] 127.0.0.1 /Profile/User/login.html
INFO: [ app_init ] --START--
INFO: Run Behavior\BuildLiteBehavior [ RunTime:0.000014s ]
INFO: [ app_init ] --END-- [ RunTime:0.000081s ]
INFO: [ app_begin ] --START--
INFO: Run Behavior\ReadHtmlCacheBehavior [ RunTime:0.000219s ]
INFO: [ app_begin ] --END-- [ RunTime:0.000274s ]
SQL: SHOW COLUMNS FROM `yy_category` [ RunTime:0.0004s ]
SQL: SHOW COLUMNS FROM `yy_category` [ RunTime:0.0003s ]
SQL: SELECT * FROM `yy_category` WHERE `is_delete` = 0 AND `parent` = 0  [ RunTime:0.0002s ]
SQL: SHOW COLUMNS FROM `yy_users` [ RunTime:0.0005s ]
SQL: SHOW COLUMNS FROM `yy_users` [ RunTime:0.0003s ]
SQL: SELECT * FROM `yy_users` WHERE `email` = 'conan@163.com' AND `is_delete` = 0 LIMIT 1   [ RunTime:0.0005s ]

