[ 2016-06-07T23:15:47+08:00 ] 127.0.0.1 /Profile/User/login.html
INFO: [ app_init ] --START--
INFO: Run Behavior\BuildLiteBehavior [ RunTime:0.000022s ]
INFO: [ app_init ] --END-- [ RunTime:0.000179s ]
INFO: [ app_begin ] --START--
INFO: Run Behavior\ReadHtmlCacheBehavior [ RunTime:0.000520s ]
INFO: [ app_begin ] --END-- [ RunTime:0.000690s ]
INFO: [ view_parse ] --START--
INFO: [ template_filter ] --START--
INFO: Run Behavior\ContentReplaceBehavior [ RunTime:0.000128s ]
INFO: [ template_filter ] --END-- [ RunTime:0.000237s ]
NOTIC: [8] Undefined variable: id /Users/conan/ht_home/Application/Runtime/Cache/Profile/c82c006290aff218b74788eac421ef53.php 第 29 行.
NOTIC: [8] Undefined variable: id /Users/conan/ht_home/Application/Runtime/Cache/Profile/c82c006290aff218b74788eac421ef53.php 第 29 行.
NOTIC: [8] Undefined variable: id /Users/conan/ht_home/Application/Runtime/Cache/Profile/c82c006290aff218b74788eac421ef53.php 第 29 行.
NOTIC: [8] Undefined variable: id /Users/conan/ht_home/Application/Runtime/Cache/Profile/c82c006290aff218b74788eac421ef53.php 第 29 行.
NOTIC: [8] Undefined variable: id /Users/conan/ht_home/Application/Runtime/Cache/Profile/c82c006290aff218b74788eac421ef53.php 第 29 行.
NOTIC: [8] Undefined variable: id /Users/conan/ht_home/Application/Runtime/Cache/Profile/c82c006290aff218b74788eac421ef53.php 第 29 行.
INFO: Run Behavior\ParseTemplateBehavior [ RunTime:0.010919s ]
INFO: [ view_parse ] --END-- [ RunTime:0.011042s ]
INFO: [ view_filter ] --START--
INFO: Run Behavior\WriteHtmlCacheBehavior [ RunTime:0.000189s ]
INFO: [ view_filter ] --END-- [ RunTime:0.000267s ]
INFO: [ app_end ] --START--
INFO: Run Behavior\ShowPageTraceBehavior [ RunTime:0.000613s ]
INFO: [ app_end ] --END-- [ RunTime:0.000712s ]

[ 2016-06-07T23:15:50+08:00 ] 127.0.0.1 /Profile/User/login.html
INFO: [ app_init ] --START--
INFO: Run Behavior\BuildLiteBehavior [ RunTime:0.000015s ]
INFO: [ app_init ] --END-- [ RunTime:0.000086s ]
INFO: [ app_begin ] --START--
INFO: Run Behavior\ReadHtmlCacheBehavior [ RunTime:0.000243s ]
INFO: [ app_begin ] --END-- [ RunTime:0.000301s ]
SQL: SHOW COLUMNS FROM `yy_users` [ RunTime:0.0014s ]
SQL: SHOW COLUMNS FROM `yy_users` [ RunTime:0.0004s ]
SQL: SELECT * FROM `yy_users` WHERE `email` = 'conan@163.com' LIMIT 1   [ RunTime:0.0006s ]

[ 2016-06-07T23:15:55+08:00 ] 127.0.0.1 /Profile/User/index.html
INFO: [ app_init ] --START--
INFO: Run Behavior\BuildLiteBehavior [ RunTime:0.000015s ]
INFO: [ app_init ] --END-- [ RunTime:0.000077s ]
INFO: [ app_begin ] --START--
INFO: Run Behavior\ReadHtmlCacheBehavior [ RunTime:0.000228s ]
INFO: [ app_begin ] --END-- [ RunTime:0.000293s ]
SQL: SHOW COLUMNS FROM `yy_users` [ RunTime:0.0005s ]
SQL: SHOW COLUMNS FROM `yy_users` [ RunTime:0.0004s ]
SQL: SELECT * FROM `yy_users` WHERE `id` = 1 LIMIT 1   [ RunTime:0.0006s ]
SQL: SHOW COLUMNS FROM `yy_category` [ RunTime:0.0008s ]
SQL: SHOW COLUMNS FROM `yy_category` [ RunTime:0.0004s ]
SQL: select id,name,(select count(b.id) from yy_article b where b.category_id=a.id
        and b.user_id=1 and b.is_delete=0) as count from yy_category a where a.parent=0 and a.is_delete=0 [ RunTime:0.0025s ]
SQL: SHOW COLUMNS FROM `yy_article` [ RunTime:0.0009s ]
SQL: SHOW COLUMNS FROM `yy_article` [ RunTime:0.0004s ]
SQL: SELECT COUNT(id) AS tp_count FROM `yy_article` WHERE `category_id` = 1 LIMIT 1   [ RunTime:0.0002s ]
SQL: SELECT * FROM `yy_article` WHERE `category_id` = 1 LIMIT 0,10   [ RunTime:0.0003s ]
SQL: SELECT COUNT(id) AS tp_count FROM `yy_article` WHERE `category_id` = 2 LIMIT 1   [ RunTime:0.0002s ]
SQL: SELECT * FROM `yy_article` WHERE `category_id` = 2 LIMIT 0,10   [ RunTime:0.0002s ]
SQL: SELECT COUNT(id) AS tp_count FROM `yy_article` WHERE `category_id` = 3 LIMIT 1   [ RunTime:0.0001s ]
SQL: SELECT * FROM `yy_article` WHERE `category_id` = 3 LIMIT 0,10   [ RunTime:0.0002s ]
SQL: SELECT COUNT(id) AS tp_count FROM `yy_article` WHERE `category_id` = 4 LIMIT 1   [ RunTime:0.0001s ]
SQL: SELECT * FROM `yy_article` WHERE `category_id` = 4 LIMIT 0,10   [ RunTime:0.0002s ]
SQL: SELECT COUNT(id) AS tp_count FROM `yy_article` WHERE `category_id` = 5 LIMIT 1   [ RunTime:0.0001s ]
SQL: SELECT * FROM `yy_article` WHERE `category_id` = 5 LIMIT 0,10   [ RunTime:0.0002s ]
SQL: SELECT COUNT(id) AS tp_count FROM `yy_article` WHERE `category_id` = 6 LIMIT 1   [ RunTime:0.0002s ]
SQL: SELECT * FROM `yy_article` WHERE `category_id` = 6 LIMIT 0,10   [ RunTime:0.0002s ]
INFO: [ view_parse ] --START--
INFO: [ template_filter ] --START--
INFO: Run Behavior\ContentReplaceBehavior [ RunTime:0.000154s ]
INFO: [ template_filter ] --END-- [ RunTime:0.000266s ]
NOTIC: [8] Undefined variable: id /Users/conan/ht_home/Application/Runtime/Cache/Profile/4c9e4b27c8af016e76176bf4b1229d6f.php 第 19 行.
NOTIC: [8] Undefined variable: id /Users/conan/ht_home/Application/Runtime/Cache/Profile/4c9e4b27c8af016e76176bf4b1229d6f.php 第 19 行.
NOTIC: [8] Undefined variable: id /Users/conan/ht_home/Application/Runtime/Cache/Profile/4c9e4b27c8af016e76176bf4b1229d6f.php 第 19 行.
NOTIC: [8] Undefined variable: id /Users/conan/ht_home/Application/Runtime/Cache/Profile/4c9e4b27c8af016e76176bf4b1229d6f.php 第 19 行.
NOTIC: [8] Undefined variable: id /Users/conan/ht_home/Application/Runtime/Cache/Profile/4c9e4b27c8af016e76176bf4b1229d6f.php 第 19 行.
NOTIC: [8] Undefined variable: id /Users/conan/ht_home/Application/Runtime/Cache/Profile/4c9e4b27c8af016e76176bf4b1229d6f.php 第 19 行.
INFO: Run Behavior\ParseTemplateBehavior [ RunTime:0.021156s ]
INFO: [ view_parse ] --END-- [ RunTime:0.021233s ]
INFO: [ view_filter ] --START--
INFO: Run Behavior\WriteHtmlCacheBehavior [ RunTime:0.000109s ]
INFO: [ view_filter ] --END-- [ RunTime:0.000166s ]
INFO: [ app_end ] --START--
INFO: Run Behavior\ShowPageTraceBehavior [ RunTime:0.000337s ]
INFO: [ app_end ] --END-- [ RunTime:0.000435s ]

[ 2016-06-07T23:16:22+08:00 ] 127.0.0.1 /Profile/User/index.html
INFO: [ app_init ] --START--
INFO: Run Behavior\BuildLiteBehavior [ RunTime:0.000014s ]
INFO: [ app_init ] --END-- [ RunTime:0.000078s ]
INFO: [ app_begin ] --START--
INFO: Run Behavior\ReadHtmlCacheBehavior [ RunTime:0.000236s ]
INFO: [ app_begin ] --END-- [ RunTime:0.000304s ]
SQL: SHOW COLUMNS FROM `yy_users` [ RunTime:0.0006s ]
SQL: SHOW COLUMNS FROM `yy_users` [ RunTime:0.0004s ]
SQL: SELECT * FROM `yy_users` WHERE `id` = 1 LIMIT 1   [ RunTime:0.0002s ]
SQL: SHOW COLUMNS FROM `yy_category` [ RunTime:0.0004s ]
SQL: SHOW COLUMNS FROM `yy_category` [ RunTime:0.0003s ]
SQL: select id,name,(select count(b.id) from yy_article b where b.category_id=a.id
        and b.user_id=1 and b.is_delete=0) as count from yy_category a where a.parent=0 and a.is_delete=0 [ RunTime:0.0004s ]
SQL: SHOW COLUMNS FROM `yy_article` [ RunTime:0.0004s ]
SQL: SHOW COLUMNS FROM `yy_article` [ RunTime:0.0003s ]
SQL: SELECT COUNT(id) AS tp_count FROM `yy_article` WHERE `category_id` = 1 LIMIT 1   [ RunTime:0.0002s ]
SQL: SELECT * FROM `yy_article` WHERE `category_id` = 1 LIMIT 0,10   [ RunTime:0.0002s ]
SQL: SELECT COUNT(id) AS tp_count FROM `yy_article` WHERE `category_id` = 2 LIMIT 1   [ RunTime:0.0001s ]
SQL: SELECT * FROM `yy_article` WHERE `category_id` = 2 LIMIT 0,10   [ RunTime:0.0002s ]
SQL: SELECT COUNT(id) AS tp_count FROM `yy_article` WHERE `category_id` = 3 LIMIT 1   [ RunTime:0.0001s ]
SQL: SELECT * FROM `yy_article` WHERE `category_id` = 3 LIMIT 0,10   [ RunTime:0.0002s ]
SQL: SELECT COUNT(id) AS tp_count FROM `yy_article` WHERE `category_id` = 4 LIMIT 1   [ RunTime:0.0001s ]
SQL: SELECT * FROM `yy_article` WHERE `category_id` = 4 LIMIT 0,10   [ RunTime:0.0002s ]
SQL: SELECT COUNT(id) AS tp_count FROM `yy_article` WHERE `category_id` = 5 LIMIT 1   [ RunTime:0.0001s ]
SQL: SELECT * FROM `yy_article` WHERE `category_id` = 5 LIMIT 0,10   [ RunTime:0.0001s ]
SQL: SELECT COUNT(id) AS tp_count FROM `yy_article` WHERE `category_id` = 6 LIMIT 1   [ RunTime:0.0001s ]
SQL: SELECT * FROM `yy_article` WHERE `category_id` = 6 LIMIT 0,10   [ RunTime:0.0001s ]
INFO: [ view_parse ] --START--
INFO: [ template_filter ] --START--
INFO: Run Behavior\ContentReplaceBehavior [ RunTime:0.000088s ]
INFO: [ template_filter ] --END-- [ RunTime:0.000160s ]
NOTIC: [8] Undefined variable: id /Users/conan/ht_home/Application/Runtime/Cache/Profile/4c9e4b27c8af016e76176bf4b1229d6f.php 第 19 行.
NOTIC: [8] Undefined variable: id /Users/conan/ht_home/Application/Runtime/Cache/Profile/4c9e4b27c8af016e76176bf4b1229d6f.php 第 19 行.
NOTIC: [8] Undefined variable: id /Users/conan/ht_home/Application/Runtime/Cache/Profile/4c9e4b27c8af016e76176bf4b1229d6f.php 第 19 行.
NOTIC: [8] Undefined variable: id /Users/conan/ht_home/Application/Runtime/Cache/Profile/4c9e4b27c8af016e76176bf4b1229d6f.php 第 19 行.
NOTIC: [8] Undefined variable: id /Users/conan/ht_home/Application/Runtime/Cache/Profile/4c9e4b27c8af016e76176bf4b1229d6f.php 第 19 行.
NOTIC: [8] Undefined variable: id /Users/conan/ht_home/Application/Runtime/Cache/Profile/4c9e4b27c8af016e76176bf4b1229d6f.php 第 19 行.
INFO: Run Behavior\ParseTemplateBehavior [ RunTime:0.013351s ]
INFO: [ view_parse ] --END-- [ RunTime:0.013548s ]
INFO: [ view_filter ] --START--
INFO: Run Behavior\WriteHtmlCacheBehavior [ RunTime:0.000296s ]
INFO: [ view_filter ] --END-- [ RunTime:0.000398s ]
INFO: [ app_end ] --START--
INFO: Run Behavior\ShowPageTraceBehavior [ RunTime:0.000641s ]
INFO: [ app_end ] --END-- [ RunTime:0.000771s ]

[ 2016-06-07T23:17:24+08:00 ] 127.0.0.1 /Profile/User/index.html
INFO: [ app_init ] --START--
INFO: Run Behavior\BuildLiteBehavior [ RunTime:0.000015s ]
INFO: [ app_init ] --END-- [ RunTime:0.000086s ]
INFO: [ app_begin ] --START--
INFO: Run Behavior\ReadHtmlCacheBehavior [ RunTime:0.000274s ]
INFO: [ app_begin ] --END-- [ RunTime:0.000345s ]
SQL: SHOW COLUMNS FROM `yy_users` [ RunTime:0.0005s ]
SQL: SHOW COLUMNS FROM `yy_users` [ RunTime:0.0003s ]
SQL: SELECT * FROM `yy_users` WHERE `id` = 1 LIMIT 1   [ RunTime:0.0002s ]
SQL: SHOW COLUMNS FROM `yy_category` [ RunTime:0.0016s ]
SQL: SHOW COLUMNS FROM `yy_category` [ RunTime:0.0004s ]
SQL: select id,name,(select count(b.id) from yy_article b where b.category_id=a.id
        and b.user_id=1 and b.is_delete=0) as count from yy_category a where a.parent=0 and a.is_delete=0 [ RunTime:0.0004s ]
SQL: SHOW COLUMNS FROM `yy_article` [ RunTime:0.0004s ]
SQL: SHOW COLUMNS FROM `yy_article` [ RunTime:0.0004s ]
SQL: SELECT COUNT(id) AS tp_count FROM `yy_article` WHERE `category_id` = 1 LIMIT 1   [ RunTime:0.0002s ]
SQL: SELECT * FROM `yy_article` WHERE `category_id` = 1 LIMIT 0,10   [ RunTime:0.0003s ]
SQL: SELECT COUNT(id) AS tp_count FROM `yy_article` WHERE `category_id` = 2 LIMIT 1   [ RunTime:0.0002s ]
SQL: SELECT * FROM `yy_article` WHERE `category_id` = 2 LIMIT 0,10   [ RunTime:0.0004s ]
SQL: SELECT COUNT(id) AS tp_count FROM `yy_article` WHERE `category_id` = 3 LIMIT 1   [ RunTime:0.0003s ]
SQL: SELECT * FROM `yy_article` WHERE `category_id` = 3 LIMIT 0,10   [ RunTime:0.0007s ]
SQL: SELECT COUNT(id) AS tp_count FROM `yy_article` WHERE `category_id` = 4 LIMIT 1   [ RunTime:0.0007s ]
SQL: SELECT * FROM `yy_article` WHERE `category_id` = 4 LIMIT 0,10   [ RunTime:0.0006s ]
SQL: SELECT COUNT(id) AS tp_count FROM `yy_article` WHERE `category_id` = 5 LIMIT 1   [ RunTime:0.0004s ]
SQL: SELECT * FROM `yy_article` WHERE `category_id` = 5 LIMIT 0,10   [ RunTime:0.0002s ]
SQL: SELECT COUNT(id) AS tp_count FROM `yy_article` WHERE `category_id` = 6 LIMIT 1   [ RunTime:0.0002s ]
SQL: SELECT * FROM `yy_article` WHERE `category_id` = 6 LIMIT 0,10   [ RunTime:0.0002s ]
INFO: [ view_parse ] --START--
INFO: [ template_filter ] --START--
INFO: Run Behavior\ContentReplaceBehavior [ RunTime:0.000105s ]
INFO: [ template_filter ] --END-- [ RunTime:0.000194s ]
NOTIC: [8] Undefined variable: id /Users/conan/ht_home/Application/Runtime/Cache/Profile/4c9e4b27c8af016e76176bf4b1229d6f.php 第 19 行.
NOTIC: [8] Undefined variable: id /Users/conan/ht_home/Application/Runtime/Cache/Profile/4c9e4b27c8af016e76176bf4b1229d6f.php 第 19 行.
NOTIC: [8] Undefined variable: id /Users/conan/ht_home/Application/Runtime/Cache/Profile/4c9e4b27c8af016e76176bf4b1229d6f.php 第 19 行.
NOTIC: [8] Undefined variable: id /Users/conan/ht_home/Application/Runtime/Cache/Profile/4c9e4b27c8af016e76176bf4b1229d6f.php 第 19 行.
NOTIC: [8] Undefined variable: id /Users/conan/ht_home/Application/Runtime/Cache/Profile/4c9e4b27c8af016e76176bf4b1229d6f.php 第 19 行.
NOTIC: [8] Undefined variable: id /Users/conan/ht_home/Application/Runtime/Cache/Profile/4c9e4b27c8af016e76176bf4b1229d6f.php 第 19 行.
INFO: Run Behavior\ParseTemplateBehavior [ RunTime:0.012870s ]
INFO: [ view_parse ] --END-- [ RunTime:0.012954s ]
INFO: [ view_filter ] --START--
INFO: Run Behavior\WriteHtmlCacheBehavior [ RunTime:0.000169s ]
INFO: [ view_filter ] --END-- [ RunTime:0.000236s ]
INFO: [ app_end ] --START--
INFO: Run Behavior\ShowPageTraceBehavior [ RunTime:0.000568s ]
INFO: [ app_end ] --END-- [ RunTime:0.000717s ]

[ 2016-06-07T23:17:44+08:00 ] 127.0.0.1 /Profile/User/publish.html
INFO: [ app_init ] --START--
INFO: Run Behavior\BuildLiteBehavior [ RunTime:0.000014s ]
INFO: [ app_init ] --END-- [ RunTime:0.000080s ]
INFO: [ app_begin ] --START--
INFO: Run Behavior\ReadHtmlCacheBehavior [ RunTime:0.000243s ]
INFO: [ app_begin ] --END-- [ RunTime:0.000308s ]
SQL: SHOW COLUMNS FROM `yy_category` [ RunTime:0.0004s ]
SQL: SHOW COLUMNS FROM `yy_category` [ RunTime:0.0003s ]
SQL: SELECT * FROM `yy_category` WHERE `is_delete` = 0  [ RunTime:0.0002s ]
SQL: SHOW COLUMNS FROM `yy_country` [ RunTime:0.0004s ]
SQL: SHOW COLUMNS FROM `yy_country` [ RunTime:0.0003s ]
SQL: SELECT * FROM `yy_country`  [ RunTime:0.0001s ]
INFO: [ view_parse ] --START--
INFO: [ template_filter ] --START--
INFO: Run Behavior\ContentReplaceBehavior [ RunTime:0.000096s ]
INFO: [ template_filter ] --END-- [ RunTime:0.000170s ]
NOTIC: [8] Undefined variable: id /Users/conan/ht_home/Application/Runtime/Cache/Profile/6a94953b8ff696e1992261096226f1ae.php 第 19 行.
NOTIC: [8] Undefined variable: id /Users/conan/ht_home/Application/Runtime/Cache/Profile/6a94953b8ff696e1992261096226f1ae.php 第 19 行.
NOTIC: [8] Undefined variable: id /Users/conan/ht_home/Application/Runtime/Cache/Profile/6a94953b8ff696e1992261096226f1ae.php 第 19 行.
NOTIC: [8] Undefined variable: id /Users/conan/ht_home/Application/Runtime/Cache/Profile/6a94953b8ff696e1992261096226f1ae.php 第 19 行.
NOTIC: [8] Undefined variable: id /Users/conan/ht_home/Application/Runtime/Cache/Profile/6a94953b8ff696e1992261096226f1ae.php 第 19 行.
NOTIC: [8] Undefined variable: id /Users/conan/ht_home/Application/Runtime/Cache/Profile/6a94953b8ff696e1992261096226f1ae.php 第 19 行.
INFO: Run Behavior\ParseTemplateBehavior [ RunTime:0.011329s ]
INFO: [ view_parse ] --END-- [ RunTime:0.011413s ]
INFO: [ view_filter ] --START--
INFO: Run Behavior\WriteHtmlCacheBehavior [ RunTime:0.000228s ]
INFO: [ view_filter ] --END-- [ RunTime:0.000299s ]
INFO: [ app_end ] --START--
INFO: Run Behavior\ShowPageTraceBehavior [ RunTime:0.000387s ]
INFO: [ app_end ] --END-- [ RunTime:0.000464s ]

[ 2016-06-07T23:17:48+08:00 ] 127.0.0.1 /Profile/User/index.html
INFO: [ app_init ] --START--
INFO: Run Behavior\BuildLiteBehavior [ RunTime:0.000054s ]
INFO: [ app_init ] --END-- [ RunTime:0.000306s ]
INFO: [ app_begin ] --START--
INFO: Run Behavior\ReadHtmlCacheBehavior [ RunTime:0.000965s ]
INFO: [ app_begin ] --END-- [ RunTime:0.001198s ]
SQL: SHOW COLUMNS FROM `yy_users` [ RunTime:0.0009s ]
SQL: SHOW COLUMNS FROM `yy_users` [ RunTime:0.0004s ]
SQL: SELECT * FROM `yy_users` WHERE `id` = 1 LIMIT 1   [ RunTime:0.0002s ]
SQL: SHOW COLUMNS FROM `yy_category` [ RunTime:0.0003s ]
SQL: SHOW COLUMNS FROM `yy_category` [ RunTime:0.0003s ]
SQL: select id,name,(select count(b.id) from yy_article b where b.category_id=a.id
        and b.user_id=1 and b.is_delete=0) as count from yy_category a where a.parent=0 and a.is_delete=0 [ RunTime:0.0004s ]
SQL: SHOW COLUMNS FROM `yy_article` [ RunTime:0.0013s ]
SQL: SHOW COLUMNS FROM `yy_article` [ RunTime:0.0013s ]
SQL: SELECT COUNT(id) AS tp_count FROM `yy_article` WHERE `category_id` = 1 LIMIT 1   [ RunTime:0.0002s ]
SQL: SELECT * FROM `yy_article` WHERE `category_id` = 1 LIMIT 0,10   [ RunTime:0.0002s ]
SQL: SELECT COUNT(id) AS tp_count FROM `yy_article` WHERE `category_id` = 2 LIMIT 1   [ RunTime:0.0001s ]
SQL: SELECT * FROM `yy_article` WHERE `category_id` = 2 LIMIT 0,10   [ RunTime:0.0002s ]
SQL: SELECT COUNT(id) AS tp_count FROM `yy_article` WHERE `category_id` = 3 LIMIT 1   [ RunTime:0.0001s ]
SQL: SELECT * FROM `yy_article` WHERE `category_id` = 3 LIMIT 0,10   [ RunTime:0.0002s ]
SQL: SELECT COUNT(id) AS tp_count FROM `yy_article` WHERE `category_id` = 4 LIMIT 1   [ RunTime:0.0001s ]
SQL: SELECT * FROM `yy_article` WHERE `category_id` = 4 LIMIT 0,10   [ RunTime:0.0005s ]
SQL: SELECT COUNT(id) AS tp_count FROM `yy_article` WHERE `category_id` = 5 LIMIT 1   [ RunTime:0.0005s ]
SQL: SELECT * FROM `yy_article` WHERE `category_id` = 5 LIMIT 0,10   [ RunTime:0.0005s ]
SQL: SELECT COUNT(id) AS tp_count FROM `yy_article` WHERE `category_id` = 6 LIMIT 1   [ RunTime:0.0005s ]
SQL: SELECT * FROM `yy_article` WHERE `category_id` = 6 LIMIT 0,10   [ RunTime:0.0005s ]
INFO: [ view_parse ] --START--
INFO: [ template_filter ] --START--
INFO: Run Behavior\ContentReplaceBehavior [ RunTime:0.000088s ]
INFO: [ template_filter ] --END-- [ RunTime:0.000158s ]
NOTIC: [8] Undefined variable: id /Users/conan/ht_home/Application/Runtime/Cache/Profile/4c9e4b27c8af016e76176bf4b1229d6f.php 第 19 行.
NOTIC: [8] Undefined variable: id /Users/conan/ht_home/Application/Runtime/Cache/Profile/4c9e4b27c8af016e76176bf4b1229d6f.php 第 19 行.
NOTIC: [8] Undefined variable: id /Users/conan/ht_home/Application/Runtime/Cache/Profile/4c9e4b27c8af016e76176bf4b1229d6f.php 第 19 行.
NOTIC: [8] Undefined variable: id /Users/conan/ht_home/Application/Runtime/Cache/Profile/4c9e4b27c8af016e76176bf4b1229d6f.php 第 19 行.
NOTIC: [8] Undefined variable: id /Users/conan/ht_home/Application/Runtime/Cache/Profile/4c9e4b27c8af016e76176bf4b1229d6f.php 第 19 行.
NOTIC: [8] Undefined variable: id /Users/conan/ht_home/Application/Runtime/Cache/Profile/4c9e4b27c8af016e76176bf4b1229d6f.php 第 19 行.
INFO: Run Behavior\ParseTemplateBehavior [ RunTime:0.012280s ]
INFO: [ view_parse ] --END-- [ RunTime:0.012360s ]
INFO: [ view_filter ] --START--
INFO: Run Behavior\WriteHtmlCacheBehavior [ RunTime:0.000540s ]
INFO: [ view_filter ] --END-- [ RunTime:0.000721s ]
INFO: [ app_end ] --START--
INFO: Run Behavior\ShowPageTraceBehavior [ RunTime:0.001243s ]
INFO: [ app_end ] --END-- [ RunTime:0.001562s ]

[ 2016-06-07T23:20:43+08:00 ] 127.0.0.1 /Profile/User/index.html
INFO: [ app_init ] --START--
INFO: Run Behavior\BuildLiteBehavior [ RunTime:0.000017s ]
INFO: [ app_init ] --END-- [ RunTime:0.000096s ]
INFO: [ app_begin ] --START--
INFO: Run Behavior\ReadHtmlCacheBehavior [ RunTime:0.000419s ]
INFO: [ app_begin ] --END-- [ RunTime:0.000523s ]
SQL: SHOW COLUMNS FROM `yy_users` [ RunTime:0.0004s ]
SQL: SHOW COLUMNS FROM `yy_users` [ RunTime:0.0003s ]
SQL: SELECT * FROM `yy_users` WHERE `id` = 1 LIMIT 1   [ RunTime:0.0002s ]
SQL: SHOW COLUMNS FROM `yy_category` [ RunTime:0.0003s ]
SQL: SHOW COLUMNS FROM `yy_category` [ RunTime:0.0003s ]
SQL: select id,name,(select count(b.id) from yy_article b where b.category_id=a.id
        and b.user_id=1 and b.is_delete=0) as count from yy_category a where a.parent=0 and a.is_delete=0 [ RunTime:0.0004s ]
SQL: SHOW COLUMNS FROM `yy_article` [ RunTime:0.0004s ]
SQL: SHOW COLUMNS FROM `yy_article` [ RunTime:0.0004s ]
SQL: SELECT COUNT(id) AS tp_count FROM `yy_article` WHERE `category_id` = 1 LIMIT 1   [ RunTime:0.0002s ]
SQL: SELECT * FROM `yy_article` WHERE `category_id` = 1 LIMIT 0,10   [ RunTime:0.0008s ]
SQL: SELECT COUNT(id) AS tp_count FROM `yy_article` WHERE `category_id` = 2 LIMIT 1   [ RunTime:0.0006s ]
SQL: SELECT * FROM `yy_article` WHERE `category_id` = 2 LIMIT 0,10   [ RunTime:0.0007s ]
SQL: SELECT COUNT(id) AS tp_count FROM `yy_article` WHERE `category_id` = 3 LIMIT 1   [ RunTime:0.0002s ]
SQL: SELECT * FROM `yy_article` WHERE `category_id` = 3 LIMIT 0,10   [ RunTime:0.0003s ]
SQL: SELECT COUNT(id) AS tp_count FROM `yy_article` WHERE `category_id` = 4 LIMIT 1   [ RunTime:0.0002s ]
SQL: SELECT * FROM `yy_article` WHERE `category_id` = 4 LIMIT 0,10   [ RunTime:0.0002s ]
SQL: SELECT COUNT(id) AS tp_count FROM `yy_article` WHERE `category_id` = 5 LIMIT 1   [ RunTime:0.0001s ]
SQL: SELECT * FROM `yy_article` WHERE `category_id` = 5 LIMIT 0,10   [ RunTime:0.0002s ]
SQL: SELECT COUNT(id) AS tp_count FROM `yy_article` WHERE `category_id` = 6 LIMIT 1   [ RunTime:0.0002s ]
SQL: SELECT * FROM `yy_article` WHERE `category_id` = 6 LIMIT 0,10   [ RunTime:0.0010s ]
INFO: [ view_parse ] --START--
INFO: [ template_filter ] --START--
INFO: Run Behavior\ContentReplaceBehavior [ RunTime:0.000161s ]
INFO: [ template_filter ] --END-- [ RunTime:0.000312s ]
NOTIC: [8] Undefined variable: id /Users/conan/ht_home/Application/Runtime/Cache/Profile/4c9e4b27c8af016e76176bf4b1229d6f.php 第 19 行.
NOTIC: [8] Undefined variable: id /Users/conan/ht_home/Application/Runtime/Cache/Profile/4c9e4b27c8af016e76176bf4b1229d6f.php 第 19 行.
NOTIC: [8] Undefined variable: id /Users/conan/ht_home/Application/Runtime/Cache/Profile/4c9e4b27c8af016e76176bf4b1229d6f.php 第 19 行.
NOTIC: [8] Undefined variable: id /Users/conan/ht_home/Application/Runtime/Cache/Profile/4c9e4b27c8af016e76176bf4b1229d6f.php 第 19 行.
NOTIC: [8] Undefined variable: id /Users/conan/ht_home/Application/Runtime/Cache/Profile/4c9e4b27c8af016e76176bf4b1229d6f.php 第 19 行.
NOTIC: [8] Undefined variable: id /Users/conan/ht_home/Application/Runtime/Cache/Profile/4c9e4b27c8af016e76176bf4b1229d6f.php 第 19 行.
INFO: Run Behavior\ParseTemplateBehavior [ RunTime:0.012140s ]
INFO: [ view_parse ] --END-- [ RunTime:0.012259s ]
INFO: [ view_filter ] --START--
INFO: Run Behavior\WriteHtmlCacheBehavior [ RunTime:0.000123s ]
INFO: [ view_filter ] --END-- [ RunTime:0.000185s ]
INFO: [ app_end ] --START--
INFO: Run Behavior\ShowPageTraceBehavior [ RunTime:0.000352s ]
INFO: [ app_end ] --END-- [ RunTime:0.000436s ]

[ 2016-06-07T23:22:50+08:00 ] 127.0.0.1 /Profile/User/index.html
INFO: [ app_init ] --START--
INFO: Run Behavior\BuildLiteBehavior [ RunTime:0.000015s ]
INFO: [ app_init ] --END-- [ RunTime:0.000080s ]
INFO: [ app_begin ] --START--
INFO: Run Behavior\ReadHtmlCacheBehavior [ RunTime:0.000254s ]
INFO: [ app_begin ] --END-- [ RunTime:0.000325s ]
SQL: SHOW COLUMNS FROM `yy_users` [ RunTime:0.0005s ]
SQL: SHOW COLUMNS FROM `yy_users` [ RunTime:0.0004s ]
SQL: SELECT * FROM `yy_users` WHERE `id` = 1 LIMIT 1   [ RunTime:0.0002s ]
SQL: SHOW COLUMNS FROM `yy_category` [ RunTime:0.0004s ]
SQL: SHOW COLUMNS FROM `yy_category` [ RunTime:0.0003s ]
SQL: select id,name,(select count(b.id) from yy_article b where b.category_id=a.id
        and b.user_id=1 and b.is_delete=0) as count from yy_category a where a.parent=0 and a.is_delete=0 [ RunTime:0.0013s ]
SQL: SHOW COLUMNS FROM `yy_article` [ RunTime:0.0005s ]
SQL: SHOW COLUMNS FROM `yy_article` [ RunTime:0.0004s ]
SQL: SELECT COUNT(id) AS tp_count FROM `yy_article` WHERE `category_id` = 1 LIMIT 1   [ RunTime:0.0002s ]
SQL: SELECT * FROM `yy_article` WHERE `category_id` = 1 LIMIT 0,10   [ RunTime:0.0003s ]
SQL: SELECT COUNT(id) AS tp_count FROM `yy_article` WHERE `category_id` = 2 LIMIT 1   [ RunTime:0.0002s ]
SQL: SELECT * FROM `yy_article` WHERE `category_id` = 2 LIMIT 0,10   [ RunTime:0.0002s ]
SQL: SELECT COUNT(id) AS tp_count FROM `yy_article` WHERE `category_id` = 3 LIMIT 1   [ RunTime:0.0002s ]
SQL: SELECT * FROM `yy_article` WHERE `category_id` = 3 LIMIT 0,10   [ RunTime:0.0002s ]
SQL: SELECT COUNT(id) AS tp_count FROM `yy_article` WHERE `category_id` = 4 LIMIT 1   [ RunTime:0.0002s ]
SQL: SELECT * FROM `yy_article` WHERE `category_id` = 4 LIMIT 0,10   [ RunTime:0.0004s ]
SQL: SELECT COUNT(id) AS tp_count FROM `yy_article` WHERE `category_id` = 5 LIMIT 1   [ RunTime:0.0003s ]
SQL: SELECT * FROM `yy_article` WHERE `category_id` = 5 LIMIT 0,10   [ RunTime:0.0008s ]
SQL: SELECT COUNT(id) AS tp_count FROM `yy_article` WHERE `category_id` = 6 LIMIT 1   [ RunTime:0.0006s ]
SQL: SELECT * FROM `yy_article` WHERE `category_id` = 6 LIMIT 0,10   [ RunTime:0.0006s ]
INFO: [ view_parse ] --START--
INFO: [ template_filter ] --START--
INFO: Run Behavior\ContentReplaceBehavior [ RunTime:0.000164s ]
INFO: [ template_filter ] --END-- [ RunTime:0.000273s ]
NOTIC: [8] Undefined variable: id /Users/conan/ht_home/Application/Runtime/Cache/Profile/4c9e4b27c8af016e76176bf4b1229d6f.php 第 19 行.
NOTIC: [8] Undefined variable: id /Users/conan/ht_home/Application/Runtime/Cache/Profile/4c9e4b27c8af016e76176bf4b1229d6f.php 第 19 行.
NOTIC: [8] Undefined variable: id /Users/conan/ht_home/Application/Runtime/Cache/Profile/4c9e4b27c8af016e76176bf4b1229d6f.php 第 19 行.
NOTIC: [8] Undefined variable: id /Users/conan/ht_home/Application/Runtime/Cache/Profile/4c9e4b27c8af016e76176bf4b1229d6f.php 第 19 行.
NOTIC: [8] Undefined variable: id /Users/conan/ht_home/Application/Runtime/Cache/Profile/4c9e4b27c8af016e76176bf4b1229d6f.php 第 19 行.
NOTIC: [8] Undefined variable: id /Users/conan/ht_home/Application/Runtime/Cache/Profile/4c9e4b27c8af016e76176bf4b1229d6f.php 第 19 行.
INFO: Run Behavior\ParseTemplateBehavior [ RunTime:0.011971s ]
INFO: [ view_parse ] --END-- [ RunTime:0.012077s ]
INFO: [ view_filter ] --START--
INFO: Run Behavior\WriteHtmlCacheBehavior [ RunTime:0.000156s ]
INFO: [ view_filter ] --END-- [ RunTime:0.000251s ]
INFO: [ app_end ] --START--
INFO: Run Behavior\ShowPageTraceBehavior [ RunTime:0.000530s ]
INFO: [ app_end ] --END-- [ RunTime:0.000650s ]

[ 2016-06-07T23:37:23+08:00 ] 127.0.0.1 /Profile/User/index.html
INFO: [ app_init ] --START--
INFO: Run Behavior\BuildLiteBehavior [ RunTime:0.000015s ]
INFO: [ app_init ] --END-- [ RunTime:0.000084s ]
INFO: [ app_begin ] --START--
INFO: Run Behavior\ReadHtmlCacheBehavior [ RunTime:0.000252s ]
INFO: [ app_begin ] --END-- [ RunTime:0.000319s ]
SQL: SHOW COLUMNS FROM `yy_users` [ RunTime:0.0008s ]
SQL: SHOW COLUMNS FROM `yy_users` [ RunTime:0.0004s ]
SQL: SELECT * FROM `yy_users` WHERE `id` = 1 LIMIT 1   [ RunTime:0.0002s ]
SQL: SHOW COLUMNS FROM `yy_category` [ RunTime:0.0004s ]
SQL: SHOW COLUMNS FROM `yy_category` [ RunTime:0.0003s ]
SQL: select id,name,(select count(b.id) from yy_article b where b.category_id=a.id
        and b.user_id=1 and b.is_delete=0) as count from yy_category a where a.parent=0 and a.is_delete=0 [ RunTime:0.0004s ]
SQL: SHOW COLUMNS FROM `yy_article` [ RunTime:0.0004s ]
SQL: SHOW COLUMNS FROM `yy_article` [ RunTime:0.0003s ]
SQL: SELECT COUNT(id) AS tp_count FROM `yy_article` WHERE `category_id` = 1 LIMIT 1   [ RunTime:0.0002s ]
SQL: SELECT * FROM `yy_article` WHERE `category_id` = 1 LIMIT 0,10   [ RunTime:0.0006s ]
SQL: SELECT COUNT(id) AS tp_count FROM `yy_article` WHERE `category_id` = 2 LIMIT 1   [ RunTime:0.0006s ]
SQL: SELECT * FROM `yy_article` WHERE `category_id` = 2 LIMIT 0,10   [ RunTime:0.0007s ]
SQL: SELECT COUNT(id) AS tp_count FROM `yy_article` WHERE `category_id` = 3 LIMIT 1   [ RunTime:0.0005s ]
SQL: SELECT * FROM `yy_article` WHERE `category_id` = 3 LIMIT 0,10   [ RunTime:0.0002s ]
SQL: SELECT COUNT(id) AS tp_count FROM `yy_article` WHERE `category_id` = 4 LIMIT 1   [ RunTime:0.0001s ]
SQL: SELECT * FROM `yy_article` WHERE `category_id` = 4 LIMIT 0,10   [ RunTime:0.0002s ]
SQL: SELECT COUNT(id) AS tp_count FROM `yy_article` WHERE `category_id` = 5 LIMIT 1   [ RunTime:0.0002s ]
SQL: SELECT * FROM `yy_article` WHERE `category_id` = 5 LIMIT 0,10   [ RunTime:0.0008s ]
SQL: SELECT COUNT(id) AS tp_count FROM `yy_article` WHERE `category_id` = 6 LIMIT 1   [ RunTime:0.0004s ]
SQL: SELECT * FROM `yy_article` WHERE `category_id` = 6 LIMIT 0,10   [ RunTime:0.0002s ]
ERR: Think\Model:getStarUsers方法不存在！

[ 2016-06-07T23:38:14+08:00 ] 127.0.0.1 /Profile/User/index.html
INFO: [ app_init ] --START--
INFO: Run Behavior\BuildLiteBehavior [ RunTime:0.000035s ]
INFO: [ app_init ] --END-- [ RunTime:0.000158s ]
INFO: [ app_begin ] --START--
INFO: Run Behavior\ReadHtmlCacheBehavior [ RunTime:0.000310s ]
INFO: [ app_begin ] --END-- [ RunTime:0.000398s ]
SQL: SHOW COLUMNS FROM `yy_users` [ RunTime:0.0004s ]
SQL: SHOW COLUMNS FROM `yy_users` [ RunTime:0.0004s ]
SQL: SELECT * FROM `yy_users` WHERE `id` = 1 LIMIT 1   [ RunTime:0.0002s ]
SQL: SHOW COLUMNS FROM `yy_category` [ RunTime:0.0004s ]
SQL: SHOW COLUMNS FROM `yy_category` [ RunTime:0.0003s ]
SQL: select id,name,(select count(b.id) from yy_article b where b.category_id=a.id
        and b.user_id=1 and b.is_delete=0) as count from yy_category a where a.parent=0 and a.is_delete=0 [ RunTime:0.0003s ]
SQL: SHOW COLUMNS FROM `yy_article` [ RunTime:0.0004s ]
SQL: SHOW COLUMNS FROM `yy_article` [ RunTime:0.0003s ]
SQL: SELECT COUNT(id) AS tp_count FROM `yy_article` WHERE `category_id` = 1 LIMIT 1   [ RunTime:0.0002s ]
SQL: SELECT * FROM `yy_article` WHERE `category_id` = 1 LIMIT 0,10   [ RunTime:0.0002s ]
SQL: SELECT COUNT(id) AS tp_count FROM `yy_article` WHERE `category_id` = 2 LIMIT 1   [ RunTime:0.0001s ]
SQL: SELECT * FROM `yy_article` WHERE `category_id` = 2 LIMIT 0,10   [ RunTime:0.0002s ]
SQL: SELECT COUNT(id) AS tp_count FROM `yy_article` WHERE `category_id` = 3 LIMIT 1   [ RunTime:0.0003s ]
SQL: SELECT * FROM `yy_article` WHERE `category_id` = 3 LIMIT 0,10   [ RunTime:0.0012s ]
SQL: SELECT COUNT(id) AS tp_count FROM `yy_article` WHERE `category_id` = 4 LIMIT 1   [ RunTime:0.0006s ]
SQL: SELECT * FROM `yy_article` WHERE `category_id` = 4 LIMIT 0,10   [ RunTime:0.0002s ]
SQL: SELECT COUNT(id) AS tp_count FROM `yy_article` WHERE `category_id` = 5 LIMIT 1   [ RunTime:0.0002s ]
SQL: SELECT * FROM `yy_article` WHERE `category_id` = 5 LIMIT 0,10   [ RunTime:0.0002s ]
SQL: SELECT COUNT(id) AS tp_count FROM `yy_article` WHERE `category_id` = 6 LIMIT 1   [ RunTime:0.0001s ]
SQL: SELECT * FROM `yy_article` WHERE `category_id` = 6 LIMIT 0,10   [ RunTime:0.0002s ]
ERR: Think\Model:getStarUsers方法不存在！

[ 2016-06-07T23:38:48+08:00 ] 127.0.0.1 /Profile/User/index.html
INFO: [ app_init ] --START--
INFO: Run Behavior\BuildLiteBehavior [ RunTime:0.000015s ]
INFO: [ app_init ] --END-- [ RunTime:0.000080s ]
INFO: [ app_begin ] --START--
INFO: Run Behavior\ReadHtmlCacheBehavior [ RunTime:0.000246s ]
INFO: [ app_begin ] --END-- [ RunTime:0.000313s ]
SQL: SHOW COLUMNS FROM `yy_users` [ RunTime:0.0005s ]
SQL: SHOW COLUMNS FROM `yy_users` [ RunTime:0.0003s ]
SQL: SELECT * FROM `yy_users` WHERE `id` = 1 LIMIT 1   [ RunTime:0.0002s ]
SQL: SHOW COLUMNS FROM `yy_category` [ RunTime:0.0004s ]
SQL: SHOW COLUMNS FROM `yy_category` [ RunTime:0.0003s ]
SQL: select id,name,(select count(b.id) from yy_article b where b.category_id=a.id
        and b.user_id=1 and b.is_delete=0) as count from yy_category a where a.parent=0 and a.is_delete=0 [ RunTime:0.0003s ]
SQL: SHOW COLUMNS FROM `yy_article` [ RunTime:0.0004s ]
SQL: SHOW COLUMNS FROM `yy_article` [ RunTime:0.0012s ]
SQL: SELECT COUNT(id) AS tp_count FROM `yy_article` WHERE `category_id` = 1 LIMIT 1   [ RunTime:0.0008s ]
SQL: SELECT * FROM `yy_article` WHERE `category_id` = 1 LIMIT 0,10   [ RunTime:0.0004s ]
SQL: SELECT COUNT(id) AS tp_count FROM `yy_article` WHERE `category_id` = 2 LIMIT 1   [ RunTime:0.0002s ]
SQL: SELECT * FROM `yy_article` WHERE `category_id` = 2 LIMIT 0,10   [ RunTime:0.0002s ]
SQL: SELECT COUNT(id) AS tp_count FROM `yy_article` WHERE `category_id` = 3 LIMIT 1   [ RunTime:0.0002s ]
SQL: SELECT * FROM `yy_article` WHERE `category_id` = 3 LIMIT 0,10   [ RunTime:0.0002s ]
SQL: SELECT COUNT(id) AS tp_count FROM `yy_article` WHERE `category_id` = 4 LIMIT 1   [ RunTime:0.0003s ]
SQL: SELECT * FROM `yy_article` WHERE `category_id` = 4 LIMIT 0,10   [ RunTime:0.0002s ]
SQL: SELECT COUNT(id) AS tp_count FROM `yy_article` WHERE `category_id` = 5 LIMIT 1   [ RunTime:0.0002s ]
SQL: SELECT * FROM `yy_article` WHERE `category_id` = 5 LIMIT 0,10   [ RunTime:0.0002s ]
SQL: SELECT COUNT(id) AS tp_count FROM `yy_article` WHERE `category_id` = 6 LIMIT 1   [ RunTime:0.0002s ]
SQL: SELECT * FROM `yy_article` WHERE `category_id` = 6 LIMIT 0,10   [ RunTime:0.0005s ]
ERR: Think\Model:getStarUsers方法不存在！

[ 2016-06-07T23:39:51+08:00 ] 127.0.0.1 /Profile/User/index.html
INFO: [ app_init ] --START--
INFO: Run Behavior\BuildLiteBehavior [ RunTime:0.000013s ]
INFO: [ app_init ] --END-- [ RunTime:0.000074s ]
INFO: [ app_begin ] --START--
INFO: Run Behavior\ReadHtmlCacheBehavior [ RunTime:0.000479s ]
INFO: [ app_begin ] --END-- [ RunTime:0.000629s ]
SQL: SHOW COLUMNS FROM `yy_users` [ RunTime:0.0005s ]
SQL: SHOW COLUMNS FROM `yy_users` [ RunTime:0.0004s ]
SQL: SELECT * FROM `yy_users` WHERE `id` = 1 LIMIT 1   [ RunTime:0.0003s ]
SQL: SHOW COLUMNS FROM `yy_category` [ RunTime:0.0004s ]
SQL: SHOW COLUMNS FROM `yy_category` [ RunTime:0.0005s ]
SQL: select id,name,(select count(b.id) from yy_article b where b.category_id=a.id
        and b.user_id=1 and b.is_delete=0) as count from yy_category a where a.parent=0 and a.is_delete=0 [ RunTime:0.0005s ]
SQL: SHOW COLUMNS FROM `yy_article` [ RunTime:0.0004s ]
SQL: SHOW COLUMNS FROM `yy_article` [ RunTime:0.0003s ]
SQL: SELECT COUNT(id) AS tp_count FROM `yy_article` WHERE `category_id` = 1 LIMIT 1   [ RunTime:0.0002s ]
SQL: SELECT * FROM `yy_article` WHERE `category_id` = 1 LIMIT 0,10   [ RunTime:0.0003s ]
SQL: SELECT COUNT(id) AS tp_count FROM `yy_article` WHERE `category_id` = 2 LIMIT 1   [ RunTime:0.0002s ]
SQL: SELECT * FROM `yy_article` WHERE `category_id` = 2 LIMIT 0,10   [ RunTime:0.0002s ]
SQL: SELECT COUNT(id) AS tp_count FROM `yy_article` WHERE `category_id` = 3 LIMIT 1   [ RunTime:0.0001s ]
SQL: SELECT * FROM `yy_article` WHERE `category_id` = 3 LIMIT 0,10   [ RunTime:0.0002s ]
SQL: SELECT COUNT(id) AS tp_count FROM `yy_article` WHERE `category_id` = 4 LIMIT 1   [ RunTime:0.0002s ]
SQL: SELECT * FROM `yy_article` WHERE `category_id` = 4 LIMIT 0,10   [ RunTime:0.0002s ]
SQL: SELECT COUNT(id) AS tp_count FROM `yy_article` WHERE `category_id` = 5 LIMIT 1   [ RunTime:0.0001s ]
SQL: SELECT * FROM `yy_article` WHERE `category_id` = 5 LIMIT 0,10   [ RunTime:0.0002s ]
SQL: SELECT COUNT(id) AS tp_count FROM `yy_article` WHERE `category_id` = 6 LIMIT 1   [ RunTime:0.0002s ]
SQL: SELECT * FROM `yy_article` WHERE `category_id` = 6 LIMIT 0,10   [ RunTime:0.0002s ]
ERR: Think\Model:getStarUsers方法不存在！

[ 2016-06-07T23:39:52+08:00 ] 127.0.0.1 /Profile/User/index.html
INFO: [ app_init ] --START--
INFO: Run Behavior\BuildLiteBehavior [ RunTime:0.000016s ]
INFO: [ app_init ] --END-- [ RunTime:0.000087s ]
INFO: [ app_begin ] --START--
INFO: Run Behavior\ReadHtmlCacheBehavior [ RunTime:0.000260s ]
INFO: [ app_begin ] --END-- [ RunTime:0.000334s ]
SQL: SHOW COLUMNS FROM `yy_users` [ RunTime:0.0009s ]
SQL: SHOW COLUMNS FROM `yy_users` [ RunTime:0.0009s ]
SQL: SELECT * FROM `yy_users` WHERE `id` = 1 LIMIT 1   [ RunTime:0.0007s ]
SQL: SHOW COLUMNS FROM `yy_category` [ RunTime:0.0005s ]
SQL: SHOW COLUMNS FROM `yy_category` [ RunTime:0.0003s ]
SQL: select id,name,(select count(b.id) from yy_article b where b.category_id=a.id
        and b.user_id=1 and b.is_delete=0) as count from yy_category a where a.parent=0 and a.is_delete=0 [ RunTime:0.0003s ]
SQL: SHOW COLUMNS FROM `yy_article` [ RunTime:0.0004s ]
SQL: SHOW COLUMNS FROM `yy_article` [ RunTime:0.0004s ]
SQL: SELECT COUNT(id) AS tp_count FROM `yy_article` WHERE `category_id` = 1 LIMIT 1   [ RunTime:0.0012s ]
SQL: SELECT * FROM `yy_article` WHERE `category_id` = 1 LIMIT 0,10   [ RunTime:0.0007s ]
SQL: SELECT COUNT(id) AS tp_count FROM `yy_article` WHERE `category_id` = 2 LIMIT 1   [ RunTime:0.0002s ]
SQL: SELECT * FROM `yy_article` WHERE `category_id` = 2 LIMIT 0,10   [ RunTime:0.0002s ]
SQL: SELECT COUNT(id) AS tp_count FROM `yy_article` WHERE `category_id` = 3 LIMIT 1   [ RunTime:0.0002s ]
SQL: SELECT * FROM `yy_article` WHERE `category_id` = 3 LIMIT 0,10   [ RunTime:0.0002s ]
SQL: SELECT COUNT(id) AS tp_count FROM `yy_article` WHERE `category_id` = 4 LIMIT 1   [ RunTime:0.0001s ]
SQL: SELECT * FROM `yy_article` WHERE `category_id` = 4 LIMIT 0,10   [ RunTime:0.0002s ]
SQL: SELECT COUNT(id) AS tp_count FROM `yy_article` WHERE `category_id` = 5 LIMIT 1   [ RunTime:0.0001s ]
SQL: SELECT * FROM `yy_article` WHERE `category_id` = 5 LIMIT 0,10   [ RunTime:0.0002s ]
SQL: SELECT COUNT(id) AS tp_count FROM `yy_article` WHERE `category_id` = 6 LIMIT 1   [ RunTime:0.0002s ]
SQL: SELECT * FROM `yy_article` WHERE `category_id` = 6 LIMIT 0,10   [ RunTime:0.0005s ]
ERR: Think\Model:getStarUsers方法不存在！

[ 2016-06-07T23:39:53+08:00 ] 127.0.0.1 /Profile/User/index.html
INFO: [ app_init ] --START--
INFO: Run Behavior\BuildLiteBehavior [ RunTime:0.000015s ]
INFO: [ app_init ] --END-- [ RunTime:0.000079s ]
INFO: [ app_begin ] --START--
INFO: Run Behavior\ReadHtmlCacheBehavior [ RunTime:0.000236s ]
INFO: [ app_begin ] --END-- [ RunTime:0.000304s ]
SQL: SHOW COLUMNS FROM `yy_users` [ RunTime:0.0005s ]
SQL: SHOW COLUMNS FROM `yy_users` [ RunTime:0.0004s ]
SQL: SELECT * FROM `yy_users` WHERE `id` = 1 LIMIT 1   [ RunTime:0.0003s ]
SQL: SHOW COLUMNS FROM `yy_category` [ RunTime:0.0004s ]
SQL: SHOW COLUMNS FROM `yy_category` [ RunTime:0.0003s ]
SQL: select id,name,(select count(b.id) from yy_article b where b.category_id=a.id
        and b.user_id=1 and b.is_delete=0) as count from yy_category a where a.parent=0 and a.is_delete=0 [ RunTime:0.0003s ]
SQL: SHOW COLUMNS FROM `yy_article` [ RunTime:0.0004s ]
SQL: SHOW COLUMNS FROM `yy_article` [ RunTime:0.0003s ]
SQL: SELECT COUNT(id) AS tp_count FROM `yy_article` WHERE `category_id` = 1 LIMIT 1   [ RunTime:0.0002s ]
SQL: SELECT * FROM `yy_article` WHERE `category_id` = 1 LIMIT 0,10   [ RunTime:0.0003s ]
SQL: SELECT COUNT(id) AS tp_count FROM `yy_article` WHERE `category_id` = 2 LIMIT 1   [ RunTime:0.0001s ]
SQL: SELECT * FROM `yy_article` WHERE `category_id` = 2 LIMIT 0,10   [ RunTime:0.0002s ]
SQL: SELECT COUNT(id) AS tp_count FROM `yy_article` WHERE `category_id` = 3 LIMIT 1   [ RunTime:0.0002s ]
SQL: SELECT * FROM `yy_article` WHERE `category_id` = 3 LIMIT 0,10   [ RunTime:0.0002s ]
SQL: SELECT COUNT(id) AS tp_count FROM `yy_article` WHERE `category_id` = 4 LIMIT 1   [ RunTime:0.0001s ]
SQL: SELECT * FROM `yy_article` WHERE `category_id` = 4 LIMIT 0,10   [ RunTime:0.0002s ]
SQL: SELECT COUNT(id) AS tp_count FROM `yy_article` WHERE `category_id` = 5 LIMIT 1   [ RunTime:0.0002s ]
SQL: SELECT * FROM `yy_article` WHERE `category_id` = 5 LIMIT 0,10   [ RunTime:0.0002s ]
SQL: SELECT COUNT(id) AS tp_count FROM `yy_article` WHERE `category_id` = 6 LIMIT 1   [ RunTime:0.0001s ]
SQL: SELECT * FROM `yy_article` WHERE `category_id` = 6 LIMIT 0,10   [ RunTime:0.0001s ]
ERR: Think\Model:getStarUsers方法不存在！

[ 2016-06-07T23:39:53+08:00 ] 127.0.0.1 /Profile/User/index.html
INFO: [ app_init ] --START--
INFO: Run Behavior\BuildLiteBehavior [ RunTime:0.000017s ]
INFO: [ app_init ] --END-- [ RunTime:0.000094s ]
INFO: [ app_begin ] --START--
INFO: Run Behavior\ReadHtmlCacheBehavior [ RunTime:0.000271s ]
INFO: [ app_begin ] --END-- [ RunTime:0.000347s ]
SQL: SHOW COLUMNS FROM `yy_users` [ RunTime:0.0005s ]
SQL: SHOW COLUMNS FROM `yy_users` [ RunTime:0.0004s ]
SQL: SELECT * FROM `yy_users` WHERE `id` = 1 LIMIT 1   [ RunTime:0.0003s ]
SQL: SHOW COLUMNS FROM `yy_category` [ RunTime:0.0006s ]
SQL: SHOW COLUMNS FROM `yy_category` [ RunTime:0.0004s ]
SQL: select id,name,(select count(b.id) from yy_article b where b.category_id=a.id
        and b.user_id=1 and b.is_delete=0) as count from yy_category a where a.parent=0 and a.is_delete=0 [ RunTime:0.0005s ]
SQL: SHOW COLUMNS FROM `yy_article` [ RunTime:0.0004s ]
SQL: SHOW COLUMNS FROM `yy_article` [ RunTime:0.0003s ]
SQL: SELECT COUNT(id) AS tp_count FROM `yy_article` WHERE `category_id` = 1 LIMIT 1   [ RunTime:0.0002s ]
SQL: SELECT * FROM `yy_article` WHERE `category_id` = 1 LIMIT 0,10   [ RunTime:0.0003s ]
SQL: SELECT COUNT(id) AS tp_count FROM `yy_article` WHERE `category_id` = 2 LIMIT 1   [ RunTime:0.0001s ]
SQL: SELECT * FROM `yy_article` WHERE `category_id` = 2 LIMIT 0,10   [ RunTime:0.0002s ]
SQL: SELECT COUNT(id) AS tp_count FROM `yy_article` WHERE `category_id` = 3 LIMIT 1   [ RunTime:0.0001s ]
SQL: SELECT * FROM `yy_article` WHERE `category_id` = 3 LIMIT 0,10   [ RunTime:0.0002s ]
SQL: SELECT COUNT(id) AS tp_count FROM `yy_article` WHERE `category_id` = 4 LIMIT 1   [ RunTime:0.0001s ]
SQL: SELECT * FROM `yy_article` WHERE `category_id` = 4 LIMIT 0,10   [ RunTime:0.0002s ]
SQL: SELECT COUNT(id) AS tp_count FROM `yy_article` WHERE `category_id` = 5 LIMIT 1   [ RunTime:0.0001s ]
SQL: SELECT * FROM `yy_article` WHERE `category_id` = 5 LIMIT 0,10   [ RunTime:0.0002s ]
SQL: SELECT COUNT(id) AS tp_count FROM `yy_article` WHERE `category_id` = 6 LIMIT 1   [ RunTime:0.0001s ]
SQL: SELECT * FROM `yy_article` WHERE `category_id` = 6 LIMIT 0,10   [ RunTime:0.0001s ]
ERR: Think\Model:getStarUsers方法不存在！

[ 2016-06-07T23:39:53+08:00 ] 127.0.0.1 /Profile/User/index.html
INFO: [ app_init ] --START--
INFO: Run Behavior\BuildLiteBehavior [ RunTime:0.000018s ]
INFO: [ app_init ] --END-- [ RunTime:0.000111s ]
INFO: [ app_begin ] --START--
INFO: Run Behavior\ReadHtmlCacheBehavior [ RunTime:0.000308s ]
INFO: [ app_begin ] --END-- [ RunTime:0.000385s ]
SQL: SHOW COLUMNS FROM `yy_users` [ RunTime:0.0005s ]
SQL: SHOW COLUMNS FROM `yy_users` [ RunTime:0.0004s ]
SQL: SELECT * FROM `yy_users` WHERE `id` = 1 LIMIT 1   [ RunTime:0.0002s ]
SQL: SHOW COLUMNS FROM `yy_category` [ RunTime:0.0003s ]
SQL: SHOW COLUMNS FROM `yy_category` [ RunTime:0.0003s ]
SQL: select id,name,(select count(b.id) from yy_article b where b.category_id=a.id
        and b.user_id=1 and b.is_delete=0) as count from yy_category a where a.parent=0 and a.is_delete=0 [ RunTime:0.0003s ]
SQL: SHOW COLUMNS FROM `yy_article` [ RunTime:0.0004s ]
SQL: SHOW COLUMNS FROM `yy_article` [ RunTime:0.0012s ]
SQL: SELECT COUNT(id) AS tp_count FROM `yy_article` WHERE `category_id` = 1 LIMIT 1   [ RunTime:0.0008s ]
SQL: SELECT * FROM `yy_article` WHERE `category_id` = 1 LIMIT 0,10   [ RunTime:0.0004s ]
SQL: SELECT COUNT(id) AS tp_count FROM `yy_article` WHERE `category_id` = 2 LIMIT 1   [ RunTime:0.0002s ]
SQL: SELECT * FROM `yy_article` WHERE `category_id` = 2 LIMIT 0,10   [ RunTime:0.0003s ]
SQL: SELECT COUNT(id) AS tp_count FROM `yy_article` WHERE `category_id` = 3 LIMIT 1   [ RunTime:0.0002s ]
SQL: SELECT * FROM `yy_article` WHERE `category_id` = 3 LIMIT 0,10   [ RunTime:0.0002s ]
SQL: SELECT COUNT(id) AS tp_count FROM `yy_article` WHERE `category_id` = 4 LIMIT 1   [ RunTime:0.0001s ]
SQL: SELECT * FROM `yy_article` WHERE `category_id` = 4 LIMIT 0,10   [ RunTime:0.0002s ]
SQL: SELECT COUNT(id) AS tp_count FROM `yy_article` WHERE `category_id` = 5 LIMIT 1   [ RunTime:0.0002s ]
SQL: SELECT * FROM `yy_article` WHERE `category_id` = 5 LIMIT 0,10   [ RunTime:0.0005s ]
SQL: SELECT COUNT(id) AS tp_count FROM `yy_article` WHERE `category_id` = 6 LIMIT 1   [ RunTime:0.0005s ]
SQL: SELECT * FROM `yy_article` WHERE `category_id` = 6 LIMIT 0,10   [ RunTime:0.0005s ]
ERR: Think\Model:getStarUsers方法不存在！

[ 2016-06-07T23:39:53+08:00 ] 127.0.0.1 /Profile/User/index.html
INFO: [ app_init ] --START--
INFO: Run Behavior\BuildLiteBehavior [ RunTime:0.000018s ]
INFO: [ app_init ] --END-- [ RunTime:0.000102s ]
INFO: [ app_begin ] --START--
INFO: Run Behavior\ReadHtmlCacheBehavior [ RunTime:0.000413s ]
INFO: [ app_begin ] --END-- [ RunTime:0.000518s ]
SQL: SHOW COLUMNS FROM `yy_users` [ RunTime:0.0004s ]
SQL: SHOW COLUMNS FROM `yy_users` [ RunTime:0.0004s ]
SQL: SELECT * FROM `yy_users` WHERE `id` = 1 LIMIT 1   [ RunTime:0.0003s ]
SQL: SHOW COLUMNS FROM `yy_category` [ RunTime:0.0004s ]
SQL: SHOW COLUMNS FROM `yy_category` [ RunTime:0.0004s ]
SQL: select id,name,(select count(b.id) from yy_article b where b.category_id=a.id
        and b.user_id=1 and b.is_delete=0) as count from yy_category a where a.parent=0 and a.is_delete=0 [ RunTime:0.0005s ]
SQL: SHOW COLUMNS FROM `yy_article` [ RunTime:0.0013s ]
SQL: SHOW COLUMNS FROM `yy_article` [ RunTime:0.0005s ]
SQL: SELECT COUNT(id) AS tp_count FROM `yy_article` WHERE `category_id` = 1 LIMIT 1   [ RunTime:0.0003s ]
SQL: SELECT * FROM `yy_article` WHERE `category_id` = 1 LIMIT 0,10   [ RunTime:0.0004s ]
SQL: SELECT COUNT(id) AS tp_count FROM `yy_article` WHERE `category_id` = 2 LIMIT 1   [ RunTime:0.0003s ]
SQL: SELECT * FROM `yy_article` WHERE `category_id` = 2 LIMIT 0,10   [ RunTime:0.0002s ]
SQL: SELECT COUNT(id) AS tp_count FROM `yy_article` WHERE `category_id` = 3 LIMIT 1   [ RunTime:0.0001s ]
SQL: SELECT * FROM `yy_article` WHERE `category_id` = 3 LIMIT 0,10   [ RunTime:0.0002s ]
SQL: SELECT COUNT(id) AS tp_count FROM `yy_article` WHERE `category_id` = 4 LIMIT 1   [ RunTime:0.0004s ]
SQL: SELECT * FROM `yy_article` WHERE `category_id` = 4 LIMIT 0,10   [ RunTime:0.0004s ]
SQL: SELECT COUNT(id) AS tp_count FROM `yy_article` WHERE `category_id` = 5 LIMIT 1   [ RunTime:0.0004s ]
SQL: SELECT * FROM `yy_article` WHERE `category_id` = 5 LIMIT 0,10   [ RunTime:0.0004s ]
SQL: SELECT COUNT(id) AS tp_count FROM `yy_article` WHERE `category_id` = 6 LIMIT 1   [ RunTime:0.0004s ]
SQL: SELECT * FROM `yy_article` WHERE `category_id` = 6 LIMIT 0,10   [ RunTime:0.0004s ]
ERR: Think\Model:getStarUsers方法不存在！

[ 2016-06-07T23:39:53+08:00 ] 127.0.0.1 /Profile/User/index.html
INFO: [ app_init ] --START--
INFO: Run Behavior\BuildLiteBehavior [ RunTime:0.000017s ]
INFO: [ app_init ] --END-- [ RunTime:0.000089s ]
INFO: [ app_begin ] --START--
INFO: Run Behavior\ReadHtmlCacheBehavior [ RunTime:0.000266s ]
INFO: [ app_begin ] --END-- [ RunTime:0.000338s ]
SQL: SHOW COLUMNS FROM `yy_users` [ RunTime:0.0013s ]
SQL: SHOW COLUMNS FROM `yy_users` [ RunTime:0.0007s ]
SQL: SELECT * FROM `yy_users` WHERE `id` = 1 LIMIT 1   [ RunTime:0.0006s ]
SQL: SHOW COLUMNS FROM `yy_category` [ RunTime:0.0007s ]
SQL: SHOW COLUMNS FROM `yy_category` [ RunTime:0.0006s ]
SQL: select id,name,(select count(b.id) from yy_article b where b.category_id=a.id
        and b.user_id=1 and b.is_delete=0) as count from yy_category a where a.parent=0 and a.is_delete=0 [ RunTime:0.0011s ]
SQL: SHOW COLUMNS FROM `yy_article` [ RunTime:0.0010s ]
SQL: SHOW COLUMNS FROM `yy_article` [ RunTime:0.0009s ]
SQL: SELECT COUNT(id) AS tp_count FROM `yy_article` WHERE `category_id` = 1 LIMIT 1   [ RunTime:0.0002s ]
SQL: SELECT * FROM `yy_article` WHERE `category_id` = 1 LIMIT 0,10   [ RunTime:0.0003s ]
SQL: SELECT COUNT(id) AS tp_count FROM `yy_article` WHERE `category_id` = 2 LIMIT 1   [ RunTime:0.0002s ]
SQL: SELECT * FROM `yy_article` WHERE `category_id` = 2 LIMIT 0,10   [ RunTime:0.0008s ]
SQL: SELECT COUNT(id) AS tp_count FROM `yy_article` WHERE `category_id` = 3 LIMIT 1   [ RunTime:0.0006s ]
SQL: SELECT * FROM `yy_article` WHERE `category_id` = 3 LIMIT 0,10   [ RunTime:0.0002s ]
SQL: SELECT COUNT(id) AS tp_count FROM `yy_article` WHERE `category_id` = 4 LIMIT 1   [ RunTime:0.0002s ]
SQL: SELECT * FROM `yy_article` WHERE `category_id` = 4 LIMIT 0,10   [ RunTime:0.0002s ]
SQL: SELECT COUNT(id) AS tp_count FROM `yy_article` WHERE `category_id` = 5 LIMIT 1   [ RunTime:0.0002s ]
SQL: SELECT * FROM `yy_article` WHERE `category_id` = 5 LIMIT 0,10   [ RunTime:0.0002s ]
SQL: SELECT COUNT(id) AS tp_count FROM `yy_article` WHERE `category_id` = 6 LIMIT 1   [ RunTime:0.0009s ]
SQL: SELECT * FROM `yy_article` WHERE `category_id` = 6 LIMIT 0,10   [ RunTime:0.0007s ]
ERR: Think\Model:getStarUsers方法不存在！

[ 2016-06-07T23:39:53+08:00 ] 127.0.0.1 /Profile/User/index.html
INFO: [ app_init ] --START--
INFO: Run Behavior\BuildLiteBehavior [ RunTime:0.000019s ]
INFO: [ app_init ] --END-- [ RunTime:0.000102s ]
INFO: [ app_begin ] --START--
INFO: Run Behavior\ReadHtmlCacheBehavior [ RunTime:0.000341s ]
INFO: [ app_begin ] --END-- [ RunTime:0.000451s ]
SQL: SHOW COLUMNS FROM `yy_users` [ RunTime:0.0005s ]
SQL: SHOW COLUMNS FROM `yy_users` [ RunTime:0.0013s ]
SQL: SELECT * FROM `yy_users` WHERE `id` = 1 LIMIT 1   [ RunTime:0.0008s ]
SQL: SHOW COLUMNS FROM `yy_category` [ RunTime:0.0005s ]
SQL: SHOW COLUMNS FROM `yy_category` [ RunTime:0.0004s ]
SQL: select id,name,(select count(b.id) from yy_article b where b.category_id=a.id
        and b.user_id=1 and b.is_delete=0) as count from yy_category a where a.parent=0 and a.is_delete=0 [ RunTime:0.0004s ]
SQL: SHOW COLUMNS FROM `yy_article` [ RunTime:0.0004s ]
SQL: SHOW COLUMNS FROM `yy_article` [ RunTime:0.0004s ]
SQL: SELECT COUNT(id) AS tp_count FROM `yy_article` WHERE `category_id` = 1 LIMIT 1   [ RunTime:0.0002s ]
SQL: SELECT * FROM `yy_article` WHERE `category_id` = 1 LIMIT 0,10   [ RunTime:0.0003s ]
SQL: SELECT COUNT(id) AS tp_count FROM `yy_article` WHERE `category_id` = 2 LIMIT 1   [ RunTime:0.0004s ]
SQL: SELECT * FROM `yy_article` WHERE `category_id` = 2 LIMIT 0,10   [ RunTime:0.0006s ]
SQL: SELECT COUNT(id) AS tp_count FROM `yy_article` WHERE `category_id` = 3 LIMIT 1   [ RunTime:0.0005s ]
SQL: SELECT * FROM `yy_article` WHERE `category_id` = 3 LIMIT 0,10   [ RunTime:0.0005s ]
SQL: SELECT COUNT(id) AS tp_count FROM `yy_article` WHERE `category_id` = 4 LIMIT 1   [ RunTime:0.0004s ]
SQL: SELECT * FROM `yy_article` WHERE `category_id` = 4 LIMIT 0,10   [ RunTime:0.0004s ]
SQL: SELECT COUNT(id) AS tp_count FROM `yy_article` WHERE `category_id` = 5 LIMIT 1   [ RunTime:0.0002s ]
SQL: SELECT * FROM `yy_article` WHERE `category_id` = 5 LIMIT 0,10   [ RunTime:0.0002s ]
SQL: SELECT COUNT(id) AS tp_count FROM `yy_article` WHERE `category_id` = 6 LIMIT 1   [ RunTime:0.0001s ]
SQL: SELECT * FROM `yy_article` WHERE `category_id` = 6 LIMIT 0,10   [ RunTime:0.0001s ]
ERR: Think\Model:getStarUsers方法不存在！

[ 2016-06-07T23:39:53+08:00 ] 127.0.0.1 /Profile/User/index.html
INFO: [ app_init ] --START--
INFO: Run Behavior\BuildLiteBehavior [ RunTime:0.000015s ]
INFO: [ app_init ] --END-- [ RunTime:0.000083s ]
INFO: [ app_begin ] --START--
INFO: Run Behavior\ReadHtmlCacheBehavior [ RunTime:0.000297s ]
INFO: [ app_begin ] --END-- [ RunTime:0.000375s ]
SQL: SHOW COLUMNS FROM `yy_users` [ RunTime:0.0018s ]
SQL: SHOW COLUMNS FROM `yy_users` [ RunTime:0.0004s ]
SQL: SELECT * FROM `yy_users` WHERE `id` = 1 LIMIT 1   [ RunTime:0.0002s ]
SQL: SHOW COLUMNS FROM `yy_category` [ RunTime:0.0003s ]
SQL: SHOW COLUMNS FROM `yy_category` [ RunTime:0.0004s ]
SQL: select id,name,(select count(b.id) from yy_article b where b.category_id=a.id
        and b.user_id=1 and b.is_delete=0) as count from yy_category a where a.parent=0 and a.is_delete=0 [ RunTime:0.0003s ]
SQL: SHOW COLUMNS FROM `yy_article` [ RunTime:0.0008s ]
SQL: SHOW COLUMNS FROM `yy_article` [ RunTime:0.0009s ]
SQL: SELECT COUNT(id) AS tp_count FROM `yy_article` WHERE `category_id` = 1 LIMIT 1   [ RunTime:0.0005s ]
SQL: SELECT * FROM `yy_article` WHERE `category_id` = 1 LIMIT 0,10   [ RunTime:0.0003s ]
SQL: SELECT COUNT(id) AS tp_count FROM `yy_article` WHERE `category_id` = 2 LIMIT 1   [ RunTime:0.0002s ]
SQL: SELECT * FROM `yy_article` WHERE `category_id` = 2 LIMIT 0,10   [ RunTime:0.0002s ]
SQL: SELECT COUNT(id) AS tp_count FROM `yy_article` WHERE `category_id` = 3 LIMIT 1   [ RunTime:0.0001s ]
SQL: SELECT * FROM `yy_article` WHERE `category_id` = 3 LIMIT 0,10   [ RunTime:0.0002s ]
SQL: SELECT COUNT(id) AS tp_count FROM `yy_article` WHERE `category_id` = 4 LIMIT 1   [ RunTime:0.0001s ]
SQL: SELECT * FROM `yy_article` WHERE `category_id` = 4 LIMIT 0,10   [ RunTime:0.0001s ]
SQL: SELECT COUNT(id) AS tp_count FROM `yy_article` WHERE `category_id` = 5 LIMIT 1   [ RunTime:0.0002s ]
SQL: SELECT * FROM `yy_article` WHERE `category_id` = 5 LIMIT 0,10   [ RunTime:0.0008s ]
SQL: SELECT COUNT(id) AS tp_count FROM `yy_article` WHERE `category_id` = 6 LIMIT 1   [ RunTime:0.0006s ]
SQL: SELECT * FROM `yy_article` WHERE `category_id` = 6 LIMIT 0,10   [ RunTime:0.0002s ]
ERR: Think\Model:getStarUsers方法不存在！

[ 2016-06-07T23:39:53+08:00 ] 127.0.0.1 /Profile/User/index.html
INFO: [ app_init ] --START--
INFO: Run Behavior\BuildLiteBehavior [ RunTime:0.000016s ]
INFO: [ app_init ] --END-- [ RunTime:0.000085s ]
INFO: [ app_begin ] --START--
INFO: Run Behavior\ReadHtmlCacheBehavior [ RunTime:0.000257s ]
INFO: [ app_begin ] --END-- [ RunTime:0.000336s ]
SQL: SHOW COLUMNS FROM `yy_users` [ RunTime:0.0005s ]
SQL: SHOW COLUMNS FROM `yy_users` [ RunTime:0.0005s ]
SQL: SELECT * FROM `yy_users` WHERE `id` = 1 LIMIT 1   [ RunTime:0.0003s ]
SQL: SHOW COLUMNS FROM `yy_category` [ RunTime:0.0004s ]
SQL: SHOW COLUMNS FROM `yy_category` [ RunTime:0.0004s ]
SQL: select id,name,(select count(b.id) from yy_article b where b.category_id=a.id
        and b.user_id=1 and b.is_delete=0) as count from yy_category a where a.parent=0 and a.is_delete=0 [ RunTime:0.0005s ]
SQL: SHOW COLUMNS FROM `yy_article` [ RunTime:0.0012s ]
SQL: SHOW COLUMNS FROM `yy_article` [ RunTime:0.0009s ]
SQL: SELECT COUNT(id) AS tp_count FROM `yy_article` WHERE `category_id` = 1 LIMIT 1   [ RunTime:0.0003s ]
SQL: SELECT * FROM `yy_article` WHERE `category_id` = 1 LIMIT 0,10   [ RunTime:0.0003s ]
SQL: SELECT COUNT(id) AS tp_count FROM `yy_article` WHERE `category_id` = 2 LIMIT 1   [ RunTime:0.0002s ]
SQL: SELECT * FROM `yy_article` WHERE `category_id` = 2 LIMIT 0,10   [ RunTime:0.0002s ]
SQL: SELECT COUNT(id) AS tp_count FROM `yy_article` WHERE `category_id` = 3 LIMIT 1   [ RunTime:0.0005s ]
SQL: SELECT * FROM `yy_article` WHERE `category_id` = 3 LIMIT 0,10   [ RunTime:0.0009s ]
SQL: SELECT COUNT(id) AS tp_count FROM `yy_article` WHERE `category_id` = 4 LIMIT 1   [ RunTime:0.0003s ]
SQL: SELECT * FROM `yy_article` WHERE `category_id` = 4 LIMIT 0,10   [ RunTime:0.0003s ]
SQL: SELECT COUNT(id) AS tp_count FROM `yy_article` WHERE `category_id` = 5 LIMIT 1   [ RunTime:0.0002s ]
SQL: SELECT * FROM `yy_article` WHERE `category_id` = 5 LIMIT 0,10   [ RunTime:0.0002s ]
SQL: SELECT COUNT(id) AS tp_count FROM `yy_article` WHERE `category_id` = 6 LIMIT 1   [ RunTime:0.0002s ]
SQL: SELECT * FROM `yy_article` WHERE `category_id` = 6 LIMIT 0,10   [ RunTime:0.0002s ]
ERR: Think\Model:getStarUsers方法不存在！

[ 2016-06-07T23:39:53+08:00 ] 127.0.0.1 /Profile/User/index.html
INFO: [ app_init ] --START--
INFO: Run Behavior\BuildLiteBehavior [ RunTime:0.000017s ]
INFO: [ app_init ] --END-- [ RunTime:0.000092s ]
INFO: [ app_begin ] --START--
INFO: Run Behavior\ReadHtmlCacheBehavior [ RunTime:0.000298s ]
INFO: [ app_begin ] --END-- [ RunTime:0.000376s ]
SQL: SHOW COLUMNS FROM `yy_users` [ RunTime:0.0005s ]
SQL: SHOW COLUMNS FROM `yy_users` [ RunTime:0.0016s ]
SQL: SELECT * FROM `yy_users` WHERE `id` = 1 LIMIT 1   [ RunTime:0.0008s ]
SQL: SHOW COLUMNS FROM `yy_category` [ RunTime:0.0005s ]
SQL: SHOW COLUMNS FROM `yy_category` [ RunTime:0.0003s ]
SQL: select id,name,(select count(b.id) from yy_article b where b.category_id=a.id
        and b.user_id=1 and b.is_delete=0) as count from yy_category a where a.parent=0 and a.is_delete=0 [ RunTime:0.0003s ]
SQL: SHOW COLUMNS FROM `yy_article` [ RunTime:0.0004s ]
SQL: SHOW COLUMNS FROM `yy_article` [ RunTime:0.0003s ]
SQL: SELECT COUNT(id) AS tp_count FROM `yy_article` WHERE `category_id` = 1 LIMIT 1   [ RunTime:0.0002s ]
SQL: SELECT * FROM `yy_article` WHERE `category_id` = 1 LIMIT 0,10   [ RunTime:0.0003s ]
SQL: SELECT COUNT(id) AS tp_count FROM `yy_article` WHERE `category_id` = 2 LIMIT 1   [ RunTime:0.0006s ]
SQL: SELECT * FROM `yy_article` WHERE `category_id` = 2 LIMIT 0,10   [ RunTime:0.0007s ]
SQL: SELECT COUNT(id) AS tp_count FROM `yy_article` WHERE `category_id` = 3 LIMIT 1   [ RunTime:0.0006s ]
SQL: SELECT * FROM `yy_article` WHERE `category_id` = 3 LIMIT 0,10   [ RunTime:0.0005s ]
SQL: SELECT COUNT(id) AS tp_count FROM `yy_article` WHERE `category_id` = 4 LIMIT 1   [ RunTime:0.0002s ]
SQL: SELECT * FROM `yy_article` WHERE `category_id` = 4 LIMIT 0,10   [ RunTime:0.0002s ]
SQL: SELECT COUNT(id) AS tp_count FROM `yy_article` WHERE `category_id` = 5 LIMIT 1   [ RunTime:0.0001s ]
SQL: SELECT * FROM `yy_article` WHERE `category_id` = 5 LIMIT 0,10   [ RunTime:0.0001s ]
SQL: SELECT COUNT(id) AS tp_count FROM `yy_article` WHERE `category_id` = 6 LIMIT 1   [ RunTime:0.0001s ]
SQL: SELECT * FROM `yy_article` WHERE `category_id` = 6 LIMIT 0,10   [ RunTime:0.0002s ]
ERR: Think\Model:getStarUsers方法不存在！

[ 2016-06-07T23:40:49+08:00 ] 127.0.0.1 /Profile/User/index.html
INFO: [ app_init ] --START--
INFO: Run Behavior\BuildLiteBehavior [ RunTime:0.000014s ]
INFO: [ app_init ] --END-- [ RunTime:0.000077s ]
INFO: [ app_begin ] --START--
INFO: Run Behavior\ReadHtmlCacheBehavior [ RunTime:0.000227s ]
INFO: [ app_begin ] --END-- [ RunTime:0.000292s ]
SQL: SHOW COLUMNS FROM `yy_users` [ RunTime:0.0004s ]
SQL: SHOW COLUMNS FROM `yy_users` [ RunTime:0.0006s ]
SQL: SELECT * FROM `yy_users` WHERE `id` = 1 LIMIT 1   [ RunTime:0.0010s ]
SQL: SHOW COLUMNS FROM `yy_category` [ RunTime:0.0012s ]
SQL: SHOW COLUMNS FROM `yy_category` [ RunTime:0.0004s ]
SQL: select id,name,(select count(b.id) from yy_article b where b.category_id=a.id
        and b.user_id=1 and b.is_delete=0) as count from yy_category a where a.parent=0 and a.is_delete=0 [ RunTime:0.0004s ]
SQL: SHOW COLUMNS FROM `yy_article` [ RunTime:0.0004s ]
SQL: SHOW COLUMNS FROM `yy_article` [ RunTime:0.0003s ]
SQL: SELECT COUNT(id) AS tp_count FROM `yy_article` WHERE `category_id` = 1 LIMIT 1   [ RunTime:0.0002s ]
SQL: SELECT * FROM `yy_article` WHERE `category_id` = 1 LIMIT 0,10   [ RunTime:0.0003s ]
SQL: SELECT COUNT(id) AS tp_count FROM `yy_article` WHERE `category_id` = 2 LIMIT 1   [ RunTime:0.0002s ]
SQL: SELECT * FROM `yy_article` WHERE `category_id` = 2 LIMIT 0,10   [ RunTime:0.0002s ]
SQL: SELECT COUNT(id) AS tp_count FROM `yy_article` WHERE `category_id` = 3 LIMIT 1   [ RunTime:0.0003s ]
SQL: SELECT * FROM `yy_article` WHERE `category_id` = 3 LIMIT 0,10   [ RunTime:0.0005s ]
SQL: SELECT COUNT(id) AS tp_count FROM `yy_article` WHERE `category_id` = 4 LIMIT 1   [ RunTime:0.0006s ]
SQL: SELECT * FROM `yy_article` WHERE `category_id` = 4 LIMIT 0,10   [ RunTime:0.0006s ]
SQL: SELECT COUNT(id) AS tp_count FROM `yy_article` WHERE `category_id` = 5 LIMIT 1   [ RunTime:0.0002s ]
SQL: SELECT * FROM `yy_article` WHERE `category_id` = 5 LIMIT 0,10   [ RunTime:0.0002s ]
SQL: SELECT COUNT(id) AS tp_count FROM `yy_article` WHERE `category_id` = 6 LIMIT 1   [ RunTime:0.0001s ]
SQL: SELECT * FROM `yy_article` WHERE `category_id` = 6 LIMIT 0,10   [ RunTime:0.0001s ]
ERR: 1064:You have an error in your SQL syntax; check the manual that corresponds to your MySQL server version for the right syntax to use near 'user_id from yy_article group by user_id  order by count(id) desc limit 5)' at line 1
 [ SQL语句 ] : select * from yy_users where id in (selct user_id from yy_article group by user_id  order by count(id) desc limit 5)
ERR: 1064:You have an error in your SQL syntax; check the manual that corresponds to your MySQL server version for the right syntax to use near 'user_id from yy_article group by user_id  order by count(id) desc limit 5)' at line 1
 [ SQL语句 ] : select * from yy_users where id in (selct user_id from yy_article group by user_id  order by count(id) desc limit 5)

[ 2016-06-07T23:41:34+08:00 ] 127.0.0.1 /Profile/User/index.html
INFO: [ app_init ] --START--
INFO: Run Behavior\BuildLiteBehavior [ RunTime:0.000015s ]
INFO: [ app_init ] --END-- [ RunTime:0.000085s ]
INFO: [ app_begin ] --START--
INFO: Run Behavior\ReadHtmlCacheBehavior [ RunTime:0.000424s ]
INFO: [ app_begin ] --END-- [ RunTime:0.000498s ]
SQL: SHOW COLUMNS FROM `yy_users` [ RunTime:0.0005s ]
SQL: SHOW COLUMNS FROM `yy_users` [ RunTime:0.0004s ]
SQL: SELECT * FROM `yy_users` WHERE `id` = 1 LIMIT 1   [ RunTime:0.0002s ]
SQL: SHOW COLUMNS FROM `yy_category` [ RunTime:0.0004s ]
SQL: SHOW COLUMNS FROM `yy_category` [ RunTime:0.0003s ]
SQL: select id,name,(select count(b.id) from yy_article b where b.category_id=a.id
        and b.user_id=1 and b.is_delete=0) as count from yy_category a where a.parent=0 and a.is_delete=0 [ RunTime:0.0003s ]
SQL: SHOW COLUMNS FROM `yy_article` [ RunTime:0.0004s ]
SQL: SHOW COLUMNS FROM `yy_article` [ RunTime:0.0003s ]
SQL: SELECT COUNT(id) AS tp_count FROM `yy_article` WHERE `category_id` = 1 LIMIT 1   [ RunTime:0.0002s ]
SQL: SELECT * FROM `yy_article` WHERE `category_id` = 1 LIMIT 0,10   [ RunTime:0.0002s ]
SQL: SELECT COUNT(id) AS tp_count FROM `yy_article` WHERE `category_id` = 2 LIMIT 1   [ RunTime:0.0001s ]
SQL: SELECT * FROM `yy_article` WHERE `category_id` = 2 LIMIT 0,10   [ RunTime:0.0002s ]
SQL: SELECT COUNT(id) AS tp_count FROM `yy_article` WHERE `category_id` = 3 LIMIT 1   [ RunTime:0.0001s ]
SQL: SELECT * FROM `yy_article` WHERE `category_id` = 3 LIMIT 0,10   [ RunTime:0.0002s ]
SQL: SELECT COUNT(id) AS tp_count FROM `yy_article` WHERE `category_id` = 4 LIMIT 1   [ RunTime:0.0001s ]
SQL: SELECT * FROM `yy_article` WHERE `category_id` = 4 LIMIT 0,10   [ RunTime:0.0002s ]
SQL: SELECT COUNT(id) AS tp_count FROM `yy_article` WHERE `category_id` = 5 LIMIT 1   [ RunTime:0.0001s ]
SQL: SELECT * FROM `yy_article` WHERE `category_id` = 5 LIMIT 0,10   [ RunTime:0.0002s ]
SQL: SELECT COUNT(id) AS tp_count FROM `yy_article` WHERE `category_id` = 6 LIMIT 1   [ RunTime:0.0001s ]
SQL: SELECT * FROM `yy_article` WHERE `category_id` = 6 LIMIT 0,10   [ RunTime:0.0001s ]
ERR: 1235:This version of MySQL doesn't yet support 'LIMIT & IN/ALL/ANY/SOME subquery'
 [ SQL语句 ] : select * from yy_users where id in (select user_id from yy_article group by user_id  order by count(id) desc limit 5)
ERR: 1235:This version of MySQL doesn't yet support 'LIMIT & IN/ALL/ANY/SOME subquery'
 [ SQL语句 ] : select * from yy_users where id in (select user_id from yy_article group by user_id  order by count(id) desc limit 5)

[ 2016-06-07T23:46:28+08:00 ] 127.0.0.1 /Profile/User/index.html
INFO: [ app_init ] --START--
INFO: Run Behavior\BuildLiteBehavior [ RunTime:0.000013s ]
INFO: [ app_init ] --END-- [ RunTime:0.000077s ]
INFO: [ app_begin ] --START--
INFO: Run Behavior\ReadHtmlCacheBehavior [ RunTime:0.000311s ]
INFO: [ app_begin ] --END-- [ RunTime:0.000428s ]
SQL: SHOW COLUMNS FROM `yy_users` [ RunTime:0.0004s ]
SQL: SHOW COLUMNS FROM `yy_users` [ RunTime:0.0003s ]
SQL: SELECT * FROM `yy_users` WHERE `id` = 1 LIMIT 1   [ RunTime:0.0002s ]
SQL: SHOW COLUMNS FROM `yy_category` [ RunTime:0.0003s ]
SQL: SHOW COLUMNS FROM `yy_category` [ RunTime:0.0003s ]
SQL: select id,name,(select count(b.id) from yy_article b where b.category_id=a.id
        and b.user_id=1 and b.is_delete=0) as count from yy_category a where a.parent=0 and a.is_delete=0 [ RunTime:0.0003s ]
SQL: SHOW COLUMNS FROM `yy_article` [ RunTime:0.0004s ]
SQL: SHOW COLUMNS FROM `yy_article` [ RunTime:0.0003s ]
SQL: SELECT COUNT(id) AS tp_count FROM `yy_article` WHERE `category_id` = 1 LIMIT 1   [ RunTime:0.0002s ]
SQL: SELECT * FROM `yy_article` WHERE `category_id` = 1 LIMIT 0,10   [ RunTime:0.0004s ]
SQL: SELECT COUNT(id) AS tp_count FROM `yy_article` WHERE `category_id` = 2 LIMIT 1   [ RunTime:0.0002s ]
SQL: SELECT * FROM `yy_article` WHERE `category_id` = 2 LIMIT 0,10   [ RunTime:0.0002s ]
SQL: SELECT COUNT(id) AS tp_count FROM `yy_article` WHERE `category_id` = 3 LIMIT 1   [ RunTime:0.0002s ]
SQL: SELECT * FROM `yy_article` WHERE `category_id` = 3 LIMIT 0,10   [ RunTime:0.0002s ]
SQL: SELECT COUNT(id) AS tp_count FROM `yy_article` WHERE `category_id` = 4 LIMIT 1   [ RunTime:0.0003s ]
SQL: SELECT * FROM `yy_article` WHERE `category_id` = 4 LIMIT 0,10   [ RunTime:0.0002s ]
SQL: SELECT COUNT(id) AS tp_count FROM `yy_article` WHERE `category_id` = 5 LIMIT 1   [ RunTime:0.0001s ]
SQL: SELECT * FROM `yy_article` WHERE `category_id` = 5 LIMIT 0,10   [ RunTime:0.0001s ]
SQL: SELECT COUNT(id) AS tp_count FROM `yy_article` WHERE `category_id` = 6 LIMIT 1   [ RunTime:0.0001s ]
SQL: SELECT * FROM `yy_article` WHERE `category_id` = 6 LIMIT 0,10   [ RunTime:0.0001s ]
SQL: select a.id,a.name,a.collect_num,a.like_num from yy_users a,(select user_id from yy_article group by user_id order by count(id) desc limit 5) b where a.id=b.user_id [ RunTime:0.0003s ]
INFO: [ view_parse ] --START--
INFO: [ template_filter ] --START--
INFO: Run Behavior\ContentReplaceBehavior [ RunTime:0.000087s ]
INFO: [ template_filter ] --END-- [ RunTime:0.000154s ]
NOTIC: [8] Undefined variable: id /Users/conan/ht_home/Application/Runtime/Cache/Profile/4c9e4b27c8af016e76176bf4b1229d6f.php 第 19 行.
NOTIC: [8] Undefined variable: id /Users/conan/ht_home/Application/Runtime/Cache/Profile/4c9e4b27c8af016e76176bf4b1229d6f.php 第 19 行.
NOTIC: [8] Undefined variable: id /Users/conan/ht_home/Application/Runtime/Cache/Profile/4c9e4b27c8af016e76176bf4b1229d6f.php 第 19 行.
NOTIC: [8] Undefined variable: id /Users/conan/ht_home/Application/Runtime/Cache/Profile/4c9e4b27c8af016e76176bf4b1229d6f.php 第 19 行.
NOTIC: [8] Undefined variable: id /Users/conan/ht_home/Application/Runtime/Cache/Profile/4c9e4b27c8af016e76176bf4b1229d6f.php 第 19 行.
NOTIC: [8] Undefined variable: id /Users/conan/ht_home/Application/Runtime/Cache/Profile/4c9e4b27c8af016e76176bf4b1229d6f.php 第 19 行.
INFO: Run Behavior\ParseTemplateBehavior [ RunTime:0.010216s ]
INFO: [ view_parse ] --END-- [ RunTime:0.010280s ]
INFO: [ view_filter ] --START--
INFO: Run Behavior\WriteHtmlCacheBehavior [ RunTime:0.000111s ]
INFO: [ view_filter ] --END-- [ RunTime:0.000165s ]
INFO: [ app_end ] --START--
INFO: Run Behavior\ShowPageTraceBehavior [ RunTime:0.000410s ]
INFO: [ app_end ] --END-- [ RunTime:0.000493s ]

[ 2016-06-07T23:47:04+08:00 ] 127.0.0.1 /Profile/User/index.html
INFO: [ app_init ] --START--
INFO: Run Behavior\BuildLiteBehavior [ RunTime:0.000015s ]
INFO: [ app_init ] --END-- [ RunTime:0.000093s ]
INFO: [ app_begin ] --START--
INFO: Run Behavior\ReadHtmlCacheBehavior [ RunTime:0.000229s ]
INFO: [ app_begin ] --END-- [ RunTime:0.000293s ]
SQL: SHOW COLUMNS FROM `yy_users` [ RunTime:0.0005s ]
SQL: SHOW COLUMNS FROM `yy_users` [ RunTime:0.0004s ]
SQL: SELECT * FROM `yy_users` WHERE `id` = 1 LIMIT 1   [ RunTime:0.0002s ]
SQL: SHOW COLUMNS FROM `yy_category` [ RunTime:0.0004s ]
SQL: SHOW COLUMNS FROM `yy_category` [ RunTime:0.0004s ]
SQL: select id,name,(select count(b.id) from yy_article b where b.category_id=a.id
        and b.user_id=1 and b.is_delete=0) as count from yy_category a where a.parent=0 and a.is_delete=0 [ RunTime:0.0007s ]
SQL: SHOW COLUMNS FROM `yy_article` [ RunTime:0.0012s ]
SQL: SHOW COLUMNS FROM `yy_article` [ RunTime:0.0005s ]
SQL: SELECT COUNT(id) AS tp_count FROM `yy_article` WHERE `category_id` = 1 LIMIT 1   [ RunTime:0.0002s ]
SQL: SELECT * FROM `yy_article` WHERE `category_id` = 1 LIMIT 0,10   [ RunTime:0.0003s ]
SQL: SELECT COUNT(id) AS tp_count FROM `yy_article` WHERE `category_id` = 2 LIMIT 1   [ RunTime:0.0002s ]
SQL: SELECT * FROM `yy_article` WHERE `category_id` = 2 LIMIT 0,10   [ RunTime:0.0002s ]
SQL: SELECT COUNT(id) AS tp_count FROM `yy_article` WHERE `category_id` = 3 LIMIT 1   [ RunTime:0.0001s ]
SQL: SELECT * FROM `yy_article` WHERE `category_id` = 3 LIMIT 0,10   [ RunTime:0.0002s ]
SQL: SELECT COUNT(id) AS tp_count FROM `yy_article` WHERE `category_id` = 4 LIMIT 1   [ RunTime:0.0002s ]
SQL: SELECT * FROM `yy_article` WHERE `category_id` = 4 LIMIT 0,10   [ RunTime:0.0002s ]
SQL: SELECT COUNT(id) AS tp_count FROM `yy_article` WHERE `category_id` = 5 LIMIT 1   [ RunTime:0.0002s ]
SQL: SELECT * FROM `yy_article` WHERE `category_id` = 5 LIMIT 0,10   [ RunTime:0.0002s ]
SQL: SELECT COUNT(id) AS tp_count FROM `yy_article` WHERE `category_id` = 6 LIMIT 1   [ RunTime:0.0002s ]
SQL: SELECT * FROM `yy_article` WHERE `category_id` = 6 LIMIT 0,10   [ RunTime:0.0006s ]
SQL: select a.id,a.name,a.collect_num,a.like_num from yy_users a,(select user_id from yy_article group by user_id order by count(id) desc limit 5) b where a.id=b.user_id [ RunTime:0.0007s ]
INFO: [ view_parse ] --START--
INFO: [ template_filter ] --START--
INFO: Run Behavior\ContentReplaceBehavior [ RunTime:0.000095s ]
INFO: [ template_filter ] --END-- [ RunTime:0.000171s ]
NOTIC: [8] Undefined variable: id /Users/conan/ht_home/Application/Runtime/Cache/Profile/4c9e4b27c8af016e76176bf4b1229d6f.php 第 19 行.
NOTIC: [8] Undefined variable: id /Users/conan/ht_home/Application/Runtime/Cache/Profile/4c9e4b27c8af016e76176bf4b1229d6f.php 第 19 行.
NOTIC: [8] Undefined variable: id /Users/conan/ht_home/Application/Runtime/Cache/Profile/4c9e4b27c8af016e76176bf4b1229d6f.php 第 19 行.
NOTIC: [8] Undefined variable: id /Users/conan/ht_home/Application/Runtime/Cache/Profile/4c9e4b27c8af016e76176bf4b1229d6f.php 第 19 行.
NOTIC: [8] Undefined variable: id /Users/conan/ht_home/Application/Runtime/Cache/Profile/4c9e4b27c8af016e76176bf4b1229d6f.php 第 19 行.
NOTIC: [8] Undefined variable: id /Users/conan/ht_home/Application/Runtime/Cache/Profile/4c9e4b27c8af016e76176bf4b1229d6f.php 第 19 行.
INFO: Run Behavior\ParseTemplateBehavior [ RunTime:0.011906s ]
INFO: [ view_parse ] --END-- [ RunTime:0.011982s ]
INFO: [ view_filter ] --START--
INFO: Run Behavior\WriteHtmlCacheBehavior [ RunTime:0.000120s ]
INFO: [ view_filter ] --END-- [ RunTime:0.000179s ]
INFO: [ app_end ] --START--
INFO: Run Behavior\ShowPageTraceBehavior [ RunTime:0.000363s ]
INFO: [ app_end ] --END-- [ RunTime:0.000443s ]

[ 2016-06-07T23:48:48+08:00 ] 127.0.0.1 /Profile/User/index.html
INFO: [ app_init ] --START--
INFO: Run Behavior\BuildLiteBehavior [ RunTime:0.000016s ]
INFO: [ app_init ] --END-- [ RunTime:0.000085s ]
INFO: [ app_begin ] --START--
INFO: Run Behavior\ReadHtmlCacheBehavior [ RunTime:0.000328s ]
INFO: [ app_begin ] --END-- [ RunTime:0.000419s ]
SQL: SHOW COLUMNS FROM `yy_users` [ RunTime:0.0004s ]
SQL: SHOW COLUMNS FROM `yy_users` [ RunTime:0.0004s ]
SQL: SELECT * FROM `yy_users` WHERE `id` = 1 LIMIT 1   [ RunTime:0.0003s ]
SQL: SHOW COLUMNS FROM `yy_category` [ RunTime:0.0004s ]
SQL: SHOW COLUMNS FROM `yy_category` [ RunTime:0.0005s ]
SQL: select id,name,(select count(b.id) from yy_article b where b.category_id=a.id
        and b.user_id=1 and b.is_delete=0) as count from yy_category a where a.parent=0 and a.is_delete=0 [ RunTime:0.0006s ]
SQL: SHOW COLUMNS FROM `yy_article` [ RunTime:0.0013s ]
SQL: SHOW COLUMNS FROM `yy_article` [ RunTime:0.0011s ]
SQL: SELECT COUNT(id) AS tp_count FROM `yy_article` WHERE `category_id` = 1 LIMIT 1   [ RunTime:0.0003s ]
SQL: SELECT * FROM `yy_article` WHERE `category_id` = 1 LIMIT 0,10   [ RunTime:0.0003s ]
SQL: SELECT COUNT(id) AS tp_count FROM `yy_article` WHERE `category_id` = 2 LIMIT 1   [ RunTime:0.0002s ]
SQL: SELECT * FROM `yy_article` WHERE `category_id` = 2 LIMIT 0,10   [ RunTime:0.0002s ]
SQL: SELECT COUNT(id) AS tp_count FROM `yy_article` WHERE `category_id` = 3 LIMIT 1   [ RunTime:0.0002s ]
SQL: SELECT * FROM `yy_article` WHERE `category_id` = 3 LIMIT 0,10   [ RunTime:0.0002s ]
SQL: SELECT COUNT(id) AS tp_count FROM `yy_article` WHERE `category_id` = 4 LIMIT 1   [ RunTime:0.0002s ]
SQL: SELECT * FROM `yy_article` WHERE `category_id` = 4 LIMIT 0,10   [ RunTime:0.0002s ]
SQL: SELECT COUNT(id) AS tp_count FROM `yy_article` WHERE `category_id` = 5 LIMIT 1   [ RunTime:0.0002s ]
SQL: SELECT * FROM `yy_article` WHERE `category_id` = 5 LIMIT 0,10   [ RunTime:0.0002s ]
SQL: SELECT COUNT(id) AS tp_count FROM `yy_article` WHERE `category_id` = 6 LIMIT 1   [ RunTime:0.0002s ]
SQL: SELECT * FROM `yy_article` WHERE `category_id` = 6 LIMIT 0,10   [ RunTime:0.0002s ]
SQL: select a.id,a.name,a.collect_num,a.like_num from yy_users a,(select user_id from yy_article group by user_id order by count(id) desc limit 5) b where a.id=b.user_id [ RunTime:0.0003s ]
INFO: [ view_parse ] --START--
INFO: [ template_filter ] --START--
INFO: Run Behavior\ContentReplaceBehavior [ RunTime:0.000087s ]
INFO: [ template_filter ] --END-- [ RunTime:0.000161s ]
NOTIC: [8] Undefined variable: id /Users/conan/ht_home/Application/Runtime/Cache/Profile/4c9e4b27c8af016e76176bf4b1229d6f.php 第 19 行.
NOTIC: [8] Undefined variable: id /Users/conan/ht_home/Application/Runtime/Cache/Profile/4c9e4b27c8af016e76176bf4b1229d6f.php 第 19 行.
NOTIC: [8] Undefined variable: id /Users/conan/ht_home/Application/Runtime/Cache/Profile/4c9e4b27c8af016e76176bf4b1229d6f.php 第 19 行.
NOTIC: [8] Undefined variable: id /Users/conan/ht_home/Application/Runtime/Cache/Profile/4c9e4b27c8af016e76176bf4b1229d6f.php 第 19 行.
NOTIC: [8] Undefined variable: id /Users/conan/ht_home/Application/Runtime/Cache/Profile/4c9e4b27c8af016e76176bf4b1229d6f.php 第 19 行.
NOTIC: [8] Undefined variable: id /Users/conan/ht_home/Application/Runtime/Cache/Profile/4c9e4b27c8af016e76176bf4b1229d6f.php 第 19 行.
INFO: Run Behavior\ParseTemplateBehavior [ RunTime:0.010503s ]
INFO: [ view_parse ] --END-- [ RunTime:0.010570s ]
INFO: [ view_filter ] --START--
INFO: Run Behavior\WriteHtmlCacheBehavior [ RunTime:0.000165s ]
INFO: [ view_filter ] --END-- [ RunTime:0.000224s ]
INFO: [ app_end ] --START--
INFO: Run Behavior\ShowPageTraceBehavior [ RunTime:0.000330s ]
INFO: [ app_end ] --END-- [ RunTime:0.000455s ]

[ 2016-06-07T23:49:00+08:00 ] 127.0.0.1 /Profile/User/index.html
INFO: [ app_init ] --START--
INFO: Run Behavior\BuildLiteBehavior [ RunTime:0.000014s ]
INFO: [ app_init ] --END-- [ RunTime:0.000078s ]
INFO: [ app_begin ] --START--
INFO: Run Behavior\ReadHtmlCacheBehavior [ RunTime:0.000442s ]
INFO: [ app_begin ] --END-- [ RunTime:0.000538s ]
SQL: SHOW COLUMNS FROM `yy_users` [ RunTime:0.0004s ]
SQL: SHOW COLUMNS FROM `yy_users` [ RunTime:0.0004s ]
SQL: SELECT * FROM `yy_users` WHERE `id` = 1 LIMIT 1   [ RunTime:0.0003s ]
SQL: SHOW COLUMNS FROM `yy_category` [ RunTime:0.0004s ]
SQL: SHOW COLUMNS FROM `yy_category` [ RunTime:0.0004s ]
SQL: select id,name,(select count(b.id) from yy_article b where b.category_id=a.id
        and b.user_id=1 and b.is_delete=0) as count from yy_category a where a.parent=0 and a.is_delete=0 [ RunTime:0.0003s ]
SQL: SHOW COLUMNS FROM `yy_article` [ RunTime:0.0004s ]
SQL: SHOW COLUMNS FROM `yy_article` [ RunTime:0.0004s ]
SQL: SELECT COUNT(id) AS tp_count FROM `yy_article` WHERE `category_id` = 1 LIMIT 1   [ RunTime:0.0002s ]
SQL: SELECT * FROM `yy_article` WHERE `category_id` = 1 LIMIT 0,10   [ RunTime:0.0003s ]
SQL: SELECT COUNT(id) AS tp_count FROM `yy_article` WHERE `category_id` = 2 LIMIT 1   [ RunTime:0.0002s ]
SQL: SELECT * FROM `yy_article` WHERE `category_id` = 2 LIMIT 0,10   [ RunTime:0.0003s ]
SQL: SELECT COUNT(id) AS tp_count FROM `yy_article` WHERE `category_id` = 3 LIMIT 1   [ RunTime:0.0002s ]
SQL: SELECT * FROM `yy_article` WHERE `category_id` = 3 LIMIT 0,10   [ RunTime:0.0002s ]
SQL: SELECT COUNT(id) AS tp_count FROM `yy_article` WHERE `category_id` = 4 LIMIT 1   [ RunTime:0.0002s ]
SQL: SELECT * FROM `yy_article` WHERE `category_id` = 4 LIMIT 0,10   [ RunTime:0.0002s ]
SQL: SELECT COUNT(id) AS tp_count FROM `yy_article` WHERE `category_id` = 5 LIMIT 1   [ RunTime:0.0002s ]
SQL: SELECT * FROM `yy_article` WHERE `category_id` = 5 LIMIT 0,10   [ RunTime:0.0002s ]
SQL: SELECT COUNT(id) AS tp_count FROM `yy_article` WHERE `category_id` = 6 LIMIT 1   [ RunTime:0.0002s ]
SQL: SELECT * FROM `yy_article` WHERE `category_id` = 6 LIMIT 0,10   [ RunTime:0.0002s ]
SQL: select a.id,a.name,a.collect_num,a.like_num from yy_users a,(select user_id from yy_article group by user_id order by count(id) desc limit 5) b where a.id=b.user_id [ RunTime:0.0003s ]
INFO: [ view_parse ] --START--
INFO: [ template_filter ] --START--
INFO: Run Behavior\ContentReplaceBehavior [ RunTime:0.000092s ]
INFO: [ template_filter ] --END-- [ RunTime:0.000176s ]
NOTIC: [8] Undefined variable: id /Users/conan/ht_home/Application/Runtime/Cache/Profile/4c9e4b27c8af016e76176bf4b1229d6f.php 第 19 行.
NOTIC: [8] Undefined variable: id /Users/conan/ht_home/Application/Runtime/Cache/Profile/4c9e4b27c8af016e76176bf4b1229d6f.php 第 19 行.
NOTIC: [8] Undefined variable: id /Users/conan/ht_home/Application/Runtime/Cache/Profile/4c9e4b27c8af016e76176bf4b1229d6f.php 第 19 行.
NOTIC: [8] Undefined variable: id /Users/conan/ht_home/Application/Runtime/Cache/Profile/4c9e4b27c8af016e76176bf4b1229d6f.php 第 19 行.
NOTIC: [8] Undefined variable: id /Users/conan/ht_home/Application/Runtime/Cache/Profile/4c9e4b27c8af016e76176bf4b1229d6f.php 第 19 行.
NOTIC: [8] Undefined variable: id /Users/conan/ht_home/Application/Runtime/Cache/Profile/4c9e4b27c8af016e76176bf4b1229d6f.php 第 19 行.
INFO: Run Behavior\ParseTemplateBehavior [ RunTime:0.010789s ]
INFO: [ view_parse ] --END-- [ RunTime:0.010921s ]
INFO: [ view_filter ] --START--
INFO: Run Behavior\WriteHtmlCacheBehavior [ RunTime:0.000149s ]
INFO: [ view_filter ] --END-- [ RunTime:0.000211s ]
INFO: [ app_end ] --START--
INFO: Run Behavior\ShowPageTraceBehavior [ RunTime:0.000357s ]
INFO: [ app_end ] --END-- [ RunTime:0.000469s ]

